11-Apr-2019 19:44:22.425 INFO [main] com.springsource.tcserver.security.PropertyDecoder.<init> tc Runtime property decoder using memory-based key
11-Apr-2019 19:44:22.426 INFO [main] com.springsource.tcserver.security.TcDecoder.initCiphers Initializing ciphers
11-Apr-2019 19:44:22.657 INFO [main] com.springsource.tcserver.security.PropertyDecoder.<init> tcServer Runtime property decoder has been initialized in 235 ms
11-Apr-2019 19:44:22.967 INFO [main] org.apache.coyote.AbstractProtocol.init Initializing ProtocolHandler ["http-bio-8443"]
11-Apr-2019 19:44:24.006 INFO [main] org.apache.coyote.AbstractProtocol.init Initializing ProtocolHandler ["http-bio-8080"]
11-Apr-2019 19:44:24.095 INFO [main] com.springsource.tcserver.serviceability.rmi.JmxSocketListener.init Started up JMX registry on 127.0.0.1:6969 in 83 ms
11-Apr-2019 19:44:24.110 INFO [main] org.apache.catalina.core.StandardService.startInternal Starting service Catalina
11-Apr-2019 19:44:24.110 INFO [main] org.apache.catalina.core.StandardEngine.startInternal Starting Servlet Engine: Pivotal tc Runtime 3.1.2.RELEASE/8.0.26.B.RELEASE
11-Apr-2019 19:44:24.118 INFO [localhost-startStop-1] org.apache.catalina.startup.HostConfig.deployDirectory Deploying web application directory C:\Java\WAS\pivotal-tc-server-developer-3.1.2.RELEASE\RMSNEW\webapps\manager
11-Apr-2019 19:44:24.382 INFO [localhost-startStop-1] org.apache.jasper.servlet.TldScanner.scanJars At least one JAR was scanned for TLDs yet contained no TLDs. Enable debug logging for this logger for a complete list of JARs that were scanned but no TLDs were found in them. Skipping unneeded JARs during scanning can improve startup time and JSP compilation time.
11-Apr-2019 19:44:24.418 INFO [localhost-startStop-1] org.apache.catalina.startup.HostConfig.deployDirectory Deployment of web application directory C:\Java\WAS\pivotal-tc-server-developer-3.1.2.RELEASE\RMSNEW\webapps\manager has finished in 299 ms
11-Apr-2019 19:44:24.418 INFO [localhost-startStop-1] org.apache.catalina.startup.HostConfig.deployDirectory Deploying web application directory C:\Java\WAS\pivotal-tc-server-developer-3.1.2.RELEASE\RMSNEW\webapps\ROOT
11-Apr-2019 19:44:24.511 INFO [localhost-startStop-1] org.apache.jasper.servlet.TldScanner.scanJars At least one JAR was scanned for TLDs yet contained no TLDs. Enable debug logging for this logger for a complete list of JARs that were scanned but no TLDs were found in them. Skipping unneeded JARs during scanning can improve startup time and JSP compilation time.
11-Apr-2019 19:44:24.515 INFO [localhost-startStop-1] org.apache.catalina.startup.HostConfig.deployDirectory Deployment of web application directory C:\Java\WAS\pivotal-tc-server-developer-3.1.2.RELEASE\RMSNEW\webapps\ROOT has finished in 97 ms
11-Apr-2019 19:44:24.522 INFO [main] org.apache.coyote.AbstractProtocol.start Starting ProtocolHandler ["http-bio-8443"]
11-Apr-2019 19:44:24.522 INFO [main] org.apache.coyote.AbstractProtocol.start Starting ProtocolHandler ["http-bio-8080"]
11-Apr-2019 19:44:33.004 INFO [RMI TCP Connection(3)-127.0.0.1] org.apache.coyote.AbstractProtocol.pause Pausing ProtocolHandler ["http-bio-8443"]
11-Apr-2019 19:44:33.057 INFO [RMI TCP Connection(3)-127.0.0.1] org.apache.coyote.AbstractProtocol.pause Pausing ProtocolHandler ["http-bio-8080"]
11-Apr-2019 19:44:33.108 INFO [RMI TCP Connection(3)-127.0.0.1] org.apache.catalina.core.StandardService.stopInternal Stopping service Catalina
11-Apr-2019 19:44:33.123 INFO [RMI TCP Connection(3)-127.0.0.1] org.apache.coyote.AbstractProtocol.stop Stopping ProtocolHandler ["http-bio-8443"]
11-Apr-2019 19:44:33.123 INFO [RMI TCP Connection(3)-127.0.0.1] org.apache.coyote.AbstractProtocol.stop Stopping ProtocolHandler ["http-bio-8080"]
11-Apr-2019 19:46:54.104 INFO [main] com.springsource.tcserver.security.PropertyDecoder.<init> tc Runtime property decoder using memory-based key
11-Apr-2019 19:46:54.105 INFO [main] com.springsource.tcserver.security.TcDecoder.initCiphers Initializing ciphers
11-Apr-2019 19:46:54.232 INFO [main] com.springsource.tcserver.security.PropertyDecoder.<init> tcServer Runtime property decoder has been initialized in 129 ms
11-Apr-2019 19:46:54.610 INFO [main] org.apache.coyote.AbstractProtocol.init Initializing ProtocolHandler ["http-bio-8443"]
11-Apr-2019 19:46:55.734 INFO [main] org.apache.coyote.AbstractProtocol.init Initializing ProtocolHandler ["http-bio-8080"]
11-Apr-2019 19:46:55.796 INFO [main] com.springsource.tcserver.serviceability.rmi.JmxSocketListener.init Started up JMX registry on 127.0.0.1:6969 in 56 ms
11-Apr-2019 19:46:55.810 INFO [main] org.apache.catalina.core.StandardService.startInternal Starting service Catalina
11-Apr-2019 19:46:55.810 INFO [main] org.apache.catalina.core.StandardEngine.startInternal Starting Servlet Engine: Pivotal tc Runtime 3.1.2.RELEASE/8.0.26.B.RELEASE
11-Apr-2019 19:47:02.987 INFO [localhost-startStop-1] org.apache.jasper.servlet.TldScanner.scanJars At least one JAR was scanned for TLDs yet contained no TLDs. Enable debug logging for this logger for a complete list of JARs that were scanned but no TLDs were found in them. Skipping unneeded JARs during scanning can improve startup time and JSP compilation time.
11-Apr-2019 19:47:12.068 INFO [localhost-startStop-1] org.apache.catalina.startup.HostConfig.deployDirectory Deploying web application directory C:\Java\WAS\pivotal-tc-server-developer-3.1.2.RELEASE\RMSNEW\webapps\manager
11-Apr-2019 19:47:12.164 INFO [localhost-startStop-1] org.apache.jasper.servlet.TldScanner.scanJars At least one JAR was scanned for TLDs yet contained no TLDs. Enable debug logging for this logger for a complete list of JARs that were scanned but no TLDs were found in them. Skipping unneeded JARs during scanning can improve startup time and JSP compilation time.
11-Apr-2019 19:47:12.172 INFO [localhost-startStop-1] org.apache.catalina.startup.HostConfig.deployDirectory Deployment of web application directory C:\Java\WAS\pivotal-tc-server-developer-3.1.2.RELEASE\RMSNEW\webapps\manager has finished in 103 ms
11-Apr-2019 19:47:12.183 INFO [main] org.apache.coyote.AbstractProtocol.start Starting ProtocolHandler ["http-bio-8443"]
11-Apr-2019 19:47:12.184 INFO [main] org.apache.coyote.AbstractProtocol.start Starting ProtocolHandler ["http-bio-8080"]
11-Apr-2019 20:08:19.118 INFO [ContainerBackgroundProcessor[StandardEngine[Catalina]]] org.apache.catalina.core.StandardContext.reload Reloading Context with name [] has started
11-Apr-2019 20:08:19.154 WARNING [ContainerBackgroundProcessor[StandardEngine[Catalina]]] org.apache.catalina.loader.WebappClassLoaderBase.clearReferencesJdbc The web application [ROOT] registered the JDBC driver [net.sf.log4jdbc.sql.jdbcapi.DriverSpy] but failed to unregister it when the web application was stopped. To prevent a memory leak, the JDBC Driver has been forcibly unregistered.
11-Apr-2019 20:08:19.154 WARNING [ContainerBackgroundProcessor[StandardEngine[Catalina]]] org.apache.catalina.loader.WebappClassLoaderBase.clearReferencesJdbc The web application [ROOT] registered the JDBC driver [com.mysql.jdbc.Driver] but failed to unregister it when the web application was stopped. To prevent a memory leak, the JDBC Driver has been forcibly unregistered.
11-Apr-2019 20:08:19.155 WARNING [ContainerBackgroundProcessor[StandardEngine[Catalina]]] org.apache.catalina.loader.WebappClassLoaderBase.clearReferencesThreads The web application [ROOT] appears to have started a thread named [Thread-4] but has failed to stop it. This is very likely to create a memory leak. Stack trace of thread:
 java.lang.Object.wait(Native Method)
 com.mashape.unirest.http.utils.SyncIdleConnectionMonitorThread.run(SyncIdleConnectionMonitorThread.java:22)
11-Apr-2019 20:08:19.155 WARNING [ContainerBackgroundProcessor[StandardEngine[Catalina]]] org.apache.catalina.loader.WebappClassLoaderBase.clearReferencesThreads The web application [ROOT] appears to have started a thread named [Thread-6] but has failed to stop it. This is very likely to create a memory leak. Stack trace of thread:
 java.lang.Object.wait(Native Method)
 com.mashape.unirest.http.utils.SyncIdleConnectionMonitorThread.run(SyncIdleConnectionMonitorThread.java:22)
11-Apr-2019 20:08:19.156 WARNING [ContainerBackgroundProcessor[StandardEngine[Catalina]]] org.apache.catalina.loader.WebappClassLoaderBase.clearReferencesThreads The web application [ROOT] appears to have started a thread named [Abandoned connection cleanup thread] but has failed to stop it. This is very likely to create a memory leak. Stack trace of thread:
 java.lang.Object.wait(Native Method)
 java.lang.ref.ReferenceQueue.remove(Unknown Source)
 com.mysql.jdbc.AbandonedConnectionCleanupThread.run(AbandonedConnectionCleanupThread.java:43)
11-Apr-2019 20:08:19.157 SEVERE [ContainerBackgroundProcessor[StandardEngine[Catalina]]] org.apache.catalina.loader.WebappClassLoaderBase.checkThreadLocalMapForLeaks The web application [ROOT] created a ThreadLocal with key of type [org.apache.poi.util.LocaleUtil$2] (value [org.apache.poi.util.LocaleUtil$2@7241dff7]) and a value of type [java.util.Locale] (value [ko_KR]) but failed to remove it when the web application was stopped. Threads are going to be renewed over time to try and avoid a probable memory leak.
11-Apr-2019 20:08:33.719 INFO [ContainerBackgroundProcessor[StandardEngine[Catalina]]] org.apache.catalina.core.StandardContext.reload Reloading Context with name [] is completed
11-Apr-2019 20:18:30.773 INFO [ContainerBackgroundProcessor[StandardEngine[Catalina]]] org.apache.catalina.core.StandardContext.reload Reloading Context with name [] has started
11-Apr-2019 20:18:30.788 WARNING [ContainerBackgroundProcessor[StandardEngine[Catalina]]] org.apache.catalina.loader.WebappClassLoaderBase.clearReferencesThreads The web application [ROOT] appears to have started a thread named [Thread-14] but has failed to stop it. This is very likely to create a memory leak. Stack trace of thread:
 java.lang.Object.wait(Native Method)
 com.mashape.unirest.http.utils.SyncIdleConnectionMonitorThread.run(SyncIdleConnectionMonitorThread.java:22)
11-Apr-2019 20:18:30.788 WARNING [ContainerBackgroundProcessor[StandardEngine[Catalina]]] org.apache.catalina.loader.WebappClassLoaderBase.clearReferencesThreads The web application [ROOT] appears to have started a thread named [Thread-16] but has failed to stop it. This is very likely to create a memory leak. Stack trace of thread:
 java.lang.Object.wait(Native Method)
 com.mashape.unirest.http.utils.SyncIdleConnectionMonitorThread.run(SyncIdleConnectionMonitorThread.java:22)
11-Apr-2019 20:18:45.250 INFO [ContainerBackgroundProcessor[StandardEngine[Catalina]]] org.apache.catalina.core.StandardContext.reload Reloading Context with name [] is completed
