19-Apr-2019 10:12:20.025 INFO [main] com.springsource.tcserver.security.PropertyDecoder.<init> tc Runtime property decoder using memory-based key
19-Apr-2019 10:12:20.027 INFO [main] com.springsource.tcserver.security.TcDecoder.initCiphers Initializing ciphers
19-Apr-2019 10:12:20.367 INFO [main] com.springsource.tcserver.security.PropertyDecoder.<init> tcServer Runtime property decoder has been initialized in 344 ms
19-Apr-2019 10:12:20.876 INFO [main] org.apache.coyote.AbstractProtocol.init Initializing ProtocolHandler ["http-bio-8443"]
19-Apr-2019 10:12:22.146 INFO [main] org.apache.coyote.AbstractProtocol.init Initializing ProtocolHandler ["http-bio-8080"]
19-Apr-2019 10:12:22.280 INFO [main] com.springsource.tcserver.serviceability.rmi.JmxSocketListener.init Started up JMX registry on 127.0.0.1:6969 in 129 ms
19-Apr-2019 10:12:22.297 INFO [main] org.apache.catalina.core.StandardService.startInternal Starting service Catalina
19-Apr-2019 10:12:22.297 INFO [main] org.apache.catalina.core.StandardEngine.startInternal Starting Servlet Engine: Pivotal tc Runtime 3.1.2.RELEASE/8.0.26.B.RELEASE
19-Apr-2019 10:12:30.966 INFO [localhost-startStop-1] org.apache.jasper.servlet.TldScanner.scanJars At least one JAR was scanned for TLDs yet contained no TLDs. Enable debug logging for this logger for a complete list of JARs that were scanned but no TLDs were found in them. Skipping unneeded JARs during scanning can improve startup time and JSP compilation time.
19-Apr-2019 10:12:40.459 INFO [localhost-startStop-1] org.apache.catalina.startup.HostConfig.deployDirectory Deploying web application directory C:\Java\WAS\pivotal-tc-server-developer-3.1.2.RELEASE\RMSNEW\webapps\manager
19-Apr-2019 10:12:40.569 INFO [localhost-startStop-1] org.apache.jasper.servlet.TldScanner.scanJars At least one JAR was scanned for TLDs yet contained no TLDs. Enable debug logging for this logger for a complete list of JARs that were scanned but no TLDs were found in them. Skipping unneeded JARs during scanning can improve startup time and JSP compilation time.
19-Apr-2019 10:12:40.579 INFO [localhost-startStop-1] org.apache.catalina.startup.HostConfig.deployDirectory Deployment of web application directory C:\Java\WAS\pivotal-tc-server-developer-3.1.2.RELEASE\RMSNEW\webapps\manager has finished in 119 ms
19-Apr-2019 10:12:40.590 INFO [main] org.apache.coyote.AbstractProtocol.start Starting ProtocolHandler ["http-bio-8443"]
19-Apr-2019 10:12:40.590 INFO [main] org.apache.coyote.AbstractProtocol.start Starting ProtocolHandler ["http-bio-8080"]
19-Apr-2019 10:13:09.179 INFO [ContainerBackgroundProcessor[StandardEngine[Catalina]]] org.apache.catalina.core.StandardContext.reload Reloading Context with name [] has started
19-Apr-2019 10:13:09.192 WARNING [ContainerBackgroundProcessor[StandardEngine[Catalina]]] org.apache.catalina.loader.WebappClassLoaderBase.clearReferencesThreads The web application [ROOT] appears to have started a thread named [Thread-4] but has failed to stop it. This is very likely to create a memory leak. Stack trace of thread:
 java.lang.Object.wait(Native Method)
 com.mashape.unirest.http.utils.SyncIdleConnectionMonitorThread.run(SyncIdleConnectionMonitorThread.java:22)
19-Apr-2019 10:13:09.193 WARNING [ContainerBackgroundProcessor[StandardEngine[Catalina]]] org.apache.catalina.loader.WebappClassLoaderBase.clearReferencesThreads The web application [ROOT] appears to have started a thread named [Thread-6] but has failed to stop it. This is very likely to create a memory leak. Stack trace of thread:
 java.lang.Object.wait(Native Method)
 com.mashape.unirest.http.utils.SyncIdleConnectionMonitorThread.run(SyncIdleConnectionMonitorThread.java:22)
19-Apr-2019 10:13:25.219 INFO [ContainerBackgroundProcessor[StandardEngine[Catalina]]] org.apache.catalina.core.StandardContext.reload Reloading Context with name [] is completed
19-Apr-2019 10:59:38.902 INFO [RMI TCP Connection(12)-127.0.0.1] org.apache.coyote.AbstractProtocol.pause Pausing ProtocolHandler ["http-bio-8443"]
19-Apr-2019 10:59:38.954 INFO [RMI TCP Connection(12)-127.0.0.1] org.apache.coyote.AbstractProtocol.pause Pausing ProtocolHandler ["http-bio-8080"]
19-Apr-2019 10:59:39.005 INFO [RMI TCP Connection(12)-127.0.0.1] org.apache.catalina.core.StandardService.stopInternal Stopping service Catalina
19-Apr-2019 10:59:39.051 WARNING [localhost-startStop-2] org.apache.catalina.loader.WebappClassLoaderBase.clearReferencesJdbc The web application [ROOT] registered the JDBC driver [net.sf.log4jdbc.sql.jdbcapi.DriverSpy] but failed to unregister it when the web application was stopped. To prevent a memory leak, the JDBC Driver has been forcibly unregistered.
19-Apr-2019 10:59:39.051 WARNING [localhost-startStop-2] org.apache.catalina.loader.WebappClassLoaderBase.clearReferencesJdbc The web application [ROOT] registered the JDBC driver [com.mysql.jdbc.Driver] but failed to unregister it when the web application was stopped. To prevent a memory leak, the JDBC Driver has been forcibly unregistered.
19-Apr-2019 10:59:39.051 WARNING [localhost-startStop-2] org.apache.catalina.loader.WebappClassLoaderBase.clearReferencesThreads The web application [ROOT] appears to have started a thread named [Thread-12] but has failed to stop it. This is very likely to create a memory leak. Stack trace of thread:
 java.lang.Object.wait(Native Method)
 com.mashape.unirest.http.utils.SyncIdleConnectionMonitorThread.run(SyncIdleConnectionMonitorThread.java:22)
19-Apr-2019 10:59:39.052 WARNING [localhost-startStop-2] org.apache.catalina.loader.WebappClassLoaderBase.clearReferencesThreads The web application [ROOT] appears to have started a thread named [Thread-14] but has failed to stop it. This is very likely to create a memory leak. Stack trace of thread:
 java.lang.Object.wait(Native Method)
 com.mashape.unirest.http.utils.SyncIdleConnectionMonitorThread.run(SyncIdleConnectionMonitorThread.java:22)
19-Apr-2019 10:59:39.052 WARNING [localhost-startStop-2] org.apache.catalina.loader.WebappClassLoaderBase.clearReferencesThreads The web application [ROOT] appears to have started a thread named [Abandoned connection cleanup thread] but has failed to stop it. This is very likely to create a memory leak. Stack trace of thread:
 java.lang.Object.wait(Native Method)
 java.lang.ref.ReferenceQueue.remove(Unknown Source)
 com.mysql.jdbc.AbandonedConnectionCleanupThread.run(AbandonedConnectionCleanupThread.java:43)
19-Apr-2019 10:59:39.053 SEVERE [localhost-startStop-2] org.apache.catalina.loader.WebappClassLoaderBase.checkThreadLocalMapForLeaks The web application [ROOT] created a ThreadLocal with key of type [org.apache.poi.util.LocaleUtil$2] (value [org.apache.poi.util.LocaleUtil$2@9b849d3]) and a value of type [java.util.Locale] (value [ko_KR]) but failed to remove it when the web application was stopped. Threads are going to be renewed over time to try and avoid a probable memory leak.
19-Apr-2019 10:59:39.066 INFO [RMI TCP Connection(12)-127.0.0.1] org.apache.coyote.AbstractProtocol.stop Stopping ProtocolHandler ["http-bio-8443"]
19-Apr-2019 10:59:39.066 INFO [RMI TCP Connection(12)-127.0.0.1] org.apache.coyote.AbstractProtocol.stop Stopping ProtocolHandler ["http-bio-8080"]
19-Apr-2019 10:59:39.530 INFO [main] com.springsource.tcserver.security.PropertyDecoder.<init> tc Runtime property decoder using memory-based key
19-Apr-2019 10:59:39.531 INFO [main] com.springsource.tcserver.security.TcDecoder.initCiphers Initializing ciphers
19-Apr-2019 10:59:39.661 INFO [main] com.springsource.tcserver.security.PropertyDecoder.<init> tcServer Runtime property decoder has been initialized in 133 ms
19-Apr-2019 10:59:40.050 INFO [main] org.apache.coyote.AbstractProtocol.init Initializing ProtocolHandler ["http-bio-8443"]
19-Apr-2019 10:59:41.177 INFO [main] org.apache.coyote.AbstractProtocol.init Initializing ProtocolHandler ["http-bio-8080"]
19-Apr-2019 10:59:41.287 INFO [main] com.springsource.tcserver.serviceability.rmi.JmxSocketListener.init Started up JMX registry on 127.0.0.1:6969 in 106 ms
19-Apr-2019 10:59:41.306 INFO [main] org.apache.catalina.core.StandardService.startInternal Starting service Catalina
19-Apr-2019 10:59:41.306 INFO [main] org.apache.catalina.core.StandardEngine.startInternal Starting Servlet Engine: Pivotal tc Runtime 3.1.2.RELEASE/8.0.26.B.RELEASE
19-Apr-2019 10:59:48.864 INFO [localhost-startStop-1] org.apache.jasper.servlet.TldScanner.scanJars At least one JAR was scanned for TLDs yet contained no TLDs. Enable debug logging for this logger for a complete list of JARs that were scanned but no TLDs were found in them. Skipping unneeded JARs during scanning can improve startup time and JSP compilation time.
19-Apr-2019 10:59:58.645 INFO [localhost-startStop-1] org.apache.catalina.startup.HostConfig.deployDirectory Deploying web application directory C:\Java\WAS\pivotal-tc-server-developer-3.1.2.RELEASE\RMSNEW\webapps\manager
19-Apr-2019 10:59:58.777 INFO [localhost-startStop-1] org.apache.jasper.servlet.TldScanner.scanJars At least one JAR was scanned for TLDs yet contained no TLDs. Enable debug logging for this logger for a complete list of JARs that were scanned but no TLDs were found in them. Skipping unneeded JARs during scanning can improve startup time and JSP compilation time.
19-Apr-2019 10:59:58.785 INFO [localhost-startStop-1] org.apache.catalina.startup.HostConfig.deployDirectory Deployment of web application directory C:\Java\WAS\pivotal-tc-server-developer-3.1.2.RELEASE\RMSNEW\webapps\manager has finished in 138 ms
19-Apr-2019 10:59:58.798 INFO [main] org.apache.coyote.AbstractProtocol.start Starting ProtocolHandler ["http-bio-8443"]
19-Apr-2019 10:59:58.799 INFO [main] org.apache.coyote.AbstractProtocol.start Starting ProtocolHandler ["http-bio-8080"]
19-Apr-2019 11:02:29.149 INFO [RMI TCP Connection(4)-127.0.0.1] org.apache.coyote.AbstractProtocol.pause Pausing ProtocolHandler ["http-bio-8443"]
19-Apr-2019 11:02:29.203 INFO [RMI TCP Connection(4)-127.0.0.1] org.apache.coyote.AbstractProtocol.pause Pausing ProtocolHandler ["http-bio-8080"]
19-Apr-2019 11:02:29.254 INFO [RMI TCP Connection(4)-127.0.0.1] org.apache.catalina.core.StandardService.stopInternal Stopping service Catalina
19-Apr-2019 11:02:29.345 WARNING [localhost-startStop-2] org.apache.catalina.loader.WebappClassLoaderBase.clearReferencesJdbc The web application [ROOT] registered the JDBC driver [net.sf.log4jdbc.sql.jdbcapi.DriverSpy] but failed to unregister it when the web application was stopped. To prevent a memory leak, the JDBC Driver has been forcibly unregistered.
19-Apr-2019 11:02:29.345 WARNING [localhost-startStop-2] org.apache.catalina.loader.WebappClassLoaderBase.clearReferencesJdbc The web application [ROOT] registered the JDBC driver [com.mysql.jdbc.Driver] but failed to unregister it when the web application was stopped. To prevent a memory leak, the JDBC Driver has been forcibly unregistered.
19-Apr-2019 11:02:29.346 WARNING [localhost-startStop-2] org.apache.catalina.loader.WebappClassLoaderBase.clearReferencesThreads The web application [ROOT] appears to have started a thread named [Thread-4] but has failed to stop it. This is very likely to create a memory leak. Stack trace of thread:
 java.lang.Object.wait(Native Method)
 com.mashape.unirest.http.utils.SyncIdleConnectionMonitorThread.run(SyncIdleConnectionMonitorThread.java:22)
19-Apr-2019 11:02:29.346 WARNING [localhost-startStop-2] org.apache.catalina.loader.WebappClassLoaderBase.clearReferencesThreads The web application [ROOT] appears to have started a thread named [Thread-6] but has failed to stop it. This is very likely to create a memory leak. Stack trace of thread:
 java.lang.Object.wait(Native Method)
 com.mashape.unirest.http.utils.SyncIdleConnectionMonitorThread.run(SyncIdleConnectionMonitorThread.java:22)
19-Apr-2019 11:02:29.347 WARNING [localhost-startStop-2] org.apache.catalina.loader.WebappClassLoaderBase.clearReferencesThreads The web application [ROOT] appears to have started a thread named [Abandoned connection cleanup thread] but has failed to stop it. This is very likely to create a memory leak. Stack trace of thread:
 java.lang.Object.wait(Native Method)
 java.lang.ref.ReferenceQueue.remove(Unknown Source)
 com.mysql.jdbc.AbandonedConnectionCleanupThread.run(AbandonedConnectionCleanupThread.java:43)
19-Apr-2019 11:02:29.348 SEVERE [localhost-startStop-2] org.apache.catalina.loader.WebappClassLoaderBase.checkThreadLocalMapForLeaks The web application [ROOT] created a ThreadLocal with key of type [org.apache.poi.util.LocaleUtil$2] (value [org.apache.poi.util.LocaleUtil$2@5e9716a9]) and a value of type [java.util.Locale] (value [ko_KR]) but failed to remove it when the web application was stopped. Threads are going to be renewed over time to try and avoid a probable memory leak.
19-Apr-2019 11:02:29.348 SEVERE [localhost-startStop-2] org.apache.catalina.loader.WebappClassLoaderBase.checkThreadLocalMapForLeaks The web application [ROOT] created a ThreadLocal with key of type [org.apache.poi.util.LocaleUtil$2] (value [org.apache.poi.util.LocaleUtil$2@5e9716a9]) and a value of type [java.util.Locale] (value [ko_KR]) but failed to remove it when the web application was stopped. Threads are going to be renewed over time to try and avoid a probable memory leak.
19-Apr-2019 11:02:29.348 SEVERE [localhost-startStop-2] org.apache.catalina.loader.WebappClassLoaderBase.checkThreadLocalMapForLeaks The web application [ROOT] created a ThreadLocal with key of type [org.apache.poi.util.LocaleUtil$2] (value [org.apache.poi.util.LocaleUtil$2@5e9716a9]) and a value of type [java.util.Locale] (value [ko_KR]) but failed to remove it when the web application was stopped. Threads are going to be renewed over time to try and avoid a probable memory leak.
19-Apr-2019 11:02:29.361 INFO [RMI TCP Connection(4)-127.0.0.1] org.apache.coyote.AbstractProtocol.stop Stopping ProtocolHandler ["http-bio-8443"]
19-Apr-2019 11:02:29.361 INFO [RMI TCP Connection(4)-127.0.0.1] org.apache.coyote.AbstractProtocol.stop Stopping ProtocolHandler ["http-bio-8080"]
19-Apr-2019 11:02:29.920 INFO [main] com.springsource.tcserver.security.PropertyDecoder.<init> tc Runtime property decoder using memory-based key
19-Apr-2019 11:02:29.922 INFO [main] com.springsource.tcserver.security.TcDecoder.initCiphers Initializing ciphers
19-Apr-2019 11:02:30.058 INFO [main] com.springsource.tcserver.security.PropertyDecoder.<init> tcServer Runtime property decoder has been initialized in 139 ms
19-Apr-2019 11:02:30.467 INFO [main] org.apache.coyote.AbstractProtocol.init Initializing ProtocolHandler ["http-bio-8443"]
19-Apr-2019 11:02:31.587 INFO [main] org.apache.coyote.AbstractProtocol.init Initializing ProtocolHandler ["http-bio-8080"]
19-Apr-2019 11:02:31.675 INFO [main] com.springsource.tcserver.serviceability.rmi.JmxSocketListener.init Started up JMX registry on 127.0.0.1:6969 in 82 ms
19-Apr-2019 11:02:31.688 INFO [main] org.apache.catalina.core.StandardService.startInternal Starting service Catalina
19-Apr-2019 11:02:31.688 INFO [main] org.apache.catalina.core.StandardEngine.startInternal Starting Servlet Engine: Pivotal tc Runtime 3.1.2.RELEASE/8.0.26.B.RELEASE
19-Apr-2019 11:02:38.977 INFO [localhost-startStop-1] org.apache.jasper.servlet.TldScanner.scanJars At least one JAR was scanned for TLDs yet contained no TLDs. Enable debug logging for this logger for a complete list of JARs that were scanned but no TLDs were found in them. Skipping unneeded JARs during scanning can improve startup time and JSP compilation time.
19-Apr-2019 11:02:48.149 INFO [localhost-startStop-1] org.apache.catalina.startup.HostConfig.deployDirectory Deploying web application directory C:\Java\WAS\pivotal-tc-server-developer-3.1.2.RELEASE\RMSNEW\webapps\manager
19-Apr-2019 11:02:48.261 INFO [localhost-startStop-1] org.apache.jasper.servlet.TldScanner.scanJars At least one JAR was scanned for TLDs yet contained no TLDs. Enable debug logging for this logger for a complete list of JARs that were scanned but no TLDs were found in them. Skipping unneeded JARs during scanning can improve startup time and JSP compilation time.
19-Apr-2019 11:02:48.269 INFO [localhost-startStop-1] org.apache.catalina.startup.HostConfig.deployDirectory Deployment of web application directory C:\Java\WAS\pivotal-tc-server-developer-3.1.2.RELEASE\RMSNEW\webapps\manager has finished in 119 ms
19-Apr-2019 11:02:48.279 INFO [main] org.apache.coyote.AbstractProtocol.start Starting ProtocolHandler ["http-bio-8443"]
19-Apr-2019 11:02:48.279 INFO [main] org.apache.coyote.AbstractProtocol.start Starting ProtocolHandler ["http-bio-8080"]
19-Apr-2019 11:05:46.615 INFO [RMI TCP Connection(3)-127.0.0.1] org.apache.coyote.AbstractProtocol.pause Pausing ProtocolHandler ["http-bio-8443"]
19-Apr-2019 11:05:46.668 INFO [RMI TCP Connection(3)-127.0.0.1] org.apache.coyote.AbstractProtocol.pause Pausing ProtocolHandler ["http-bio-8080"]
19-Apr-2019 11:05:46.719 INFO [RMI TCP Connection(3)-127.0.0.1] org.apache.catalina.core.StandardService.stopInternal Stopping service Catalina
19-Apr-2019 11:05:46.761 WARNING [localhost-startStop-2] org.apache.catalina.loader.WebappClassLoaderBase.clearReferencesJdbc The web application [ROOT] registered the JDBC driver [net.sf.log4jdbc.sql.jdbcapi.DriverSpy] but failed to unregister it when the web application was stopped. To prevent a memory leak, the JDBC Driver has been forcibly unregistered.
19-Apr-2019 11:05:46.761 WARNING [localhost-startStop-2] org.apache.catalina.loader.WebappClassLoaderBase.clearReferencesJdbc The web application [ROOT] registered the JDBC driver [com.mysql.jdbc.Driver] but failed to unregister it when the web application was stopped. To prevent a memory leak, the JDBC Driver has been forcibly unregistered.
19-Apr-2019 11:05:46.762 WARNING [localhost-startStop-2] org.apache.catalina.loader.WebappClassLoaderBase.clearReferencesThreads The web application [ROOT] appears to have started a thread named [Thread-4] but has failed to stop it. This is very likely to create a memory leak. Stack trace of thread:
 java.lang.Object.wait(Native Method)
 com.mashape.unirest.http.utils.SyncIdleConnectionMonitorThread.run(SyncIdleConnectionMonitorThread.java:22)
19-Apr-2019 11:05:46.762 WARNING [localhost-startStop-2] org.apache.catalina.loader.WebappClassLoaderBase.clearReferencesThreads The web application [ROOT] appears to have started a thread named [Thread-6] but has failed to stop it. This is very likely to create a memory leak. Stack trace of thread:
 java.lang.Object.wait(Native Method)
 com.mashape.unirest.http.utils.SyncIdleConnectionMonitorThread.run(SyncIdleConnectionMonitorThread.java:22)
19-Apr-2019 11:05:46.763 WARNING [localhost-startStop-2] org.apache.catalina.loader.WebappClassLoaderBase.clearReferencesThreads The web application [ROOT] appears to have started a thread named [Abandoned connection cleanup thread] but has failed to stop it. This is very likely to create a memory leak. Stack trace of thread:
 java.lang.Object.wait(Native Method)
 java.lang.ref.ReferenceQueue.remove(Unknown Source)
 com.mysql.jdbc.AbandonedConnectionCleanupThread.run(AbandonedConnectionCleanupThread.java:43)
19-Apr-2019 11:05:46.764 SEVERE [localhost-startStop-2] org.apache.catalina.loader.WebappClassLoaderBase.checkThreadLocalMapForLeaks The web application [ROOT] created a ThreadLocal with key of type [org.apache.poi.util.LocaleUtil$2] (value [org.apache.poi.util.LocaleUtil$2@42e767a2]) and a value of type [java.util.Locale] (value [ko_KR]) but failed to remove it when the web application was stopped. Threads are going to be renewed over time to try and avoid a probable memory leak.
19-Apr-2019 11:05:46.764 SEVERE [localhost-startStop-2] org.apache.catalina.loader.WebappClassLoaderBase.checkThreadLocalMapForLeaks The web application [ROOT] created a ThreadLocal with key of type [org.apache.poi.util.LocaleUtil$2] (value [org.apache.poi.util.LocaleUtil$2@42e767a2]) and a value of type [java.util.Locale] (value [ko_KR]) but failed to remove it when the web application was stopped. Threads are going to be renewed over time to try and avoid a probable memory leak.
19-Apr-2019 11:05:46.764 SEVERE [localhost-startStop-2] org.apache.catalina.loader.WebappClassLoaderBase.checkThreadLocalMapForLeaks The web application [ROOT] created a ThreadLocal with key of type [org.apache.poi.util.LocaleUtil$2] (value [org.apache.poi.util.LocaleUtil$2@42e767a2]) and a value of type [java.util.Locale] (value [ko_KR]) but failed to remove it when the web application was stopped. Threads are going to be renewed over time to try and avoid a probable memory leak.
19-Apr-2019 11:05:46.765 SEVERE [localhost-startStop-2] org.apache.catalina.loader.WebappClassLoaderBase.checkThreadLocalMapForLeaks The web application [ROOT] created a ThreadLocal with key of type [org.apache.poi.util.LocaleUtil$2] (value [org.apache.poi.util.LocaleUtil$2@42e767a2]) and a value of type [java.util.Locale] (value [ko_KR]) but failed to remove it when the web application was stopped. Threads are going to be renewed over time to try and avoid a probable memory leak.
19-Apr-2019 11:05:46.765 SEVERE [localhost-startStop-2] org.apache.catalina.loader.WebappClassLoaderBase.checkThreadLocalMapForLeaks The web application [ROOT] created a ThreadLocal with key of type [org.apache.poi.util.LocaleUtil$2] (value [org.apache.poi.util.LocaleUtil$2@42e767a2]) and a value of type [java.util.Locale] (value [ko_KR]) but failed to remove it when the web application was stopped. Threads are going to be renewed over time to try and avoid a probable memory leak.
19-Apr-2019 11:05:46.778 INFO [RMI TCP Connection(3)-127.0.0.1] org.apache.coyote.AbstractProtocol.stop Stopping ProtocolHandler ["http-bio-8443"]
19-Apr-2019 11:05:46.778 INFO [RMI TCP Connection(3)-127.0.0.1] org.apache.coyote.AbstractProtocol.stop Stopping ProtocolHandler ["http-bio-8080"]
19-Apr-2019 11:05:47.310 INFO [main] com.springsource.tcserver.security.PropertyDecoder.<init> tc Runtime property decoder using memory-based key
19-Apr-2019 11:05:47.312 INFO [main] com.springsource.tcserver.security.TcDecoder.initCiphers Initializing ciphers
19-Apr-2019 11:05:47.438 INFO [main] com.springsource.tcserver.security.PropertyDecoder.<init> tcServer Runtime property decoder has been initialized in 131 ms
19-Apr-2019 11:05:47.803 INFO [main] org.apache.coyote.AbstractProtocol.init Initializing ProtocolHandler ["http-bio-8443"]
19-Apr-2019 11:05:48.955 INFO [main] org.apache.coyote.AbstractProtocol.init Initializing ProtocolHandler ["http-bio-8080"]
19-Apr-2019 11:05:49.045 INFO [main] com.springsource.tcserver.serviceability.rmi.JmxSocketListener.init Started up JMX registry on 127.0.0.1:6969 in 85 ms
19-Apr-2019 11:05:49.059 INFO [main] org.apache.catalina.core.StandardService.startInternal Starting service Catalina
19-Apr-2019 11:05:49.060 INFO [main] org.apache.catalina.core.StandardEngine.startInternal Starting Servlet Engine: Pivotal tc Runtime 3.1.2.RELEASE/8.0.26.B.RELEASE
19-Apr-2019 11:05:56.528 INFO [localhost-startStop-1] org.apache.jasper.servlet.TldScanner.scanJars At least one JAR was scanned for TLDs yet contained no TLDs. Enable debug logging for this logger for a complete list of JARs that were scanned but no TLDs were found in them. Skipping unneeded JARs during scanning can improve startup time and JSP compilation time.
19-Apr-2019 11:06:06.595 INFO [localhost-startStop-1] org.apache.catalina.startup.HostConfig.deployDirectory Deploying web application directory C:\Java\WAS\pivotal-tc-server-developer-3.1.2.RELEASE\RMSNEW\webapps\manager
19-Apr-2019 11:06:06.700 INFO [localhost-startStop-1] org.apache.jasper.servlet.TldScanner.scanJars At least one JAR was scanned for TLDs yet contained no TLDs. Enable debug logging for this logger for a complete list of JARs that were scanned but no TLDs were found in them. Skipping unneeded JARs during scanning can improve startup time and JSP compilation time.
19-Apr-2019 11:06:06.709 INFO [localhost-startStop-1] org.apache.catalina.startup.HostConfig.deployDirectory Deployment of web application directory C:\Java\WAS\pivotal-tc-server-developer-3.1.2.RELEASE\RMSNEW\webapps\manager has finished in 113 ms
19-Apr-2019 11:06:06.719 INFO [main] org.apache.coyote.AbstractProtocol.start Starting ProtocolHandler ["http-bio-8443"]
19-Apr-2019 11:06:06.720 INFO [main] org.apache.coyote.AbstractProtocol.start Starting ProtocolHandler ["http-bio-8080"]
19-Apr-2019 15:46:58.265 INFO [main] com.springsource.tcserver.security.PropertyDecoder.<init> tc Runtime property decoder using memory-based key
19-Apr-2019 15:46:58.267 INFO [main] com.springsource.tcserver.security.TcDecoder.initCiphers Initializing ciphers
19-Apr-2019 15:46:58.501 INFO [main] com.springsource.tcserver.security.PropertyDecoder.<init> tcServer Runtime property decoder has been initialized in 236 ms
19-Apr-2019 15:46:58.863 INFO [main] org.apache.coyote.AbstractProtocol.init Initializing ProtocolHandler ["http-bio-8443"]
19-Apr-2019 15:47:00.027 INFO [main] org.apache.coyote.AbstractProtocol.init Initializing ProtocolHandler ["http-bio-8080"]
19-Apr-2019 15:47:00.134 INFO [main] com.springsource.tcserver.serviceability.rmi.JmxSocketListener.init Started up JMX registry on 127.0.0.1:6969 in 101 ms
19-Apr-2019 15:47:00.152 INFO [main] org.apache.catalina.core.StandardService.startInternal Starting service Catalina
19-Apr-2019 15:47:00.153 INFO [main] org.apache.catalina.core.StandardEngine.startInternal Starting Servlet Engine: Pivotal tc Runtime 3.1.2.RELEASE/8.0.26.B.RELEASE
19-Apr-2019 15:47:10.223 INFO [localhost-startStop-1] org.apache.jasper.servlet.TldScanner.scanJars At least one JAR was scanned for TLDs yet contained no TLDs. Enable debug logging for this logger for a complete list of JARs that were scanned but no TLDs were found in them. Skipping unneeded JARs during scanning can improve startup time and JSP compilation time.
19-Apr-2019 15:47:20.399 INFO [localhost-startStop-1] org.apache.catalina.startup.HostConfig.deployDirectory Deploying web application directory C:\Java\WAS\pivotal-tc-server-developer-3.1.2.RELEASE\RMSNEW\webapps\manager
19-Apr-2019 15:47:20.529 INFO [localhost-startStop-1] org.apache.jasper.servlet.TldScanner.scanJars At least one JAR was scanned for TLDs yet contained no TLDs. Enable debug logging for this logger for a complete list of JARs that were scanned but no TLDs were found in them. Skipping unneeded JARs during scanning can improve startup time and JSP compilation time.
19-Apr-2019 15:47:20.537 INFO [localhost-startStop-1] org.apache.catalina.startup.HostConfig.deployDirectory Deployment of web application directory C:\Java\WAS\pivotal-tc-server-developer-3.1.2.RELEASE\RMSNEW\webapps\manager has finished in 138 ms
19-Apr-2019 15:47:20.547 INFO [main] org.apache.coyote.AbstractProtocol.start Starting ProtocolHandler ["http-bio-8443"]
19-Apr-2019 15:47:20.548 INFO [main] org.apache.coyote.AbstractProtocol.start Starting ProtocolHandler ["http-bio-8080"]
19-Apr-2019 15:47:52.240 INFO [ContainerBackgroundProcessor[StandardEngine[Catalina]]] org.apache.catalina.core.StandardContext.reload Reloading Context with name [] has started
19-Apr-2019 15:47:52.291 WARNING [ContainerBackgroundProcessor[StandardEngine[Catalina]]] org.apache.catalina.loader.WebappClassLoaderBase.clearReferencesJdbc The web application [ROOT] registered the JDBC driver [net.sf.log4jdbc.sql.jdbcapi.DriverSpy] but failed to unregister it when the web application was stopped. To prevent a memory leak, the JDBC Driver has been forcibly unregistered.
19-Apr-2019 15:47:52.291 WARNING [ContainerBackgroundProcessor[StandardEngine[Catalina]]] org.apache.catalina.loader.WebappClassLoaderBase.clearReferencesJdbc The web application [ROOT] registered the JDBC driver [com.mysql.jdbc.Driver] but failed to unregister it when the web application was stopped. To prevent a memory leak, the JDBC Driver has been forcibly unregistered.
19-Apr-2019 15:47:52.292 WARNING [ContainerBackgroundProcessor[StandardEngine[Catalina]]] org.apache.catalina.loader.WebappClassLoaderBase.clearReferencesThreads The web application [ROOT] appears to have started a thread named [Thread-4] but has failed to stop it. This is very likely to create a memory leak. Stack trace of thread:
 java.lang.Object.wait(Native Method)
 com.mashape.unirest.http.utils.SyncIdleConnectionMonitorThread.run(SyncIdleConnectionMonitorThread.java:22)
19-Apr-2019 15:47:52.293 WARNING [ContainerBackgroundProcessor[StandardEngine[Catalina]]] org.apache.catalina.loader.WebappClassLoaderBase.clearReferencesThreads The web application [ROOT] appears to have started a thread named [Thread-6] but has failed to stop it. This is very likely to create a memory leak. Stack trace of thread:
 java.lang.Object.wait(Native Method)
 com.mashape.unirest.http.utils.SyncIdleConnectionMonitorThread.run(SyncIdleConnectionMonitorThread.java:22)
19-Apr-2019 15:47:52.294 WARNING [ContainerBackgroundProcessor[StandardEngine[Catalina]]] org.apache.catalina.loader.WebappClassLoaderBase.clearReferencesThreads The web application [ROOT] appears to have started a thread named [Abandoned connection cleanup thread] but has failed to stop it. This is very likely to create a memory leak. Stack trace of thread:
 java.lang.Object.wait(Native Method)
 java.lang.ref.ReferenceQueue.remove(Unknown Source)
 com.mysql.jdbc.AbandonedConnectionCleanupThread.run(AbandonedConnectionCleanupThread.java:43)
19-Apr-2019 15:48:09.173 INFO [ContainerBackgroundProcessor[StandardEngine[Catalina]]] org.apache.catalina.core.StandardContext.reload Reloading Context with name [] is completed
19-Apr-2019 18:59:54.104 INFO [ContainerBackgroundProcessor[StandardEngine[Catalina]]] org.apache.catalina.core.StandardContext.reload Reloading Context with name [] has started
19-Apr-2019 18:59:54.118 WARNING [ContainerBackgroundProcessor[StandardEngine[Catalina]]] org.apache.catalina.loader.WebappClassLoaderBase.clearReferencesJdbc The web application [ROOT] registered the JDBC driver [net.sf.log4jdbc.sql.jdbcapi.DriverSpy] but failed to unregister it when the web application was stopped. To prevent a memory leak, the JDBC Driver has been forcibly unregistered.
19-Apr-2019 18:59:54.118 WARNING [ContainerBackgroundProcessor[StandardEngine[Catalina]]] org.apache.catalina.loader.WebappClassLoaderBase.clearReferencesJdbc The web application [ROOT] registered the JDBC driver [com.mysql.jdbc.Driver] but failed to unregister it when the web application was stopped. To prevent a memory leak, the JDBC Driver has been forcibly unregistered.
19-Apr-2019 18:59:54.119 WARNING [ContainerBackgroundProcessor[StandardEngine[Catalina]]] org.apache.catalina.loader.WebappClassLoaderBase.clearReferencesThreads The web application [ROOT] appears to have started a thread named [Thread-13] but has failed to stop it. This is very likely to create a memory leak. Stack trace of thread:
 java.lang.Object.wait(Native Method)
 com.mashape.unirest.http.utils.SyncIdleConnectionMonitorThread.run(SyncIdleConnectionMonitorThread.java:22)
19-Apr-2019 18:59:54.119 WARNING [ContainerBackgroundProcessor[StandardEngine[Catalina]]] org.apache.catalina.loader.WebappClassLoaderBase.clearReferencesThreads The web application [ROOT] appears to have started a thread named [Thread-15] but has failed to stop it. This is very likely to create a memory leak. Stack trace of thread:
 java.lang.Object.wait(Native Method)
 com.mashape.unirest.http.utils.SyncIdleConnectionMonitorThread.run(SyncIdleConnectionMonitorThread.java:22)
19-Apr-2019 18:59:54.119 WARNING [ContainerBackgroundProcessor[StandardEngine[Catalina]]] org.apache.catalina.loader.WebappClassLoaderBase.clearReferencesThreads The web application [ROOT] appears to have started a thread named [Abandoned connection cleanup thread] but has failed to stop it. This is very likely to create a memory leak. Stack trace of thread:
 java.lang.Object.wait(Native Method)
 java.lang.ref.ReferenceQueue.remove(Unknown Source)
 com.mysql.jdbc.AbandonedConnectionCleanupThread.run(AbandonedConnectionCleanupThread.java:43)
19-Apr-2019 18:59:54.120 SEVERE [ContainerBackgroundProcessor[StandardEngine[Catalina]]] org.apache.catalina.loader.WebappClassLoaderBase.checkThreadLocalMapForLeaks The web application [ROOT] created a ThreadLocal with key of type [org.apache.poi.util.LocaleUtil$2] (value [org.apache.poi.util.LocaleUtil$2@22cb0496]) and a value of type [java.util.Locale] (value [ko_KR]) but failed to remove it when the web application was stopped. Threads are going to be renewed over time to try and avoid a probable memory leak.
19-Apr-2019 18:59:54.121 SEVERE [ContainerBackgroundProcessor[StandardEngine[Catalina]]] org.apache.catalina.loader.WebappClassLoaderBase.checkThreadLocalMapForLeaks The web application [ROOT] created a ThreadLocal with key of type [org.apache.poi.util.LocaleUtil$2] (value [org.apache.poi.util.LocaleUtil$2@22cb0496]) and a value of type [java.util.Locale] (value [ko_KR]) but failed to remove it when the web application was stopped. Threads are going to be renewed over time to try and avoid a probable memory leak.
19-Apr-2019 18:59:54.121 SEVERE [ContainerBackgroundProcessor[StandardEngine[Catalina]]] org.apache.catalina.loader.WebappClassLoaderBase.checkThreadLocalMapForLeaks The web application [ROOT] created a ThreadLocal with key of type [org.apache.poi.util.LocaleUtil$2] (value [org.apache.poi.util.LocaleUtil$2@22cb0496]) and a value of type [java.util.Locale] (value [ko_KR]) but failed to remove it when the web application was stopped. Threads are going to be renewed over time to try and avoid a probable memory leak.
19-Apr-2019 18:59:54.121 SEVERE [ContainerBackgroundProcessor[StandardEngine[Catalina]]] org.apache.catalina.loader.WebappClassLoaderBase.checkThreadLocalMapForLeaks The web application [ROOT] created a ThreadLocal with key of type [org.apache.poi.util.LocaleUtil$2] (value [org.apache.poi.util.LocaleUtil$2@22cb0496]) and a value of type [java.util.Locale] (value [ko_KR]) but failed to remove it when the web application was stopped. Threads are going to be renewed over time to try and avoid a probable memory leak.
19-Apr-2019 18:59:54.121 SEVERE [ContainerBackgroundProcessor[StandardEngine[Catalina]]] org.apache.catalina.loader.WebappClassLoaderBase.checkThreadLocalMapForLeaks The web application [ROOT] created a ThreadLocal with key of type [org.apache.poi.util.LocaleUtil$2] (value [org.apache.poi.util.LocaleUtil$2@22cb0496]) and a value of type [java.util.Locale] (value [ko_KR]) but failed to remove it when the web application was stopped. Threads are going to be renewed over time to try and avoid a probable memory leak.
19-Apr-2019 18:59:54.121 SEVERE [ContainerBackgroundProcessor[StandardEngine[Catalina]]] org.apache.catalina.loader.WebappClassLoaderBase.checkThreadLocalMapForLeaks The web application [ROOT] created a ThreadLocal with key of type [org.apache.poi.util.LocaleUtil$2] (value [org.apache.poi.util.LocaleUtil$2@22cb0496]) and a value of type [java.util.Locale] (value [ko_KR]) but failed to remove it when the web application was stopped. Threads are going to be renewed over time to try and avoid a probable memory leak.
19-Apr-2019 18:59:54.122 SEVERE [ContainerBackgroundProcessor[StandardEngine[Catalina]]] org.apache.catalina.loader.WebappClassLoaderBase.checkThreadLocalMapForLeaks The web application [ROOT] created a ThreadLocal with key of type [org.apache.poi.util.LocaleUtil$2] (value [org.apache.poi.util.LocaleUtil$2@22cb0496]) and a value of type [java.util.Locale] (value [ko_KR]) but failed to remove it when the web application was stopped. Threads are going to be renewed over time to try and avoid a probable memory leak.
19-Apr-2019 18:59:54.122 SEVERE [ContainerBackgroundProcessor[StandardEngine[Catalina]]] org.apache.catalina.loader.WebappClassLoaderBase.checkThreadLocalMapForLeaks The web application [ROOT] created a ThreadLocal with key of type [org.apache.poi.util.LocaleUtil$2] (value [org.apache.poi.util.LocaleUtil$2@22cb0496]) and a value of type [java.util.Locale] (value [ko_KR]) but failed to remove it when the web application was stopped. Threads are going to be renewed over time to try and avoid a probable memory leak.
19-Apr-2019 18:59:54.122 SEVERE [ContainerBackgroundProcessor[StandardEngine[Catalina]]] org.apache.catalina.loader.WebappClassLoaderBase.checkThreadLocalMapForLeaks The web application [ROOT] created a ThreadLocal with key of type [org.apache.poi.util.LocaleUtil$2] (value [org.apache.poi.util.LocaleUtil$2@22cb0496]) and a value of type [java.util.Locale] (value [ko_KR]) but failed to remove it when the web application was stopped. Threads are going to be renewed over time to try and avoid a probable memory leak.
19-Apr-2019 18:59:54.122 SEVERE [ContainerBackgroundProcessor[StandardEngine[Catalina]]] org.apache.catalina.loader.WebappClassLoaderBase.checkThreadLocalMapForLeaks The web application [ROOT] created a ThreadLocal with key of type [org.apache.poi.util.LocaleUtil$2] (value [org.apache.poi.util.LocaleUtil$2@22cb0496]) and a value of type [java.util.Locale] (value [ko_KR]) but failed to remove it when the web application was stopped. Threads are going to be renewed over time to try and avoid a probable memory leak.
19-Apr-2019 18:59:54.122 SEVERE [ContainerBackgroundProcessor[StandardEngine[Catalina]]] org.apache.catalina.loader.WebappClassLoaderBase.checkThreadLocalMapForLeaks The web application [ROOT] created a ThreadLocal with key of type [org.apache.poi.util.LocaleUtil$2] (value [org.apache.poi.util.LocaleUtil$2@22cb0496]) and a value of type [java.util.Locale] (value [ko_KR]) but failed to remove it when the web application was stopped. Threads are going to be renewed over time to try and avoid a probable memory leak.
19-Apr-2019 19:00:10.100 INFO [ContainerBackgroundProcessor[StandardEngine[Catalina]]] org.apache.catalina.core.StandardContext.reload Reloading Context with name [] is completed
