15-Mar-2019 08:21:01.531 INFO [main] com.springsource.tcserver.security.PropertyDecoder.<init> tc Runtime property decoder using memory-based key
15-Mar-2019 08:21:01.532 INFO [main] com.springsource.tcserver.security.TcDecoder.initCiphers Initializing ciphers
15-Mar-2019 08:21:01.687 INFO [main] com.springsource.tcserver.security.PropertyDecoder.<init> tcServer Runtime property decoder has been initialized in 158 ms
15-Mar-2019 08:21:02.175 INFO [main] org.apache.coyote.AbstractProtocol.init Initializing ProtocolHandler ["http-bio-8443"]
15-Mar-2019 08:21:03.406 INFO [main] org.apache.coyote.AbstractProtocol.init Initializing ProtocolHandler ["http-bio-8080"]
15-Mar-2019 08:21:03.511 INFO [main] com.springsource.tcserver.serviceability.rmi.JmxSocketListener.init Started up JMX registry on 127.0.0.1:6969 in 100 ms
15-Mar-2019 08:21:03.525 INFO [main] org.apache.catalina.core.StandardService.startInternal Starting service Catalina
15-Mar-2019 08:21:03.525 INFO [main] org.apache.catalina.core.StandardEngine.startInternal Starting Servlet Engine: Pivotal tc Runtime 3.1.2.RELEASE/8.0.26.B.RELEASE
15-Mar-2019 08:21:10.737 INFO [localhost-startStop-1] org.apache.jasper.servlet.TldScanner.scanJars At least one JAR was scanned for TLDs yet contained no TLDs. Enable debug logging for this logger for a complete list of JARs that were scanned but no TLDs were found in them. Skipping unneeded JARs during scanning can improve startup time and JSP compilation time.
15-Mar-2019 08:21:18.968 INFO [localhost-startStop-1] org.apache.catalina.startup.HostConfig.deployDirectory Deploying web application directory C:\Java\WAS\pivotal-tc-server-developer-3.1.2.RELEASE\rmsserver\webapps\manager
15-Mar-2019 08:21:19.079 INFO [localhost-startStop-1] org.apache.jasper.servlet.TldScanner.scanJars At least one JAR was scanned for TLDs yet contained no TLDs. Enable debug logging for this logger for a complete list of JARs that were scanned but no TLDs were found in them. Skipping unneeded JARs during scanning can improve startup time and JSP compilation time.
15-Mar-2019 08:21:19.086 INFO [localhost-startStop-1] org.apache.catalina.startup.HostConfig.deployDirectory Deployment of web application directory C:\Java\WAS\pivotal-tc-server-developer-3.1.2.RELEASE\rmsserver\webapps\manager has finished in 117 ms
15-Mar-2019 08:21:19.096 INFO [main] org.apache.coyote.AbstractProtocol.start Starting ProtocolHandler ["http-bio-8443"]
15-Mar-2019 08:21:19.097 INFO [main] org.apache.coyote.AbstractProtocol.start Starting ProtocolHandler ["http-bio-8080"]
15-Mar-2019 13:29:00.713 INFO [RMI TCP Connection(64)-127.0.0.1] org.apache.coyote.AbstractProtocol.pause Pausing ProtocolHandler ["http-bio-8443"]
15-Mar-2019 13:29:00.765 INFO [RMI TCP Connection(64)-127.0.0.1] org.apache.coyote.AbstractProtocol.pause Pausing ProtocolHandler ["http-bio-8080"]
15-Mar-2019 13:29:00.816 INFO [RMI TCP Connection(64)-127.0.0.1] org.apache.catalina.core.StandardService.stopInternal Stopping service Catalina
15-Mar-2019 13:29:00.848 WARNING [localhost-startStop-2] org.apache.catalina.loader.WebappClassLoaderBase.clearReferencesJdbc The web application [ROOT] registered the JDBC driver [net.sf.log4jdbc.sql.jdbcapi.DriverSpy] but failed to unregister it when the web application was stopped. To prevent a memory leak, the JDBC Driver has been forcibly unregistered.
15-Mar-2019 13:29:00.848 WARNING [localhost-startStop-2] org.apache.catalina.loader.WebappClassLoaderBase.clearReferencesJdbc The web application [ROOT] registered the JDBC driver [com.mysql.jdbc.Driver] but failed to unregister it when the web application was stopped. To prevent a memory leak, the JDBC Driver has been forcibly unregistered.
15-Mar-2019 13:29:00.849 WARNING [localhost-startStop-2] org.apache.catalina.loader.WebappClassLoaderBase.clearReferencesThreads The web application [ROOT] appears to have started a thread named [Thread-4] but has failed to stop it. This is very likely to create a memory leak. Stack trace of thread:
 java.lang.Object.wait(Native Method)
 com.mashape.unirest.http.utils.SyncIdleConnectionMonitorThread.run(SyncIdleConnectionMonitorThread.java:22)
15-Mar-2019 13:29:00.850 WARNING [localhost-startStop-2] org.apache.catalina.loader.WebappClassLoaderBase.clearReferencesThreads The web application [ROOT] appears to have started a thread named [Thread-6] but has failed to stop it. This is very likely to create a memory leak. Stack trace of thread:
 java.lang.Object.wait(Native Method)
 com.mashape.unirest.http.utils.SyncIdleConnectionMonitorThread.run(SyncIdleConnectionMonitorThread.java:22)
15-Mar-2019 13:29:00.851 WARNING [localhost-startStop-2] org.apache.catalina.loader.WebappClassLoaderBase.clearReferencesThreads The web application [ROOT] appears to have started a thread named [Abandoned connection cleanup thread] but has failed to stop it. This is very likely to create a memory leak. Stack trace of thread:
 java.lang.Object.wait(Native Method)
 java.lang.ref.ReferenceQueue.remove(Unknown Source)
 com.mysql.jdbc.AbandonedConnectionCleanupThread.run(AbandonedConnectionCleanupThread.java:43)
15-Mar-2019 13:29:00.873 INFO [RMI TCP Connection(64)-127.0.0.1] org.apache.coyote.AbstractProtocol.stop Stopping ProtocolHandler ["http-bio-8443"]
15-Mar-2019 13:29:00.874 INFO [RMI TCP Connection(64)-127.0.0.1] org.apache.coyote.AbstractProtocol.stop Stopping ProtocolHandler ["http-bio-8080"]
15-Mar-2019 13:29:01.400 INFO [main] com.springsource.tcserver.security.PropertyDecoder.<init> tc Runtime property decoder using memory-based key
15-Mar-2019 13:29:01.402 INFO [main] com.springsource.tcserver.security.TcDecoder.initCiphers Initializing ciphers
15-Mar-2019 13:29:01.529 INFO [main] com.springsource.tcserver.security.PropertyDecoder.<init> tcServer Runtime property decoder has been initialized in 132 ms
15-Mar-2019 13:29:01.951 INFO [main] org.apache.coyote.AbstractProtocol.init Initializing ProtocolHandler ["http-bio-8443"]
15-Mar-2019 13:29:03.165 INFO [main] org.apache.coyote.AbstractProtocol.init Initializing ProtocolHandler ["http-bio-8080"]
15-Mar-2019 13:29:03.285 INFO [main] com.springsource.tcserver.serviceability.rmi.JmxSocketListener.init Started up JMX registry on 127.0.0.1:6969 in 114 ms
15-Mar-2019 13:29:03.306 INFO [main] org.apache.catalina.core.StandardService.startInternal Starting service Catalina
15-Mar-2019 13:29:03.306 INFO [main] org.apache.catalina.core.StandardEngine.startInternal Starting Servlet Engine: Pivotal tc Runtime 3.1.2.RELEASE/8.0.26.B.RELEASE
15-Mar-2019 13:29:10.889 INFO [localhost-startStop-1] org.apache.jasper.servlet.TldScanner.scanJars At least one JAR was scanned for TLDs yet contained no TLDs. Enable debug logging for this logger for a complete list of JARs that were scanned but no TLDs were found in them. Skipping unneeded JARs during scanning can improve startup time and JSP compilation time.
15-Mar-2019 13:29:19.316 INFO [localhost-startStop-1] org.apache.catalina.startup.HostConfig.deployDirectory Deploying web application directory C:\Java\WAS\pivotal-tc-server-developer-3.1.2.RELEASE\rmsserver\webapps\manager
15-Mar-2019 13:29:19.426 INFO [localhost-startStop-1] org.apache.jasper.servlet.TldScanner.scanJars At least one JAR was scanned for TLDs yet contained no TLDs. Enable debug logging for this logger for a complete list of JARs that were scanned but no TLDs were found in them. Skipping unneeded JARs during scanning can improve startup time and JSP compilation time.
15-Mar-2019 13:29:19.433 INFO [localhost-startStop-1] org.apache.catalina.startup.HostConfig.deployDirectory Deployment of web application directory C:\Java\WAS\pivotal-tc-server-developer-3.1.2.RELEASE\rmsserver\webapps\manager has finished in 116 ms
15-Mar-2019 13:29:19.443 INFO [main] org.apache.coyote.AbstractProtocol.start Starting ProtocolHandler ["http-bio-8443"]
15-Mar-2019 13:29:19.444 INFO [main] org.apache.coyote.AbstractProtocol.start Starting ProtocolHandler ["http-bio-8080"]
15-Mar-2019 14:16:44.285 INFO [ContainerBackgroundProcessor[StandardEngine[Catalina]]] org.apache.catalina.core.StandardContext.reload Reloading Context with name [] has started
15-Mar-2019 14:16:44.326 WARNING [ContainerBackgroundProcessor[StandardEngine[Catalina]]] org.apache.catalina.loader.WebappClassLoaderBase.clearReferencesJdbc The web application [ROOT] registered the JDBC driver [net.sf.log4jdbc.sql.jdbcapi.DriverSpy] but failed to unregister it when the web application was stopped. To prevent a memory leak, the JDBC Driver has been forcibly unregistered.
15-Mar-2019 14:16:44.326 WARNING [ContainerBackgroundProcessor[StandardEngine[Catalina]]] org.apache.catalina.loader.WebappClassLoaderBase.clearReferencesJdbc The web application [ROOT] registered the JDBC driver [com.mysql.jdbc.Driver] but failed to unregister it when the web application was stopped. To prevent a memory leak, the JDBC Driver has been forcibly unregistered.
15-Mar-2019 14:16:44.327 WARNING [ContainerBackgroundProcessor[StandardEngine[Catalina]]] org.apache.catalina.loader.WebappClassLoaderBase.clearReferencesThreads The web application [ROOT] appears to have started a thread named [Thread-4] but has failed to stop it. This is very likely to create a memory leak. Stack trace of thread:
 java.lang.Object.wait(Native Method)
 com.mashape.unirest.http.utils.SyncIdleConnectionMonitorThread.run(SyncIdleConnectionMonitorThread.java:22)
15-Mar-2019 14:16:44.328 WARNING [ContainerBackgroundProcessor[StandardEngine[Catalina]]] org.apache.catalina.loader.WebappClassLoaderBase.clearReferencesThreads The web application [ROOT] appears to have started a thread named [Thread-6] but has failed to stop it. This is very likely to create a memory leak. Stack trace of thread:
 java.lang.Object.wait(Native Method)
 com.mashape.unirest.http.utils.SyncIdleConnectionMonitorThread.run(SyncIdleConnectionMonitorThread.java:22)
15-Mar-2019 14:16:44.328 WARNING [ContainerBackgroundProcessor[StandardEngine[Catalina]]] org.apache.catalina.loader.WebappClassLoaderBase.clearReferencesThreads The web application [ROOT] appears to have started a thread named [Abandoned connection cleanup thread] but has failed to stop it. This is very likely to create a memory leak. Stack trace of thread:
 java.lang.Object.wait(Native Method)
 java.lang.ref.ReferenceQueue.remove(Unknown Source)
 com.mysql.jdbc.AbandonedConnectionCleanupThread.run(AbandonedConnectionCleanupThread.java:43)
15-Mar-2019 14:16:59.283 INFO [ContainerBackgroundProcessor[StandardEngine[Catalina]]] org.apache.catalina.core.StandardContext.reload Reloading Context with name [] is completed
15-Mar-2019 14:18:11.760 INFO [ContainerBackgroundProcessor[StandardEngine[Catalina]]] org.apache.catalina.core.StandardContext.reload Reloading Context with name [] has started
15-Mar-2019 14:18:11.775 WARNING [ContainerBackgroundProcessor[StandardEngine[Catalina]]] org.apache.catalina.loader.WebappClassLoaderBase.clearReferencesThreads The web application [ROOT] appears to have started a thread named [Thread-13] but has failed to stop it. This is very likely to create a memory leak. Stack trace of thread:
 java.lang.Object.wait(Native Method)
 com.mashape.unirest.http.utils.SyncIdleConnectionMonitorThread.run(SyncIdleConnectionMonitorThread.java:22)
15-Mar-2019 14:18:11.777 WARNING [ContainerBackgroundProcessor[StandardEngine[Catalina]]] org.apache.catalina.loader.WebappClassLoaderBase.clearReferencesThreads The web application [ROOT] appears to have started a thread named [Thread-15] but has failed to stop it. This is very likely to create a memory leak. Stack trace of thread:
 java.lang.Object.wait(Native Method)
 com.mashape.unirest.http.utils.SyncIdleConnectionMonitorThread.run(SyncIdleConnectionMonitorThread.java:22)
15-Mar-2019 14:18:26.208 INFO [ContainerBackgroundProcessor[StandardEngine[Catalina]]] org.apache.catalina.core.StandardContext.reload Reloading Context with name [] is completed
15-Mar-2019 16:27:54.998 INFO [ContainerBackgroundProcessor[StandardEngine[Catalina]]] org.apache.catalina.core.StandardContext.reload Reloading Context with name [] has started
15-Mar-2019 16:27:55.018 WARNING [ContainerBackgroundProcessor[StandardEngine[Catalina]]] org.apache.catalina.loader.WebappClassLoaderBase.clearReferencesJdbc The web application [ROOT] registered the JDBC driver [net.sf.log4jdbc.sql.jdbcapi.DriverSpy] but failed to unregister it when the web application was stopped. To prevent a memory leak, the JDBC Driver has been forcibly unregistered.
15-Mar-2019 16:27:55.018 WARNING [ContainerBackgroundProcessor[StandardEngine[Catalina]]] org.apache.catalina.loader.WebappClassLoaderBase.clearReferencesJdbc The web application [ROOT] registered the JDBC driver [com.mysql.jdbc.Driver] but failed to unregister it when the web application was stopped. To prevent a memory leak, the JDBC Driver has been forcibly unregistered.
15-Mar-2019 16:27:55.018 WARNING [ContainerBackgroundProcessor[StandardEngine[Catalina]]] org.apache.catalina.loader.WebappClassLoaderBase.clearReferencesThreads The web application [ROOT] appears to have started a thread named [Thread-20] but has failed to stop it. This is very likely to create a memory leak. Stack trace of thread:
 java.lang.Object.wait(Native Method)
 com.mashape.unirest.http.utils.SyncIdleConnectionMonitorThread.run(SyncIdleConnectionMonitorThread.java:22)
15-Mar-2019 16:27:55.019 WARNING [ContainerBackgroundProcessor[StandardEngine[Catalina]]] org.apache.catalina.loader.WebappClassLoaderBase.clearReferencesThreads The web application [ROOT] appears to have started a thread named [Thread-22] but has failed to stop it. This is very likely to create a memory leak. Stack trace of thread:
 java.lang.Object.wait(Native Method)
 com.mashape.unirest.http.utils.SyncIdleConnectionMonitorThread.run(SyncIdleConnectionMonitorThread.java:22)
15-Mar-2019 16:27:55.019 WARNING [ContainerBackgroundProcessor[StandardEngine[Catalina]]] org.apache.catalina.loader.WebappClassLoaderBase.clearReferencesThreads The web application [ROOT] appears to have started a thread named [Abandoned connection cleanup thread] but has failed to stop it. This is very likely to create a memory leak. Stack trace of thread:
 java.lang.Object.wait(Native Method)
 java.lang.ref.ReferenceQueue.remove(Unknown Source)
 com.mysql.jdbc.AbandonedConnectionCleanupThread.run(AbandonedConnectionCleanupThread.java:43)
15-Mar-2019 16:28:09.339 INFO [ContainerBackgroundProcessor[StandardEngine[Catalina]]] org.apache.catalina.core.StandardContext.reload Reloading Context with name [] is completed
15-Mar-2019 16:31:43.558 INFO [RMI TCP Connection(52)-127.0.0.1] org.apache.coyote.AbstractProtocol.pause Pausing ProtocolHandler ["http-bio-8443"]
15-Mar-2019 16:31:43.611 INFO [RMI TCP Connection(52)-127.0.0.1] org.apache.coyote.AbstractProtocol.pause Pausing ProtocolHandler ["http-bio-8080"]
15-Mar-2019 16:31:43.662 INFO [RMI TCP Connection(52)-127.0.0.1] org.apache.catalina.core.StandardService.stopInternal Stopping service Catalina
15-Mar-2019 16:31:43.687 WARNING [localhost-startStop-2] org.apache.catalina.loader.WebappClassLoaderBase.clearReferencesJdbc The web application [ROOT] registered the JDBC driver [net.sf.log4jdbc.sql.jdbcapi.DriverSpy] but failed to unregister it when the web application was stopped. To prevent a memory leak, the JDBC Driver has been forcibly unregistered.
15-Mar-2019 16:31:43.687 WARNING [localhost-startStop-2] org.apache.catalina.loader.WebappClassLoaderBase.clearReferencesJdbc The web application [ROOT] registered the JDBC driver [com.mysql.jdbc.Driver] but failed to unregister it when the web application was stopped. To prevent a memory leak, the JDBC Driver has been forcibly unregistered.
15-Mar-2019 16:31:43.688 WARNING [localhost-startStop-2] org.apache.catalina.loader.WebappClassLoaderBase.clearReferencesThreads The web application [ROOT] appears to have started a thread named [Thread-28] but has failed to stop it. This is very likely to create a memory leak. Stack trace of thread:
 java.lang.Object.wait(Native Method)
 com.mashape.unirest.http.utils.SyncIdleConnectionMonitorThread.run(SyncIdleConnectionMonitorThread.java:22)
15-Mar-2019 16:31:43.688 WARNING [localhost-startStop-2] org.apache.catalina.loader.WebappClassLoaderBase.clearReferencesThreads The web application [ROOT] appears to have started a thread named [Thread-30] but has failed to stop it. This is very likely to create a memory leak. Stack trace of thread:
 java.lang.Object.wait(Native Method)
 com.mashape.unirest.http.utils.SyncIdleConnectionMonitorThread.run(SyncIdleConnectionMonitorThread.java:22)
15-Mar-2019 16:31:43.689 WARNING [localhost-startStop-2] org.apache.catalina.loader.WebappClassLoaderBase.clearReferencesThreads The web application [ROOT] appears to have started a thread named [Abandoned connection cleanup thread] but has failed to stop it. This is very likely to create a memory leak. Stack trace of thread:
 java.lang.Object.wait(Native Method)
 java.lang.ref.ReferenceQueue.remove(Unknown Source)
 com.mysql.jdbc.AbandonedConnectionCleanupThread.run(AbandonedConnectionCleanupThread.java:43)
15-Mar-2019 16:31:43.709 INFO [RMI TCP Connection(52)-127.0.0.1] org.apache.coyote.AbstractProtocol.stop Stopping ProtocolHandler ["http-bio-8443"]
15-Mar-2019 16:31:43.709 INFO [RMI TCP Connection(52)-127.0.0.1] org.apache.coyote.AbstractProtocol.stop Stopping ProtocolHandler ["http-bio-8080"]
15-Mar-2019 16:31:44.292 INFO [main] com.springsource.tcserver.security.PropertyDecoder.<init> tc Runtime property decoder using memory-based key
15-Mar-2019 16:31:44.294 INFO [main] com.springsource.tcserver.security.TcDecoder.initCiphers Initializing ciphers
15-Mar-2019 16:31:44.427 INFO [main] com.springsource.tcserver.security.PropertyDecoder.<init> tcServer Runtime property decoder has been initialized in 137 ms
15-Mar-2019 16:31:44.801 INFO [main] org.apache.coyote.AbstractProtocol.init Initializing ProtocolHandler ["http-bio-8443"]
15-Mar-2019 16:31:45.980 INFO [main] org.apache.coyote.AbstractProtocol.init Initializing ProtocolHandler ["http-bio-8080"]
15-Mar-2019 16:31:46.089 INFO [main] com.springsource.tcserver.serviceability.rmi.JmxSocketListener.init Started up JMX registry on 127.0.0.1:6969 in 104 ms
15-Mar-2019 16:31:46.103 INFO [main] org.apache.catalina.core.StandardService.startInternal Starting service Catalina
15-Mar-2019 16:31:46.103 INFO [main] org.apache.catalina.core.StandardEngine.startInternal Starting Servlet Engine: Pivotal tc Runtime 3.1.2.RELEASE/8.0.26.B.RELEASE
15-Mar-2019 16:31:53.193 INFO [localhost-startStop-1] org.apache.jasper.servlet.TldScanner.scanJars At least one JAR was scanned for TLDs yet contained no TLDs. Enable debug logging for this logger for a complete list of JARs that were scanned but no TLDs were found in them. Skipping unneeded JARs during scanning can improve startup time and JSP compilation time.
15-Mar-2019 16:32:01.528 INFO [localhost-startStop-1] org.apache.catalina.startup.HostConfig.deployDirectory Deploying web application directory C:\Java\WAS\pivotal-tc-server-developer-3.1.2.RELEASE\rmsserver\webapps\manager
15-Mar-2019 16:32:01.633 INFO [localhost-startStop-1] org.apache.jasper.servlet.TldScanner.scanJars At least one JAR was scanned for TLDs yet contained no TLDs. Enable debug logging for this logger for a complete list of JARs that were scanned but no TLDs were found in them. Skipping unneeded JARs during scanning can improve startup time and JSP compilation time.
15-Mar-2019 16:32:01.641 INFO [localhost-startStop-1] org.apache.catalina.startup.HostConfig.deployDirectory Deployment of web application directory C:\Java\WAS\pivotal-tc-server-developer-3.1.2.RELEASE\rmsserver\webapps\manager has finished in 112 ms
15-Mar-2019 16:32:01.652 INFO [main] org.apache.coyote.AbstractProtocol.start Starting ProtocolHandler ["http-bio-8443"]
15-Mar-2019 16:32:01.654 INFO [main] org.apache.coyote.AbstractProtocol.start Starting ProtocolHandler ["http-bio-8080"]
15-Mar-2019 16:41:37.805 INFO [RMI TCP Connection(5)-127.0.0.1] org.apache.coyote.AbstractProtocol.pause Pausing ProtocolHandler ["http-bio-8443"]
15-Mar-2019 16:41:37.857 INFO [RMI TCP Connection(5)-127.0.0.1] org.apache.coyote.AbstractProtocol.pause Pausing ProtocolHandler ["http-bio-8080"]
15-Mar-2019 16:41:37.908 INFO [RMI TCP Connection(5)-127.0.0.1] org.apache.catalina.core.StandardService.stopInternal Stopping service Catalina
15-Mar-2019 16:41:37.951 WARNING [localhost-startStop-2] org.apache.catalina.loader.WebappClassLoaderBase.clearReferencesJdbc The web application [ROOT] registered the JDBC driver [net.sf.log4jdbc.sql.jdbcapi.DriverSpy] but failed to unregister it when the web application was stopped. To prevent a memory leak, the JDBC Driver has been forcibly unregistered.
15-Mar-2019 16:41:37.951 WARNING [localhost-startStop-2] org.apache.catalina.loader.WebappClassLoaderBase.clearReferencesJdbc The web application [ROOT] registered the JDBC driver [com.mysql.jdbc.Driver] but failed to unregister it when the web application was stopped. To prevent a memory leak, the JDBC Driver has been forcibly unregistered.
15-Mar-2019 16:41:37.951 WARNING [localhost-startStop-2] org.apache.catalina.loader.WebappClassLoaderBase.clearReferencesThreads The web application [ROOT] appears to have started a thread named [Thread-4] but has failed to stop it. This is very likely to create a memory leak. Stack trace of thread:
 java.lang.Object.wait(Native Method)
 com.mashape.unirest.http.utils.SyncIdleConnectionMonitorThread.run(SyncIdleConnectionMonitorThread.java:22)
15-Mar-2019 16:41:37.952 WARNING [localhost-startStop-2] org.apache.catalina.loader.WebappClassLoaderBase.clearReferencesThreads The web application [ROOT] appears to have started a thread named [Thread-6] but has failed to stop it. This is very likely to create a memory leak. Stack trace of thread:
 java.lang.Object.wait(Native Method)
 com.mashape.unirest.http.utils.SyncIdleConnectionMonitorThread.run(SyncIdleConnectionMonitorThread.java:22)
15-Mar-2019 16:41:37.952 WARNING [localhost-startStop-2] org.apache.catalina.loader.WebappClassLoaderBase.clearReferencesThreads The web application [ROOT] appears to have started a thread named [Abandoned connection cleanup thread] but has failed to stop it. This is very likely to create a memory leak. Stack trace of thread:
 java.lang.Object.wait(Native Method)
 java.lang.ref.ReferenceQueue.remove(Unknown Source)
 com.mysql.jdbc.AbandonedConnectionCleanupThread.run(AbandonedConnectionCleanupThread.java:43)
15-Mar-2019 16:41:37.966 INFO [RMI TCP Connection(5)-127.0.0.1] org.apache.coyote.AbstractProtocol.stop Stopping ProtocolHandler ["http-bio-8443"]
15-Mar-2019 16:41:37.966 INFO [RMI TCP Connection(5)-127.0.0.1] org.apache.coyote.AbstractProtocol.stop Stopping ProtocolHandler ["http-bio-8080"]
15-Mar-2019 16:41:38.492 INFO [main] com.springsource.tcserver.security.PropertyDecoder.<init> tc Runtime property decoder using memory-based key
15-Mar-2019 16:41:38.493 INFO [main] com.springsource.tcserver.security.TcDecoder.initCiphers Initializing ciphers
15-Mar-2019 16:41:38.639 INFO [main] com.springsource.tcserver.security.PropertyDecoder.<init> tcServer Runtime property decoder has been initialized in 151 ms
15-Mar-2019 16:41:38.991 INFO [main] org.apache.coyote.AbstractProtocol.init Initializing ProtocolHandler ["http-bio-8443"]
15-Mar-2019 16:41:40.161 INFO [main] org.apache.coyote.AbstractProtocol.init Initializing ProtocolHandler ["http-bio-8080"]
15-Mar-2019 16:41:40.268 INFO [main] com.springsource.tcserver.serviceability.rmi.JmxSocketListener.init Started up JMX registry on 127.0.0.1:6969 in 101 ms
15-Mar-2019 16:41:40.281 INFO [main] org.apache.catalina.core.StandardService.startInternal Starting service Catalina
15-Mar-2019 16:41:40.281 INFO [main] org.apache.catalina.core.StandardEngine.startInternal Starting Servlet Engine: Pivotal tc Runtime 3.1.2.RELEASE/8.0.26.B.RELEASE
15-Mar-2019 16:41:47.533 INFO [localhost-startStop-1] org.apache.jasper.servlet.TldScanner.scanJars At least one JAR was scanned for TLDs yet contained no TLDs. Enable debug logging for this logger for a complete list of JARs that were scanned but no TLDs were found in them. Skipping unneeded JARs during scanning can improve startup time and JSP compilation time.
15-Mar-2019 16:41:56.087 INFO [localhost-startStop-1] org.apache.catalina.startup.HostConfig.deployDirectory Deploying web application directory C:\Java\WAS\pivotal-tc-server-developer-3.1.2.RELEASE\rmsserver\webapps\manager
15-Mar-2019 16:41:56.195 INFO [localhost-startStop-1] org.apache.jasper.servlet.TldScanner.scanJars At least one JAR was scanned for TLDs yet contained no TLDs. Enable debug logging for this logger for a complete list of JARs that were scanned but no TLDs were found in them. Skipping unneeded JARs during scanning can improve startup time and JSP compilation time.
15-Mar-2019 16:41:56.202 INFO [localhost-startStop-1] org.apache.catalina.startup.HostConfig.deployDirectory Deployment of web application directory C:\Java\WAS\pivotal-tc-server-developer-3.1.2.RELEASE\rmsserver\webapps\manager has finished in 114 ms
15-Mar-2019 16:41:56.212 INFO [main] org.apache.coyote.AbstractProtocol.start Starting ProtocolHandler ["http-bio-8443"]
15-Mar-2019 16:41:56.213 INFO [main] org.apache.coyote.AbstractProtocol.start Starting ProtocolHandler ["http-bio-8080"]
15-Mar-2019 17:12:50.192 INFO [ContainerBackgroundProcessor[StandardEngine[Catalina]]] org.apache.catalina.core.StandardContext.reload Reloading Context with name [] has started
15-Mar-2019 17:12:50.214 WARNING [ContainerBackgroundProcessor[StandardEngine[Catalina]]] org.apache.catalina.loader.WebappClassLoaderBase.clearReferencesJdbc The web application [ROOT] registered the JDBC driver [net.sf.log4jdbc.sql.jdbcapi.DriverSpy] but failed to unregister it when the web application was stopped. To prevent a memory leak, the JDBC Driver has been forcibly unregistered.
15-Mar-2019 17:12:50.214 WARNING [ContainerBackgroundProcessor[StandardEngine[Catalina]]] org.apache.catalina.loader.WebappClassLoaderBase.clearReferencesJdbc The web application [ROOT] registered the JDBC driver [com.mysql.jdbc.Driver] but failed to unregister it when the web application was stopped. To prevent a memory leak, the JDBC Driver has been forcibly unregistered.
15-Mar-2019 17:12:50.215 WARNING [ContainerBackgroundProcessor[StandardEngine[Catalina]]] org.apache.catalina.loader.WebappClassLoaderBase.clearReferencesThreads The web application [ROOT] appears to have started a thread named [Thread-4] but has failed to stop it. This is very likely to create a memory leak. Stack trace of thread:
 java.lang.Object.wait(Native Method)
 com.mashape.unirest.http.utils.SyncIdleConnectionMonitorThread.run(SyncIdleConnectionMonitorThread.java:22)
15-Mar-2019 17:12:50.216 WARNING [ContainerBackgroundProcessor[StandardEngine[Catalina]]] org.apache.catalina.loader.WebappClassLoaderBase.clearReferencesThreads The web application [ROOT] appears to have started a thread named [Thread-6] but has failed to stop it. This is very likely to create a memory leak. Stack trace of thread:
 java.lang.Object.wait(Native Method)
 com.mashape.unirest.http.utils.SyncIdleConnectionMonitorThread.run(SyncIdleConnectionMonitorThread.java:22)
15-Mar-2019 17:12:50.216 WARNING [ContainerBackgroundProcessor[StandardEngine[Catalina]]] org.apache.catalina.loader.WebappClassLoaderBase.clearReferencesThreads The web application [ROOT] appears to have started a thread named [Abandoned connection cleanup thread] but has failed to stop it. This is very likely to create a memory leak. Stack trace of thread:
 java.lang.Object.wait(Native Method)
 java.lang.ref.ReferenceQueue.remove(Unknown Source)
 com.mysql.jdbc.AbandonedConnectionCleanupThread.run(AbandonedConnectionCleanupThread.java:43)
15-Mar-2019 17:13:18.715 INFO [ContainerBackgroundProcessor[StandardEngine[Catalina]]] org.apache.catalina.core.StandardContext.reload Reloading Context with name [] is completed
15-Mar-2019 17:17:46.892 INFO [ContainerBackgroundProcessor[StandardEngine[Catalina]]] org.apache.catalina.core.StandardContext.reload Reloading Context with name [] has started
15-Mar-2019 17:17:46.905 WARNING [ContainerBackgroundProcessor[StandardEngine[Catalina]]] org.apache.catalina.loader.WebappClassLoaderBase.clearReferencesThreads The web application [ROOT] appears to have started a thread named [Thread-13] but has failed to stop it. This is very likely to create a memory leak. Stack trace of thread:
 java.lang.Object.wait(Native Method)
 com.mashape.unirest.http.utils.SyncIdleConnectionMonitorThread.run(SyncIdleConnectionMonitorThread.java:22)
15-Mar-2019 17:17:46.905 WARNING [ContainerBackgroundProcessor[StandardEngine[Catalina]]] org.apache.catalina.loader.WebappClassLoaderBase.clearReferencesThreads The web application [ROOT] appears to have started a thread named [Thread-15] but has failed to stop it. This is very likely to create a memory leak. Stack trace of thread:
 java.lang.Object.wait(Native Method)
 com.mashape.unirest.http.utils.SyncIdleConnectionMonitorThread.run(SyncIdleConnectionMonitorThread.java:22)
15-Mar-2019 17:18:00.881 INFO [ContainerBackgroundProcessor[StandardEngine[Catalina]]] org.apache.catalina.core.StandardContext.reload Reloading Context with name [] is completed
15-Mar-2019 17:19:58.561 INFO [ContainerBackgroundProcessor[StandardEngine[Catalina]]] org.apache.catalina.core.StandardContext.reload Reloading Context with name [] has started
15-Mar-2019 17:19:58.573 WARNING [ContainerBackgroundProcessor[StandardEngine[Catalina]]] org.apache.catalina.loader.WebappClassLoaderBase.clearReferencesThreads The web application [ROOT] appears to have started a thread named [Thread-20] but has failed to stop it. This is very likely to create a memory leak. Stack trace of thread:
 java.lang.Object.wait(Native Method)
 com.mashape.unirest.http.utils.SyncIdleConnectionMonitorThread.run(SyncIdleConnectionMonitorThread.java:22)
15-Mar-2019 17:19:58.573 WARNING [ContainerBackgroundProcessor[StandardEngine[Catalina]]] org.apache.catalina.loader.WebappClassLoaderBase.clearReferencesThreads The web application [ROOT] appears to have started a thread named [Thread-22] but has failed to stop it. This is very likely to create a memory leak. Stack trace of thread:
 java.lang.Object.wait(Native Method)
 com.mashape.unirest.http.utils.SyncIdleConnectionMonitorThread.run(SyncIdleConnectionMonitorThread.java:22)
15-Mar-2019 17:20:13.589 INFO [ContainerBackgroundProcessor[StandardEngine[Catalina]]] org.apache.catalina.core.StandardContext.reload Reloading Context with name [] is completed
15-Mar-2019 17:20:23.658 INFO [ContainerBackgroundProcessor[StandardEngine[Catalina]]] org.apache.catalina.core.StandardContext.reload Reloading Context with name [] has started
15-Mar-2019 17:20:23.666 WARNING [ContainerBackgroundProcessor[StandardEngine[Catalina]]] org.apache.catalina.loader.WebappClassLoaderBase.clearReferencesThreads The web application [ROOT] appears to have started a thread named [Thread-27] but has failed to stop it. This is very likely to create a memory leak. Stack trace of thread:
 java.lang.Object.wait(Native Method)
 com.mashape.unirest.http.utils.SyncIdleConnectionMonitorThread.run(SyncIdleConnectionMonitorThread.java:22)
15-Mar-2019 17:20:23.666 WARNING [ContainerBackgroundProcessor[StandardEngine[Catalina]]] org.apache.catalina.loader.WebappClassLoaderBase.clearReferencesThreads The web application [ROOT] appears to have started a thread named [Thread-29] but has failed to stop it. This is very likely to create a memory leak. Stack trace of thread:
 java.lang.Object.wait(Native Method)
 com.mashape.unirest.http.utils.SyncIdleConnectionMonitorThread.run(SyncIdleConnectionMonitorThread.java:22)
15-Mar-2019 17:20:37.921 INFO [ContainerBackgroundProcessor[StandardEngine[Catalina]]] org.apache.catalina.core.StandardContext.reload Reloading Context with name [] is completed
15-Mar-2019 17:21:35.913 INFO [RMI TCP Connection(17)-127.0.0.1] org.apache.coyote.AbstractProtocol.pause Pausing ProtocolHandler ["http-bio-8443"]
15-Mar-2019 17:21:35.966 INFO [RMI TCP Connection(17)-127.0.0.1] org.apache.coyote.AbstractProtocol.pause Pausing ProtocolHandler ["http-bio-8080"]
15-Mar-2019 17:21:36.016 INFO [RMI TCP Connection(17)-127.0.0.1] org.apache.catalina.core.StandardService.stopInternal Stopping service Catalina
15-Mar-2019 17:21:38.251 WARNING [localhost-startStop-2] org.apache.catalina.loader.WebappClassLoaderBase.clearReferencesThreads The web application [ROOT] appears to have started a thread named [Thread-34] but has failed to stop it. This is very likely to create a memory leak. Stack trace of thread:
 java.lang.Object.wait(Native Method)
 com.mashape.unirest.http.utils.SyncIdleConnectionMonitorThread.run(SyncIdleConnectionMonitorThread.java:22)
15-Mar-2019 17:21:38.252 WARNING [localhost-startStop-2] org.apache.catalina.loader.WebappClassLoaderBase.clearReferencesThreads The web application [ROOT] appears to have started a thread named [Thread-36] but has failed to stop it. This is very likely to create a memory leak. Stack trace of thread:
 java.lang.Object.wait(Native Method)
 com.mashape.unirest.http.utils.SyncIdleConnectionMonitorThread.run(SyncIdleConnectionMonitorThread.java:22)
15-Mar-2019 17:21:38.263 INFO [RMI TCP Connection(17)-127.0.0.1] org.apache.coyote.AbstractProtocol.stop Stopping ProtocolHandler ["http-bio-8443"]
15-Mar-2019 17:21:38.264 INFO [RMI TCP Connection(17)-127.0.0.1] org.apache.coyote.AbstractProtocol.stop Stopping ProtocolHandler ["http-bio-8080"]
15-Mar-2019 17:21:42.311 INFO [main] com.springsource.tcserver.security.PropertyDecoder.<init> tc Runtime property decoder using memory-based key
15-Mar-2019 17:21:42.312 INFO [main] com.springsource.tcserver.security.TcDecoder.initCiphers Initializing ciphers
15-Mar-2019 17:21:43.006 INFO [main] com.springsource.tcserver.security.PropertyDecoder.<init> tcServer Runtime property decoder has been initialized in 697 ms
15-Mar-2019 17:21:43.663 INFO [main] org.apache.coyote.AbstractProtocol.init Initializing ProtocolHandler ["http-bio-8443"]
15-Mar-2019 17:21:44.817 INFO [main] org.apache.coyote.AbstractProtocol.init Initializing ProtocolHandler ["http-bio-8080"]
15-Mar-2019 17:21:44.917 INFO [main] com.springsource.tcserver.serviceability.rmi.JmxSocketListener.init Started up JMX registry on 127.0.0.1:6969 in 96 ms
15-Mar-2019 17:21:44.934 INFO [main] org.apache.catalina.core.StandardService.startInternal Starting service Catalina
15-Mar-2019 17:21:44.935 INFO [main] org.apache.catalina.core.StandardEngine.startInternal Starting Servlet Engine: Pivotal tc Runtime 3.1.2.RELEASE/8.0.26.B.RELEASE
15-Mar-2019 17:21:52.206 INFO [localhost-startStop-1] org.apache.jasper.servlet.TldScanner.scanJars At least one JAR was scanned for TLDs yet contained no TLDs. Enable debug logging for this logger for a complete list of JARs that were scanned but no TLDs were found in them. Skipping unneeded JARs during scanning can improve startup time and JSP compilation time.
15-Mar-2019 17:21:53.570 SEVERE [localhost-startStop-1] org.apache.catalina.core.StandardContext.startInternal One or more listeners failed to start. Full details will be found in the appropriate container log file
15-Mar-2019 17:21:53.600 SEVERE [localhost-startStop-1] org.apache.catalina.session.StandardManager.doLoad standardManager.loading.cnfe
 java.lang.ClassNotFoundException: com.korearms.security.common.AppGrantedAuthority
	at org.apache.catalina.loader.WebappClassLoaderBase.loadClass(WebappClassLoaderBase.java:1332)
	at org.apache.catalina.loader.WebappClassLoaderBase.loadClass(WebappClassLoaderBase.java:1166)
	at java.lang.Class.forName0(Native Method)
	at java.lang.Class.forName(Unknown Source)
	at org.apache.catalina.util.CustomObjectInputStream.resolveClass(CustomObjectInputStream.java:74)
	at java.io.ObjectInputStream.readNonProxyDesc(Unknown Source)
	at java.io.ObjectInputStream.readClassDesc(Unknown Source)
	at java.io.ObjectInputStream.readOrdinaryObject(Unknown Source)
	at java.io.ObjectInputStream.readObject0(Unknown Source)
	at java.io.ObjectInputStream.readObject(Unknown Source)
	at java.util.ArrayList.readObject(Unknown Source)
	at sun.reflect.NativeMethodAccessorImpl.invoke0(Native Method)
	at sun.reflect.NativeMethodAccessorImpl.invoke(Unknown Source)
	at sun.reflect.DelegatingMethodAccessorImpl.invoke(Unknown Source)
	at java.lang.reflect.Method.invoke(Unknown Source)
	at java.io.ObjectStreamClass.invokeReadObject(Unknown Source)
	at java.io.ObjectInputStream.readSerialData(Unknown Source)
	at java.io.ObjectInputStream.readOrdinaryObject(Unknown Source)
	at java.io.ObjectInputStream.readObject0(Unknown Source)
	at java.io.ObjectInputStream.defaultReadFields(Unknown Source)
	at java.io.ObjectInputStream.readSerialData(Unknown Source)
	at java.io.ObjectInputStream.readOrdinaryObject(Unknown Source)
	at java.io.ObjectInputStream.readObject0(Unknown Source)
	at java.io.ObjectInputStream.defaultReadFields(Unknown Source)
	at java.io.ObjectInputStream.readSerialData(Unknown Source)
	at java.io.ObjectInputStream.readOrdinaryObject(Unknown Source)
	at java.io.ObjectInputStream.readObject0(Unknown Source)
	at java.io.ObjectInputStream.defaultReadFields(Unknown Source)
	at java.io.ObjectInputStream.readSerialData(Unknown Source)
	at java.io.ObjectInputStream.readOrdinaryObject(Unknown Source)
	at java.io.ObjectInputStream.readObject0(Unknown Source)
	at java.io.ObjectInputStream.readObject(Unknown Source)
	at org.apache.catalina.session.StandardSession.doReadObject(StandardSession.java:1634)
	at org.apache.catalina.session.StandardSession.readObjectData(StandardSession.java:1099)
	at org.apache.catalina.session.StandardManager.doLoad(StandardManager.java:261)
	at org.apache.catalina.session.StandardManager.load(StandardManager.java:180)
	at org.apache.catalina.session.StandardManager.startInternal(StandardManager.java:460)
	at org.apache.catalina.util.LifecycleBase.start(LifecycleBase.java:150)
	at org.apache.catalina.core.StandardContext.startInternal(StandardContext.java:5184)
	at org.apache.catalina.util.LifecycleBase.start(LifecycleBase.java:150)
	at org.apache.catalina.core.ContainerBase$StartChild.call(ContainerBase.java:1408)
	at org.apache.catalina.core.ContainerBase$StartChild.call(ContainerBase.java:1398)
	at java.util.concurrent.FutureTask.run(Unknown Source)
	at java.util.concurrent.ThreadPoolExecutor.runWorker(Unknown Source)
	at java.util.concurrent.ThreadPoolExecutor$Worker.run(Unknown Source)
	at java.lang.Thread.run(Unknown Source)

15-Mar-2019 17:21:53.601 SEVERE [localhost-startStop-1] org.apache.catalina.session.StandardManager.startInternal Exception loading sessions from persistent storage
 java.lang.ClassNotFoundException: com.korearms.security.common.AppGrantedAuthority
	at org.apache.catalina.loader.WebappClassLoaderBase.loadClass(WebappClassLoaderBase.java:1332)
	at org.apache.catalina.loader.WebappClassLoaderBase.loadClass(WebappClassLoaderBase.java:1166)
	at java.lang.Class.forName0(Native Method)
	at java.lang.Class.forName(Unknown Source)
	at org.apache.catalina.util.CustomObjectInputStream.resolveClass(CustomObjectInputStream.java:74)
	at java.io.ObjectInputStream.readNonProxyDesc(Unknown Source)
	at java.io.ObjectInputStream.readClassDesc(Unknown Source)
	at java.io.ObjectInputStream.readOrdinaryObject(Unknown Source)
	at java.io.ObjectInputStream.readObject0(Unknown Source)
	at java.io.ObjectInputStream.readObject(Unknown Source)
	at java.util.ArrayList.readObject(Unknown Source)
	at sun.reflect.NativeMethodAccessorImpl.invoke0(Native Method)
	at sun.reflect.NativeMethodAccessorImpl.invoke(Unknown Source)
	at sun.reflect.DelegatingMethodAccessorImpl.invoke(Unknown Source)
	at java.lang.reflect.Method.invoke(Unknown Source)
	at java.io.ObjectStreamClass.invokeReadObject(Unknown Source)
	at java.io.ObjectInputStream.readSerialData(Unknown Source)
	at java.io.ObjectInputStream.readOrdinaryObject(Unknown Source)
	at java.io.ObjectInputStream.readObject0(Unknown Source)
	at java.io.ObjectInputStream.defaultReadFields(Unknown Source)
	at java.io.ObjectInputStream.readSerialData(Unknown Source)
	at java.io.ObjectInputStream.readOrdinaryObject(Unknown Source)
	at java.io.ObjectInputStream.readObject0(Unknown Source)
	at java.io.ObjectInputStream.defaultReadFields(Unknown Source)
	at java.io.ObjectInputStream.readSerialData(Unknown Source)
	at java.io.ObjectInputStream.readOrdinaryObject(Unknown Source)
	at java.io.ObjectInputStream.readObject0(Unknown Source)
	at java.io.ObjectInputStream.defaultReadFields(Unknown Source)
	at java.io.ObjectInputStream.readSerialData(Unknown Source)
	at java.io.ObjectInputStream.readOrdinaryObject(Unknown Source)
	at java.io.ObjectInputStream.readObject0(Unknown Source)
	at java.io.ObjectInputStream.readObject(Unknown Source)
	at org.apache.catalina.session.StandardSession.doReadObject(StandardSession.java:1634)
	at org.apache.catalina.session.StandardSession.readObjectData(StandardSession.java:1099)
	at org.apache.catalina.session.StandardManager.doLoad(StandardManager.java:261)
	at org.apache.catalina.session.StandardManager.load(StandardManager.java:180)
	at org.apache.catalina.session.StandardManager.startInternal(StandardManager.java:460)
	at org.apache.catalina.util.LifecycleBase.start(LifecycleBase.java:150)
	at org.apache.catalina.core.StandardContext.startInternal(StandardContext.java:5184)
	at org.apache.catalina.util.LifecycleBase.start(LifecycleBase.java:150)
	at org.apache.catalina.core.ContainerBase$StartChild.call(ContainerBase.java:1408)
	at org.apache.catalina.core.ContainerBase$StartChild.call(ContainerBase.java:1398)
	at java.util.concurrent.FutureTask.run(Unknown Source)
	at java.util.concurrent.ThreadPoolExecutor.runWorker(Unknown Source)
	at java.util.concurrent.ThreadPoolExecutor$Worker.run(Unknown Source)
	at java.lang.Thread.run(Unknown Source)

15-Mar-2019 17:21:53.601 SEVERE [localhost-startStop-1] org.apache.catalina.core.StandardContext.startInternal Context [] startup failed due to previous errors
15-Mar-2019 17:21:53.627 INFO [localhost-startStop-1] org.apache.catalina.startup.HostConfig.deployDirectory Deploying web application directory C:\Java\WAS\pivotal-tc-server-developer-3.1.2.RELEASE\rmsserver\webapps\manager
15-Mar-2019 17:21:53.792 INFO [localhost-startStop-1] org.apache.catalina.startup.HostConfig.deployDirectory Deployment of web application directory C:\Java\WAS\pivotal-tc-server-developer-3.1.2.RELEASE\rmsserver\webapps\manager has finished in 164 ms
15-Mar-2019 17:21:53.800 INFO [main] org.apache.coyote.AbstractProtocol.start Starting ProtocolHandler ["http-bio-8443"]
15-Mar-2019 17:21:53.801 INFO [main] org.apache.coyote.AbstractProtocol.start Starting ProtocolHandler ["http-bio-8080"]
15-Mar-2019 17:36:49.599 INFO [RMI TCP Connection(10)-127.0.0.1] org.apache.coyote.AbstractProtocol.pause Pausing ProtocolHandler ["http-bio-8443"]
15-Mar-2019 17:36:49.653 INFO [RMI TCP Connection(10)-127.0.0.1] org.apache.coyote.AbstractProtocol.pause Pausing ProtocolHandler ["http-bio-8080"]
15-Mar-2019 17:36:49.704 INFO [RMI TCP Connection(10)-127.0.0.1] org.apache.catalina.core.StandardService.stopInternal Stopping service Catalina
15-Mar-2019 17:36:49.719 INFO [RMI TCP Connection(10)-127.0.0.1] org.apache.coyote.AbstractProtocol.stop Stopping ProtocolHandler ["http-bio-8443"]
15-Mar-2019 17:36:49.719 INFO [RMI TCP Connection(10)-127.0.0.1] org.apache.coyote.AbstractProtocol.stop Stopping ProtocolHandler ["http-bio-8080"]
15-Mar-2019 17:36:50.246 INFO [main] com.springsource.tcserver.security.PropertyDecoder.<init> tc Runtime property decoder using memory-based key
15-Mar-2019 17:36:50.247 INFO [main] com.springsource.tcserver.security.TcDecoder.initCiphers Initializing ciphers
15-Mar-2019 17:36:50.386 INFO [main] com.springsource.tcserver.security.PropertyDecoder.<init> tcServer Runtime property decoder has been initialized in 142 ms
15-Mar-2019 17:36:50.766 INFO [main] org.apache.coyote.AbstractProtocol.init Initializing ProtocolHandler ["http-bio-8443"]
15-Mar-2019 17:36:51.940 INFO [main] org.apache.coyote.AbstractProtocol.init Initializing ProtocolHandler ["http-bio-8080"]
15-Mar-2019 17:36:52.028 INFO [main] com.springsource.tcserver.serviceability.rmi.JmxSocketListener.init Started up JMX registry on 127.0.0.1:6969 in 83 ms
15-Mar-2019 17:36:52.043 INFO [main] org.apache.catalina.core.StandardService.startInternal Starting service Catalina
15-Mar-2019 17:36:52.043 INFO [main] org.apache.catalina.core.StandardEngine.startInternal Starting Servlet Engine: Pivotal tc Runtime 3.1.2.RELEASE/8.0.26.B.RELEASE
15-Mar-2019 17:36:59.360 INFO [localhost-startStop-1] org.apache.jasper.servlet.TldScanner.scanJars At least one JAR was scanned for TLDs yet contained no TLDs. Enable debug logging for this logger for a complete list of JARs that were scanned but no TLDs were found in them. Skipping unneeded JARs during scanning can improve startup time and JSP compilation time.
15-Mar-2019 17:37:02.385 SEVERE [localhost-startStop-1] org.apache.catalina.core.StandardContext.startInternal One or more listeners failed to start. Full details will be found in the appropriate container log file
15-Mar-2019 17:37:02.387 SEVERE [localhost-startStop-1] org.apache.catalina.core.StandardContext.startInternal Context [] startup failed due to previous errors
15-Mar-2019 17:37:02.402 INFO [localhost-startStop-1] org.apache.catalina.startup.HostConfig.deployDirectory Deploying web application directory C:\Java\WAS\pivotal-tc-server-developer-3.1.2.RELEASE\rmsserver\webapps\manager
15-Mar-2019 17:37:02.521 INFO [localhost-startStop-1] org.apache.catalina.startup.HostConfig.deployDirectory Deployment of web application directory C:\Java\WAS\pivotal-tc-server-developer-3.1.2.RELEASE\rmsserver\webapps\manager has finished in 118 ms
15-Mar-2019 17:37:02.530 INFO [main] org.apache.coyote.AbstractProtocol.start Starting ProtocolHandler ["http-bio-8443"]
15-Mar-2019 17:37:02.531 INFO [main] org.apache.coyote.AbstractProtocol.start Starting ProtocolHandler ["http-bio-8080"]
15-Mar-2019 17:38:04.908 INFO [RMI TCP Connection(3)-127.0.0.1] org.apache.coyote.AbstractProtocol.pause Pausing ProtocolHandler ["http-bio-8443"]
15-Mar-2019 17:38:04.960 INFO [RMI TCP Connection(3)-127.0.0.1] org.apache.coyote.AbstractProtocol.pause Pausing ProtocolHandler ["http-bio-8080"]
15-Mar-2019 17:38:05.011 INFO [RMI TCP Connection(3)-127.0.0.1] org.apache.catalina.core.StandardService.stopInternal Stopping service Catalina
15-Mar-2019 17:38:05.025 INFO [RMI TCP Connection(3)-127.0.0.1] org.apache.coyote.AbstractProtocol.stop Stopping ProtocolHandler ["http-bio-8443"]
15-Mar-2019 17:38:05.025 INFO [RMI TCP Connection(3)-127.0.0.1] org.apache.coyote.AbstractProtocol.stop Stopping ProtocolHandler ["http-bio-8080"]
15-Mar-2019 17:38:05.656 INFO [main] com.springsource.tcserver.security.PropertyDecoder.<init> tc Runtime property decoder using memory-based key
15-Mar-2019 17:38:05.659 INFO [main] com.springsource.tcserver.security.TcDecoder.initCiphers Initializing ciphers
15-Mar-2019 17:38:05.797 INFO [main] com.springsource.tcserver.security.PropertyDecoder.<init> tcServer Runtime property decoder has been initialized in 144 ms
15-Mar-2019 17:38:06.171 INFO [main] org.apache.coyote.AbstractProtocol.init Initializing ProtocolHandler ["http-bio-8443"]
15-Mar-2019 17:38:07.338 INFO [main] org.apache.coyote.AbstractProtocol.init Initializing ProtocolHandler ["http-bio-8080"]
15-Mar-2019 17:38:07.438 INFO [main] com.springsource.tcserver.serviceability.rmi.JmxSocketListener.init Started up JMX registry on 127.0.0.1:6969 in 94 ms
15-Mar-2019 17:38:07.453 INFO [main] org.apache.catalina.core.StandardService.startInternal Starting service Catalina
15-Mar-2019 17:38:07.453 INFO [main] org.apache.catalina.core.StandardEngine.startInternal Starting Servlet Engine: Pivotal tc Runtime 3.1.2.RELEASE/8.0.26.B.RELEASE
15-Mar-2019 17:38:14.597 INFO [localhost-startStop-1] org.apache.jasper.servlet.TldScanner.scanJars At least one JAR was scanned for TLDs yet contained no TLDs. Enable debug logging for this logger for a complete list of JARs that were scanned but no TLDs were found in them. Skipping unneeded JARs during scanning can improve startup time and JSP compilation time.
15-Mar-2019 17:38:17.747 SEVERE [localhost-startStop-1] org.apache.catalina.core.StandardContext.startInternal One or more listeners failed to start. Full details will be found in the appropriate container log file
15-Mar-2019 17:38:17.748 SEVERE [localhost-startStop-1] org.apache.catalina.core.StandardContext.startInternal Context [] startup failed due to previous errors
15-Mar-2019 17:38:17.764 INFO [localhost-startStop-1] org.apache.catalina.startup.HostConfig.deployDirectory Deploying web application directory C:\Java\WAS\pivotal-tc-server-developer-3.1.2.RELEASE\rmsserver\webapps\manager
15-Mar-2019 17:38:17.877 INFO [localhost-startStop-1] org.apache.catalina.startup.HostConfig.deployDirectory Deployment of web application directory C:\Java\WAS\pivotal-tc-server-developer-3.1.2.RELEASE\rmsserver\webapps\manager has finished in 112 ms
15-Mar-2019 17:38:17.885 INFO [main] org.apache.coyote.AbstractProtocol.start Starting ProtocolHandler ["http-bio-8443"]
15-Mar-2019 17:38:17.885 INFO [main] org.apache.coyote.AbstractProtocol.start Starting ProtocolHandler ["http-bio-8080"]
15-Mar-2019 17:39:11.506 INFO [RMI TCP Connection(4)-127.0.0.1] org.apache.coyote.AbstractProtocol.pause Pausing ProtocolHandler ["http-bio-8443"]
15-Mar-2019 17:39:11.559 INFO [RMI TCP Connection(4)-127.0.0.1] org.apache.coyote.AbstractProtocol.pause Pausing ProtocolHandler ["http-bio-8080"]
15-Mar-2019 17:39:11.609 INFO [RMI TCP Connection(4)-127.0.0.1] org.apache.catalina.core.StandardService.stopInternal Stopping service Catalina
15-Mar-2019 17:39:11.625 INFO [RMI TCP Connection(4)-127.0.0.1] org.apache.coyote.AbstractProtocol.stop Stopping ProtocolHandler ["http-bio-8443"]
15-Mar-2019 17:39:11.625 INFO [RMI TCP Connection(4)-127.0.0.1] org.apache.coyote.AbstractProtocol.stop Stopping ProtocolHandler ["http-bio-8080"]
15-Mar-2019 17:39:12.148 INFO [main] com.springsource.tcserver.security.PropertyDecoder.<init> tc Runtime property decoder using memory-based key
15-Mar-2019 17:39:12.150 INFO [main] com.springsource.tcserver.security.TcDecoder.initCiphers Initializing ciphers
15-Mar-2019 17:39:12.290 INFO [main] com.springsource.tcserver.security.PropertyDecoder.<init> tcServer Runtime property decoder has been initialized in 145 ms
15-Mar-2019 17:39:12.655 INFO [main] org.apache.coyote.AbstractProtocol.init Initializing ProtocolHandler ["http-bio-8443"]
15-Mar-2019 17:39:13.842 INFO [main] org.apache.coyote.AbstractProtocol.init Initializing ProtocolHandler ["http-bio-8080"]
15-Mar-2019 17:39:13.932 INFO [main] com.springsource.tcserver.serviceability.rmi.JmxSocketListener.init Started up JMX registry on 127.0.0.1:6969 in 85 ms
15-Mar-2019 17:39:13.947 INFO [main] org.apache.catalina.core.StandardService.startInternal Starting service Catalina
15-Mar-2019 17:39:13.947 INFO [main] org.apache.catalina.core.StandardEngine.startInternal Starting Servlet Engine: Pivotal tc Runtime 3.1.2.RELEASE/8.0.26.B.RELEASE
15-Mar-2019 17:39:21.809 INFO [localhost-startStop-1] org.apache.jasper.servlet.TldScanner.scanJars At least one JAR was scanned for TLDs yet contained no TLDs. Enable debug logging for this logger for a complete list of JARs that were scanned but no TLDs were found in them. Skipping unneeded JARs during scanning can improve startup time and JSP compilation time.
15-Mar-2019 17:39:25.056 SEVERE [localhost-startStop-1] org.apache.catalina.core.StandardContext.startInternal One or more listeners failed to start. Full details will be found in the appropriate container log file
15-Mar-2019 17:39:25.059 SEVERE [localhost-startStop-1] org.apache.catalina.core.StandardContext.startInternal Context [] startup failed due to previous errors
15-Mar-2019 17:39:25.077 INFO [localhost-startStop-1] org.apache.catalina.startup.HostConfig.deployDirectory Deploying web application directory C:\Java\WAS\pivotal-tc-server-developer-3.1.2.RELEASE\rmsserver\webapps\manager
15-Mar-2019 17:39:25.211 INFO [localhost-startStop-1] org.apache.catalina.startup.HostConfig.deployDirectory Deployment of web application directory C:\Java\WAS\pivotal-tc-server-developer-3.1.2.RELEASE\rmsserver\webapps\manager has finished in 132 ms
15-Mar-2019 17:39:25.219 INFO [main] org.apache.coyote.AbstractProtocol.start Starting ProtocolHandler ["http-bio-8443"]
15-Mar-2019 17:39:25.220 INFO [main] org.apache.coyote.AbstractProtocol.start Starting ProtocolHandler ["http-bio-8080"]
15-Mar-2019 18:26:40.972 INFO [RMI TCP Connection(15)-127.0.0.1] org.apache.coyote.AbstractProtocol.pause Pausing ProtocolHandler ["http-bio-8443"]
15-Mar-2019 18:26:41.025 INFO [RMI TCP Connection(15)-127.0.0.1] org.apache.coyote.AbstractProtocol.pause Pausing ProtocolHandler ["http-bio-8080"]
15-Mar-2019 18:26:41.076 INFO [RMI TCP Connection(15)-127.0.0.1] org.apache.catalina.core.StandardService.stopInternal Stopping service Catalina
15-Mar-2019 18:26:41.092 INFO [RMI TCP Connection(15)-127.0.0.1] org.apache.coyote.AbstractProtocol.stop Stopping ProtocolHandler ["http-bio-8443"]
15-Mar-2019 18:26:41.092 INFO [RMI TCP Connection(15)-127.0.0.1] org.apache.coyote.AbstractProtocol.stop Stopping ProtocolHandler ["http-bio-8080"]
15-Mar-2019 18:26:41.601 INFO [main] com.springsource.tcserver.security.PropertyDecoder.<init> tc Runtime property decoder using memory-based key
15-Mar-2019 18:26:41.602 INFO [main] com.springsource.tcserver.security.TcDecoder.initCiphers Initializing ciphers
15-Mar-2019 18:26:41.729 INFO [main] com.springsource.tcserver.security.PropertyDecoder.<init> tcServer Runtime property decoder has been initialized in 131 ms
15-Mar-2019 18:26:42.106 INFO [main] org.apache.coyote.AbstractProtocol.init Initializing ProtocolHandler ["http-bio-8443"]
15-Mar-2019 18:26:43.259 INFO [main] org.apache.coyote.AbstractProtocol.init Initializing ProtocolHandler ["http-bio-8080"]
15-Mar-2019 18:26:43.370 INFO [main] com.springsource.tcserver.serviceability.rmi.JmxSocketListener.init Started up JMX registry on 127.0.0.1:6969 in 103 ms
15-Mar-2019 18:26:43.386 INFO [main] org.apache.catalina.core.StandardService.startInternal Starting service Catalina
15-Mar-2019 18:26:43.386 INFO [main] org.apache.catalina.core.StandardEngine.startInternal Starting Servlet Engine: Pivotal tc Runtime 3.1.2.RELEASE/8.0.26.B.RELEASE
15-Mar-2019 18:26:50.480 INFO [localhost-startStop-1] org.apache.jasper.servlet.TldScanner.scanJars At least one JAR was scanned for TLDs yet contained no TLDs. Enable debug logging for this logger for a complete list of JARs that were scanned but no TLDs were found in them. Skipping unneeded JARs during scanning can improve startup time and JSP compilation time.
15-Mar-2019 18:26:53.365 SEVERE [localhost-startStop-1] org.apache.catalina.core.StandardContext.startInternal One or more listeners failed to start. Full details will be found in the appropriate container log file
15-Mar-2019 18:26:53.366 SEVERE [localhost-startStop-1] org.apache.catalina.core.StandardContext.startInternal Context [] startup failed due to previous errors
15-Mar-2019 18:26:53.381 INFO [localhost-startStop-1] org.apache.catalina.startup.HostConfig.deployDirectory Deploying web application directory C:\Java\WAS\pivotal-tc-server-developer-3.1.2.RELEASE\rmsserver\webapps\manager
15-Mar-2019 18:26:53.487 INFO [localhost-startStop-1] org.apache.catalina.startup.HostConfig.deployDirectory Deployment of web application directory C:\Java\WAS\pivotal-tc-server-developer-3.1.2.RELEASE\rmsserver\webapps\manager has finished in 105 ms
15-Mar-2019 18:26:53.495 INFO [main] org.apache.coyote.AbstractProtocol.start Starting ProtocolHandler ["http-bio-8443"]
15-Mar-2019 18:26:53.496 INFO [main] org.apache.coyote.AbstractProtocol.start Starting ProtocolHandler ["http-bio-8080"]
15-Mar-2019 18:28:28.896 INFO [RMI TCP Connection(3)-127.0.0.1] org.apache.coyote.AbstractProtocol.pause Pausing ProtocolHandler ["http-bio-8443"]
15-Mar-2019 18:28:28.948 INFO [RMI TCP Connection(3)-127.0.0.1] org.apache.coyote.AbstractProtocol.pause Pausing ProtocolHandler ["http-bio-8080"]
15-Mar-2019 18:28:29.000 INFO [RMI TCP Connection(3)-127.0.0.1] org.apache.catalina.core.StandardService.stopInternal Stopping service Catalina
15-Mar-2019 18:28:29.017 INFO [RMI TCP Connection(3)-127.0.0.1] org.apache.coyote.AbstractProtocol.stop Stopping ProtocolHandler ["http-bio-8443"]
15-Mar-2019 18:28:29.018 INFO [RMI TCP Connection(3)-127.0.0.1] org.apache.coyote.AbstractProtocol.stop Stopping ProtocolHandler ["http-bio-8080"]
15-Mar-2019 18:28:29.544 INFO [main] com.springsource.tcserver.security.PropertyDecoder.<init> tc Runtime property decoder using memory-based key
15-Mar-2019 18:28:29.546 INFO [main] com.springsource.tcserver.security.TcDecoder.initCiphers Initializing ciphers
15-Mar-2019 18:28:29.695 INFO [main] com.springsource.tcserver.security.PropertyDecoder.<init> tcServer Runtime property decoder has been initialized in 152 ms
15-Mar-2019 18:28:30.075 INFO [main] org.apache.coyote.AbstractProtocol.init Initializing ProtocolHandler ["http-bio-8443"]
15-Mar-2019 18:28:31.192 INFO [main] org.apache.coyote.AbstractProtocol.init Initializing ProtocolHandler ["http-bio-8080"]
15-Mar-2019 18:28:31.291 INFO [main] com.springsource.tcserver.serviceability.rmi.JmxSocketListener.init Started up JMX registry on 127.0.0.1:6969 in 94 ms
15-Mar-2019 18:28:31.305 INFO [main] org.apache.catalina.core.StandardService.startInternal Starting service Catalina
15-Mar-2019 18:28:31.305 INFO [main] org.apache.catalina.core.StandardEngine.startInternal Starting Servlet Engine: Pivotal tc Runtime 3.1.2.RELEASE/8.0.26.B.RELEASE
15-Mar-2019 18:28:38.450 INFO [localhost-startStop-1] org.apache.jasper.servlet.TldScanner.scanJars At least one JAR was scanned for TLDs yet contained no TLDs. Enable debug logging for this logger for a complete list of JARs that were scanned but no TLDs were found in them. Skipping unneeded JARs during scanning can improve startup time and JSP compilation time.
15-Mar-2019 18:28:41.507 SEVERE [localhost-startStop-1] org.apache.catalina.core.StandardContext.startInternal One or more listeners failed to start. Full details will be found in the appropriate container log file
15-Mar-2019 18:28:41.508 SEVERE [localhost-startStop-1] org.apache.catalina.core.StandardContext.startInternal Context [] startup failed due to previous errors
15-Mar-2019 18:28:41.523 INFO [localhost-startStop-1] org.apache.catalina.startup.HostConfig.deployDirectory Deploying web application directory C:\Java\WAS\pivotal-tc-server-developer-3.1.2.RELEASE\rmsserver\webapps\manager
15-Mar-2019 18:28:41.653 INFO [localhost-startStop-1] org.apache.catalina.startup.HostConfig.deployDirectory Deployment of web application directory C:\Java\WAS\pivotal-tc-server-developer-3.1.2.RELEASE\rmsserver\webapps\manager has finished in 129 ms
15-Mar-2019 18:28:41.661 INFO [main] org.apache.coyote.AbstractProtocol.start Starting ProtocolHandler ["http-bio-8443"]
15-Mar-2019 18:28:41.662 INFO [main] org.apache.coyote.AbstractProtocol.start Starting ProtocolHandler ["http-bio-8080"]
15-Mar-2019 18:29:11.318 INFO [RMI TCP Connection(4)-127.0.0.1] org.apache.coyote.AbstractProtocol.pause Pausing ProtocolHandler ["http-bio-8443"]
15-Mar-2019 18:29:11.371 INFO [RMI TCP Connection(4)-127.0.0.1] org.apache.coyote.AbstractProtocol.pause Pausing ProtocolHandler ["http-bio-8080"]
15-Mar-2019 18:29:11.421 INFO [RMI TCP Connection(4)-127.0.0.1] org.apache.catalina.core.StandardService.stopInternal Stopping service Catalina
15-Mar-2019 18:29:11.437 INFO [RMI TCP Connection(4)-127.0.0.1] org.apache.coyote.AbstractProtocol.stop Stopping ProtocolHandler ["http-bio-8443"]
15-Mar-2019 18:29:11.437 INFO [RMI TCP Connection(4)-127.0.0.1] org.apache.coyote.AbstractProtocol.stop Stopping ProtocolHandler ["http-bio-8080"]
15-Mar-2019 18:29:11.946 INFO [main] com.springsource.tcserver.security.PropertyDecoder.<init> tc Runtime property decoder using memory-based key
15-Mar-2019 18:29:11.948 INFO [main] com.springsource.tcserver.security.TcDecoder.initCiphers Initializing ciphers
15-Mar-2019 18:29:12.078 INFO [main] com.springsource.tcserver.security.PropertyDecoder.<init> tcServer Runtime property decoder has been initialized in 134 ms
15-Mar-2019 18:29:12.429 INFO [main] org.apache.coyote.AbstractProtocol.init Initializing ProtocolHandler ["http-bio-8443"]
15-Mar-2019 18:29:13.535 INFO [main] org.apache.coyote.AbstractProtocol.init Initializing ProtocolHandler ["http-bio-8080"]
15-Mar-2019 18:29:13.620 INFO [main] com.springsource.tcserver.serviceability.rmi.JmxSocketListener.init Started up JMX registry on 127.0.0.1:6969 in 81 ms
15-Mar-2019 18:29:13.633 INFO [main] org.apache.catalina.core.StandardService.startInternal Starting service Catalina
15-Mar-2019 18:29:13.633 INFO [main] org.apache.catalina.core.StandardEngine.startInternal Starting Servlet Engine: Pivotal tc Runtime 3.1.2.RELEASE/8.0.26.B.RELEASE
15-Mar-2019 18:29:20.774 INFO [localhost-startStop-1] org.apache.jasper.servlet.TldScanner.scanJars At least one JAR was scanned for TLDs yet contained no TLDs. Enable debug logging for this logger for a complete list of JARs that were scanned but no TLDs were found in them. Skipping unneeded JARs during scanning can improve startup time and JSP compilation time.
15-Mar-2019 18:29:23.645 SEVERE [localhost-startStop-1] org.apache.catalina.core.StandardContext.startInternal One or more listeners failed to start. Full details will be found in the appropriate container log file
15-Mar-2019 18:29:23.647 SEVERE [localhost-startStop-1] org.apache.catalina.core.StandardContext.startInternal Context [] startup failed due to previous errors
15-Mar-2019 18:29:23.662 INFO [localhost-startStop-1] org.apache.catalina.startup.HostConfig.deployDirectory Deploying web application directory C:\Java\WAS\pivotal-tc-server-developer-3.1.2.RELEASE\rmsserver\webapps\manager
15-Mar-2019 18:29:23.779 INFO [localhost-startStop-1] org.apache.catalina.startup.HostConfig.deployDirectory Deployment of web application directory C:\Java\WAS\pivotal-tc-server-developer-3.1.2.RELEASE\rmsserver\webapps\manager has finished in 116 ms
15-Mar-2019 18:29:23.788 INFO [main] org.apache.coyote.AbstractProtocol.start Starting ProtocolHandler ["http-bio-8443"]
15-Mar-2019 18:29:23.789 INFO [main] org.apache.coyote.AbstractProtocol.start Starting ProtocolHandler ["http-bio-8080"]
15-Mar-2019 18:30:46.806 INFO [RMI TCP Connection(3)-127.0.0.1] org.apache.coyote.AbstractProtocol.pause Pausing ProtocolHandler ["http-bio-8443"]
15-Mar-2019 18:30:46.859 INFO [RMI TCP Connection(3)-127.0.0.1] org.apache.coyote.AbstractProtocol.pause Pausing ProtocolHandler ["http-bio-8080"]
15-Mar-2019 18:30:46.910 INFO [RMI TCP Connection(3)-127.0.0.1] org.apache.catalina.core.StandardService.stopInternal Stopping service Catalina
15-Mar-2019 18:30:46.939 INFO [RMI TCP Connection(3)-127.0.0.1] org.apache.coyote.AbstractProtocol.stop Stopping ProtocolHandler ["http-bio-8443"]
15-Mar-2019 18:30:46.939 INFO [RMI TCP Connection(3)-127.0.0.1] org.apache.coyote.AbstractProtocol.stop Stopping ProtocolHandler ["http-bio-8080"]
15-Mar-2019 18:30:47.458 INFO [main] com.springsource.tcserver.security.PropertyDecoder.<init> tc Runtime property decoder using memory-based key
15-Mar-2019 18:30:47.459 INFO [main] com.springsource.tcserver.security.TcDecoder.initCiphers Initializing ciphers
15-Mar-2019 18:30:47.585 INFO [main] com.springsource.tcserver.security.PropertyDecoder.<init> tcServer Runtime property decoder has been initialized in 130 ms
15-Mar-2019 18:30:47.965 INFO [main] org.apache.coyote.AbstractProtocol.init Initializing ProtocolHandler ["http-bio-8443"]
15-Mar-2019 18:30:49.099 INFO [main] org.apache.coyote.AbstractProtocol.init Initializing ProtocolHandler ["http-bio-8080"]
15-Mar-2019 18:30:49.192 INFO [main] com.springsource.tcserver.serviceability.rmi.JmxSocketListener.init Started up JMX registry on 127.0.0.1:6969 in 88 ms
15-Mar-2019 18:30:49.207 INFO [main] org.apache.catalina.core.StandardService.startInternal Starting service Catalina
15-Mar-2019 18:30:49.207 INFO [main] org.apache.catalina.core.StandardEngine.startInternal Starting Servlet Engine: Pivotal tc Runtime 3.1.2.RELEASE/8.0.26.B.RELEASE
15-Mar-2019 18:30:56.103 INFO [localhost-startStop-1] org.apache.jasper.servlet.TldScanner.scanJars At least one JAR was scanned for TLDs yet contained no TLDs. Enable debug logging for this logger for a complete list of JARs that were scanned but no TLDs were found in them. Skipping unneeded JARs during scanning can improve startup time and JSP compilation time.
15-Mar-2019 18:30:59.155 SEVERE [localhost-startStop-1] org.apache.catalina.core.StandardContext.startInternal One or more listeners failed to start. Full details will be found in the appropriate container log file
15-Mar-2019 18:30:59.156 SEVERE [localhost-startStop-1] org.apache.catalina.core.StandardContext.startInternal Context [] startup failed due to previous errors
15-Mar-2019 18:30:59.171 INFO [localhost-startStop-1] org.apache.catalina.startup.HostConfig.deployDirectory Deploying web application directory C:\Java\WAS\pivotal-tc-server-developer-3.1.2.RELEASE\rmsserver\webapps\manager
15-Mar-2019 18:30:59.288 INFO [localhost-startStop-1] org.apache.catalina.startup.HostConfig.deployDirectory Deployment of web application directory C:\Java\WAS\pivotal-tc-server-developer-3.1.2.RELEASE\rmsserver\webapps\manager has finished in 116 ms
15-Mar-2019 18:30:59.297 INFO [main] org.apache.coyote.AbstractProtocol.start Starting ProtocolHandler ["http-bio-8443"]
15-Mar-2019 18:30:59.298 INFO [main] org.apache.coyote.AbstractProtocol.start Starting ProtocolHandler ["http-bio-8080"]
15-Mar-2019 18:32:51.548 INFO [RMI TCP Connection(4)-127.0.0.1] org.apache.coyote.AbstractProtocol.pause Pausing ProtocolHandler ["http-bio-8443"]
15-Mar-2019 18:32:51.600 INFO [RMI TCP Connection(4)-127.0.0.1] org.apache.coyote.AbstractProtocol.pause Pausing ProtocolHandler ["http-bio-8080"]
15-Mar-2019 18:32:51.651 INFO [RMI TCP Connection(4)-127.0.0.1] org.apache.catalina.core.StandardService.stopInternal Stopping service Catalina
15-Mar-2019 18:32:51.670 INFO [RMI TCP Connection(4)-127.0.0.1] org.apache.coyote.AbstractProtocol.stop Stopping ProtocolHandler ["http-bio-8443"]
15-Mar-2019 18:32:51.671 INFO [RMI TCP Connection(4)-127.0.0.1] org.apache.coyote.AbstractProtocol.stop Stopping ProtocolHandler ["http-bio-8080"]
15-Mar-2019 18:32:52.173 INFO [main] com.springsource.tcserver.security.PropertyDecoder.<init> tc Runtime property decoder using memory-based key
15-Mar-2019 18:32:52.174 INFO [main] com.springsource.tcserver.security.TcDecoder.initCiphers Initializing ciphers
15-Mar-2019 18:32:52.291 INFO [main] com.springsource.tcserver.security.PropertyDecoder.<init> tcServer Runtime property decoder has been initialized in 120 ms
15-Mar-2019 18:32:52.652 INFO [main] org.apache.coyote.AbstractProtocol.init Initializing ProtocolHandler ["http-bio-8443"]
15-Mar-2019 18:32:53.766 INFO [main] org.apache.coyote.AbstractProtocol.init Initializing ProtocolHandler ["http-bio-8080"]
15-Mar-2019 18:32:53.855 INFO [main] com.springsource.tcserver.serviceability.rmi.JmxSocketListener.init Started up JMX registry on 127.0.0.1:6969 in 83 ms
15-Mar-2019 18:32:53.869 INFO [main] org.apache.catalina.core.StandardService.startInternal Starting service Catalina
15-Mar-2019 18:32:53.869 INFO [main] org.apache.catalina.core.StandardEngine.startInternal Starting Servlet Engine: Pivotal tc Runtime 3.1.2.RELEASE/8.0.26.B.RELEASE
15-Mar-2019 18:33:00.943 INFO [localhost-startStop-1] org.apache.jasper.servlet.TldScanner.scanJars At least one JAR was scanned for TLDs yet contained no TLDs. Enable debug logging for this logger for a complete list of JARs that were scanned but no TLDs were found in them. Skipping unneeded JARs during scanning can improve startup time and JSP compilation time.
15-Mar-2019 18:33:03.970 SEVERE [localhost-startStop-1] org.apache.catalina.core.StandardContext.startInternal One or more listeners failed to start. Full details will be found in the appropriate container log file
15-Mar-2019 18:33:03.971 SEVERE [localhost-startStop-1] org.apache.catalina.core.StandardContext.startInternal Context [] startup failed due to previous errors
15-Mar-2019 18:33:03.985 INFO [localhost-startStop-1] org.apache.catalina.startup.HostConfig.deployDirectory Deploying web application directory C:\Java\WAS\pivotal-tc-server-developer-3.1.2.RELEASE\rmsserver\webapps\manager
15-Mar-2019 18:33:04.117 INFO [localhost-startStop-1] org.apache.catalina.startup.HostConfig.deployDirectory Deployment of web application directory C:\Java\WAS\pivotal-tc-server-developer-3.1.2.RELEASE\rmsserver\webapps\manager has finished in 131 ms
15-Mar-2019 18:33:04.127 INFO [main] org.apache.coyote.AbstractProtocol.start Starting ProtocolHandler ["http-bio-8443"]
15-Mar-2019 18:33:04.129 INFO [main] org.apache.coyote.AbstractProtocol.start Starting ProtocolHandler ["http-bio-8080"]
15-Mar-2019 18:34:06.090 INFO [RMI TCP Connection(3)-127.0.0.1] org.apache.coyote.AbstractProtocol.pause Pausing ProtocolHandler ["http-bio-8443"]
15-Mar-2019 18:34:06.143 INFO [RMI TCP Connection(3)-127.0.0.1] org.apache.coyote.AbstractProtocol.pause Pausing ProtocolHandler ["http-bio-8080"]
15-Mar-2019 18:34:06.194 INFO [RMI TCP Connection(3)-127.0.0.1] org.apache.catalina.core.StandardService.stopInternal Stopping service Catalina
15-Mar-2019 18:34:06.210 INFO [RMI TCP Connection(3)-127.0.0.1] org.apache.coyote.AbstractProtocol.stop Stopping ProtocolHandler ["http-bio-8443"]
15-Mar-2019 18:34:06.210 INFO [RMI TCP Connection(3)-127.0.0.1] org.apache.coyote.AbstractProtocol.stop Stopping ProtocolHandler ["http-bio-8080"]
15-Mar-2019 18:34:06.810 INFO [main] com.springsource.tcserver.security.PropertyDecoder.<init> tc Runtime property decoder using memory-based key
15-Mar-2019 18:34:06.812 INFO [main] com.springsource.tcserver.security.TcDecoder.initCiphers Initializing ciphers
15-Mar-2019 18:34:06.963 INFO [main] com.springsource.tcserver.security.PropertyDecoder.<init> tcServer Runtime property decoder has been initialized in 156 ms
15-Mar-2019 18:34:07.337 INFO [main] org.apache.coyote.AbstractProtocol.init Initializing ProtocolHandler ["http-bio-8443"]
15-Mar-2019 18:34:08.498 INFO [main] org.apache.coyote.AbstractProtocol.init Initializing ProtocolHandler ["http-bio-8080"]
15-Mar-2019 18:34:08.617 INFO [main] com.springsource.tcserver.serviceability.rmi.JmxSocketListener.init Started up JMX registry on 127.0.0.1:6969 in 113 ms
15-Mar-2019 18:34:08.633 INFO [main] org.apache.catalina.core.StandardService.startInternal Starting service Catalina
15-Mar-2019 18:34:08.633 INFO [main] org.apache.catalina.core.StandardEngine.startInternal Starting Servlet Engine: Pivotal tc Runtime 3.1.2.RELEASE/8.0.26.B.RELEASE
15-Mar-2019 18:34:15.491 INFO [localhost-startStop-1] org.apache.jasper.servlet.TldScanner.scanJars At least one JAR was scanned for TLDs yet contained no TLDs. Enable debug logging for this logger for a complete list of JARs that were scanned but no TLDs were found in them. Skipping unneeded JARs during scanning can improve startup time and JSP compilation time.
15-Mar-2019 18:34:18.372 SEVERE [localhost-startStop-1] org.apache.catalina.core.StandardContext.startInternal One or more listeners failed to start. Full details will be found in the appropriate container log file
15-Mar-2019 18:34:18.373 SEVERE [localhost-startStop-1] org.apache.catalina.core.StandardContext.startInternal Context [] startup failed due to previous errors
15-Mar-2019 18:34:18.387 INFO [localhost-startStop-1] org.apache.catalina.startup.HostConfig.deployDirectory Deploying web application directory C:\Java\WAS\pivotal-tc-server-developer-3.1.2.RELEASE\rmsserver\webapps\manager
15-Mar-2019 18:34:18.504 INFO [localhost-startStop-1] org.apache.catalina.startup.HostConfig.deployDirectory Deployment of web application directory C:\Java\WAS\pivotal-tc-server-developer-3.1.2.RELEASE\rmsserver\webapps\manager has finished in 116 ms
15-Mar-2019 18:34:18.512 INFO [main] org.apache.coyote.AbstractProtocol.start Starting ProtocolHandler ["http-bio-8443"]
15-Mar-2019 18:34:18.513 INFO [main] org.apache.coyote.AbstractProtocol.start Starting ProtocolHandler ["http-bio-8080"]
15-Mar-2019 18:35:27.936 INFO [RMI TCP Connection(4)-127.0.0.1] org.apache.coyote.AbstractProtocol.pause Pausing ProtocolHandler ["http-bio-8443"]
15-Mar-2019 18:35:27.989 INFO [RMI TCP Connection(4)-127.0.0.1] org.apache.coyote.AbstractProtocol.pause Pausing ProtocolHandler ["http-bio-8080"]
15-Mar-2019 18:35:28.041 INFO [RMI TCP Connection(4)-127.0.0.1] org.apache.catalina.core.StandardService.stopInternal Stopping service Catalina
15-Mar-2019 18:35:28.059 INFO [RMI TCP Connection(4)-127.0.0.1] org.apache.coyote.AbstractProtocol.stop Stopping ProtocolHandler ["http-bio-8443"]
15-Mar-2019 18:35:28.059 INFO [RMI TCP Connection(4)-127.0.0.1] org.apache.coyote.AbstractProtocol.stop Stopping ProtocolHandler ["http-bio-8080"]
15-Mar-2019 18:35:28.660 INFO [main] com.springsource.tcserver.security.PropertyDecoder.<init> tc Runtime property decoder using memory-based key
15-Mar-2019 18:35:28.662 INFO [main] com.springsource.tcserver.security.TcDecoder.initCiphers Initializing ciphers
15-Mar-2019 18:35:28.808 INFO [main] com.springsource.tcserver.security.PropertyDecoder.<init> tcServer Runtime property decoder has been initialized in 149 ms
15-Mar-2019 18:35:29.241 INFO [main] org.apache.coyote.AbstractProtocol.init Initializing ProtocolHandler ["http-bio-8443"]
15-Mar-2019 18:35:30.610 INFO [main] org.apache.coyote.AbstractProtocol.init Initializing ProtocolHandler ["http-bio-8080"]
15-Mar-2019 18:35:30.726 INFO [main] com.springsource.tcserver.serviceability.rmi.JmxSocketListener.init Started up JMX registry on 127.0.0.1:6969 in 110 ms
15-Mar-2019 18:35:30.743 INFO [main] org.apache.catalina.core.StandardService.startInternal Starting service Catalina
15-Mar-2019 18:35:30.743 INFO [main] org.apache.catalina.core.StandardEngine.startInternal Starting Servlet Engine: Pivotal tc Runtime 3.1.2.RELEASE/8.0.26.B.RELEASE
15-Mar-2019 18:35:37.919 INFO [localhost-startStop-1] org.apache.jasper.servlet.TldScanner.scanJars At least one JAR was scanned for TLDs yet contained no TLDs. Enable debug logging for this logger for a complete list of JARs that were scanned but no TLDs were found in them. Skipping unneeded JARs during scanning can improve startup time and JSP compilation time.
15-Mar-2019 18:35:46.032 INFO [localhost-startStop-1] org.apache.catalina.startup.HostConfig.deployDirectory Deploying web application directory C:\Java\WAS\pivotal-tc-server-developer-3.1.2.RELEASE\rmsserver\webapps\manager
15-Mar-2019 18:35:46.135 INFO [localhost-startStop-1] org.apache.jasper.servlet.TldScanner.scanJars At least one JAR was scanned for TLDs yet contained no TLDs. Enable debug logging for this logger for a complete list of JARs that were scanned but no TLDs were found in them. Skipping unneeded JARs during scanning can improve startup time and JSP compilation time.
15-Mar-2019 18:35:46.143 INFO [localhost-startStop-1] org.apache.catalina.startup.HostConfig.deployDirectory Deployment of web application directory C:\Java\WAS\pivotal-tc-server-developer-3.1.2.RELEASE\rmsserver\webapps\manager has finished in 110 ms
15-Mar-2019 18:35:46.153 INFO [main] org.apache.coyote.AbstractProtocol.start Starting ProtocolHandler ["http-bio-8443"]
15-Mar-2019 18:35:46.154 INFO [main] org.apache.coyote.AbstractProtocol.start Starting ProtocolHandler ["http-bio-8080"]
15-Mar-2019 18:36:35.652 INFO [RMI TCP Connection(3)-127.0.0.1] org.apache.coyote.AbstractProtocol.pause Pausing ProtocolHandler ["http-bio-8443"]
15-Mar-2019 18:36:35.705 INFO [RMI TCP Connection(3)-127.0.0.1] org.apache.coyote.AbstractProtocol.pause Pausing ProtocolHandler ["http-bio-8080"]
15-Mar-2019 18:36:35.755 INFO [RMI TCP Connection(3)-127.0.0.1] org.apache.catalina.core.StandardService.stopInternal Stopping service Catalina
15-Mar-2019 18:36:35.775 WARNING [localhost-startStop-2] org.apache.catalina.loader.WebappClassLoaderBase.clearReferencesThreads The web application [ROOT] appears to have started a thread named [Thread-4] but has failed to stop it. This is very likely to create a memory leak. Stack trace of thread:
 java.lang.Object.wait(Native Method)
 com.mashape.unirest.http.utils.SyncIdleConnectionMonitorThread.run(SyncIdleConnectionMonitorThread.java:22)
15-Mar-2019 18:36:35.776 WARNING [localhost-startStop-2] org.apache.catalina.loader.WebappClassLoaderBase.clearReferencesThreads The web application [ROOT] appears to have started a thread named [Thread-6] but has failed to stop it. This is very likely to create a memory leak. Stack trace of thread:
 java.lang.Object.wait(Native Method)
 com.mashape.unirest.http.utils.SyncIdleConnectionMonitorThread.run(SyncIdleConnectionMonitorThread.java:22)
15-Mar-2019 18:36:35.786 INFO [RMI TCP Connection(3)-127.0.0.1] org.apache.coyote.AbstractProtocol.stop Stopping ProtocolHandler ["http-bio-8443"]
15-Mar-2019 18:36:35.786 INFO [RMI TCP Connection(3)-127.0.0.1] org.apache.coyote.AbstractProtocol.stop Stopping ProtocolHandler ["http-bio-8080"]
15-Mar-2019 18:36:36.291 INFO [main] com.springsource.tcserver.security.PropertyDecoder.<init> tc Runtime property decoder using memory-based key
15-Mar-2019 18:36:36.293 INFO [main] com.springsource.tcserver.security.TcDecoder.initCiphers Initializing ciphers
15-Mar-2019 18:36:36.426 INFO [main] com.springsource.tcserver.security.PropertyDecoder.<init> tcServer Runtime property decoder has been initialized in 138 ms
15-Mar-2019 18:36:36.765 INFO [main] org.apache.coyote.AbstractProtocol.init Initializing ProtocolHandler ["http-bio-8443"]
15-Mar-2019 18:36:37.887 INFO [main] org.apache.coyote.AbstractProtocol.init Initializing ProtocolHandler ["http-bio-8080"]
15-Mar-2019 18:36:38.001 INFO [main] com.springsource.tcserver.serviceability.rmi.JmxSocketListener.init Started up JMX registry on 127.0.0.1:6969 in 107 ms
15-Mar-2019 18:36:38.015 INFO [main] org.apache.catalina.core.StandardService.startInternal Starting service Catalina
15-Mar-2019 18:36:38.015 INFO [main] org.apache.catalina.core.StandardEngine.startInternal Starting Servlet Engine: Pivotal tc Runtime 3.1.2.RELEASE/8.0.26.B.RELEASE
15-Mar-2019 18:36:44.967 INFO [localhost-startStop-1] org.apache.jasper.servlet.TldScanner.scanJars At least one JAR was scanned for TLDs yet contained no TLDs. Enable debug logging for this logger for a complete list of JARs that were scanned but no TLDs were found in them. Skipping unneeded JARs during scanning can improve startup time and JSP compilation time.
15-Mar-2019 18:36:52.991 INFO [localhost-startStop-1] org.apache.catalina.startup.HostConfig.deployDirectory Deploying web application directory C:\Java\WAS\pivotal-tc-server-developer-3.1.2.RELEASE\rmsserver\webapps\manager
15-Mar-2019 18:36:53.100 INFO [localhost-startStop-1] org.apache.jasper.servlet.TldScanner.scanJars At least one JAR was scanned for TLDs yet contained no TLDs. Enable debug logging for this logger for a complete list of JARs that were scanned but no TLDs were found in them. Skipping unneeded JARs during scanning can improve startup time and JSP compilation time.
15-Mar-2019 18:36:53.108 INFO [localhost-startStop-1] org.apache.catalina.startup.HostConfig.deployDirectory Deployment of web application directory C:\Java\WAS\pivotal-tc-server-developer-3.1.2.RELEASE\rmsserver\webapps\manager has finished in 117 ms
15-Mar-2019 18:36:53.117 INFO [main] org.apache.coyote.AbstractProtocol.start Starting ProtocolHandler ["http-bio-8443"]
15-Mar-2019 18:36:53.117 INFO [main] org.apache.coyote.AbstractProtocol.start Starting ProtocolHandler ["http-bio-8080"]
15-Mar-2019 18:37:51.951 INFO [ContainerBackgroundProcessor[StandardEngine[Catalina]]] org.apache.catalina.core.StandardContext.reload Reloading Context with name [] has started
15-Mar-2019 18:37:51.982 WARNING [ContainerBackgroundProcessor[StandardEngine[Catalina]]] org.apache.catalina.loader.WebappClassLoaderBase.clearReferencesJdbc The web application [ROOT] registered the JDBC driver [net.sf.log4jdbc.sql.jdbcapi.DriverSpy] but failed to unregister it when the web application was stopped. To prevent a memory leak, the JDBC Driver has been forcibly unregistered.
15-Mar-2019 18:37:51.982 WARNING [ContainerBackgroundProcessor[StandardEngine[Catalina]]] org.apache.catalina.loader.WebappClassLoaderBase.clearReferencesJdbc The web application [ROOT] registered the JDBC driver [com.mysql.jdbc.Driver] but failed to unregister it when the web application was stopped. To prevent a memory leak, the JDBC Driver has been forcibly unregistered.
15-Mar-2019 18:37:51.982 WARNING [ContainerBackgroundProcessor[StandardEngine[Catalina]]] org.apache.catalina.loader.WebappClassLoaderBase.clearReferencesThreads The web application [ROOT] appears to have started a thread named [Thread-4] but has failed to stop it. This is very likely to create a memory leak. Stack trace of thread:
 java.lang.Object.wait(Native Method)
 com.mashape.unirest.http.utils.SyncIdleConnectionMonitorThread.run(SyncIdleConnectionMonitorThread.java:22)
15-Mar-2019 18:37:51.983 WARNING [ContainerBackgroundProcessor[StandardEngine[Catalina]]] org.apache.catalina.loader.WebappClassLoaderBase.clearReferencesThreads The web application [ROOT] appears to have started a thread named [Thread-6] but has failed to stop it. This is very likely to create a memory leak. Stack trace of thread:
 java.lang.Object.wait(Native Method)
 com.mashape.unirest.http.utils.SyncIdleConnectionMonitorThread.run(SyncIdleConnectionMonitorThread.java:22)
15-Mar-2019 18:37:51.983 WARNING [ContainerBackgroundProcessor[StandardEngine[Catalina]]] org.apache.catalina.loader.WebappClassLoaderBase.clearReferencesThreads The web application [ROOT] appears to have started a thread named [Abandoned connection cleanup thread] but has failed to stop it. This is very likely to create a memory leak. Stack trace of thread:
 java.lang.Object.wait(Native Method)
 java.lang.ref.ReferenceQueue.remove(Unknown Source)
 com.mysql.jdbc.AbandonedConnectionCleanupThread.run(AbandonedConnectionCleanupThread.java:43)
15-Mar-2019 18:38:05.903 INFO [ContainerBackgroundProcessor[StandardEngine[Catalina]]] org.apache.catalina.core.StandardContext.reload Reloading Context with name [] is completed
15-Mar-2019 18:38:11.311 INFO [RMI TCP Connection(3)-127.0.0.1] org.apache.coyote.AbstractProtocol.pause Pausing ProtocolHandler ["http-bio-8443"]
15-Mar-2019 18:38:11.363 INFO [RMI TCP Connection(3)-127.0.0.1] org.apache.coyote.AbstractProtocol.pause Pausing ProtocolHandler ["http-bio-8080"]
15-Mar-2019 18:38:11.414 INFO [RMI TCP Connection(3)-127.0.0.1] org.apache.catalina.core.StandardService.stopInternal Stopping service Catalina
15-Mar-2019 18:38:11.442 WARNING [localhost-startStop-2] org.apache.catalina.loader.WebappClassLoaderBase.clearReferencesThreads The web application [ROOT] appears to have started a thread named [Thread-13] but has failed to stop it. This is very likely to create a memory leak. Stack trace of thread:
 java.lang.Object.wait(Native Method)
 com.mashape.unirest.http.utils.SyncIdleConnectionMonitorThread.run(SyncIdleConnectionMonitorThread.java:22)
15-Mar-2019 18:38:11.443 WARNING [localhost-startStop-2] org.apache.catalina.loader.WebappClassLoaderBase.clearReferencesThreads The web application [ROOT] appears to have started a thread named [Thread-15] but has failed to stop it. This is very likely to create a memory leak. Stack trace of thread:
 java.lang.Object.wait(Native Method)
 com.mashape.unirest.http.utils.SyncIdleConnectionMonitorThread.run(SyncIdleConnectionMonitorThread.java:22)
15-Mar-2019 18:38:11.458 INFO [RMI TCP Connection(3)-127.0.0.1] org.apache.coyote.AbstractProtocol.stop Stopping ProtocolHandler ["http-bio-8443"]
15-Mar-2019 18:38:11.458 INFO [RMI TCP Connection(3)-127.0.0.1] org.apache.coyote.AbstractProtocol.stop Stopping ProtocolHandler ["http-bio-8080"]
15-Mar-2019 18:38:11.962 INFO [main] com.springsource.tcserver.security.PropertyDecoder.<init> tc Runtime property decoder using memory-based key
15-Mar-2019 18:38:11.963 INFO [main] com.springsource.tcserver.security.TcDecoder.initCiphers Initializing ciphers
15-Mar-2019 18:38:12.106 INFO [main] com.springsource.tcserver.security.PropertyDecoder.<init> tcServer Runtime property decoder has been initialized in 147 ms
15-Mar-2019 18:38:12.472 INFO [main] org.apache.coyote.AbstractProtocol.init Initializing ProtocolHandler ["http-bio-8443"]
15-Mar-2019 18:38:13.614 INFO [main] org.apache.coyote.AbstractProtocol.init Initializing ProtocolHandler ["http-bio-8080"]
15-Mar-2019 18:38:13.716 INFO [main] com.springsource.tcserver.serviceability.rmi.JmxSocketListener.init Started up JMX registry on 127.0.0.1:6969 in 97 ms
15-Mar-2019 18:38:13.729 INFO [main] org.apache.catalina.core.StandardService.startInternal Starting service Catalina
15-Mar-2019 18:38:13.729 INFO [main] org.apache.catalina.core.StandardEngine.startInternal Starting Servlet Engine: Pivotal tc Runtime 3.1.2.RELEASE/8.0.26.B.RELEASE
15-Mar-2019 18:38:20.883 INFO [localhost-startStop-1] org.apache.jasper.servlet.TldScanner.scanJars At least one JAR was scanned for TLDs yet contained no TLDs. Enable debug logging for this logger for a complete list of JARs that were scanned but no TLDs were found in them. Skipping unneeded JARs during scanning can improve startup time and JSP compilation time.
15-Mar-2019 18:38:29.091 INFO [localhost-startStop-1] org.apache.catalina.startup.HostConfig.deployDirectory Deploying web application directory C:\Java\WAS\pivotal-tc-server-developer-3.1.2.RELEASE\rmsserver\webapps\manager
15-Mar-2019 18:38:29.198 INFO [localhost-startStop-1] org.apache.jasper.servlet.TldScanner.scanJars At least one JAR was scanned for TLDs yet contained no TLDs. Enable debug logging for this logger for a complete list of JARs that were scanned but no TLDs were found in them. Skipping unneeded JARs during scanning can improve startup time and JSP compilation time.
15-Mar-2019 18:38:29.205 INFO [localhost-startStop-1] org.apache.catalina.startup.HostConfig.deployDirectory Deployment of web application directory C:\Java\WAS\pivotal-tc-server-developer-3.1.2.RELEASE\rmsserver\webapps\manager has finished in 113 ms
15-Mar-2019 18:38:29.216 INFO [main] org.apache.coyote.AbstractProtocol.start Starting ProtocolHandler ["http-bio-8443"]
15-Mar-2019 18:38:29.217 INFO [main] org.apache.coyote.AbstractProtocol.start Starting ProtocolHandler ["http-bio-8080"]
15-Mar-2019 18:39:26.300 INFO [ContainerBackgroundProcessor[StandardEngine[Catalina]]] org.apache.catalina.core.StandardContext.reload Reloading Context with name [] has started
15-Mar-2019 18:39:26.316 WARNING [ContainerBackgroundProcessor[StandardEngine[Catalina]]] org.apache.catalina.loader.WebappClassLoaderBase.clearReferencesThreads The web application [ROOT] appears to have started a thread named [Thread-4] but has failed to stop it. This is very likely to create a memory leak. Stack trace of thread:
 java.lang.Object.wait(Native Method)
 com.mashape.unirest.http.utils.SyncIdleConnectionMonitorThread.run(SyncIdleConnectionMonitorThread.java:22)
15-Mar-2019 18:39:26.317 WARNING [ContainerBackgroundProcessor[StandardEngine[Catalina]]] org.apache.catalina.loader.WebappClassLoaderBase.clearReferencesThreads The web application [ROOT] appears to have started a thread named [Thread-6] but has failed to stop it. This is very likely to create a memory leak. Stack trace of thread:
 java.lang.Object.wait(Native Method)
 com.mashape.unirest.http.utils.SyncIdleConnectionMonitorThread.run(SyncIdleConnectionMonitorThread.java:22)
15-Mar-2019 18:39:40.103 INFO [ContainerBackgroundProcessor[StandardEngine[Catalina]]] org.apache.catalina.core.StandardContext.reload Reloading Context with name [] is completed
15-Mar-2019 18:39:52.486 INFO [ContainerBackgroundProcessor[StandardEngine[Catalina]]] org.apache.catalina.core.StandardContext.reload Reloading Context with name [] has started
15-Mar-2019 18:39:52.501 WARNING [ContainerBackgroundProcessor[StandardEngine[Catalina]]] org.apache.catalina.loader.WebappClassLoaderBase.clearReferencesThreads The web application [ROOT] appears to have started a thread named [Thread-12] but has failed to stop it. This is very likely to create a memory leak. Stack trace of thread:
 java.lang.Object.wait(Native Method)
 com.mashape.unirest.http.utils.SyncIdleConnectionMonitorThread.run(SyncIdleConnectionMonitorThread.java:22)
15-Mar-2019 18:39:52.502 WARNING [ContainerBackgroundProcessor[StandardEngine[Catalina]]] org.apache.catalina.loader.WebappClassLoaderBase.clearReferencesThreads The web application [ROOT] appears to have started a thread named [Thread-14] but has failed to stop it. This is very likely to create a memory leak. Stack trace of thread:
 java.lang.Object.wait(Native Method)
 com.mashape.unirest.http.utils.SyncIdleConnectionMonitorThread.run(SyncIdleConnectionMonitorThread.java:22)
15-Mar-2019 18:40:06.065 INFO [ContainerBackgroundProcessor[StandardEngine[Catalina]]] org.apache.catalina.core.StandardContext.reload Reloading Context with name [] is completed
15-Mar-2019 18:40:18.435 INFO [ContainerBackgroundProcessor[StandardEngine[Catalina]]] org.apache.catalina.core.StandardContext.reload Reloading Context with name [] has started
15-Mar-2019 18:40:18.445 WARNING [ContainerBackgroundProcessor[StandardEngine[Catalina]]] org.apache.catalina.loader.WebappClassLoaderBase.clearReferencesThreads The web application [ROOT] appears to have started a thread named [Thread-19] but has failed to stop it. This is very likely to create a memory leak. Stack trace of thread:
 java.lang.Object.wait(Native Method)
 com.mashape.unirest.http.utils.SyncIdleConnectionMonitorThread.run(SyncIdleConnectionMonitorThread.java:22)
15-Mar-2019 18:40:18.445 WARNING [ContainerBackgroundProcessor[StandardEngine[Catalina]]] org.apache.catalina.loader.WebappClassLoaderBase.clearReferencesThreads The web application [ROOT] appears to have started a thread named [Thread-21] but has failed to stop it. This is very likely to create a memory leak. Stack trace of thread:
 java.lang.Object.wait(Native Method)
 com.mashape.unirest.http.utils.SyncIdleConnectionMonitorThread.run(SyncIdleConnectionMonitorThread.java:22)
15-Mar-2019 18:40:32.308 INFO [ContainerBackgroundProcessor[StandardEngine[Catalina]]] org.apache.catalina.core.StandardContext.reload Reloading Context with name [] is completed
15-Mar-2019 18:40:42.358 INFO [ContainerBackgroundProcessor[StandardEngine[Catalina]]] org.apache.catalina.core.StandardContext.reload Reloading Context with name [] has started
15-Mar-2019 18:40:42.365 WARNING [ContainerBackgroundProcessor[StandardEngine[Catalina]]] org.apache.catalina.loader.WebappClassLoaderBase.clearReferencesThreads The web application [ROOT] appears to have started a thread named [Thread-26] but has failed to stop it. This is very likely to create a memory leak. Stack trace of thread:
 java.lang.Object.wait(Native Method)
 com.mashape.unirest.http.utils.SyncIdleConnectionMonitorThread.run(SyncIdleConnectionMonitorThread.java:22)
15-Mar-2019 18:40:42.366 WARNING [ContainerBackgroundProcessor[StandardEngine[Catalina]]] org.apache.catalina.loader.WebappClassLoaderBase.clearReferencesThreads The web application [ROOT] appears to have started a thread named [Thread-28] but has failed to stop it. This is very likely to create a memory leak. Stack trace of thread:
 java.lang.Object.wait(Native Method)
 com.mashape.unirest.http.utils.SyncIdleConnectionMonitorThread.run(SyncIdleConnectionMonitorThread.java:22)
15-Mar-2019 18:40:55.971 INFO [ContainerBackgroundProcessor[StandardEngine[Catalina]]] org.apache.catalina.core.StandardContext.reload Reloading Context with name [] is completed
15-Mar-2019 18:41:50.374 INFO [ContainerBackgroundProcessor[StandardEngine[Catalina]]] org.apache.catalina.core.StandardContext.reload Reloading Context with name [] has started
15-Mar-2019 18:41:50.382 WARNING [ContainerBackgroundProcessor[StandardEngine[Catalina]]] org.apache.catalina.loader.WebappClassLoaderBase.clearReferencesThreads The web application [ROOT] appears to have started a thread named [Thread-33] but has failed to stop it. This is very likely to create a memory leak. Stack trace of thread:
 java.lang.Object.wait(Native Method)
 com.mashape.unirest.http.utils.SyncIdleConnectionMonitorThread.run(SyncIdleConnectionMonitorThread.java:22)
15-Mar-2019 18:41:50.382 WARNING [ContainerBackgroundProcessor[StandardEngine[Catalina]]] org.apache.catalina.loader.WebappClassLoaderBase.clearReferencesThreads The web application [ROOT] appears to have started a thread named [Thread-35] but has failed to stop it. This is very likely to create a memory leak. Stack trace of thread:
 java.lang.Object.wait(Native Method)
 com.mashape.unirest.http.utils.SyncIdleConnectionMonitorThread.run(SyncIdleConnectionMonitorThread.java:22)
15-Mar-2019 18:42:03.771 INFO [ContainerBackgroundProcessor[StandardEngine[Catalina]]] org.apache.catalina.core.StandardContext.reload Reloading Context with name [] is completed
15-Mar-2019 18:44:26.674 INFO [ContainerBackgroundProcessor[StandardEngine[Catalina]]] org.apache.catalina.core.StandardContext.reload Reloading Context with name [] has started
15-Mar-2019 18:44:26.685 WARNING [ContainerBackgroundProcessor[StandardEngine[Catalina]]] org.apache.catalina.loader.WebappClassLoaderBase.clearReferencesThreads The web application [ROOT] appears to have started a thread named [Thread-40] but has failed to stop it. This is very likely to create a memory leak. Stack trace of thread:
 java.lang.Object.wait(Native Method)
 com.mashape.unirest.http.utils.SyncIdleConnectionMonitorThread.run(SyncIdleConnectionMonitorThread.java:22)
15-Mar-2019 18:44:26.685 WARNING [ContainerBackgroundProcessor[StandardEngine[Catalina]]] org.apache.catalina.loader.WebappClassLoaderBase.clearReferencesThreads The web application [ROOT] appears to have started a thread named [Thread-42] but has failed to stop it. This is very likely to create a memory leak. Stack trace of thread:
 java.lang.Object.wait(Native Method)
 com.mashape.unirest.http.utils.SyncIdleConnectionMonitorThread.run(SyncIdleConnectionMonitorThread.java:22)
15-Mar-2019 18:44:40.275 INFO [ContainerBackgroundProcessor[StandardEngine[Catalina]]] org.apache.catalina.core.StandardContext.reload Reloading Context with name [] is completed
