11-Jan-2016 16:06:08.272 INFO [main] com.springsource.tcserver.security.PropertyDecoder.<init> tc Runtime property decoder using memory-based key
11-Jan-2016 16:06:08.272 INFO [main] com.springsource.tcserver.security.TcDecoder.initCiphers Initializing ciphers
11-Jan-2016 16:06:08.927 INFO [main] com.springsource.tcserver.security.PropertyDecoder.<init> tcServer Runtime property decoder has been initialized in 658 ms
11-Jan-2016 16:06:10.608 INFO [main] org.apache.coyote.AbstractProtocol.init Initializing ProtocolHandler ["http-bio-8080"]
11-Jan-2016 16:06:10.842 INFO [main] com.springsource.tcserver.serviceability.rmi.JmxSocketListener.init Started up JMX registry on 127.0.0.1:6969 in 204 ms
11-Jan-2016 16:06:10.858 INFO [main] org.apache.catalina.core.StandardService.startInternal Starting service Catalina
11-Jan-2016 16:06:10.858 INFO [main] org.apache.catalina.core.StandardEngine.startInternal Starting Servlet Engine: Pivotal tc Runtime 3.1.2.RELEASE/8.0.26.B.RELEASE
11-Jan-2016 16:06:10.874 INFO [localhost-startStop-1] org.apache.catalina.startup.HostConfig.deployDescriptor Deploying configuration descriptor C:\Java\pivotal-tc-server-developer-3.1.2.RELEASE\base-instance\conf\Catalina\localhost\workarts.xml
11-Jan-2016 16:06:10.921 WARNING [localhost-startStop-1] org.apache.catalina.startup.SetContextPropertiesRule.begin [SetContextPropertiesRule]{Context} Setting property 'source' to 'org.eclipse.jst.jee.server:workarts' did not find a matching property.
11-Jan-2016 16:06:41.866 INFO [localhost-startStop-1] org.apache.jasper.servlet.TldScanner.scanJars At least one JAR was scanned for TLDs yet contained no TLDs. Enable debug logging for this logger for a complete list of JARs that were scanned but no TLDs were found in them. Skipping unneeded JARs during scanning can improve startup time and JSP compilation time.
11-Jan-2016 16:06:43.317 SEVERE [localhost-startStop-1] org.apache.catalina.core.StandardContext.startInternal One or more listeners failed to start. Full details will be found in the appropriate container log file
11-Jan-2016 16:06:43.317 SEVERE [localhost-startStop-1] org.apache.catalina.core.StandardContext.startInternal Context [/workarts] startup failed due to previous errors
11-Jan-2016 16:06:43.333 INFO [localhost-startStop-1] org.apache.catalina.startup.HostConfig.deployDescriptor Deployment of configuration descriptor C:\Java\pivotal-tc-server-developer-3.1.2.RELEASE\base-instance\conf\Catalina\localhost\workarts.xml has finished in 32,459 ms
11-Jan-2016 16:06:43.333 INFO [localhost-startStop-1] org.apache.catalina.startup.HostConfig.deployDirectory Deploying web application directory C:\Java\pivotal-tc-server-developer-3.1.2.RELEASE\base-instance\webapps\manager
11-Jan-2016 16:06:43.442 INFO [localhost-startStop-1] org.apache.catalina.startup.HostConfig.deployDirectory Deployment of web application directory C:\Java\pivotal-tc-server-developer-3.1.2.RELEASE\base-instance\webapps\manager has finished in 109 ms
11-Jan-2016 16:06:43.442 INFO [localhost-startStop-1] org.apache.catalina.startup.HostConfig.deployDirectory Deploying web application directory C:\Java\pivotal-tc-server-developer-3.1.2.RELEASE\base-instance\webapps\ROOT
11-Jan-2016 16:06:43.520 INFO [localhost-startStop-1] org.apache.catalina.startup.HostConfig.deployDirectory Deployment of web application directory C:\Java\pivotal-tc-server-developer-3.1.2.RELEASE\base-instance\webapps\ROOT has finished in 78 ms
11-Jan-2016 16:06:43.536 INFO [main] org.apache.coyote.AbstractProtocol.start Starting ProtocolHandler ["http-bio-8080"]
11-Jan-2016 16:07:52.170 INFO [RMI TCP Connection(7)-127.0.0.1] org.apache.coyote.AbstractProtocol.pause Pausing ProtocolHandler ["http-bio-8080"]
11-Jan-2016 16:07:52.263 INFO [RMI TCP Connection(7)-127.0.0.1] org.apache.catalina.core.StandardService.stopInternal Stopping service Catalina
11-Jan-2016 16:07:52.279 INFO [RMI TCP Connection(7)-127.0.0.1] org.apache.coyote.AbstractProtocol.stop Stopping ProtocolHandler ["http-bio-8080"]
11-Jan-2016 16:07:55.855 INFO [main] com.springsource.tcserver.security.PropertyDecoder.<init> tc Runtime property decoder using memory-based key
11-Jan-2016 16:07:55.871 INFO [main] com.springsource.tcserver.security.TcDecoder.initCiphers Initializing ciphers
11-Jan-2016 16:07:56.089 INFO [main] com.springsource.tcserver.security.PropertyDecoder.<init> tcServer Runtime property decoder has been initialized in 236 ms
11-Jan-2016 16:07:56.557 INFO [main] org.apache.coyote.AbstractProtocol.init Initializing ProtocolHandler ["http-bio-8080"]
11-Jan-2016 16:07:56.745 INFO [main] com.springsource.tcserver.serviceability.rmi.JmxSocketListener.init Started up JMX registry on 127.0.0.1:6969 in 156 ms
11-Jan-2016 16:07:56.760 INFO [main] org.apache.catalina.core.StandardService.startInternal Starting service Catalina
11-Jan-2016 16:07:56.760 INFO [main] org.apache.catalina.core.StandardEngine.startInternal Starting Servlet Engine: Pivotal tc Runtime 3.1.2.RELEASE/8.0.26.B.RELEASE
11-Jan-2016 16:07:56.778 INFO [localhost-startStop-1] org.apache.catalina.startup.HostConfig.deployDescriptor Deploying configuration descriptor C:\Java\pivotal-tc-server-developer-3.1.2.RELEASE\base-instance\conf\Catalina\localhost\workarts.xml
11-Jan-2016 16:07:56.825 WARNING [localhost-startStop-1] org.apache.catalina.startup.SetContextPropertiesRule.begin [SetContextPropertiesRule]{Context} Setting property 'source' to 'org.eclipse.jst.jee.server:workarts' did not find a matching property.
11-Jan-2016 16:08:04.208 INFO [localhost-startStop-1] org.apache.jasper.servlet.TldScanner.scanJars At least one JAR was scanned for TLDs yet contained no TLDs. Enable debug logging for this logger for a complete list of JARs that were scanned but no TLDs were found in them. Skipping unneeded JARs during scanning can improve startup time and JSP compilation time.
11-Jan-2016 16:08:05.003 SEVERE [localhost-startStop-1] org.apache.catalina.core.StandardContext.startInternal One or more listeners failed to start. Full details will be found in the appropriate container log file
11-Jan-2016 16:08:05.003 SEVERE [localhost-startStop-1] org.apache.catalina.core.StandardContext.startInternal Context [/workarts] startup failed due to previous errors
11-Jan-2016 16:08:05.019 INFO [localhost-startStop-1] org.apache.catalina.startup.HostConfig.deployDescriptor Deployment of configuration descriptor C:\Java\pivotal-tc-server-developer-3.1.2.RELEASE\base-instance\conf\Catalina\localhost\workarts.xml has finished in 8,241 ms
11-Jan-2016 16:08:05.019 INFO [localhost-startStop-1] org.apache.catalina.startup.HostConfig.deployDirectory Deploying web application directory C:\Java\pivotal-tc-server-developer-3.1.2.RELEASE\base-instance\webapps\manager
11-Jan-2016 16:08:05.159 INFO [localhost-startStop-1] org.apache.catalina.startup.HostConfig.deployDirectory Deployment of web application directory C:\Java\pivotal-tc-server-developer-3.1.2.RELEASE\base-instance\webapps\manager has finished in 140 ms
11-Jan-2016 16:08:05.159 INFO [localhost-startStop-1] org.apache.catalina.startup.HostConfig.deployDirectory Deploying web application directory C:\Java\pivotal-tc-server-developer-3.1.2.RELEASE\base-instance\webapps\ROOT
11-Jan-2016 16:08:05.253 INFO [localhost-startStop-1] org.apache.catalina.startup.HostConfig.deployDirectory Deployment of web application directory C:\Java\pivotal-tc-server-developer-3.1.2.RELEASE\base-instance\webapps\ROOT has finished in 94 ms
11-Jan-2016 16:08:05.253 INFO [main] org.apache.coyote.AbstractProtocol.start Starting ProtocolHandler ["http-bio-8080"]
11-Jan-2016 16:09:24.306 INFO [main] com.springsource.tcserver.security.PropertyDecoder.<init> tc Runtime property decoder using memory-based key
11-Jan-2016 16:09:24.306 INFO [main] com.springsource.tcserver.security.TcDecoder.initCiphers Initializing ciphers
11-Jan-2016 16:09:24.525 INFO [main] com.springsource.tcserver.security.PropertyDecoder.<init> tcServer Runtime property decoder has been initialized in 225 ms
11-Jan-2016 16:09:25.008 INFO [main] org.apache.coyote.AbstractProtocol.init Initializing ProtocolHandler ["http-bio-8080"]
11-Jan-2016 16:09:25.195 INFO [main] com.springsource.tcserver.serviceability.rmi.JmxSocketListener.init Started up JMX registry on 127.0.0.1:6969 in 154 ms
11-Jan-2016 16:09:25.211 INFO [main] org.apache.catalina.core.StandardService.startInternal Starting service Catalina
11-Jan-2016 16:09:25.211 INFO [main] org.apache.catalina.core.StandardEngine.startInternal Starting Servlet Engine: Pivotal tc Runtime 3.1.2.RELEASE/8.0.26.B.RELEASE
11-Jan-2016 16:09:25.211 INFO [localhost-startStop-1] org.apache.catalina.startup.HostConfig.deployDescriptor Deploying configuration descriptor C:\Java\pivotal-tc-server-developer-3.1.2.RELEASE\base-instance\conf\Catalina\localhost\workarts.xml
11-Jan-2016 16:09:25.243 WARNING [localhost-startStop-1] org.apache.catalina.startup.SetContextPropertiesRule.begin [SetContextPropertiesRule]{Context} Setting property 'source' to 'org.eclipse.jst.jee.server:workarts' did not find a matching property.
11-Jan-2016 16:09:32.341 INFO [localhost-startStop-1] org.apache.jasper.servlet.TldScanner.scanJars At least one JAR was scanned for TLDs yet contained no TLDs. Enable debug logging for this logger for a complete list of JARs that were scanned but no TLDs were found in them. Skipping unneeded JARs during scanning can improve startup time and JSP compilation time.
11-Jan-2016 16:09:32.996 SEVERE [localhost-startStop-1] org.apache.catalina.core.StandardContext.startInternal One or more listeners failed to start. Full details will be found in the appropriate container log file
11-Jan-2016 16:09:32.996 SEVERE [localhost-startStop-1] org.apache.catalina.core.StandardContext.startInternal Context [/workarts] startup failed due to previous errors
11-Jan-2016 16:09:33.012 INFO [localhost-startStop-1] org.apache.catalina.startup.HostConfig.deployDescriptor Deployment of configuration descriptor C:\Java\pivotal-tc-server-developer-3.1.2.RELEASE\base-instance\conf\Catalina\localhost\workarts.xml has finished in 7,801 ms
11-Jan-2016 16:09:33.012 INFO [localhost-startStop-1] org.apache.catalina.startup.HostConfig.deployDirectory Deploying web application directory C:\Java\pivotal-tc-server-developer-3.1.2.RELEASE\base-instance\webapps\manager
11-Jan-2016 16:09:33.137 INFO [localhost-startStop-1] org.apache.catalina.startup.HostConfig.deployDirectory Deployment of web application directory C:\Java\pivotal-tc-server-developer-3.1.2.RELEASE\base-instance\webapps\manager has finished in 125 ms
11-Jan-2016 16:09:33.137 INFO [localhost-startStop-1] org.apache.catalina.startup.HostConfig.deployDirectory Deploying web application directory C:\Java\pivotal-tc-server-developer-3.1.2.RELEASE\base-instance\webapps\ROOT
11-Jan-2016 16:09:33.199 INFO [localhost-startStop-1] org.apache.catalina.startup.HostConfig.deployDirectory Deployment of web application directory C:\Java\pivotal-tc-server-developer-3.1.2.RELEASE\base-instance\webapps\ROOT has finished in 62 ms
11-Jan-2016 16:09:33.215 INFO [main] org.apache.coyote.AbstractProtocol.start Starting ProtocolHandler ["http-bio-8080"]
11-Jan-2016 16:11:02.231 INFO [main] com.springsource.tcserver.security.PropertyDecoder.<init> tc Runtime property decoder using memory-based key
11-Jan-2016 16:11:02.231 INFO [main] com.springsource.tcserver.security.TcDecoder.initCiphers Initializing ciphers
11-Jan-2016 16:11:02.465 INFO [main] com.springsource.tcserver.security.PropertyDecoder.<init> tcServer Runtime property decoder has been initialized in 236 ms
11-Jan-2016 16:11:02.949 INFO [main] org.apache.coyote.AbstractProtocol.init Initializing ProtocolHandler ["http-bio-8080"]
11-Jan-2016 16:11:03.120 INFO [main] com.springsource.tcserver.serviceability.rmi.JmxSocketListener.init Started up JMX registry on 127.0.0.1:6969 in 148 ms
11-Jan-2016 16:11:03.136 INFO [main] org.apache.catalina.core.StandardService.startInternal Starting service Catalina
11-Jan-2016 16:11:03.136 INFO [main] org.apache.catalina.core.StandardEngine.startInternal Starting Servlet Engine: Pivotal tc Runtime 3.1.2.RELEASE/8.0.26.B.RELEASE
11-Jan-2016 16:11:03.152 INFO [localhost-startStop-1] org.apache.catalina.startup.HostConfig.deployDescriptor Deploying configuration descriptor C:\Java\pivotal-tc-server-developer-3.1.2.RELEASE\base-instance\conf\Catalina\localhost\workarts.xml
11-Jan-2016 16:11:03.184 WARNING [localhost-startStop-1] org.apache.catalina.startup.SetContextPropertiesRule.begin [SetContextPropertiesRule]{Context} Setting property 'source' to 'org.eclipse.jst.jee.server:workarts' did not find a matching property.
11-Jan-2016 16:11:09.785 INFO [localhost-startStop-1] org.apache.jasper.servlet.TldScanner.scanJars At least one JAR was scanned for TLDs yet contained no TLDs. Enable debug logging for this logger for a complete list of JARs that were scanned but no TLDs were found in them. Skipping unneeded JARs during scanning can improve startup time and JSP compilation time.
11-Jan-2016 16:11:10.455 SEVERE [localhost-startStop-1] org.apache.catalina.core.StandardContext.startInternal One or more listeners failed to start. Full details will be found in the appropriate container log file
11-Jan-2016 16:11:10.455 SEVERE [localhost-startStop-1] org.apache.catalina.core.StandardContext.startInternal Context [/workarts] startup failed due to previous errors
11-Jan-2016 16:11:10.455 INFO [localhost-startStop-1] org.apache.catalina.startup.HostConfig.deployDescriptor Deployment of configuration descriptor C:\Java\pivotal-tc-server-developer-3.1.2.RELEASE\base-instance\conf\Catalina\localhost\workarts.xml has finished in 7,303 ms
11-Jan-2016 16:11:10.455 INFO [localhost-startStop-1] org.apache.catalina.startup.HostConfig.deployDirectory Deploying web application directory C:\Java\pivotal-tc-server-developer-3.1.2.RELEASE\base-instance\webapps\manager
11-Jan-2016 16:11:10.565 INFO [localhost-startStop-1] org.apache.catalina.startup.HostConfig.deployDirectory Deployment of web application directory C:\Java\pivotal-tc-server-developer-3.1.2.RELEASE\base-instance\webapps\manager has finished in 110 ms
11-Jan-2016 16:11:10.565 INFO [localhost-startStop-1] org.apache.catalina.startup.HostConfig.deployDirectory Deploying web application directory C:\Java\pivotal-tc-server-developer-3.1.2.RELEASE\base-instance\webapps\ROOT
11-Jan-2016 16:11:10.674 INFO [localhost-startStop-1] org.apache.catalina.startup.HostConfig.deployDirectory Deployment of web application directory C:\Java\pivotal-tc-server-developer-3.1.2.RELEASE\base-instance\webapps\ROOT has finished in 109 ms
11-Jan-2016 16:11:10.689 INFO [main] org.apache.coyote.AbstractProtocol.start Starting ProtocolHandler ["http-bio-8080"]
11-Jan-2016 16:11:35.535 INFO [main] com.springsource.tcserver.security.PropertyDecoder.<init> tc Runtime property decoder using memory-based key
11-Jan-2016 16:11:35.535 INFO [main] com.springsource.tcserver.security.TcDecoder.initCiphers Initializing ciphers
11-Jan-2016 16:11:35.769 INFO [main] com.springsource.tcserver.security.PropertyDecoder.<init> tcServer Runtime property decoder has been initialized in 238 ms
11-Jan-2016 16:11:36.237 INFO [main] org.apache.coyote.AbstractProtocol.init Initializing ProtocolHandler ["http-bio-8080"]
11-Jan-2016 16:11:36.424 INFO [main] com.springsource.tcserver.serviceability.rmi.JmxSocketListener.init Started up JMX registry on 127.0.0.1:6969 in 164 ms
11-Jan-2016 16:11:36.439 INFO [main] org.apache.catalina.core.StandardService.startInternal Starting service Catalina
11-Jan-2016 16:11:36.439 INFO [main] org.apache.catalina.core.StandardEngine.startInternal Starting Servlet Engine: Pivotal tc Runtime 3.1.2.RELEASE/8.0.26.B.RELEASE
11-Jan-2016 16:11:36.439 INFO [localhost-startStop-1] org.apache.catalina.startup.HostConfig.deployDescriptor Deploying configuration descriptor C:\Java\pivotal-tc-server-developer-3.1.2.RELEASE\base-instance\conf\Catalina\localhost\workarts.xml
11-Jan-2016 16:11:36.487 WARNING [localhost-startStop-1] org.apache.catalina.startup.SetContextPropertiesRule.begin [SetContextPropertiesRule]{Context} Setting property 'source' to 'org.eclipse.jst.jee.server:workarts' did not find a matching property.
11-Jan-2016 16:11:42.814 INFO [localhost-startStop-1] org.apache.jasper.servlet.TldScanner.scanJars At least one JAR was scanned for TLDs yet contained no TLDs. Enable debug logging for this logger for a complete list of JARs that were scanned but no TLDs were found in them. Skipping unneeded JARs during scanning can improve startup time and JSP compilation time.
11-Jan-2016 16:11:43.454 SEVERE [localhost-startStop-1] org.apache.catalina.core.StandardContext.startInternal One or more listeners failed to start. Full details will be found in the appropriate container log file
11-Jan-2016 16:11:43.454 SEVERE [localhost-startStop-1] org.apache.catalina.core.StandardContext.startInternal Context [/workarts] startup failed due to previous errors
11-Jan-2016 16:11:43.469 INFO [localhost-startStop-1] org.apache.catalina.startup.HostConfig.deployDescriptor Deployment of configuration descriptor C:\Java\pivotal-tc-server-developer-3.1.2.RELEASE\base-instance\conf\Catalina\localhost\workarts.xml has finished in 7,030 ms
11-Jan-2016 16:11:43.469 INFO [localhost-startStop-1] org.apache.catalina.startup.HostConfig.deployDirectory Deploying web application directory C:\Java\pivotal-tc-server-developer-3.1.2.RELEASE\base-instance\webapps\manager
11-Jan-2016 16:11:43.563 INFO [localhost-startStop-1] org.apache.catalina.startup.HostConfig.deployDirectory Deployment of web application directory C:\Java\pivotal-tc-server-developer-3.1.2.RELEASE\base-instance\webapps\manager has finished in 94 ms
11-Jan-2016 16:11:43.563 INFO [localhost-startStop-1] org.apache.catalina.startup.HostConfig.deployDirectory Deploying web application directory C:\Java\pivotal-tc-server-developer-3.1.2.RELEASE\base-instance\webapps\ROOT
11-Jan-2016 16:11:43.641 INFO [localhost-startStop-1] org.apache.catalina.startup.HostConfig.deployDirectory Deployment of web application directory C:\Java\pivotal-tc-server-developer-3.1.2.RELEASE\base-instance\webapps\ROOT has finished in 78 ms
11-Jan-2016 16:11:43.657 INFO [main] org.apache.coyote.AbstractProtocol.start Starting ProtocolHandler ["http-bio-8080"]
11-Jan-2016 16:12:48.695 INFO [main] com.springsource.tcserver.security.PropertyDecoder.<init> tc Runtime property decoder using memory-based key
11-Jan-2016 16:12:48.695 INFO [main] com.springsource.tcserver.security.TcDecoder.initCiphers Initializing ciphers
11-Jan-2016 16:12:48.913 INFO [main] com.springsource.tcserver.security.PropertyDecoder.<init> tcServer Runtime property decoder has been initialized in 232 ms
11-Jan-2016 16:12:49.397 INFO [main] org.apache.coyote.AbstractProtocol.init Initializing ProtocolHandler ["http-bio-8080"]
11-Jan-2016 16:12:49.568 INFO [main] com.springsource.tcserver.serviceability.rmi.JmxSocketListener.init Started up JMX registry on 127.0.0.1:6969 in 155 ms
11-Jan-2016 16:12:49.584 INFO [main] org.apache.catalina.core.StandardService.startInternal Starting service Catalina
11-Jan-2016 16:12:49.584 INFO [main] org.apache.catalina.core.StandardEngine.startInternal Starting Servlet Engine: Pivotal tc Runtime 3.1.2.RELEASE/8.0.26.B.RELEASE
11-Jan-2016 16:12:49.600 INFO [localhost-startStop-1] org.apache.catalina.startup.HostConfig.deployDescriptor Deploying configuration descriptor C:\Java\pivotal-tc-server-developer-3.1.2.RELEASE\base-instance\conf\Catalina\localhost\ROOT.xml
11-Jan-2016 16:12:49.647 WARNING [localhost-startStop-1] org.apache.catalina.startup.SetContextPropertiesRule.begin [SetContextPropertiesRule]{Context} Setting property 'source' to 'org.eclipse.jst.jee.server:workarts' did not find a matching property.
11-Jan-2016 16:12:55.210 INFO [localhost-startStop-1] org.apache.jasper.servlet.TldScanner.scanJars At least one JAR was scanned for TLDs yet contained no TLDs. Enable debug logging for this logger for a complete list of JARs that were scanned but no TLDs were found in them. Skipping unneeded JARs during scanning can improve startup time and JSP compilation time.
11-Jan-2016 16:12:55.896 SEVERE [localhost-startStop-1] org.apache.catalina.core.StandardContext.startInternal One or more listeners failed to start. Full details will be found in the appropriate container log file
11-Jan-2016 16:12:55.897 SEVERE [localhost-startStop-1] org.apache.catalina.core.StandardContext.startInternal Context [] startup failed due to previous errors
11-Jan-2016 16:12:55.909 INFO [localhost-startStop-1] org.apache.catalina.startup.HostConfig.deployDescriptor Deployment of configuration descriptor C:\Java\pivotal-tc-server-developer-3.1.2.RELEASE\base-instance\conf\Catalina\localhost\ROOT.xml has finished in 6,308 ms
11-Jan-2016 16:12:55.909 INFO [localhost-startStop-1] org.apache.catalina.startup.HostConfig.deployDirectory Deploying web application directory C:\Java\pivotal-tc-server-developer-3.1.2.RELEASE\base-instance\webapps\manager
11-Jan-2016 16:12:56.014 INFO [localhost-startStop-1] org.apache.catalina.startup.HostConfig.deployDirectory Deployment of web application directory C:\Java\pivotal-tc-server-developer-3.1.2.RELEASE\base-instance\webapps\manager has finished in 105 ms
11-Jan-2016 16:12:56.024 INFO [main] org.apache.coyote.AbstractProtocol.start Starting ProtocolHandler ["http-bio-8080"]
11-Jan-2016 16:15:58.564 INFO [RMI TCP Connection(10)-127.0.0.1] org.apache.coyote.AbstractProtocol.pause Pausing ProtocolHandler ["http-bio-8080"]
11-Jan-2016 16:15:58.564 INFO [RMI TCP Connection(10)-127.0.0.1] org.apache.catalina.core.StandardService.stopInternal Stopping service Catalina
11-Jan-2016 16:15:58.580 INFO [RMI TCP Connection(10)-127.0.0.1] org.apache.coyote.AbstractProtocol.stop Stopping ProtocolHandler ["http-bio-8080"]
