06-Jan-2016 14:04:27.181 INFO [main] com.springsource.tcserver.security.PropertyDecoder.<init> tc Runtime property decoder using memory-based key
06-Jan-2016 14:04:27.181 INFO [main] com.springsource.tcserver.security.TcDecoder.initCiphers Initializing ciphers
06-Jan-2016 14:04:27.727 INFO [main] com.springsource.tcserver.security.PropertyDecoder.<init> tcServer Runtime property decoder has been initialized in 556 ms
06-Jan-2016 14:04:28.460 INFO [main] org.apache.coyote.AbstractProtocol.init Initializing ProtocolHandler ["http-bio-8080"]
06-Jan-2016 14:04:28.694 INFO [main] com.springsource.tcserver.serviceability.rmi.JmxSocketListener.init Started up JMX registry on 127.0.0.1:6969 in 211 ms
06-Jan-2016 14:04:28.709 INFO [main] org.apache.catalina.core.StandardService.startInternal Starting service Catalina
06-Jan-2016 14:04:28.709 INFO [main] org.apache.catalina.core.StandardEngine.startInternal Starting Servlet Engine: Pivotal tc Runtime 3.1.2.RELEASE/8.0.26.B.RELEASE
06-Jan-2016 14:04:28.726 INFO [localhost-startStop-1] org.apache.catalina.startup.HostConfig.deployDirectory Deploying web application directory C:\Java\pivotal-tc-server-developer-3.1.2.RELEASE\base-instance\webapps\manager
06-Jan-2016 14:04:29.256 INFO [localhost-startStop-1] org.apache.jasper.servlet.TldScanner.scanJars At least one JAR was scanned for TLDs yet contained no TLDs. Enable debug logging for this logger for a complete list of JARs that were scanned but no TLDs were found in them. Skipping unneeded JARs during scanning can improve startup time and JSP compilation time.
06-Jan-2016 14:04:29.288 INFO [localhost-startStop-1] org.apache.catalina.startup.HostConfig.deployDirectory Deployment of web application directory C:\Java\pivotal-tc-server-developer-3.1.2.RELEASE\base-instance\webapps\manager has finished in 562 ms
06-Jan-2016 14:04:29.288 INFO [localhost-startStop-1] org.apache.catalina.startup.HostConfig.deployDirectory Deploying web application directory C:\Java\pivotal-tc-server-developer-3.1.2.RELEASE\base-instance\webapps\ROOT
06-Jan-2016 14:04:29.412 INFO [localhost-startStop-1] org.apache.jasper.servlet.TldScanner.scanJars At least one JAR was scanned for TLDs yet contained no TLDs. Enable debug logging for this logger for a complete list of JARs that were scanned but no TLDs were found in them. Skipping unneeded JARs during scanning can improve startup time and JSP compilation time.
06-Jan-2016 14:04:29.412 INFO [localhost-startStop-1] org.apache.catalina.startup.HostConfig.deployDirectory Deployment of web application directory C:\Java\pivotal-tc-server-developer-3.1.2.RELEASE\base-instance\webapps\ROOT has finished in 124 ms
06-Jan-2016 14:04:29.428 INFO [main] org.apache.coyote.AbstractProtocol.start Starting ProtocolHandler ["http-bio-8080"]
06-Jan-2016 14:07:12.074 INFO [main] com.springsource.tcserver.security.PropertyDecoder.<init> tc Runtime property decoder using memory-based key
06-Jan-2016 14:07:12.074 INFO [main] com.springsource.tcserver.security.TcDecoder.initCiphers Initializing ciphers
06-Jan-2016 14:07:12.308 INFO [main] com.springsource.tcserver.security.PropertyDecoder.<init> tcServer Runtime property decoder has been initialized in 234 ms
06-Jan-2016 14:07:12.854 INFO [main] org.apache.coyote.AbstractProtocol.init Initializing ProtocolHandler ["http-bio-8080"]
06-Jan-2016 14:07:13.056 INFO [main] com.springsource.tcserver.serviceability.rmi.JmxSocketListener.init Started up JMX registry on 127.0.0.1:6969 in 179 ms
06-Jan-2016 14:07:13.072 INFO [main] org.apache.catalina.core.StandardService.startInternal Starting service Catalina
06-Jan-2016 14:07:13.072 INFO [main] org.apache.catalina.core.StandardEngine.startInternal Starting Servlet Engine: Pivotal tc Runtime 3.1.2.RELEASE/8.0.26.B.RELEASE
06-Jan-2016 14:07:13.601 INFO [localhost-startStop-1] org.apache.jasper.servlet.TldScanner.scanJars At least one JAR was scanned for TLDs yet contained no TLDs. Enable debug logging for this logger for a complete list of JARs that were scanned but no TLDs were found in them. Skipping unneeded JARs during scanning can improve startup time and JSP compilation time.
06-Jan-2016 14:07:13.648 INFO [localhost-startStop-1] org.apache.catalina.startup.HostConfig.deployDirectory Deploying web application directory C:\Java\pivotal-tc-server-developer-3.1.2.RELEASE\base-instance\webapps\manager
06-Jan-2016 14:07:13.757 INFO [localhost-startStop-1] org.apache.jasper.servlet.TldScanner.scanJars At least one JAR was scanned for TLDs yet contained no TLDs. Enable debug logging for this logger for a complete list of JARs that were scanned but no TLDs were found in them. Skipping unneeded JARs during scanning can improve startup time and JSP compilation time.
06-Jan-2016 14:07:13.772 INFO [localhost-startStop-1] org.apache.catalina.startup.HostConfig.deployDirectory Deployment of web application directory C:\Java\pivotal-tc-server-developer-3.1.2.RELEASE\base-instance\webapps\manager has finished in 124 ms
06-Jan-2016 14:07:13.772 INFO [main] org.apache.coyote.AbstractProtocol.start Starting ProtocolHandler ["http-bio-8080"]
06-Jan-2016 14:08:39.017 INFO [main] com.springsource.tcserver.security.PropertyDecoder.<init> tc Runtime property decoder using memory-based key
06-Jan-2016 14:08:39.017 INFO [main] com.springsource.tcserver.security.TcDecoder.initCiphers Initializing ciphers
06-Jan-2016 14:08:39.251 INFO [main] com.springsource.tcserver.security.PropertyDecoder.<init> tcServer Runtime property decoder has been initialized in 236 ms
06-Jan-2016 14:08:39.751 INFO [main] org.apache.coyote.AbstractProtocol.init Initializing ProtocolHandler ["http-bio-8080"]
06-Jan-2016 14:08:39.953 INFO [main] com.springsource.tcserver.serviceability.rmi.JmxSocketListener.init Started up JMX registry on 127.0.0.1:6969 in 179 ms
06-Jan-2016 14:08:39.969 INFO [main] org.apache.catalina.core.StandardService.startInternal Starting service Catalina
06-Jan-2016 14:08:39.969 INFO [main] org.apache.catalina.core.StandardEngine.startInternal Starting Servlet Engine: Pivotal tc Runtime 3.1.2.RELEASE/8.0.26.B.RELEASE
06-Jan-2016 14:08:39.985 INFO [localhost-startStop-1] org.apache.catalina.startup.HostConfig.deployDescriptor Deploying configuration descriptor C:\Java\pivotal-tc-server-developer-3.1.2.RELEASE\base-instance\conf\Catalina\localhost\sample.xml
06-Jan-2016 14:08:40.017 WARNING [localhost-startStop-1] org.apache.catalina.startup.SetContextPropertiesRule.begin [SetContextPropertiesRule]{Context} Setting property 'source' to 'org.eclipse.jst.jee.server:Limitless' did not find a matching property.
06-Jan-2016 14:08:41.764 INFO [localhost-startStop-1] org.apache.jasper.servlet.TldScanner.scanJars At least one JAR was scanned for TLDs yet contained no TLDs. Enable debug logging for this logger for a complete list of JARs that were scanned but no TLDs were found in them. Skipping unneeded JARs during scanning can improve startup time and JSP compilation time.
06-Jan-2016 14:08:43.125 INFO [localhost-startStop-1] org.apache.catalina.startup.HostConfig.deployDescriptor Deployment of configuration descriptor C:\Java\pivotal-tc-server-developer-3.1.2.RELEASE\base-instance\conf\Catalina\localhost\sample.xml has finished in 3,140 ms
06-Jan-2016 14:08:43.126 INFO [localhost-startStop-1] org.apache.catalina.startup.HostConfig.deployDirectory Deploying web application directory C:\Java\pivotal-tc-server-developer-3.1.2.RELEASE\base-instance\webapps\manager
06-Jan-2016 14:08:43.252 INFO [localhost-startStop-1] org.apache.jasper.servlet.TldScanner.scanJars At least one JAR was scanned for TLDs yet contained no TLDs. Enable debug logging for this logger for a complete list of JARs that were scanned but no TLDs were found in them. Skipping unneeded JARs during scanning can improve startup time and JSP compilation time.
06-Jan-2016 14:08:43.258 INFO [localhost-startStop-1] org.apache.catalina.startup.HostConfig.deployDirectory Deployment of web application directory C:\Java\pivotal-tc-server-developer-3.1.2.RELEASE\base-instance\webapps\manager has finished in 131 ms
06-Jan-2016 14:08:43.258 INFO [localhost-startStop-1] org.apache.catalina.startup.HostConfig.deployDirectory Deploying web application directory C:\Java\pivotal-tc-server-developer-3.1.2.RELEASE\base-instance\webapps\ROOT
06-Jan-2016 14:08:43.336 INFO [localhost-startStop-1] org.apache.jasper.servlet.TldScanner.scanJars At least one JAR was scanned for TLDs yet contained no TLDs. Enable debug logging for this logger for a complete list of JARs that were scanned but no TLDs were found in them. Skipping unneeded JARs during scanning can improve startup time and JSP compilation time.
06-Jan-2016 14:08:43.338 INFO [localhost-startStop-1] org.apache.catalina.startup.HostConfig.deployDirectory Deployment of web application directory C:\Java\pivotal-tc-server-developer-3.1.2.RELEASE\base-instance\webapps\ROOT has finished in 80 ms
06-Jan-2016 14:08:43.344 INFO [main] org.apache.coyote.AbstractProtocol.start Starting ProtocolHandler ["http-bio-8080"]
06-Jan-2016 14:09:45.088 INFO [ContainerBackgroundProcessor[StandardEngine[Catalina]]] org.apache.catalina.core.StandardContext.reload Reloading Context with name [/sample] has started
06-Jan-2016 14:09:46.495 INFO [ContainerBackgroundProcessor[StandardEngine[Catalina]]] org.apache.catalina.core.StandardContext.reload Reloading Context with name [/sample] is completed
06-Jan-2016 14:09:56.502 INFO [ContainerBackgroundProcessor[StandardEngine[Catalina]]] org.apache.catalina.startup.HostConfig.undeploy Undeploying context [/sample]
06-Jan-2016 14:09:56.534 INFO [localhost-startStop-2] org.apache.catalina.startup.HostConfig.deployDescriptor Deploying configuration descriptor C:\Java\pivotal-tc-server-developer-3.1.2.RELEASE\base-instance\conf\Catalina\localhost\sample.xml
06-Jan-2016 14:09:56.550 WARNING [localhost-startStop-2] org.apache.catalina.startup.SetContextPropertiesRule.begin [SetContextPropertiesRule]{Context} Setting property 'source' to 'org.eclipse.jst.jee.server:Limitless' did not find a matching property.
06-Jan-2016 14:09:57.754 INFO [localhost-startStop-2] org.apache.catalina.startup.HostConfig.deployDescriptor Deployment of configuration descriptor C:\Java\pivotal-tc-server-developer-3.1.2.RELEASE\base-instance\conf\Catalina\localhost\sample.xml has finished in 1,220 ms
06-Jan-2016 14:10:46.792 INFO [main] com.springsource.tcserver.security.PropertyDecoder.<init> tc Runtime property decoder using memory-based key
06-Jan-2016 14:10:46.792 INFO [main] com.springsource.tcserver.security.TcDecoder.initCiphers Initializing ciphers
06-Jan-2016 14:10:47.026 INFO [main] com.springsource.tcserver.security.PropertyDecoder.<init> tcServer Runtime property decoder has been initialized in 227 ms
06-Jan-2016 14:10:47.541 INFO [main] org.apache.coyote.AbstractProtocol.init Initializing ProtocolHandler ["http-bio-8080"]
06-Jan-2016 14:10:47.806 INFO [main] com.springsource.tcserver.serviceability.rmi.JmxSocketListener.init Started up JMX registry on 127.0.0.1:6969 in 243 ms
06-Jan-2016 14:10:47.822 INFO [main] org.apache.catalina.core.StandardService.startInternal Starting service Catalina
06-Jan-2016 14:10:47.822 INFO [main] org.apache.catalina.core.StandardEngine.startInternal Starting Servlet Engine: Pivotal tc Runtime 3.1.2.RELEASE/8.0.26.B.RELEASE
06-Jan-2016 14:10:47.837 INFO [localhost-startStop-1] org.apache.catalina.startup.HostConfig.deployDescriptor Deploying configuration descriptor C:\Java\pivotal-tc-server-developer-3.1.2.RELEASE\base-instance\conf\Catalina\localhost\sample.xml
06-Jan-2016 14:10:47.870 WARNING [localhost-startStop-1] org.apache.catalina.startup.SetContextPropertiesRule.begin [SetContextPropertiesRule]{Context} Setting property 'source' to 'org.eclipse.jst.jee.server:Limitless' did not find a matching property.
06-Jan-2016 14:10:48.947 INFO [localhost-startStop-1] org.apache.jasper.servlet.TldScanner.scanJars At least one JAR was scanned for TLDs yet contained no TLDs. Enable debug logging for this logger for a complete list of JARs that were scanned but no TLDs were found in them. Skipping unneeded JARs during scanning can improve startup time and JSP compilation time.
06-Jan-2016 14:10:50.157 INFO [localhost-startStop-1] org.apache.catalina.startup.HostConfig.deployDescriptor Deployment of configuration descriptor C:\Java\pivotal-tc-server-developer-3.1.2.RELEASE\base-instance\conf\Catalina\localhost\sample.xml has finished in 2,320 ms
06-Jan-2016 14:10:50.157 INFO [localhost-startStop-1] org.apache.catalina.startup.HostConfig.deployDirectory Deploying web application directory C:\Java\pivotal-tc-server-developer-3.1.2.RELEASE\base-instance\webapps\manager
06-Jan-2016 14:10:50.282 INFO [localhost-startStop-1] org.apache.jasper.servlet.TldScanner.scanJars At least one JAR was scanned for TLDs yet contained no TLDs. Enable debug logging for this logger for a complete list of JARs that were scanned but no TLDs were found in them. Skipping unneeded JARs during scanning can improve startup time and JSP compilation time.
06-Jan-2016 14:10:50.282 INFO [localhost-startStop-1] org.apache.catalina.startup.HostConfig.deployDirectory Deployment of web application directory C:\Java\pivotal-tc-server-developer-3.1.2.RELEASE\base-instance\webapps\manager has finished in 125 ms
06-Jan-2016 14:10:50.282 INFO [localhost-startStop-1] org.apache.catalina.startup.HostConfig.deployDirectory Deploying web application directory C:\Java\pivotal-tc-server-developer-3.1.2.RELEASE\base-instance\webapps\ROOT
06-Jan-2016 14:10:50.360 INFO [localhost-startStop-1] org.apache.jasper.servlet.TldScanner.scanJars At least one JAR was scanned for TLDs yet contained no TLDs. Enable debug logging for this logger for a complete list of JARs that were scanned but no TLDs were found in them. Skipping unneeded JARs during scanning can improve startup time and JSP compilation time.
06-Jan-2016 14:10:50.360 INFO [localhost-startStop-1] org.apache.catalina.startup.HostConfig.deployDirectory Deployment of web application directory C:\Java\pivotal-tc-server-developer-3.1.2.RELEASE\base-instance\webapps\ROOT has finished in 78 ms
06-Jan-2016 14:10:50.376 INFO [main] org.apache.coyote.AbstractProtocol.start Starting ProtocolHandler ["http-bio-8080"]
06-Jan-2016 14:14:36.936 INFO [ContainerBackgroundProcessor[StandardEngine[Catalina]]] org.apache.catalina.startup.HostConfig.undeploy Undeploying context [/sample]
06-Jan-2016 14:14:36.984 INFO [localhost-startStop-2] org.apache.catalina.startup.HostConfig.deployDescriptor Deploying configuration descriptor C:\Java\pivotal-tc-server-developer-3.1.2.RELEASE\base-instance\conf\Catalina\localhost\sample.xml
06-Jan-2016 14:14:36.984 WARNING [localhost-startStop-2] org.apache.catalina.startup.SetContextPropertiesRule.begin [SetContextPropertiesRule]{Context} Setting property 'source' to 'org.eclipse.jst.jee.server:Limitless' did not find a matching property.
06-Jan-2016 14:14:38.495 INFO [localhost-startStop-2] org.apache.catalina.startup.HostConfig.deployDescriptor Deployment of configuration descriptor C:\Java\pivotal-tc-server-developer-3.1.2.RELEASE\base-instance\conf\Catalina\localhost\sample.xml has finished in 1,527 ms
06-Jan-2016 14:15:19.625 INFO [ContainerBackgroundProcessor[StandardEngine[Catalina]]] org.apache.catalina.startup.HostConfig.undeploy Undeploying context [/sample]
06-Jan-2016 14:15:19.657 INFO [localhost-startStop-3] org.apache.catalina.startup.HostConfig.deployDescriptor Deploying configuration descriptor C:\Java\pivotal-tc-server-developer-3.1.2.RELEASE\base-instance\conf\Catalina\localhost\sample.xml
06-Jan-2016 14:15:19.673 WARNING [localhost-startStop-3] org.apache.catalina.startup.SetContextPropertiesRule.begin [SetContextPropertiesRule]{Context} Setting property 'source' to 'org.eclipse.jst.jee.server:Limitless' did not find a matching property.
06-Jan-2016 14:15:21.102 INFO [localhost-startStop-3] org.apache.catalina.startup.HostConfig.deployDescriptor Deployment of configuration descriptor C:\Java\pivotal-tc-server-developer-3.1.2.RELEASE\base-instance\conf\Catalina\localhost\sample.xml has finished in 1,445 ms
06-Jan-2016 14:16:13.486 INFO [main] com.springsource.tcserver.security.PropertyDecoder.<init> tc Runtime property decoder using memory-based key
06-Jan-2016 14:16:13.486 INFO [main] com.springsource.tcserver.security.TcDecoder.initCiphers Initializing ciphers
06-Jan-2016 14:16:13.720 INFO [main] com.springsource.tcserver.security.PropertyDecoder.<init> tcServer Runtime property decoder has been initialized in 234 ms
06-Jan-2016 14:16:14.219 INFO [main] org.apache.coyote.AbstractProtocol.init Initializing ProtocolHandler ["http-bio-8080"]
06-Jan-2016 14:16:14.437 INFO [main] com.springsource.tcserver.serviceability.rmi.JmxSocketListener.init Started up JMX registry on 127.0.0.1:6969 in 191 ms
06-Jan-2016 14:16:14.468 INFO [main] org.apache.catalina.core.StandardService.startInternal Starting service Catalina
06-Jan-2016 14:16:14.468 INFO [main] org.apache.catalina.core.StandardEngine.startInternal Starting Servlet Engine: Pivotal tc Runtime 3.1.2.RELEASE/8.0.26.B.RELEASE
06-Jan-2016 14:16:14.468 INFO [localhost-startStop-1] org.apache.catalina.startup.HostConfig.deployDescriptor Deploying configuration descriptor C:\Java\pivotal-tc-server-developer-3.1.2.RELEASE\base-instance\conf\Catalina\localhost\sample.xml
06-Jan-2016 14:16:14.516 WARNING [localhost-startStop-1] org.apache.catalina.startup.SetContextPropertiesRule.begin [SetContextPropertiesRule]{Context} Setting property 'source' to 'org.eclipse.jst.jee.server:Limitless' did not find a matching property.
06-Jan-2016 14:16:15.495 INFO [localhost-startStop-1] org.apache.jasper.servlet.TldScanner.scanJars At least one JAR was scanned for TLDs yet contained no TLDs. Enable debug logging for this logger for a complete list of JARs that were scanned but no TLDs were found in them. Skipping unneeded JARs during scanning can improve startup time and JSP compilation time.
06-Jan-2016 14:16:16.651 INFO [localhost-startStop-1] org.apache.catalina.startup.HostConfig.deployDescriptor Deployment of configuration descriptor C:\Java\pivotal-tc-server-developer-3.1.2.RELEASE\base-instance\conf\Catalina\localhost\sample.xml has finished in 2,183 ms
06-Jan-2016 14:16:16.651 INFO [localhost-startStop-1] org.apache.catalina.startup.HostConfig.deployDirectory Deploying web application directory C:\Java\pivotal-tc-server-developer-3.1.2.RELEASE\base-instance\webapps\manager
06-Jan-2016 14:16:16.808 INFO [localhost-startStop-1] org.apache.jasper.servlet.TldScanner.scanJars At least one JAR was scanned for TLDs yet contained no TLDs. Enable debug logging for this logger for a complete list of JARs that were scanned but no TLDs were found in them. Skipping unneeded JARs during scanning can improve startup time and JSP compilation time.
06-Jan-2016 14:16:16.808 INFO [localhost-startStop-1] org.apache.catalina.startup.HostConfig.deployDirectory Deployment of web application directory C:\Java\pivotal-tc-server-developer-3.1.2.RELEASE\base-instance\webapps\manager has finished in 157 ms
06-Jan-2016 14:16:16.808 INFO [localhost-startStop-1] org.apache.catalina.startup.HostConfig.deployDirectory Deploying web application directory C:\Java\pivotal-tc-server-developer-3.1.2.RELEASE\base-instance\webapps\ROOT
06-Jan-2016 14:16:16.886 INFO [localhost-startStop-1] org.apache.jasper.servlet.TldScanner.scanJars At least one JAR was scanned for TLDs yet contained no TLDs. Enable debug logging for this logger for a complete list of JARs that were scanned but no TLDs were found in them. Skipping unneeded JARs during scanning can improve startup time and JSP compilation time.
06-Jan-2016 14:16:16.901 INFO [localhost-startStop-1] org.apache.catalina.startup.HostConfig.deployDirectory Deployment of web application directory C:\Java\pivotal-tc-server-developer-3.1.2.RELEASE\base-instance\webapps\ROOT has finished in 93 ms
06-Jan-2016 14:16:16.901 INFO [main] org.apache.coyote.AbstractProtocol.start Starting ProtocolHandler ["http-bio-8080"]
06-Jan-2016 14:17:49.641 INFO [ContainerBackgroundProcessor[StandardEngine[Catalina]]] org.apache.catalina.startup.HostConfig.undeploy Undeploying context [/sample]
06-Jan-2016 14:17:49.689 INFO [localhost-startStop-2] org.apache.catalina.startup.HostConfig.deployDescriptor Deploying configuration descriptor C:\Java\pivotal-tc-server-developer-3.1.2.RELEASE\base-instance\conf\Catalina\localhost\sample.xml
06-Jan-2016 14:17:49.689 WARNING [localhost-startStop-2] org.apache.catalina.startup.SetContextPropertiesRule.begin [SetContextPropertiesRule]{Context} Setting property 'source' to 'org.eclipse.jst.jee.server:Limitless' did not find a matching property.
06-Jan-2016 14:17:51.063 INFO [localhost-startStop-2] org.apache.catalina.startup.HostConfig.deployDescriptor Deployment of configuration descriptor C:\Java\pivotal-tc-server-developer-3.1.2.RELEASE\base-instance\conf\Catalina\localhost\sample.xml has finished in 1,374 ms
06-Jan-2016 14:22:03.851 INFO [ContainerBackgroundProcessor[StandardEngine[Catalina]]] org.apache.catalina.startup.HostConfig.undeploy Undeploying context [/sample]
06-Jan-2016 14:22:23.884 INFO [localhost-startStop-3] org.apache.catalina.startup.HostConfig.deployDescriptor Deploying configuration descriptor C:\Java\pivotal-tc-server-developer-3.1.2.RELEASE\base-instance\conf\Catalina\localhost\sample.xml
06-Jan-2016 14:22:23.900 WARNING [localhost-startStop-3] org.apache.catalina.startup.SetContextPropertiesRule.begin [SetContextPropertiesRule]{Context} Setting property 'source' to 'org.eclipse.jst.jee.server:Limitless' did not find a matching property.
06-Jan-2016 14:22:27.292 INFO [localhost-startStop-3] org.apache.catalina.startup.HostConfig.deployDescriptor Deployment of configuration descriptor C:\Java\pivotal-tc-server-developer-3.1.2.RELEASE\base-instance\conf\Catalina\localhost\sample.xml has finished in 3,408 ms
06-Jan-2016 14:23:39.325 INFO [ContainerBackgroundProcessor[StandardEngine[Catalina]]] org.apache.catalina.core.StandardContext.reload Reloading Context with name [/sample] has started
06-Jan-2016 14:23:42.137 INFO [ContainerBackgroundProcessor[StandardEngine[Catalina]]] org.apache.catalina.core.StandardContext.reload Reloading Context with name [/sample] is completed
06-Jan-2016 14:23:52.138 INFO [ContainerBackgroundProcessor[StandardEngine[Catalina]]] org.apache.catalina.startup.HostConfig.undeploy Undeploying context [/sample]
06-Jan-2016 14:23:52.187 INFO [localhost-startStop-4] org.apache.catalina.startup.HostConfig.deployDescriptor Deploying configuration descriptor C:\Java\pivotal-tc-server-developer-3.1.2.RELEASE\base-instance\conf\Catalina\localhost\sample.xml
06-Jan-2016 14:23:52.202 WARNING [localhost-startStop-4] org.apache.catalina.startup.SetContextPropertiesRule.begin [SetContextPropertiesRule]{Context} Setting property 'source' to 'org.eclipse.jst.jee.server:Limitless' did not find a matching property.
06-Jan-2016 14:23:54.031 INFO [localhost-startStop-4] org.apache.catalina.startup.HostConfig.deployDescriptor Deployment of configuration descriptor C:\Java\pivotal-tc-server-developer-3.1.2.RELEASE\base-instance\conf\Catalina\localhost\sample.xml has finished in 1,844 ms
06-Jan-2016 14:25:17.756 INFO [main] com.springsource.tcserver.security.PropertyDecoder.<init> tc Runtime property decoder using memory-based key
06-Jan-2016 14:25:17.756 INFO [main] com.springsource.tcserver.security.TcDecoder.initCiphers Initializing ciphers
06-Jan-2016 14:25:18.006 INFO [main] com.springsource.tcserver.security.PropertyDecoder.<init> tcServer Runtime property decoder has been initialized in 262 ms
06-Jan-2016 14:25:18.536 INFO [main] org.apache.coyote.AbstractProtocol.init Initializing ProtocolHandler ["http-bio-8080"]
06-Jan-2016 14:25:18.786 INFO [main] com.springsource.tcserver.serviceability.rmi.JmxSocketListener.init Started up JMX registry on 127.0.0.1:6969 in 219 ms
06-Jan-2016 14:25:18.801 INFO [main] org.apache.catalina.core.StandardService.startInternal Starting service Catalina
06-Jan-2016 14:25:18.801 INFO [main] org.apache.catalina.core.StandardEngine.startInternal Starting Servlet Engine: Pivotal tc Runtime 3.1.2.RELEASE/8.0.26.B.RELEASE
06-Jan-2016 14:25:18.818 INFO [localhost-startStop-1] org.apache.catalina.startup.HostConfig.deployDescriptor Deploying configuration descriptor C:\Java\pivotal-tc-server-developer-3.1.2.RELEASE\base-instance\conf\Catalina\localhost\ROOT.xml
06-Jan-2016 14:25:18.849 WARNING [localhost-startStop-1] org.apache.catalina.startup.SetContextPropertiesRule.begin [SetContextPropertiesRule]{Context} Setting property 'source' to 'org.eclipse.jst.jee.server:Limitless' did not find a matching property.
06-Jan-2016 14:25:20.050 INFO [localhost-startStop-1] org.apache.jasper.servlet.TldScanner.scanJars At least one JAR was scanned for TLDs yet contained no TLDs. Enable debug logging for this logger for a complete list of JARs that were scanned but no TLDs were found in them. Skipping unneeded JARs during scanning can improve startup time and JSP compilation time.
06-Jan-2016 14:25:21.287 INFO [localhost-startStop-1] org.apache.catalina.startup.HostConfig.deployDescriptor Deployment of configuration descriptor C:\Java\pivotal-tc-server-developer-3.1.2.RELEASE\base-instance\conf\Catalina\localhost\ROOT.xml has finished in 2,469 ms
06-Jan-2016 14:25:21.287 INFO [localhost-startStop-1] org.apache.catalina.startup.HostConfig.deployDirectory Deploying web application directory C:\Java\pivotal-tc-server-developer-3.1.2.RELEASE\base-instance\webapps\manager
06-Jan-2016 14:25:21.396 INFO [localhost-startStop-1] org.apache.jasper.servlet.TldScanner.scanJars At least one JAR was scanned for TLDs yet contained no TLDs. Enable debug logging for this logger for a complete list of JARs that were scanned but no TLDs were found in them. Skipping unneeded JARs during scanning can improve startup time and JSP compilation time.
06-Jan-2016 14:25:21.412 INFO [localhost-startStop-1] org.apache.catalina.startup.HostConfig.deployDirectory Deployment of web application directory C:\Java\pivotal-tc-server-developer-3.1.2.RELEASE\base-instance\webapps\manager has finished in 125 ms
06-Jan-2016 14:25:21.412 INFO [main] org.apache.coyote.AbstractProtocol.start Starting ProtocolHandler ["http-bio-8080"]
06-Jan-2016 14:27:35.987 INFO [main] com.springsource.tcserver.security.PropertyDecoder.<init> tc Runtime property decoder using memory-based key
06-Jan-2016 14:27:35.987 INFO [main] com.springsource.tcserver.security.TcDecoder.initCiphers Initializing ciphers
06-Jan-2016 14:27:36.596 INFO [main] com.springsource.tcserver.security.PropertyDecoder.<init> tcServer Runtime property decoder has been initialized in 609 ms
06-Jan-2016 14:27:38.237 INFO [main] org.apache.coyote.AbstractProtocol.init Initializing ProtocolHandler ["http-bio-8080"]
06-Jan-2016 14:27:38.502 INFO [main] com.springsource.tcserver.serviceability.rmi.JmxSocketListener.init Started up JMX registry on 127.0.0.1:6969 in 234 ms
06-Jan-2016 14:27:38.518 INFO [main] org.apache.catalina.core.StandardService.startInternal Starting service Catalina
06-Jan-2016 14:27:38.518 INFO [main] org.apache.catalina.core.StandardEngine.startInternal Starting Servlet Engine: Pivotal tc Runtime 3.1.2.RELEASE/8.0.26.B.RELEASE
06-Jan-2016 14:27:38.534 INFO [localhost-startStop-1] org.apache.catalina.startup.HostConfig.deployDescriptor Deploying configuration descriptor C:\Java\pivotal-tc-server-developer-3.1.2.RELEASE\base-instance\conf\Catalina\localhost\ROOT.xml
06-Jan-2016 14:27:38.581 WARNING [localhost-startStop-1] org.apache.catalina.startup.SetContextPropertiesRule.begin [SetContextPropertiesRule]{Context} Setting property 'source' to 'org.eclipse.jst.jee.server:Limitless' did not find a matching property.
06-Jan-2016 14:27:40.203 INFO [localhost-startStop-1] org.apache.jasper.servlet.TldScanner.scanJars At least one JAR was scanned for TLDs yet contained no TLDs. Enable debug logging for this logger for a complete list of JARs that were scanned but no TLDs were found in them. Skipping unneeded JARs during scanning can improve startup time and JSP compilation time.
06-Jan-2016 14:27:42.113 INFO [localhost-startStop-1] org.apache.catalina.startup.HostConfig.deployDescriptor Deployment of configuration descriptor C:\Java\pivotal-tc-server-developer-3.1.2.RELEASE\base-instance\conf\Catalina\localhost\ROOT.xml has finished in 3,579 ms
06-Jan-2016 14:27:42.113 INFO [localhost-startStop-1] org.apache.catalina.startup.HostConfig.deployDirectory Deploying web application directory C:\Java\pivotal-tc-server-developer-3.1.2.RELEASE\base-instance\webapps\manager
06-Jan-2016 14:27:42.237 INFO [localhost-startStop-1] org.apache.jasper.servlet.TldScanner.scanJars At least one JAR was scanned for TLDs yet contained no TLDs. Enable debug logging for this logger for a complete list of JARs that were scanned but no TLDs were found in them. Skipping unneeded JARs during scanning can improve startup time and JSP compilation time.
06-Jan-2016 14:27:42.253 INFO [localhost-startStop-1] org.apache.catalina.startup.HostConfig.deployDirectory Deployment of web application directory C:\Java\pivotal-tc-server-developer-3.1.2.RELEASE\base-instance\webapps\manager has finished in 140 ms
06-Jan-2016 14:27:42.269 INFO [main] org.apache.coyote.AbstractProtocol.start Starting ProtocolHandler ["http-bio-8080"]
06-Jan-2016 14:34:56.191 INFO [ContainerBackgroundProcessor[StandardEngine[Catalina]]] org.apache.catalina.core.StandardContext.reload Reloading Context with name [] has started
06-Jan-2016 14:34:57.770 INFO [ContainerBackgroundProcessor[StandardEngine[Catalina]]] org.apache.catalina.core.StandardContext.reload Reloading Context with name [] is completed
06-Jan-2016 14:36:20.027 INFO [ContainerBackgroundProcessor[StandardEngine[Catalina]]] org.apache.catalina.core.StandardContext.reload Reloading Context with name [] has started
06-Jan-2016 14:36:21.214 INFO [ContainerBackgroundProcessor[StandardEngine[Catalina]]] org.apache.catalina.core.StandardContext.reload Reloading Context with name [] is completed
06-Jan-2016 14:37:02.133 INFO [ContainerBackgroundProcessor[StandardEngine[Catalina]]] org.apache.catalina.core.StandardContext.reload Reloading Context with name [] has started
06-Jan-2016 14:37:03.476 INFO [ContainerBackgroundProcessor[StandardEngine[Catalina]]] org.apache.catalina.core.StandardContext.reload Reloading Context with name [] is completed
06-Jan-2016 14:45:53.382 INFO [main] com.springsource.tcserver.security.PropertyDecoder.<init> tc Runtime property decoder using memory-based key
06-Jan-2016 14:45:53.382 INFO [main] com.springsource.tcserver.security.TcDecoder.initCiphers Initializing ciphers
06-Jan-2016 14:45:53.647 INFO [main] com.springsource.tcserver.security.PropertyDecoder.<init> tcServer Runtime property decoder has been initialized in 268 ms
06-Jan-2016 14:45:54.224 INFO [main] org.apache.coyote.AbstractProtocol.init Initializing ProtocolHandler ["http-bio-8080"]
06-Jan-2016 14:45:54.489 INFO [main] com.springsource.tcserver.serviceability.rmi.JmxSocketListener.init Started up JMX registry on 127.0.0.1:6969 in 239 ms
06-Jan-2016 14:45:54.505 INFO [main] org.apache.catalina.core.StandardService.startInternal Starting service Catalina
06-Jan-2016 14:45:54.505 INFO [main] org.apache.catalina.core.StandardEngine.startInternal Starting Servlet Engine: Pivotal tc Runtime 3.1.2.RELEASE/8.0.26.B.RELEASE
06-Jan-2016 14:45:54.522 INFO [localhost-startStop-1] org.apache.catalina.startup.HostConfig.deployDescriptor Deploying configuration descriptor C:\Java\pivotal-tc-server-developer-3.1.2.RELEASE\base-instance\conf\Catalina\localhost\ROOT.xml
06-Jan-2016 14:45:54.553 WARNING [localhost-startStop-1] org.apache.catalina.startup.SetContextPropertiesRule.begin [SetContextPropertiesRule]{Context} Setting property 'source' to 'org.eclipse.jst.jee.server:Limitless' did not find a matching property.
06-Jan-2016 14:45:55.781 INFO [localhost-startStop-1] org.apache.jasper.servlet.TldScanner.scanJars At least one JAR was scanned for TLDs yet contained no TLDs. Enable debug logging for this logger for a complete list of JARs that were scanned but no TLDs were found in them. Skipping unneeded JARs during scanning can improve startup time and JSP compilation time.
06-Jan-2016 14:45:57.385 INFO [localhost-startStop-1] org.apache.catalina.startup.HostConfig.deployDescriptor Deployment of configuration descriptor C:\Java\pivotal-tc-server-developer-3.1.2.RELEASE\base-instance\conf\Catalina\localhost\ROOT.xml has finished in 2,863 ms
06-Jan-2016 14:45:57.385 INFO [localhost-startStop-1] org.apache.catalina.startup.HostConfig.deployDirectory Deploying web application directory C:\Java\pivotal-tc-server-developer-3.1.2.RELEASE\base-instance\webapps\manager
06-Jan-2016 14:45:57.494 INFO [localhost-startStop-1] org.apache.jasper.servlet.TldScanner.scanJars At least one JAR was scanned for TLDs yet contained no TLDs. Enable debug logging for this logger for a complete list of JARs that were scanned but no TLDs were found in them. Skipping unneeded JARs during scanning can improve startup time and JSP compilation time.
06-Jan-2016 14:45:57.510 INFO [localhost-startStop-1] org.apache.catalina.startup.HostConfig.deployDirectory Deployment of web application directory C:\Java\pivotal-tc-server-developer-3.1.2.RELEASE\base-instance\webapps\manager has finished in 125 ms
06-Jan-2016 14:45:57.510 INFO [main] org.apache.coyote.AbstractProtocol.start Starting ProtocolHandler ["http-bio-8080"]
06-Jan-2016 14:48:18.562 INFO [RMI TCP Connection(3)-127.0.0.1] org.apache.coyote.AbstractProtocol.pause Pausing ProtocolHandler ["http-bio-8080"]
06-Jan-2016 14:48:18.624 INFO [RMI TCP Connection(3)-127.0.0.1] org.apache.catalina.core.StandardService.stopInternal Stopping service Catalina
06-Jan-2016 14:48:18.640 INFO [RMI TCP Connection(3)-127.0.0.1] org.apache.coyote.AbstractProtocol.stop Stopping ProtocolHandler ["http-bio-8080"]
06-Jan-2016 14:48:19.468 INFO [main] com.springsource.tcserver.security.PropertyDecoder.<init> tc Runtime property decoder using memory-based key
06-Jan-2016 14:48:19.468 INFO [main] com.springsource.tcserver.security.TcDecoder.initCiphers Initializing ciphers
06-Jan-2016 14:48:19.702 INFO [main] com.springsource.tcserver.security.PropertyDecoder.<init> tcServer Runtime property decoder has been initialized in 236 ms
06-Jan-2016 14:48:20.186 INFO [main] org.apache.coyote.AbstractProtocol.init Initializing ProtocolHandler ["http-bio-8080"]
06-Jan-2016 14:48:20.389 INFO [main] com.springsource.tcserver.serviceability.rmi.JmxSocketListener.init Started up JMX registry on 127.0.0.1:6969 in 176 ms
06-Jan-2016 14:48:20.404 INFO [main] org.apache.catalina.core.StandardService.startInternal Starting service Catalina
06-Jan-2016 14:48:20.404 INFO [main] org.apache.catalina.core.StandardEngine.startInternal Starting Servlet Engine: Pivotal tc Runtime 3.1.2.RELEASE/8.0.26.B.RELEASE
06-Jan-2016 14:48:20.404 INFO [localhost-startStop-1] org.apache.catalina.startup.HostConfig.deployDescriptor Deploying configuration descriptor C:\Java\pivotal-tc-server-developer-3.1.2.RELEASE\base-instance\conf\Catalina\localhost\ROOT.xml
06-Jan-2016 14:48:20.452 WARNING [localhost-startStop-1] org.apache.catalina.startup.SetContextPropertiesRule.begin [SetContextPropertiesRule]{Context} Setting property 'source' to 'org.eclipse.jst.jee.server:Limitless' did not find a matching property.
06-Jan-2016 14:48:21.466 INFO [localhost-startStop-1] org.apache.jasper.servlet.TldScanner.scanJars At least one JAR was scanned for TLDs yet contained no TLDs. Enable debug logging for this logger for a complete list of JARs that were scanned but no TLDs were found in them. Skipping unneeded JARs during scanning can improve startup time and JSP compilation time.
06-Jan-2016 14:48:22.717 INFO [localhost-startStop-1] org.apache.catalina.startup.HostConfig.deployDescriptor Deployment of configuration descriptor C:\Java\pivotal-tc-server-developer-3.1.2.RELEASE\base-instance\conf\Catalina\localhost\ROOT.xml has finished in 2,313 ms
06-Jan-2016 14:48:22.717 INFO [localhost-startStop-1] org.apache.catalina.startup.HostConfig.deployDirectory Deploying web application directory C:\Java\pivotal-tc-server-developer-3.1.2.RELEASE\base-instance\webapps\manager
06-Jan-2016 14:48:22.858 INFO [localhost-startStop-1] org.apache.jasper.servlet.TldScanner.scanJars At least one JAR was scanned for TLDs yet contained no TLDs. Enable debug logging for this logger for a complete list of JARs that were scanned but no TLDs were found in them. Skipping unneeded JARs during scanning can improve startup time and JSP compilation time.
06-Jan-2016 14:48:22.864 INFO [localhost-startStop-1] org.apache.catalina.startup.HostConfig.deployDirectory Deployment of web application directory C:\Java\pivotal-tc-server-developer-3.1.2.RELEASE\base-instance\webapps\manager has finished in 147 ms
06-Jan-2016 14:48:22.870 INFO [main] org.apache.coyote.AbstractProtocol.start Starting ProtocolHandler ["http-bio-8080"]
06-Jan-2016 14:49:25.821 INFO [main] com.springsource.tcserver.security.PropertyDecoder.<init> tc Runtime property decoder using memory-based key
06-Jan-2016 14:49:25.821 INFO [main] com.springsource.tcserver.security.TcDecoder.initCiphers Initializing ciphers
06-Jan-2016 14:49:26.040 INFO [main] com.springsource.tcserver.security.PropertyDecoder.<init> tcServer Runtime property decoder has been initialized in 229 ms
06-Jan-2016 14:49:26.539 INFO [main] org.apache.coyote.AbstractProtocol.init Initializing ProtocolHandler ["http-bio-8080"]
06-Jan-2016 14:49:26.726 INFO [main] com.springsource.tcserver.serviceability.rmi.JmxSocketListener.init Started up JMX registry on 127.0.0.1:6969 in 169 ms
06-Jan-2016 14:49:26.742 INFO [main] org.apache.catalina.core.StandardService.startInternal Starting service Catalina
06-Jan-2016 14:49:26.742 INFO [main] org.apache.catalina.core.StandardEngine.startInternal Starting Servlet Engine: Pivotal tc Runtime 3.1.2.RELEASE/8.0.26.B.RELEASE
06-Jan-2016 14:49:26.757 INFO [localhost-startStop-1] org.apache.catalina.startup.HostConfig.deployDescriptor Deploying configuration descriptor C:\Java\pivotal-tc-server-developer-3.1.2.RELEASE\base-instance\conf\Catalina\localhost\ROOT.xml
06-Jan-2016 14:49:26.790 WARNING [localhost-startStop-1] org.apache.catalina.startup.SetContextPropertiesRule.begin [SetContextPropertiesRule]{Context} Setting property 'source' to 'org.eclipse.jst.jee.server:Limitless' did not find a matching property.
06-Jan-2016 14:49:27.772 INFO [localhost-startStop-1] org.apache.jasper.servlet.TldScanner.scanJars At least one JAR was scanned for TLDs yet contained no TLDs. Enable debug logging for this logger for a complete list of JARs that were scanned but no TLDs were found in them. Skipping unneeded JARs during scanning can improve startup time and JSP compilation time.
06-Jan-2016 14:49:28.928 INFO [localhost-startStop-1] org.apache.catalina.startup.HostConfig.deployDescriptor Deployment of configuration descriptor C:\Java\pivotal-tc-server-developer-3.1.2.RELEASE\base-instance\conf\Catalina\localhost\ROOT.xml has finished in 2,171 ms
06-Jan-2016 14:49:28.928 INFO [localhost-startStop-1] org.apache.catalina.startup.HostConfig.deployDirectory Deploying web application directory C:\Java\pivotal-tc-server-developer-3.1.2.RELEASE\base-instance\webapps\manager
06-Jan-2016 14:49:29.038 INFO [localhost-startStop-1] org.apache.jasper.servlet.TldScanner.scanJars At least one JAR was scanned for TLDs yet contained no TLDs. Enable debug logging for this logger for a complete list of JARs that were scanned but no TLDs were found in them. Skipping unneeded JARs during scanning can improve startup time and JSP compilation time.
06-Jan-2016 14:49:29.038 INFO [localhost-startStop-1] org.apache.catalina.startup.HostConfig.deployDirectory Deployment of web application directory C:\Java\pivotal-tc-server-developer-3.1.2.RELEASE\base-instance\webapps\manager has finished in 110 ms
06-Jan-2016 14:49:29.038 INFO [main] org.apache.coyote.AbstractProtocol.start Starting ProtocolHandler ["http-bio-8080"]
06-Jan-2016 15:02:03.408 INFO [ContainerBackgroundProcessor[StandardEngine[Catalina]]] org.apache.catalina.core.StandardContext.reload Reloading Context with name [] has started
06-Jan-2016 15:02:04.891 INFO [ContainerBackgroundProcessor[StandardEngine[Catalina]]] org.apache.catalina.core.StandardContext.reload Reloading Context with name [] is completed
06-Jan-2016 15:15:08.239 INFO [main] com.springsource.tcserver.security.PropertyDecoder.<init> tc Runtime property decoder using memory-based key
06-Jan-2016 15:15:08.239 INFO [main] com.springsource.tcserver.security.TcDecoder.initCiphers Initializing ciphers
06-Jan-2016 15:15:08.613 INFO [main] com.springsource.tcserver.security.PropertyDecoder.<init> tcServer Runtime property decoder has been initialized in 381 ms
06-Jan-2016 15:15:09.534 INFO [main] org.apache.coyote.AbstractProtocol.init Initializing ProtocolHandler ["http-bio-8080"]
06-Jan-2016 15:15:09.877 INFO [main] com.springsource.tcserver.serviceability.rmi.JmxSocketListener.init Started up JMX registry on 127.0.0.1:6969 in 292 ms
06-Jan-2016 15:15:09.893 INFO [main] org.apache.catalina.core.StandardService.startInternal Starting service Catalina
06-Jan-2016 15:15:09.893 INFO [main] org.apache.catalina.core.StandardEngine.startInternal Starting Servlet Engine: Pivotal tc Runtime 3.1.2.RELEASE/8.0.26.B.RELEASE
06-Jan-2016 15:15:09.909 INFO [localhost-startStop-1] org.apache.catalina.startup.HostConfig.deployDescriptor Deploying configuration descriptor C:\Java\pivotal-tc-server-developer-3.1.2.RELEASE\base-instance\conf\Catalina\localhost\ROOT.xml
06-Jan-2016 15:15:09.987 WARNING [localhost-startStop-1] org.apache.catalina.startup.SetContextPropertiesRule.begin [SetContextPropertiesRule]{Context} Setting property 'source' to 'org.eclipse.jst.jee.server:Limitless' did not find a matching property.
06-Jan-2016 15:15:12.783 INFO [localhost-startStop-1] org.apache.jasper.servlet.TldScanner.scanJars At least one JAR was scanned for TLDs yet contained no TLDs. Enable debug logging for this logger for a complete list of JARs that were scanned but no TLDs were found in them. Skipping unneeded JARs during scanning can improve startup time and JSP compilation time.
06-Jan-2016 15:15:16.176 INFO [localhost-startStop-1] org.apache.catalina.startup.HostConfig.deployDescriptor Deployment of configuration descriptor C:\Java\pivotal-tc-server-developer-3.1.2.RELEASE\base-instance\conf\Catalina\localhost\ROOT.xml has finished in 6,266 ms
06-Jan-2016 15:15:16.177 INFO [localhost-startStop-1] org.apache.catalina.startup.HostConfig.deployDirectory Deploying web application directory C:\Java\pivotal-tc-server-developer-3.1.2.RELEASE\base-instance\webapps\manager
06-Jan-2016 15:15:16.349 INFO [localhost-startStop-1] org.apache.jasper.servlet.TldScanner.scanJars At least one JAR was scanned for TLDs yet contained no TLDs. Enable debug logging for this logger for a complete list of JARs that were scanned but no TLDs were found in them. Skipping unneeded JARs during scanning can improve startup time and JSP compilation time.
06-Jan-2016 15:15:16.359 INFO [localhost-startStop-1] org.apache.catalina.startup.HostConfig.deployDirectory Deployment of web application directory C:\Java\pivotal-tc-server-developer-3.1.2.RELEASE\base-instance\webapps\manager has finished in 181 ms
06-Jan-2016 15:15:16.369 INFO [main] org.apache.coyote.AbstractProtocol.start Starting ProtocolHandler ["http-bio-8080"]
06-Jan-2016 15:22:23.224 INFO [ContainerBackgroundProcessor[StandardEngine[Catalina]]] org.apache.catalina.core.StandardContext.reload Reloading Context with name [] has started
06-Jan-2016 15:22:25.651 INFO [ContainerBackgroundProcessor[StandardEngine[Catalina]]] org.apache.catalina.core.StandardContext.reload Reloading Context with name [] is completed
06-Jan-2016 15:23:06.708 INFO [ContainerBackgroundProcessor[StandardEngine[Catalina]]] org.apache.catalina.core.StandardContext.reload Reloading Context with name [] has started
06-Jan-2016 15:23:08.040 INFO [ContainerBackgroundProcessor[StandardEngine[Catalina]]] org.apache.catalina.core.StandardContext.reload Reloading Context with name [] is completed
06-Jan-2016 15:26:35.064 INFO [ContainerBackgroundProcessor[StandardEngine[Catalina]]] org.apache.catalina.core.StandardContext.reload Reloading Context with name [] has started
06-Jan-2016 15:26:36.259 INFO [ContainerBackgroundProcessor[StandardEngine[Catalina]]] org.apache.catalina.core.StandardContext.reload Reloading Context with name [] is completed
06-Jan-2016 16:06:17.698 INFO [ContainerBackgroundProcessor[StandardEngine[Catalina]]] org.apache.catalina.core.StandardContext.reload Reloading Context with name [] has started
06-Jan-2016 17:02:49.483 INFO [main] com.springsource.tcserver.security.PropertyDecoder.<init> tc Runtime property decoder using memory-based key
06-Jan-2016 17:02:49.485 INFO [main] com.springsource.tcserver.security.TcDecoder.initCiphers Initializing ciphers
06-Jan-2016 17:02:50.101 INFO [main] com.springsource.tcserver.security.PropertyDecoder.<init> tcServer Runtime property decoder has been initialized in 620 ms
06-Jan-2016 17:02:50.951 INFO [main] org.apache.coyote.AbstractProtocol.init Initializing ProtocolHandler ["http-bio-8080"]
06-Jan-2016 17:02:51.229 INFO [main] com.springsource.tcserver.serviceability.rmi.JmxSocketListener.init Started up JMX registry on 127.0.0.1:6969 in 246 ms
06-Jan-2016 17:02:51.247 INFO [main] org.apache.catalina.core.StandardService.startInternal Starting service Catalina
06-Jan-2016 17:02:51.247 INFO [main] org.apache.catalina.core.StandardEngine.startInternal Starting Servlet Engine: Pivotal tc Runtime 3.1.2.RELEASE/8.0.26.B.RELEASE
06-Jan-2016 17:02:51.255 INFO [localhost-startStop-1] org.apache.catalina.startup.HostConfig.deployDescriptor Deploying configuration descriptor C:\Java\pivotal-tc-server-developer-3.1.2.RELEASE\base-instance\conf\Catalina\localhost\ROOT.xml
06-Jan-2016 17:02:51.312 WARNING [localhost-startStop-1] org.apache.catalina.startup.SetContextPropertiesRule.begin [SetContextPropertiesRule]{Context} Setting property 'source' to 'org.eclipse.jst.jee.server:Limitless' did not find a matching property.
06-Jan-2016 17:02:55.103 INFO [localhost-startStop-1] org.apache.jasper.servlet.TldScanner.scanJars At least one JAR was scanned for TLDs yet contained no TLDs. Enable debug logging for this logger for a complete list of JARs that were scanned but no TLDs were found in them. Skipping unneeded JARs during scanning can improve startup time and JSP compilation time.
06-Jan-2016 17:02:56.660 INFO [localhost-startStop-1] org.apache.catalina.startup.HostConfig.deployDescriptor Deployment of configuration descriptor C:\Java\pivotal-tc-server-developer-3.1.2.RELEASE\base-instance\conf\Catalina\localhost\ROOT.xml has finished in 5,405 ms
06-Jan-2016 17:02:56.661 INFO [localhost-startStop-1] org.apache.catalina.startup.HostConfig.deployDirectory Deploying web application directory C:\Java\pivotal-tc-server-developer-3.1.2.RELEASE\base-instance\webapps\manager
06-Jan-2016 17:02:56.780 INFO [localhost-startStop-1] org.apache.jasper.servlet.TldScanner.scanJars At least one JAR was scanned for TLDs yet contained no TLDs. Enable debug logging for this logger for a complete list of JARs that were scanned but no TLDs were found in them. Skipping unneeded JARs during scanning can improve startup time and JSP compilation time.
06-Jan-2016 17:02:56.787 INFO [localhost-startStop-1] org.apache.catalina.startup.HostConfig.deployDirectory Deployment of web application directory C:\Java\pivotal-tc-server-developer-3.1.2.RELEASE\base-instance\webapps\manager has finished in 126 ms
06-Jan-2016 17:02:56.796 INFO [main] org.apache.coyote.AbstractProtocol.start Starting ProtocolHandler ["http-bio-8080"]
06-Jan-2016 17:14:00.762 INFO [main] com.springsource.tcserver.security.PropertyDecoder.<init> tc Runtime property decoder using memory-based key
06-Jan-2016 17:14:00.764 INFO [main] com.springsource.tcserver.security.TcDecoder.initCiphers Initializing ciphers
06-Jan-2016 17:14:01.019 INFO [main] com.springsource.tcserver.security.PropertyDecoder.<init> tcServer Runtime property decoder has been initialized in 258 ms
06-Jan-2016 17:14:01.558 INFO [main] org.apache.coyote.AbstractProtocol.init Initializing ProtocolHandler ["http-bio-8080"]
06-Jan-2016 17:14:01.802 INFO [main] com.springsource.tcserver.serviceability.rmi.JmxSocketListener.init Started up JMX registry on 127.0.0.1:6969 in 182 ms
06-Jan-2016 17:14:01.819 INFO [main] org.apache.catalina.core.StandardService.startInternal Starting service Catalina
06-Jan-2016 17:14:01.819 INFO [main] org.apache.catalina.core.StandardEngine.startInternal Starting Servlet Engine: Pivotal tc Runtime 3.1.2.RELEASE/8.0.26.B.RELEASE
06-Jan-2016 17:14:01.826 INFO [localhost-startStop-1] org.apache.catalina.startup.HostConfig.deployDescriptor Deploying configuration descriptor C:\Java\pivotal-tc-server-developer-3.1.2.RELEASE\base-instance\conf\Catalina\localhost\ROOT.xml
06-Jan-2016 17:14:01.867 WARNING [localhost-startStop-1] org.apache.catalina.startup.SetContextPropertiesRule.begin [SetContextPropertiesRule]{Context} Setting property 'source' to 'org.eclipse.jst.jee.server:Limitless' did not find a matching property.
06-Jan-2016 17:14:03.242 INFO [localhost-startStop-1] org.apache.jasper.servlet.TldScanner.scanJars At least one JAR was scanned for TLDs yet contained no TLDs. Enable debug logging for this logger for a complete list of JARs that were scanned but no TLDs were found in them. Skipping unneeded JARs during scanning can improve startup time and JSP compilation time.
06-Jan-2016 17:14:04.581 INFO [localhost-startStop-1] org.apache.catalina.startup.HostConfig.deployDescriptor Deployment of configuration descriptor C:\Java\pivotal-tc-server-developer-3.1.2.RELEASE\base-instance\conf\Catalina\localhost\ROOT.xml has finished in 2,754 ms
06-Jan-2016 17:14:04.582 INFO [localhost-startStop-1] org.apache.catalina.startup.HostConfig.deployDirectory Deploying web application directory C:\Java\pivotal-tc-server-developer-3.1.2.RELEASE\base-instance\webapps\manager
06-Jan-2016 17:14:04.681 INFO [localhost-startStop-1] org.apache.jasper.servlet.TldScanner.scanJars At least one JAR was scanned for TLDs yet contained no TLDs. Enable debug logging for this logger for a complete list of JARs that were scanned but no TLDs were found in them. Skipping unneeded JARs during scanning can improve startup time and JSP compilation time.
06-Jan-2016 17:14:04.687 INFO [localhost-startStop-1] org.apache.catalina.startup.HostConfig.deployDirectory Deployment of web application directory C:\Java\pivotal-tc-server-developer-3.1.2.RELEASE\base-instance\webapps\manager has finished in 105 ms
06-Jan-2016 17:14:04.694 INFO [main] org.apache.coyote.AbstractProtocol.start Starting ProtocolHandler ["http-bio-8080"]
06-Jan-2016 17:15:11.529 INFO [main] com.springsource.tcserver.security.PropertyDecoder.<init> tc Runtime property decoder using memory-based key
06-Jan-2016 17:15:11.531 INFO [main] com.springsource.tcserver.security.TcDecoder.initCiphers Initializing ciphers
06-Jan-2016 17:15:11.787 INFO [main] com.springsource.tcserver.security.PropertyDecoder.<init> tcServer Runtime property decoder has been initialized in 261 ms
06-Jan-2016 17:15:12.399 INFO [main] org.apache.coyote.AbstractProtocol.init Initializing ProtocolHandler ["http-bio-8080"]
06-Jan-2016 17:15:12.636 INFO [main] com.springsource.tcserver.serviceability.rmi.JmxSocketListener.init Started up JMX registry on 127.0.0.1:6969 in 206 ms
06-Jan-2016 17:15:12.655 INFO [main] org.apache.catalina.core.StandardService.startInternal Starting service Catalina
06-Jan-2016 17:15:12.655 INFO [main] org.apache.catalina.core.StandardEngine.startInternal Starting Servlet Engine: Pivotal tc Runtime 3.1.2.RELEASE/8.0.26.B.RELEASE
06-Jan-2016 17:15:12.663 INFO [localhost-startStop-1] org.apache.catalina.startup.HostConfig.deployDescriptor Deploying configuration descriptor C:\Java\pivotal-tc-server-developer-3.1.2.RELEASE\base-instance\conf\Catalina\localhost\ROOT.xml
06-Jan-2016 17:15:12.713 WARNING [localhost-startStop-1] org.apache.catalina.startup.SetContextPropertiesRule.begin [SetContextPropertiesRule]{Context} Setting property 'source' to 'org.eclipse.jst.jee.server:Limitless' did not find a matching property.
06-Jan-2016 17:15:14.306 INFO [localhost-startStop-1] org.apache.jasper.servlet.TldScanner.scanJars At least one JAR was scanned for TLDs yet contained no TLDs. Enable debug logging for this logger for a complete list of JARs that were scanned but no TLDs were found in them. Skipping unneeded JARs during scanning can improve startup time and JSP compilation time.
06-Jan-2016 17:15:15.870 INFO [localhost-startStop-1] org.apache.catalina.startup.HostConfig.deployDescriptor Deployment of configuration descriptor C:\Java\pivotal-tc-server-developer-3.1.2.RELEASE\base-instance\conf\Catalina\localhost\ROOT.xml has finished in 3,206 ms
06-Jan-2016 17:15:15.870 INFO [localhost-startStop-1] org.apache.catalina.startup.HostConfig.deployDirectory Deploying web application directory C:\Java\pivotal-tc-server-developer-3.1.2.RELEASE\base-instance\webapps\manager
06-Jan-2016 17:15:15.959 INFO [localhost-startStop-1] org.apache.jasper.servlet.TldScanner.scanJars At least one JAR was scanned for TLDs yet contained no TLDs. Enable debug logging for this logger for a complete list of JARs that were scanned but no TLDs were found in them. Skipping unneeded JARs during scanning can improve startup time and JSP compilation time.
06-Jan-2016 17:15:15.969 INFO [localhost-startStop-1] org.apache.catalina.startup.HostConfig.deployDirectory Deployment of web application directory C:\Java\pivotal-tc-server-developer-3.1.2.RELEASE\base-instance\webapps\manager has finished in 99 ms
06-Jan-2016 17:15:15.976 INFO [main] org.apache.coyote.AbstractProtocol.start Starting ProtocolHandler ["http-bio-8080"]
06-Jan-2016 17:16:51.687 INFO [main] com.springsource.tcserver.security.PropertyDecoder.<init> tc Runtime property decoder using memory-based key
06-Jan-2016 17:16:51.687 INFO [main] com.springsource.tcserver.security.TcDecoder.initCiphers Initializing ciphers
06-Jan-2016 17:16:51.921 INFO [main] com.springsource.tcserver.security.PropertyDecoder.<init> tcServer Runtime property decoder has been initialized in 230 ms
06-Jan-2016 17:16:52.435 INFO [main] org.apache.coyote.AbstractProtocol.init Initializing ProtocolHandler ["http-bio-8080"]
06-Jan-2016 17:16:52.638 INFO [main] com.springsource.tcserver.serviceability.rmi.JmxSocketListener.init Started up JMX registry on 127.0.0.1:6969 in 169 ms
06-Jan-2016 17:16:52.654 INFO [main] org.apache.catalina.core.StandardService.startInternal Starting service Catalina
06-Jan-2016 17:16:52.654 INFO [main] org.apache.catalina.core.StandardEngine.startInternal Starting Servlet Engine: Pivotal tc Runtime 3.1.2.RELEASE/8.0.26.B.RELEASE
06-Jan-2016 17:16:52.654 INFO [localhost-startStop-1] org.apache.catalina.startup.HostConfig.deployDescriptor Deploying configuration descriptor C:\Java\pivotal-tc-server-developer-3.1.2.RELEASE\base-instance\conf\Catalina\localhost\ROOT.xml
06-Jan-2016 17:16:52.686 WARNING [localhost-startStop-1] org.apache.catalina.startup.SetContextPropertiesRule.begin [SetContextPropertiesRule]{Context} Setting property 'source' to 'org.eclipse.jst.jee.server:Limitless' did not find a matching property.
06-Jan-2016 17:16:53.996 INFO [localhost-startStop-1] org.apache.jasper.servlet.TldScanner.scanJars At least one JAR was scanned for TLDs yet contained no TLDs. Enable debug logging for this logger for a complete list of JARs that were scanned but no TLDs were found in them. Skipping unneeded JARs during scanning can improve startup time and JSP compilation time.
06-Jan-2016 17:16:55.309 INFO [localhost-startStop-1] org.apache.catalina.startup.HostConfig.deployDescriptor Deployment of configuration descriptor C:\Java\pivotal-tc-server-developer-3.1.2.RELEASE\base-instance\conf\Catalina\localhost\ROOT.xml has finished in 2,655 ms
06-Jan-2016 17:16:55.309 INFO [localhost-startStop-1] org.apache.catalina.startup.HostConfig.deployDirectory Deploying web application directory C:\Java\pivotal-tc-server-developer-3.1.2.RELEASE\base-instance\webapps\manager
06-Jan-2016 17:16:55.387 INFO [localhost-startStop-1] org.apache.jasper.servlet.TldScanner.scanJars At least one JAR was scanned for TLDs yet contained no TLDs. Enable debug logging for this logger for a complete list of JARs that were scanned but no TLDs were found in them. Skipping unneeded JARs during scanning can improve startup time and JSP compilation time.
06-Jan-2016 17:16:55.387 INFO [localhost-startStop-1] org.apache.catalina.startup.HostConfig.deployDirectory Deployment of web application directory C:\Java\pivotal-tc-server-developer-3.1.2.RELEASE\base-instance\webapps\manager has finished in 78 ms
06-Jan-2016 17:16:55.402 INFO [main] org.apache.coyote.AbstractProtocol.start Starting ProtocolHandler ["http-bio-8080"]
06-Jan-2016 17:17:41.559 INFO [main] com.springsource.tcserver.security.PropertyDecoder.<init> tc Runtime property decoder using memory-based key
06-Jan-2016 17:17:41.574 INFO [main] com.springsource.tcserver.security.TcDecoder.initCiphers Initializing ciphers
06-Jan-2016 17:17:41.793 INFO [main] com.springsource.tcserver.security.PropertyDecoder.<init> tcServer Runtime property decoder has been initialized in 236 ms
06-Jan-2016 17:17:42.387 INFO [main] org.apache.coyote.AbstractProtocol.init Initializing ProtocolHandler ["http-bio-8080"]
06-Jan-2016 17:17:42.589 INFO [main] com.springsource.tcserver.serviceability.rmi.JmxSocketListener.init Started up JMX registry on 127.0.0.1:6969 in 184 ms
06-Jan-2016 17:17:42.605 INFO [main] org.apache.catalina.core.StandardService.startInternal Starting service Catalina
06-Jan-2016 17:17:42.605 INFO [main] org.apache.catalina.core.StandardEngine.startInternal Starting Servlet Engine: Pivotal tc Runtime 3.1.2.RELEASE/8.0.26.B.RELEASE
06-Jan-2016 17:17:42.621 INFO [localhost-startStop-1] org.apache.catalina.startup.HostConfig.deployDescriptor Deploying configuration descriptor C:\Java\pivotal-tc-server-developer-3.1.2.RELEASE\base-instance\conf\Catalina\localhost\ROOT.xml
06-Jan-2016 17:17:42.668 WARNING [localhost-startStop-1] org.apache.catalina.startup.SetContextPropertiesRule.begin [SetContextPropertiesRule]{Context} Setting property 'source' to 'org.eclipse.jst.jee.server:Limitless' did not find a matching property.
06-Jan-2016 17:17:43.999 INFO [localhost-startStop-1] org.apache.jasper.servlet.TldScanner.scanJars At least one JAR was scanned for TLDs yet contained no TLDs. Enable debug logging for this logger for a complete list of JARs that were scanned but no TLDs were found in them. Skipping unneeded JARs during scanning can improve startup time and JSP compilation time.
06-Jan-2016 17:17:45.311 INFO [localhost-startStop-1] org.apache.catalina.startup.HostConfig.deployDescriptor Deployment of configuration descriptor C:\Java\pivotal-tc-server-developer-3.1.2.RELEASE\base-instance\conf\Catalina\localhost\ROOT.xml has finished in 2,690 ms
06-Jan-2016 17:17:45.311 INFO [localhost-startStop-1] org.apache.catalina.startup.HostConfig.deployDirectory Deploying web application directory C:\Java\pivotal-tc-server-developer-3.1.2.RELEASE\base-instance\webapps\manager
06-Jan-2016 17:17:45.390 INFO [localhost-startStop-1] org.apache.jasper.servlet.TldScanner.scanJars At least one JAR was scanned for TLDs yet contained no TLDs. Enable debug logging for this logger for a complete list of JARs that were scanned but no TLDs were found in them. Skipping unneeded JARs during scanning can improve startup time and JSP compilation time.
06-Jan-2016 17:17:45.390 INFO [localhost-startStop-1] org.apache.catalina.startup.HostConfig.deployDirectory Deployment of web application directory C:\Java\pivotal-tc-server-developer-3.1.2.RELEASE\base-instance\webapps\manager has finished in 79 ms
06-Jan-2016 17:17:45.406 INFO [main] org.apache.coyote.AbstractProtocol.start Starting ProtocolHandler ["http-bio-8080"]
06-Jan-2016 17:22:54.238 INFO [RMI TCP Connection(4)-127.0.0.1] org.apache.coyote.AbstractProtocol.pause Pausing ProtocolHandler ["http-bio-8080"]
06-Jan-2016 17:22:54.301 INFO [RMI TCP Connection(4)-127.0.0.1] org.apache.catalina.core.StandardService.stopInternal Stopping service Catalina
06-Jan-2016 17:22:54.316 INFO [RMI TCP Connection(4)-127.0.0.1] org.apache.coyote.AbstractProtocol.stop Stopping ProtocolHandler ["http-bio-8080"]
06-Jan-2016 17:22:55.260 INFO [main] com.springsource.tcserver.security.PropertyDecoder.<init> tc Runtime property decoder using memory-based key
06-Jan-2016 17:22:55.260 INFO [main] com.springsource.tcserver.security.TcDecoder.initCiphers Initializing ciphers
06-Jan-2016 17:22:55.494 INFO [main] com.springsource.tcserver.security.PropertyDecoder.<init> tcServer Runtime property decoder has been initialized in 240 ms
06-Jan-2016 17:22:56.058 INFO [main] org.apache.coyote.AbstractProtocol.init Initializing ProtocolHandler ["http-bio-8080"]
06-Jan-2016 17:22:56.261 INFO [main] com.springsource.tcserver.serviceability.rmi.JmxSocketListener.init Started up JMX registry on 127.0.0.1:6969 in 170 ms
06-Jan-2016 17:22:56.277 INFO [main] org.apache.catalina.core.StandardService.startInternal Starting service Catalina
06-Jan-2016 17:22:56.277 INFO [main] org.apache.catalina.core.StandardEngine.startInternal Starting Servlet Engine: Pivotal tc Runtime 3.1.2.RELEASE/8.0.26.B.RELEASE
06-Jan-2016 17:22:56.277 INFO [localhost-startStop-1] org.apache.catalina.startup.HostConfig.deployDescriptor Deploying configuration descriptor C:\Java\pivotal-tc-server-developer-3.1.2.RELEASE\base-instance\conf\Catalina\localhost\ROOT.xml
06-Jan-2016 17:22:56.324 WARNING [localhost-startStop-1] org.apache.catalina.startup.SetContextPropertiesRule.begin [SetContextPropertiesRule]{Context} Setting property 'source' to 'org.eclipse.jst.jee.server:Limitless' did not find a matching property.
06-Jan-2016 17:22:57.635 INFO [localhost-startStop-1] org.apache.jasper.servlet.TldScanner.scanJars At least one JAR was scanned for TLDs yet contained no TLDs. Enable debug logging for this logger for a complete list of JARs that were scanned but no TLDs were found in them. Skipping unneeded JARs during scanning can improve startup time and JSP compilation time.
06-Jan-2016 17:22:58.916 INFO [localhost-startStop-1] org.apache.catalina.startup.HostConfig.deployDescriptor Deployment of configuration descriptor C:\Java\pivotal-tc-server-developer-3.1.2.RELEASE\base-instance\conf\Catalina\localhost\ROOT.xml has finished in 2,639 ms
06-Jan-2016 17:22:58.916 INFO [localhost-startStop-1] org.apache.catalina.startup.HostConfig.deployDirectory Deploying web application directory C:\Java\pivotal-tc-server-developer-3.1.2.RELEASE\base-instance\webapps\manager
06-Jan-2016 17:22:59.010 INFO [localhost-startStop-1] org.apache.jasper.servlet.TldScanner.scanJars At least one JAR was scanned for TLDs yet contained no TLDs. Enable debug logging for this logger for a complete list of JARs that were scanned but no TLDs were found in them. Skipping unneeded JARs during scanning can improve startup time and JSP compilation time.
06-Jan-2016 17:22:59.010 INFO [localhost-startStop-1] org.apache.catalina.startup.HostConfig.deployDirectory Deployment of web application directory C:\Java\pivotal-tc-server-developer-3.1.2.RELEASE\base-instance\webapps\manager has finished in 94 ms
06-Jan-2016 17:22:59.010 INFO [main] org.apache.coyote.AbstractProtocol.start Starting ProtocolHandler ["http-bio-8080"]
06-Jan-2016 17:28:31.277 INFO [ContainerBackgroundProcessor[StandardEngine[Catalina]]] org.apache.catalina.core.StandardContext.reload Reloading Context with name [] has started
06-Jan-2016 17:28:32.926 INFO [ContainerBackgroundProcessor[StandardEngine[Catalina]]] org.apache.catalina.core.StandardContext.reload Reloading Context with name [] is completed
06-Jan-2016 17:28:53.342 INFO [ContainerBackgroundProcessor[StandardEngine[Catalina]]] org.apache.catalina.core.StandardContext.reload Reloading Context with name [] has started
06-Jan-2016 17:28:55.122 INFO [ContainerBackgroundProcessor[StandardEngine[Catalina]]] org.apache.catalina.core.StandardContext.reload Reloading Context with name [] is completed
06-Jan-2016 17:29:15.545 INFO [ContainerBackgroundProcessor[StandardEngine[Catalina]]] org.apache.catalina.core.StandardContext.reload Reloading Context with name [] has started
06-Jan-2016 17:29:17.479 INFO [ContainerBackgroundProcessor[StandardEngine[Catalina]]] org.apache.catalina.core.StandardContext.reload Reloading Context with name [] is completed
06-Jan-2016 17:34:09.447 INFO [RMI TCP Connection(6)-127.0.0.1] org.apache.coyote.AbstractProtocol.pause Pausing ProtocolHandler ["http-bio-8080"]
06-Jan-2016 17:34:09.509 INFO [RMI TCP Connection(6)-127.0.0.1] org.apache.catalina.core.StandardService.stopInternal Stopping service Catalina
06-Jan-2016 17:34:09.525 INFO [RMI TCP Connection(6)-127.0.0.1] org.apache.coyote.AbstractProtocol.stop Stopping ProtocolHandler ["http-bio-8080"]
06-Jan-2016 17:34:10.478 INFO [main] com.springsource.tcserver.security.PropertyDecoder.<init> tc Runtime property decoder using memory-based key
06-Jan-2016 17:34:10.478 INFO [main] com.springsource.tcserver.security.TcDecoder.initCiphers Initializing ciphers
06-Jan-2016 17:34:10.743 INFO [main] com.springsource.tcserver.security.PropertyDecoder.<init> tcServer Runtime property decoder has been initialized in 260 ms
06-Jan-2016 17:34:11.336 INFO [main] org.apache.coyote.AbstractProtocol.init Initializing ProtocolHandler ["http-bio-8080"]
06-Jan-2016 17:34:11.539 INFO [main] com.springsource.tcserver.serviceability.rmi.JmxSocketListener.init Started up JMX registry on 127.0.0.1:6969 in 174 ms
06-Jan-2016 17:34:11.555 INFO [main] org.apache.catalina.core.StandardService.startInternal Starting service Catalina
06-Jan-2016 17:34:11.555 INFO [main] org.apache.catalina.core.StandardEngine.startInternal Starting Servlet Engine: Pivotal tc Runtime 3.1.2.RELEASE/8.0.26.B.RELEASE
06-Jan-2016 17:34:11.555 INFO [localhost-startStop-1] org.apache.catalina.startup.HostConfig.deployDescriptor Deploying configuration descriptor C:\Java\pivotal-tc-server-developer-3.1.2.RELEASE\base-instance\conf\Catalina\localhost\ROOT.xml
06-Jan-2016 17:34:11.602 WARNING [localhost-startStop-1] org.apache.catalina.startup.SetContextPropertiesRule.begin [SetContextPropertiesRule]{Context} Setting property 'source' to 'org.eclipse.jst.jee.server:Limitless' did not find a matching property.
06-Jan-2016 17:34:13.043 INFO [localhost-startStop-1] org.apache.jasper.servlet.TldScanner.scanJars At least one JAR was scanned for TLDs yet contained no TLDs. Enable debug logging for this logger for a complete list of JARs that were scanned but no TLDs were found in them. Skipping unneeded JARs during scanning can improve startup time and JSP compilation time.
06-Jan-2016 17:34:14.723 INFO [localhost-startStop-1] org.apache.catalina.startup.HostConfig.deployDescriptor Deployment of configuration descriptor C:\Java\pivotal-tc-server-developer-3.1.2.RELEASE\base-instance\conf\Catalina\localhost\ROOT.xml has finished in 3,168 ms
06-Jan-2016 17:34:14.723 INFO [localhost-startStop-1] org.apache.catalina.startup.HostConfig.deployDirectory Deploying web application directory C:\Java\pivotal-tc-server-developer-3.1.2.RELEASE\base-instance\webapps\manager
06-Jan-2016 17:34:14.817 INFO [localhost-startStop-1] org.apache.jasper.servlet.TldScanner.scanJars At least one JAR was scanned for TLDs yet contained no TLDs. Enable debug logging for this logger for a complete list of JARs that were scanned but no TLDs were found in them. Skipping unneeded JARs during scanning can improve startup time and JSP compilation time.
06-Jan-2016 17:34:14.832 INFO [localhost-startStop-1] org.apache.catalina.startup.HostConfig.deployDirectory Deployment of web application directory C:\Java\pivotal-tc-server-developer-3.1.2.RELEASE\base-instance\webapps\manager has finished in 109 ms
06-Jan-2016 17:34:14.832 INFO [main] org.apache.coyote.AbstractProtocol.start Starting ProtocolHandler ["http-bio-8080"]
06-Jan-2016 18:05:20.617 INFO [main] com.springsource.tcserver.security.PropertyDecoder.<init> tc Runtime property decoder using memory-based key
06-Jan-2016 18:05:20.617 INFO [main] com.springsource.tcserver.security.TcDecoder.initCiphers Initializing ciphers
06-Jan-2016 18:05:20.898 INFO [main] com.springsource.tcserver.security.PropertyDecoder.<init> tcServer Runtime property decoder has been initialized in 272 ms
06-Jan-2016 18:05:21.398 INFO [main] org.apache.coyote.AbstractProtocol.init Initializing ProtocolHandler ["http-bio-8080"]
06-Jan-2016 18:05:21.601 INFO [main] com.springsource.tcserver.serviceability.rmi.JmxSocketListener.init Started up JMX registry on 127.0.0.1:6969 in 178 ms
06-Jan-2016 18:05:21.617 INFO [main] org.apache.catalina.core.StandardService.startInternal Starting service Catalina
06-Jan-2016 18:05:21.617 INFO [main] org.apache.catalina.core.StandardEngine.startInternal Starting Servlet Engine: Pivotal tc Runtime 3.1.2.RELEASE/8.0.26.B.RELEASE
06-Jan-2016 18:05:21.634 INFO [localhost-startStop-1] org.apache.catalina.startup.HostConfig.deployDescriptor Deploying configuration descriptor C:\Java\pivotal-tc-server-developer-3.1.2.RELEASE\base-instance\conf\Catalina\localhost\ROOT.xml
06-Jan-2016 18:05:21.665 WARNING [localhost-startStop-1] org.apache.catalina.startup.SetContextPropertiesRule.begin [SetContextPropertiesRule]{Context} Setting property 'source' to 'org.eclipse.jst.jee.server:Limitless' did not find a matching property.
06-Jan-2016 18:05:23.019 INFO [localhost-startStop-1] org.apache.jasper.servlet.TldScanner.scanJars At least one JAR was scanned for TLDs yet contained no TLDs. Enable debug logging for this logger for a complete list of JARs that were scanned but no TLDs were found in them. Skipping unneeded JARs during scanning can improve startup time and JSP compilation time.
06-Jan-2016 18:05:24.619 INFO [localhost-startStop-1] org.apache.catalina.startup.HostConfig.deployDescriptor Deployment of configuration descriptor C:\Java\pivotal-tc-server-developer-3.1.2.RELEASE\base-instance\conf\Catalina\localhost\ROOT.xml has finished in 2,984 ms
06-Jan-2016 18:05:24.620 INFO [localhost-startStop-1] org.apache.catalina.startup.HostConfig.deployDirectory Deploying web application directory C:\Java\pivotal-tc-server-developer-3.1.2.RELEASE\base-instance\webapps\manager
06-Jan-2016 18:05:24.771 INFO [localhost-startStop-1] org.apache.jasper.servlet.TldScanner.scanJars At least one JAR was scanned for TLDs yet contained no TLDs. Enable debug logging for this logger for a complete list of JARs that were scanned but no TLDs were found in them. Skipping unneeded JARs during scanning can improve startup time and JSP compilation time.
06-Jan-2016 18:05:24.783 INFO [localhost-startStop-1] org.apache.catalina.startup.HostConfig.deployDirectory Deployment of web application directory C:\Java\pivotal-tc-server-developer-3.1.2.RELEASE\base-instance\webapps\manager has finished in 162 ms
06-Jan-2016 18:05:24.793 INFO [main] org.apache.coyote.AbstractProtocol.start Starting ProtocolHandler ["http-bio-8080"]
06-Jan-2016 18:07:13.157 INFO [main] com.springsource.tcserver.security.PropertyDecoder.<init> tc Runtime property decoder using memory-based key
06-Jan-2016 18:07:13.157 INFO [main] com.springsource.tcserver.security.TcDecoder.initCiphers Initializing ciphers
06-Jan-2016 18:07:13.407 INFO [main] com.springsource.tcserver.security.PropertyDecoder.<init> tcServer Runtime property decoder has been initialized in 258 ms
06-Jan-2016 18:07:13.907 INFO [main] org.apache.coyote.AbstractProtocol.init Initializing ProtocolHandler ["http-bio-8080"]
06-Jan-2016 18:07:14.094 INFO [main] com.springsource.tcserver.serviceability.rmi.JmxSocketListener.init Started up JMX registry on 127.0.0.1:6969 in 169 ms
06-Jan-2016 18:07:14.109 INFO [main] org.apache.catalina.core.StandardService.startInternal Starting service Catalina
06-Jan-2016 18:07:14.109 INFO [main] org.apache.catalina.core.StandardEngine.startInternal Starting Servlet Engine: Pivotal tc Runtime 3.1.2.RELEASE/8.0.26.B.RELEASE
06-Jan-2016 18:07:14.125 INFO [localhost-startStop-1] org.apache.catalina.startup.HostConfig.deployDescriptor Deploying configuration descriptor C:\Java\pivotal-tc-server-developer-3.1.2.RELEASE\base-instance\conf\Catalina\localhost\ROOT.xml
06-Jan-2016 18:07:14.173 WARNING [localhost-startStop-1] org.apache.catalina.startup.SetContextPropertiesRule.begin [SetContextPropertiesRule]{Context} Setting property 'source' to 'org.eclipse.jst.jee.server:Limitless' did not find a matching property.
06-Jan-2016 18:07:15.439 INFO [localhost-startStop-1] org.apache.jasper.servlet.TldScanner.scanJars At least one JAR was scanned for TLDs yet contained no TLDs. Enable debug logging for this logger for a complete list of JARs that were scanned but no TLDs were found in them. Skipping unneeded JARs during scanning can improve startup time and JSP compilation time.
06-Jan-2016 18:07:16.736 INFO [localhost-startStop-1] org.apache.catalina.startup.HostConfig.deployDescriptor Deployment of configuration descriptor C:\Java\pivotal-tc-server-developer-3.1.2.RELEASE\base-instance\conf\Catalina\localhost\ROOT.xml has finished in 2,611 ms
06-Jan-2016 18:07:16.736 INFO [localhost-startStop-1] org.apache.catalina.startup.HostConfig.deployDirectory Deploying web application directory C:\Java\pivotal-tc-server-developer-3.1.2.RELEASE\base-instance\webapps\manager
06-Jan-2016 18:07:16.814 INFO [localhost-startStop-1] org.apache.jasper.servlet.TldScanner.scanJars At least one JAR was scanned for TLDs yet contained no TLDs. Enable debug logging for this logger for a complete list of JARs that were scanned but no TLDs were found in them. Skipping unneeded JARs during scanning can improve startup time and JSP compilation time.
06-Jan-2016 18:07:16.830 INFO [localhost-startStop-1] org.apache.catalina.startup.HostConfig.deployDirectory Deployment of web application directory C:\Java\pivotal-tc-server-developer-3.1.2.RELEASE\base-instance\webapps\manager has finished in 94 ms
06-Jan-2016 18:07:16.830 INFO [main] org.apache.coyote.AbstractProtocol.start Starting ProtocolHandler ["http-bio-8080"]
