1월 22, 2016 7:35:20 오후 com.springsource.tcserver.security.PropertyDecoder <init>
정보: tc Runtime property decoder using memory-based key
1월 22, 2016 7:35:20 오후 com.springsource.tcserver.security.TcDecoder initCiphers
정보: Initializing ciphers
1월 22, 2016 7:35:22 오후 com.springsource.tcserver.security.PropertyDecoder <init>
정보: tcServer Runtime property decoder has been initialized in 1628 ms
1월 22, 2016 7:36:32 오후 com.springsource.tcserver.security.PropertyDecoder <init>
정보: tc Runtime property decoder using memory-based key
1월 22, 2016 7:36:32 오후 com.springsource.tcserver.security.TcDecoder initCiphers
정보: Initializing ciphers
1월 22, 2016 7:36:33 오후 com.springsource.tcserver.security.PropertyDecoder <init>
정보: tcServer Runtime property decoder has been initialized in 698 ms
1월 22, 2016 7:36:35 오후 org.apache.coyote.AbstractProtocol init
정보: Initializing ProtocolHandler ["http-bio-8080"]
1월 22, 2016 7:36:35 오후 org.apache.coyote.AbstractProtocol init
정보: Initializing ProtocolHandler ["http-bio-8443"]
1월 22, 2016 7:36:36 오후 com.springsource.tcserver.serviceability.rmi.JmxSocketListener init
정보: Started up JMX registry on 127.0.0.1:6969 in 133 ms
1월 22, 2016 7:36:36 오후 org.apache.catalina.core.StandardService startInternal
정보: Starting service Catalina
1월 22, 2016 7:36:36 오후 org.apache.catalina.core.StandardEngine startInternal
정보: Starting Servlet Engine: Pivotal tc Runtime 3.1.2.RELEASE/7.0.64.B.RELEASE
1월 22, 2016 7:36:45 오후 org.apache.catalina.startup.TldConfig execute
정보: At least one JAR was scanned for TLDs yet contained no TLDs. Enable debug logging for this logger for a complete list of JARs that were scanned but no TLDs were found in them. Skipping unneeded JARs during scanning can improve startup time and JSP compilation time.
1월 22, 2016 7:37:05 오후 org.apache.catalina.startup.HostConfig deployDirectory
정보: Deploying web application directory C:\Java\pivotal-tc-server-developer-3.1.2.RELEASE\bio-ssl-instance\webapps\manager
1월 22, 2016 7:37:05 오후 org.apache.catalina.startup.TldConfig execute
정보: At least one JAR was scanned for TLDs yet contained no TLDs. Enable debug logging for this logger for a complete list of JARs that were scanned but no TLDs were found in them. Skipping unneeded JARs during scanning can improve startup time and JSP compilation time.
1월 22, 2016 7:37:05 오후 org.apache.catalina.startup.HostConfig deployDirectory
정보: Deployment of web application directory C:\Java\pivotal-tc-server-developer-3.1.2.RELEASE\bio-ssl-instance\webapps\manager has finished in 463 ms
1월 22, 2016 7:37:05 오후 org.apache.catalina.startup.HostConfig deployDirectory
정보: Deploying web application directory C:\Java\pivotal-tc-server-developer-3.1.2.RELEASE\bio-ssl-instance\webapps\ROOT
1월 22, 2016 7:37:06 오후 org.apache.catalina.startup.TldConfig execute
정보: At least one JAR was scanned for TLDs yet contained no TLDs. Enable debug logging for this logger for a complete list of JARs that were scanned but no TLDs were found in them. Skipping unneeded JARs during scanning can improve startup time and JSP compilation time.
1월 22, 2016 7:37:06 오후 org.apache.catalina.startup.HostConfig deployDirectory
정보: Deployment of web application directory C:\Java\pivotal-tc-server-developer-3.1.2.RELEASE\bio-ssl-instance\webapps\ROOT has finished in 1,173 ms
1월 22, 2016 7:37:06 오후 org.apache.coyote.AbstractProtocol start
정보: Starting ProtocolHandler ["http-bio-8080"]
1월 22, 2016 7:37:07 오후 org.apache.coyote.AbstractProtocol start
정보: Starting ProtocolHandler ["http-bio-8443"]
1월 22, 2016 7:37:12 오후 org.apache.jasper.compiler.TldLocationsCache tldScanJar
정보: At least one JAR was scanned for TLDs yet contained no TLDs. Enable debug logging for this logger for a complete list of JARs that were scanned but no TLDs were found in them. Skipping unneeded JARs during scanning can improve startup time and JSP compilation time.
1월 22, 2016 7:38:38 오후 com.springsource.tcserver.security.PropertyDecoder <init>
정보: tc Runtime property decoder using memory-based key
1월 22, 2016 7:38:38 오후 com.springsource.tcserver.security.TcDecoder initCiphers
정보: Initializing ciphers
1월 22, 2016 7:38:38 오후 com.springsource.tcserver.security.PropertyDecoder <init>
정보: tcServer Runtime property decoder has been initialized in 566 ms
1월 22, 2016 7:38:39 오후 org.apache.coyote.AbstractProtocol init
정보: Initializing ProtocolHandler ["http-bio-8080"]
1월 22, 2016 7:38:39 오후 org.apache.coyote.AbstractProtocol init
정보: Initializing ProtocolHandler ["http-bio-8443"]
1월 22, 2016 7:38:40 오후 com.springsource.tcserver.serviceability.rmi.JmxSocketListener init
정보: Started up JMX registry on 127.0.0.1:6969 in 147 ms
1월 22, 2016 7:38:40 오후 org.apache.catalina.core.StandardService startInternal
정보: Starting service Catalina
1월 22, 2016 7:38:40 오후 org.apache.catalina.core.StandardEngine startInternal
정보: Starting Servlet Engine: Pivotal tc Runtime 3.1.2.RELEASE/7.0.64.B.RELEASE
1월 22, 2016 7:38:46 오후 org.apache.catalina.startup.TldConfig execute
정보: At least one JAR was scanned for TLDs yet contained no TLDs. Enable debug logging for this logger for a complete list of JARs that were scanned but no TLDs were found in them. Skipping unneeded JARs during scanning can improve startup time and JSP compilation time.
1월 22, 2016 7:38:57 오후 org.apache.catalina.startup.HostConfig deployDirectory
정보: Deploying web application directory C:\Java\pivotal-tc-server-developer-3.1.2.RELEASE\bio-ssl-instance\webapps\manager
1월 22, 2016 7:38:57 오후 org.apache.catalina.startup.TldConfig execute
정보: At least one JAR was scanned for TLDs yet contained no TLDs. Enable debug logging for this logger for a complete list of JARs that were scanned but no TLDs were found in them. Skipping unneeded JARs during scanning can improve startup time and JSP compilation time.
1월 22, 2016 7:38:57 오후 org.apache.catalina.startup.HostConfig deployDirectory
정보: Deployment of web application directory C:\Java\pivotal-tc-server-developer-3.1.2.RELEASE\bio-ssl-instance\webapps\manager has finished in 93 ms
1월 22, 2016 7:38:57 오후 org.apache.catalina.startup.HostConfig deployDirectory
정보: Deploying web application directory C:\Java\pivotal-tc-server-developer-3.1.2.RELEASE\bio-ssl-instance\webapps\ROOT
1월 22, 2016 7:38:57 오후 org.apache.catalina.startup.TldConfig execute
정보: At least one JAR was scanned for TLDs yet contained no TLDs. Enable debug logging for this logger for a complete list of JARs that were scanned but no TLDs were found in them. Skipping unneeded JARs during scanning can improve startup time and JSP compilation time.
1월 22, 2016 7:38:57 오후 org.apache.catalina.startup.HostConfig deployDirectory
정보: Deployment of web application directory C:\Java\pivotal-tc-server-developer-3.1.2.RELEASE\bio-ssl-instance\webapps\ROOT has finished in 98 ms
1월 22, 2016 7:38:57 오후 org.apache.coyote.AbstractProtocol start
정보: Starting ProtocolHandler ["http-bio-8080"]
1월 22, 2016 7:38:57 오후 org.apache.coyote.AbstractProtocol start
정보: Starting ProtocolHandler ["http-bio-8443"]
1월 22, 2016 7:45:09 오후 com.springsource.tcserver.security.PropertyDecoder <init>
정보: tc Runtime property decoder using memory-based key
1월 22, 2016 7:45:09 오후 com.springsource.tcserver.security.TcDecoder initCiphers
정보: Initializing ciphers
1월 22, 2016 7:45:09 오후 com.springsource.tcserver.security.PropertyDecoder <init>
정보: tcServer Runtime property decoder has been initialized in 665 ms
1월 22, 2016 7:45:11 오후 org.apache.coyote.AbstractProtocol init
정보: Initializing ProtocolHandler ["http-bio-8080"]
1월 22, 2016 7:45:11 오후 org.apache.coyote.AbstractProtocol init
정보: Initializing ProtocolHandler ["http-bio-8443"]
1월 22, 2016 7:45:12 오후 com.springsource.tcserver.serviceability.rmi.JmxSocketListener init
정보: Started up JMX registry on 127.0.0.1:6969 in 257 ms
1월 22, 2016 7:45:12 오후 org.apache.catalina.core.StandardService startInternal
정보: Starting service Catalina
1월 22, 2016 7:45:12 오후 org.apache.catalina.core.StandardEngine startInternal
정보: Starting Servlet Engine: Pivotal tc Runtime 3.1.2.RELEASE/7.0.64.B.RELEASE
1월 22, 2016 7:45:21 오후 org.apache.catalina.startup.TldConfig execute
정보: At least one JAR was scanned for TLDs yet contained no TLDs. Enable debug logging for this logger for a complete list of JARs that were scanned but no TLDs were found in them. Skipping unneeded JARs during scanning can improve startup time and JSP compilation time.
1월 22, 2016 7:45:33 오후 org.apache.catalina.startup.HostConfig deployDirectory
정보: Deploying web application directory C:\Java\pivotal-tc-server-developer-3.1.2.RELEASE\bio-ssl-instance\webapps\manager
1월 22, 2016 7:45:33 오후 org.apache.catalina.startup.TldConfig execute
정보: At least one JAR was scanned for TLDs yet contained no TLDs. Enable debug logging for this logger for a complete list of JARs that were scanned but no TLDs were found in them. Skipping unneeded JARs during scanning can improve startup time and JSP compilation time.
1월 22, 2016 7:45:33 오후 org.apache.catalina.startup.HostConfig deployDirectory
정보: Deployment of web application directory C:\Java\pivotal-tc-server-developer-3.1.2.RELEASE\bio-ssl-instance\webapps\manager has finished in 140 ms
1월 22, 2016 7:45:33 오후 org.apache.catalina.startup.HostConfig deployDirectory
정보: Deploying web application directory C:\Java\pivotal-tc-server-developer-3.1.2.RELEASE\bio-ssl-instance\webapps\ROOT
1월 22, 2016 7:45:33 오후 org.apache.catalina.startup.TldConfig execute
정보: At least one JAR was scanned for TLDs yet contained no TLDs. Enable debug logging for this logger for a complete list of JARs that were scanned but no TLDs were found in them. Skipping unneeded JARs during scanning can improve startup time and JSP compilation time.
1월 22, 2016 7:45:33 오후 org.apache.catalina.startup.HostConfig deployDirectory
정보: Deployment of web application directory C:\Java\pivotal-tc-server-developer-3.1.2.RELEASE\bio-ssl-instance\webapps\ROOT has finished in 109 ms
1월 22, 2016 7:45:33 오후 org.apache.coyote.AbstractProtocol start
정보: Starting ProtocolHandler ["http-bio-8080"]
1월 22, 2016 7:45:34 오후 org.apache.coyote.AbstractProtocol start
정보: Starting ProtocolHandler ["http-bio-8443"]
1월 22, 2016 7:49:45 오후 com.springsource.tcserver.security.PropertyDecoder <init>
정보: tc Runtime property decoder using memory-based key
1월 22, 2016 7:49:45 오후 com.springsource.tcserver.security.TcDecoder initCiphers
정보: Initializing ciphers
1월 22, 2016 7:49:45 오후 com.springsource.tcserver.security.PropertyDecoder <init>
정보: tcServer Runtime property decoder has been initialized in 513 ms
1월 22, 2016 7:49:46 오후 org.apache.coyote.AbstractProtocol init
정보: Initializing ProtocolHandler ["http-bio-8080"]
1월 22, 2016 7:49:46 오후 org.apache.coyote.AbstractProtocol init
정보: Initializing ProtocolHandler ["http-bio-8443"]
1월 22, 2016 7:49:47 오후 com.springsource.tcserver.serviceability.rmi.JmxSocketListener init
정보: Started up JMX registry on 127.0.0.1:6969 in 59 ms
1월 22, 2016 7:49:47 오후 org.apache.catalina.core.StandardService startInternal
정보: Starting service Catalina
1월 22, 2016 7:49:47 오후 org.apache.catalina.core.StandardEngine startInternal
정보: Starting Servlet Engine: Pivotal tc Runtime 3.1.2.RELEASE/7.0.64.B.RELEASE
1월 22, 2016 7:49:52 오후 org.apache.catalina.startup.TldConfig execute
정보: At least one JAR was scanned for TLDs yet contained no TLDs. Enable debug logging for this logger for a complete list of JARs that were scanned but no TLDs were found in them. Skipping unneeded JARs during scanning can improve startup time and JSP compilation time.
1월 22, 2016 7:50:04 오후 org.apache.catalina.startup.HostConfig deployDirectory
정보: Deploying web application directory C:\Java\pivotal-tc-server-developer-3.1.2.RELEASE\bio-ssl-instance\webapps\manager
1월 22, 2016 7:50:04 오후 org.apache.catalina.startup.TldConfig execute
정보: At least one JAR was scanned for TLDs yet contained no TLDs. Enable debug logging for this logger for a complete list of JARs that were scanned but no TLDs were found in them. Skipping unneeded JARs during scanning can improve startup time and JSP compilation time.
1월 22, 2016 7:50:04 오후 org.apache.catalina.startup.HostConfig deployDirectory
정보: Deployment of web application directory C:\Java\pivotal-tc-server-developer-3.1.2.RELEASE\bio-ssl-instance\webapps\manager has finished in 158 ms
1월 22, 2016 7:50:04 오후 org.apache.catalina.startup.HostConfig deployDirectory
정보: Deploying web application directory C:\Java\pivotal-tc-server-developer-3.1.2.RELEASE\bio-ssl-instance\webapps\ROOT
1월 22, 2016 7:50:04 오후 org.apache.catalina.startup.TldConfig execute
정보: At least one JAR was scanned for TLDs yet contained no TLDs. Enable debug logging for this logger for a complete list of JARs that were scanned but no TLDs were found in them. Skipping unneeded JARs during scanning can improve startup time and JSP compilation time.
1월 22, 2016 7:50:04 오후 org.apache.catalina.startup.HostConfig deployDirectory
정보: Deployment of web application directory C:\Java\pivotal-tc-server-developer-3.1.2.RELEASE\bio-ssl-instance\webapps\ROOT has finished in 110 ms
1월 22, 2016 7:50:04 오후 org.apache.coyote.AbstractProtocol start
정보: Starting ProtocolHandler ["http-bio-8080"]
1월 22, 2016 7:50:04 오후 org.apache.coyote.AbstractProtocol start
정보: Starting ProtocolHandler ["http-bio-8443"]
1월 22, 2016 7:50:11 오후 org.apache.jasper.compiler.TldLocationsCache tldScanJar
정보: At least one JAR was scanned for TLDs yet contained no TLDs. Enable debug logging for this logger for a complete list of JARs that were scanned but no TLDs were found in them. Skipping unneeded JARs during scanning can improve startup time and JSP compilation time.
1월 22, 2016 7:51:35 오후 com.springsource.tcserver.security.PropertyDecoder <init>
정보: tc Runtime property decoder using memory-based key
1월 22, 2016 7:51:35 오후 com.springsource.tcserver.security.TcDecoder initCiphers
정보: Initializing ciphers
1월 22, 2016 7:51:36 오후 com.springsource.tcserver.security.PropertyDecoder <init>
정보: tcServer Runtime property decoder has been initialized in 530 ms
1월 22, 2016 7:51:37 오후 org.apache.coyote.AbstractProtocol init
정보: Initializing ProtocolHandler ["http-bio-8080"]
1월 22, 2016 7:51:37 오후 org.apache.coyote.AbstractProtocol init
정보: Initializing ProtocolHandler ["http-bio-8443"]
1월 22, 2016 7:51:37 오후 com.springsource.tcserver.serviceability.rmi.JmxSocketListener init
정보: Started up JMX registry on 127.0.0.1:6969 in 63 ms
1월 22, 2016 7:51:37 오후 org.apache.catalina.core.StandardService startInternal
정보: Starting service Catalina
1월 22, 2016 7:51:37 오후 org.apache.catalina.core.StandardEngine startInternal
정보: Starting Servlet Engine: Pivotal tc Runtime 3.1.2.RELEASE/7.0.64.B.RELEASE
1월 22, 2016 7:51:43 오후 org.apache.catalina.startup.TldConfig execute
정보: At least one JAR was scanned for TLDs yet contained no TLDs. Enable debug logging for this logger for a complete list of JARs that were scanned but no TLDs were found in them. Skipping unneeded JARs during scanning can improve startup time and JSP compilation time.
1월 22, 2016 7:51:56 오후 org.apache.catalina.startup.HostConfig deployDirectory
정보: Deploying web application directory C:\Java\pivotal-tc-server-developer-3.1.2.RELEASE\bio-ssl-instance\webapps\manager
1월 22, 2016 7:51:56 오후 org.apache.catalina.startup.TldConfig execute
정보: At least one JAR was scanned for TLDs yet contained no TLDs. Enable debug logging for this logger for a complete list of JARs that were scanned but no TLDs were found in them. Skipping unneeded JARs during scanning can improve startup time and JSP compilation time.
1월 22, 2016 7:51:56 오후 org.apache.catalina.startup.HostConfig deployDirectory
정보: Deployment of web application directory C:\Java\pivotal-tc-server-developer-3.1.2.RELEASE\bio-ssl-instance\webapps\manager has finished in 164 ms
1월 22, 2016 7:51:56 오후 org.apache.catalina.startup.HostConfig deployDirectory
정보: Deploying web application directory C:\Java\pivotal-tc-server-developer-3.1.2.RELEASE\bio-ssl-instance\webapps\ROOT
1월 22, 2016 7:51:57 오후 org.apache.catalina.startup.TldConfig execute
정보: At least one JAR was scanned for TLDs yet contained no TLDs. Enable debug logging for this logger for a complete list of JARs that were scanned but no TLDs were found in them. Skipping unneeded JARs during scanning can improve startup time and JSP compilation time.
1월 22, 2016 7:51:57 오후 org.apache.catalina.startup.HostConfig deployDirectory
정보: Deployment of web application directory C:\Java\pivotal-tc-server-developer-3.1.2.RELEASE\bio-ssl-instance\webapps\ROOT has finished in 234 ms
1월 22, 2016 7:51:57 오후 org.apache.coyote.AbstractProtocol start
정보: Starting ProtocolHandler ["http-bio-8080"]
1월 22, 2016 7:51:57 오후 org.apache.coyote.AbstractProtocol start
정보: Starting ProtocolHandler ["http-bio-8443"]
1월 22, 2016 7:53:33 오후 org.apache.coyote.AbstractProtocol pause
정보: Pausing ProtocolHandler ["http-bio-8080"]
1월 22, 2016 7:53:33 오후 org.apache.coyote.AbstractProtocol pause
정보: Pausing ProtocolHandler ["http-bio-8443"]
1월 22, 2016 7:53:33 오후 org.apache.catalina.core.StandardService stopInternal
정보: Stopping service Catalina
1월 22, 2016 7:53:33 오후 org.apache.catalina.loader.WebappClassLoader clearReferencesThreads
심각: The web application [/workarts] appears to have started a thread named [FileSystemWatcher: files=#126 cl=WebappClassLoader
  context: /workarts
  delegate: false
  repositories:
    /WEB-INF/classes/
----------> Parent Classloader:
org.apache.catalina.loader.StandardClassLoader@4662de7b
] but has failed to stop it. This is very likely to create a memory leak.
1월 22, 2016 7:53:33 오후 org.apache.coyote.AbstractProtocol stop
정보: Stopping ProtocolHandler ["http-bio-8080"]
1월 22, 2016 7:53:33 오후 org.apache.coyote.AbstractProtocol stop
정보: Stopping ProtocolHandler ["http-bio-8443"]
1월 22, 2016 7:53:35 오후 com.springsource.tcserver.security.PropertyDecoder <init>
정보: tc Runtime property decoder using memory-based key
1월 22, 2016 7:53:35 오후 com.springsource.tcserver.security.TcDecoder initCiphers
정보: Initializing ciphers
1월 22, 2016 7:53:35 오후 com.springsource.tcserver.security.PropertyDecoder <init>
정보: tcServer Runtime property decoder has been initialized in 555 ms
1월 22, 2016 7:53:37 오후 org.apache.coyote.AbstractProtocol init
정보: Initializing ProtocolHandler ["http-bio-8080"]
1월 22, 2016 7:53:37 오후 org.apache.coyote.AbstractProtocol init
정보: Initializing ProtocolHandler ["http-bio-8443"]
1월 22, 2016 7:53:37 오후 com.springsource.tcserver.serviceability.rmi.JmxSocketListener init
정보: Started up JMX registry on 127.0.0.1:6969 in 82 ms
1월 22, 2016 7:53:37 오후 org.apache.catalina.core.StandardService startInternal
정보: Starting service Catalina
1월 22, 2016 7:53:37 오후 org.apache.catalina.core.StandardEngine startInternal
정보: Starting Servlet Engine: Pivotal tc Runtime 3.1.2.RELEASE/7.0.64.B.RELEASE
1월 22, 2016 7:53:43 오후 org.apache.catalina.startup.TldConfig execute
정보: At least one JAR was scanned for TLDs yet contained no TLDs. Enable debug logging for this logger for a complete list of JARs that were scanned but no TLDs were found in them. Skipping unneeded JARs during scanning can improve startup time and JSP compilation time.
1월 22, 2016 7:53:58 오후 org.apache.catalina.startup.HostConfig deployDirectory
정보: Deploying web application directory C:\Java\pivotal-tc-server-developer-3.1.2.RELEASE\bio-ssl-instance\webapps\manager
1월 22, 2016 7:53:58 오후 org.apache.catalina.startup.TldConfig execute
정보: At least one JAR was scanned for TLDs yet contained no TLDs. Enable debug logging for this logger for a complete list of JARs that were scanned but no TLDs were found in them. Skipping unneeded JARs during scanning can improve startup time and JSP compilation time.
1월 22, 2016 7:53:59 오후 org.apache.catalina.startup.HostConfig deployDirectory
정보: Deployment of web application directory C:\Java\pivotal-tc-server-developer-3.1.2.RELEASE\bio-ssl-instance\webapps\manager has finished in 140 ms
1월 22, 2016 7:53:59 오후 org.apache.catalina.startup.HostConfig deployDirectory
정보: Deploying web application directory C:\Java\pivotal-tc-server-developer-3.1.2.RELEASE\bio-ssl-instance\webapps\ROOT
1월 22, 2016 7:53:59 오후 org.apache.catalina.startup.TldConfig execute
정보: At least one JAR was scanned for TLDs yet contained no TLDs. Enable debug logging for this logger for a complete list of JARs that were scanned but no TLDs were found in them. Skipping unneeded JARs during scanning can improve startup time and JSP compilation time.
1월 22, 2016 7:53:59 오후 org.apache.catalina.startup.HostConfig deployDirectory
정보: Deployment of web application directory C:\Java\pivotal-tc-server-developer-3.1.2.RELEASE\bio-ssl-instance\webapps\ROOT has finished in 125 ms
1월 22, 2016 7:53:59 오후 org.apache.coyote.AbstractProtocol start
정보: Starting ProtocolHandler ["http-bio-8080"]
1월 22, 2016 7:53:59 오후 org.apache.coyote.AbstractProtocol start
정보: Starting ProtocolHandler ["http-bio-8443"]
1월 22, 2016 7:57:49 오후 com.springsource.tcserver.security.PropertyDecoder <init>
정보: tc Runtime property decoder using memory-based key
1월 22, 2016 7:57:49 오후 com.springsource.tcserver.security.TcDecoder initCiphers
정보: Initializing ciphers
1월 22, 2016 7:57:49 오후 com.springsource.tcserver.security.PropertyDecoder <init>
정보: tcServer Runtime property decoder has been initialized in 446 ms
1월 22, 2016 7:57:51 오후 org.apache.coyote.AbstractProtocol init
정보: Initializing ProtocolHandler ["http-bio-8080"]
1월 22, 2016 7:57:51 오후 org.apache.coyote.AbstractProtocol init
정보: Initializing ProtocolHandler ["http-bio-8443"]
1월 22, 2016 7:57:53 오후 com.springsource.tcserver.serviceability.rmi.JmxSocketListener init
정보: Started up JMX registry on 127.0.0.1:6969 in 135 ms
1월 22, 2016 7:57:53 오후 org.apache.catalina.core.StandardService startInternal
정보: Starting service Catalina
1월 22, 2016 7:57:53 오후 org.apache.catalina.core.StandardEngine startInternal
정보: Starting Servlet Engine: Pivotal tc Runtime 3.1.2.RELEASE/7.0.64.B.RELEASE
1월 22, 2016 7:58:02 오후 org.apache.catalina.startup.TldConfig execute
정보: At least one JAR was scanned for TLDs yet contained no TLDs. Enable debug logging for this logger for a complete list of JARs that were scanned but no TLDs were found in them. Skipping unneeded JARs during scanning can improve startup time and JSP compilation time.
1월 22, 2016 7:58:16 오후 org.apache.catalina.startup.HostConfig deployDirectory
정보: Deploying web application directory C:\Java\pivotal-tc-server-developer-3.1.2.RELEASE\bio-ssl-instance\webapps\manager
1월 22, 2016 7:58:16 오후 org.apache.catalina.startup.TldConfig execute
정보: At least one JAR was scanned for TLDs yet contained no TLDs. Enable debug logging for this logger for a complete list of JARs that were scanned but no TLDs were found in them. Skipping unneeded JARs during scanning can improve startup time and JSP compilation time.
1월 22, 2016 7:58:16 오후 org.apache.catalina.startup.HostConfig deployDirectory
정보: Deployment of web application directory C:\Java\pivotal-tc-server-developer-3.1.2.RELEASE\bio-ssl-instance\webapps\manager has finished in 317 ms
1월 22, 2016 7:58:16 오후 org.apache.catalina.startup.HostConfig deployDirectory
정보: Deploying web application directory C:\Java\pivotal-tc-server-developer-3.1.2.RELEASE\bio-ssl-instance\webapps\ROOT
1월 22, 2016 7:58:16 오후 org.apache.catalina.startup.TldConfig execute
정보: At least one JAR was scanned for TLDs yet contained no TLDs. Enable debug logging for this logger for a complete list of JARs that were scanned but no TLDs were found in them. Skipping unneeded JARs during scanning can improve startup time and JSP compilation time.
1월 22, 2016 7:58:16 오후 org.apache.catalina.startup.HostConfig deployDirectory
정보: Deployment of web application directory C:\Java\pivotal-tc-server-developer-3.1.2.RELEASE\bio-ssl-instance\webapps\ROOT has finished in 402 ms
1월 22, 2016 7:58:16 오후 org.apache.coyote.AbstractProtocol start
정보: Starting ProtocolHandler ["http-bio-8080"]
1월 22, 2016 7:58:16 오후 org.apache.coyote.AbstractProtocol start
정보: Starting ProtocolHandler ["http-bio-8443"]
1월 22, 2016 8:04:48 오후 com.springsource.tcserver.security.PropertyDecoder <init>
정보: tc Runtime property decoder using memory-based key
1월 22, 2016 8:04:48 오후 com.springsource.tcserver.security.TcDecoder initCiphers
정보: Initializing ciphers
1월 22, 2016 8:04:48 오후 com.springsource.tcserver.security.PropertyDecoder <init>
정보: tcServer Runtime property decoder has been initialized in 476 ms
1월 22, 2016 8:04:49 오후 org.apache.coyote.AbstractProtocol init
정보: Initializing ProtocolHandler ["http-bio-80"]
1월 22, 2016 8:04:49 오후 org.apache.coyote.AbstractProtocol init
심각: Failed to initialize end point associated with ProtocolHandler ["http-bio-80"]
java.net.BindException: Address already in use: JVM_Bind <null>:80
	at org.apache.tomcat.util.net.JIoEndpoint.bind(JIoEndpoint.java:413)
	at org.apache.tomcat.util.net.AbstractEndpoint.init(AbstractEndpoint.java:651)
	at org.apache.coyote.AbstractProtocol.init(AbstractProtocol.java:434)
	at org.apache.coyote.http11.AbstractHttp11JsseProtocol.init(AbstractHttp11JsseProtocol.java:119)
	at org.apache.catalina.connector.Connector.initInternal(Connector.java:978)
	at org.apache.catalina.util.LifecycleBase.init(LifecycleBase.java:102)
	at org.apache.catalina.core.StandardService.initInternal(StandardService.java:559)
	at org.apache.catalina.util.LifecycleBase.init(LifecycleBase.java:102)
	at org.apache.catalina.core.StandardServer.initInternal(StandardServer.java:821)
	at org.apache.catalina.util.LifecycleBase.init(LifecycleBase.java:102)
	at org.apache.catalina.startup.Catalina.load(Catalina.java:638)
	at org.apache.catalina.startup.Catalina.load(Catalina.java:663)
	at sun.reflect.NativeMethodAccessorImpl.invoke0(Native Method)
	at sun.reflect.NativeMethodAccessorImpl.invoke(NativeMethodAccessorImpl.java:57)
	at sun.reflect.DelegatingMethodAccessorImpl.invoke(DelegatingMethodAccessorImpl.java:43)
	at java.lang.reflect.Method.invoke(Method.java:606)
	at org.springsource.loaded.ri.ReflectiveInterceptor.jlrMethodInvoke(ReflectiveInterceptor.java:1270)
	at org.apache.catalina.startup.Bootstrap.load(Bootstrap.java:280)
	at org.apache.catalina.startup.Bootstrap.main(Bootstrap.java:454)
Caused by: java.net.BindException: Address already in use: JVM_Bind
	at java.net.DualStackPlainSocketImpl.bind0(Native Method)
	at java.net.DualStackPlainSocketImpl.socketBind(DualStackPlainSocketImpl.java:106)
	at java.net.AbstractPlainSocketImpl.bind(AbstractPlainSocketImpl.java:376)
	at java.net.PlainSocketImpl.bind(PlainSocketImpl.java:190)
	at java.net.ServerSocket.bind(ServerSocket.java:376)
	at java.net.ServerSocket.<init>(ServerSocket.java:237)
	at java.net.ServerSocket.<init>(ServerSocket.java:181)
	at org.apache.tomcat.util.net.DefaultServerSocketFactory.createSocket(DefaultServerSocketFactory.java:49)
	at org.apache.tomcat.util.net.JIoEndpoint.bind(JIoEndpoint.java:400)
	... 18 more

1월 22, 2016 8:04:49 오후 org.apache.catalina.core.StandardService initInternal
심각: Failed to initialize connector [Connector[HTTP/1.1-80]]
org.apache.catalina.LifecycleException: Failed to initialize component [Connector[HTTP/1.1-80]]
	at org.apache.catalina.util.LifecycleBase.init(LifecycleBase.java:106)
	at org.apache.catalina.core.StandardService.initInternal(StandardService.java:559)
	at org.apache.catalina.util.LifecycleBase.init(LifecycleBase.java:102)
	at org.apache.catalina.core.StandardServer.initInternal(StandardServer.java:821)
	at org.apache.catalina.util.LifecycleBase.init(LifecycleBase.java:102)
	at org.apache.catalina.startup.Catalina.load(Catalina.java:638)
	at org.apache.catalina.startup.Catalina.load(Catalina.java:663)
	at sun.reflect.NativeMethodAccessorImpl.invoke0(Native Method)
	at sun.reflect.NativeMethodAccessorImpl.invoke(NativeMethodAccessorImpl.java:57)
	at sun.reflect.DelegatingMethodAccessorImpl.invoke(DelegatingMethodAccessorImpl.java:43)
	at java.lang.reflect.Method.invoke(Method.java:606)
	at org.springsource.loaded.ri.ReflectiveInterceptor.jlrMethodInvoke(ReflectiveInterceptor.java:1270)
	at org.apache.catalina.startup.Bootstrap.load(Bootstrap.java:280)
	at org.apache.catalina.startup.Bootstrap.main(Bootstrap.java:454)
Caused by: org.apache.catalina.LifecycleException: Protocol handler initialization failed
	at org.apache.catalina.connector.Connector.initInternal(Connector.java:980)
	at org.apache.catalina.util.LifecycleBase.init(LifecycleBase.java:102)
	... 13 more
Caused by: java.net.BindException: Address already in use: JVM_Bind <null>:80
	at org.apache.tomcat.util.net.JIoEndpoint.bind(JIoEndpoint.java:413)
	at org.apache.tomcat.util.net.AbstractEndpoint.init(AbstractEndpoint.java:651)
	at org.apache.coyote.AbstractProtocol.init(AbstractProtocol.java:434)
	at org.apache.coyote.http11.AbstractHttp11JsseProtocol.init(AbstractHttp11JsseProtocol.java:119)
	at org.apache.catalina.connector.Connector.initInternal(Connector.java:978)
	... 14 more
Caused by: java.net.BindException: Address already in use: JVM_Bind
	at java.net.DualStackPlainSocketImpl.bind0(Native Method)
	at java.net.DualStackPlainSocketImpl.socketBind(DualStackPlainSocketImpl.java:106)
	at java.net.AbstractPlainSocketImpl.bind(AbstractPlainSocketImpl.java:376)
	at java.net.PlainSocketImpl.bind(PlainSocketImpl.java:190)
	at java.net.ServerSocket.bind(ServerSocket.java:376)
	at java.net.ServerSocket.<init>(ServerSocket.java:237)
	at java.net.ServerSocket.<init>(ServerSocket.java:181)
	at org.apache.tomcat.util.net.DefaultServerSocketFactory.createSocket(DefaultServerSocketFactory.java:49)
	at org.apache.tomcat.util.net.JIoEndpoint.bind(JIoEndpoint.java:400)
	... 18 more

1월 22, 2016 8:05:03 오후 com.springsource.tcserver.security.PropertyDecoder <init>
정보: tc Runtime property decoder using memory-based key
1월 22, 2016 8:05:03 오후 com.springsource.tcserver.security.TcDecoder initCiphers
정보: Initializing ciphers
1월 22, 2016 8:05:04 오후 com.springsource.tcserver.security.PropertyDecoder <init>
정보: tcServer Runtime property decoder has been initialized in 477 ms
1월 22, 2016 8:05:05 오후 org.apache.coyote.AbstractProtocol init
정보: Initializing ProtocolHandler ["http-bio-8080"]
1월 22, 2016 8:05:05 오후 org.apache.coyote.AbstractProtocol init
정보: Initializing ProtocolHandler ["http-bio-8443"]
1월 22, 2016 8:05:05 오후 com.springsource.tcserver.serviceability.rmi.JmxSocketListener init
정보: Started up JMX registry on 127.0.0.1:6969 in 69 ms
1월 22, 2016 8:05:05 오후 org.apache.catalina.core.StandardService startInternal
정보: Starting service Catalina
1월 22, 2016 8:05:05 오후 org.apache.catalina.core.StandardEngine startInternal
정보: Starting Servlet Engine: Pivotal tc Runtime 3.1.2.RELEASE/7.0.64.B.RELEASE
1월 22, 2016 8:05:12 오후 org.apache.catalina.startup.TldConfig execute
정보: At least one JAR was scanned for TLDs yet contained no TLDs. Enable debug logging for this logger for a complete list of JARs that were scanned but no TLDs were found in them. Skipping unneeded JARs during scanning can improve startup time and JSP compilation time.
1월 22, 2016 8:05:14 오후 org.apache.catalina.core.StandardContext startInternal
심각: One or more listeners failed to start. Full details will be found in the appropriate container log file
1월 22, 2016 8:05:14 오후 org.apache.catalina.core.StandardContext startInternal
심각: Context [/workarts] startup failed due to previous errors
1월 22, 2016 8:05:14 오후 org.apache.catalina.loader.WebappClassLoader clearReferencesThreads
심각: The web application [/workarts] appears to have started a thread named [FileSystemWatcher: files=#8 cl=WebappClassLoader
  context: /workarts
  delegate: false
  repositories:
    /WEB-INF/classes/
----------> Parent Classloader:
org.apache.catalina.loader.StandardClassLoader@2301ba21
] but has failed to stop it. This is very likely to create a memory leak.
1월 22, 2016 8:05:14 오후 org.apache.catalina.startup.HostConfig deployDirectory
정보: Deploying web application directory C:\Java\pivotal-tc-server-developer-3.1.2.RELEASE\bio-ssl-instance\webapps\manager
1월 22, 2016 8:05:14 오후 org.apache.catalina.startup.TldConfig execute
정보: At least one JAR was scanned for TLDs yet contained no TLDs. Enable debug logging for this logger for a complete list of JARs that were scanned but no TLDs were found in them. Skipping unneeded JARs during scanning can improve startup time and JSP compilation time.
1월 22, 2016 8:05:14 오후 org.apache.catalina.startup.HostConfig deployDirectory
정보: Deployment of web application directory C:\Java\pivotal-tc-server-developer-3.1.2.RELEASE\bio-ssl-instance\webapps\manager has finished in 194 ms
1월 22, 2016 8:05:14 오후 org.apache.catalina.startup.HostConfig deployDirectory
정보: Deploying web application directory C:\Java\pivotal-tc-server-developer-3.1.2.RELEASE\bio-ssl-instance\webapps\ROOT
1월 22, 2016 8:05:14 오후 org.apache.catalina.startup.TldConfig execute
정보: At least one JAR was scanned for TLDs yet contained no TLDs. Enable debug logging for this logger for a complete list of JARs that were scanned but no TLDs were found in them. Skipping unneeded JARs during scanning can improve startup time and JSP compilation time.
1월 22, 2016 8:05:14 오후 org.apache.catalina.startup.HostConfig deployDirectory
정보: Deployment of web application directory C:\Java\pivotal-tc-server-developer-3.1.2.RELEASE\bio-ssl-instance\webapps\ROOT has finished in 156 ms
1월 22, 2016 8:05:14 오후 org.apache.coyote.AbstractProtocol start
정보: Starting ProtocolHandler ["http-bio-8080"]
1월 22, 2016 8:05:14 오후 org.apache.coyote.AbstractProtocol start
정보: Starting ProtocolHandler ["http-bio-8443"]
1월 22, 2016 8:06:59 오후 org.apache.coyote.AbstractProtocol pause
정보: Pausing ProtocolHandler ["http-bio-8080"]
1월 22, 2016 8:06:59 오후 org.apache.coyote.AbstractProtocol pause
정보: Pausing ProtocolHandler ["http-bio-8443"]
1월 22, 2016 8:06:59 오후 org.apache.catalina.core.StandardService stopInternal
정보: Stopping service Catalina
1월 22, 2016 8:06:59 오후 org.apache.coyote.AbstractProtocol stop
정보: Stopping ProtocolHandler ["http-bio-8080"]
1월 22, 2016 8:06:59 오후 org.apache.coyote.AbstractProtocol stop
정보: Stopping ProtocolHandler ["http-bio-8443"]
1월 22, 2016 8:07:10 오후 com.springsource.tcserver.security.PropertyDecoder <init>
정보: tc Runtime property decoder using memory-based key
1월 22, 2016 8:07:10 오후 com.springsource.tcserver.security.TcDecoder initCiphers
정보: Initializing ciphers
1월 22, 2016 8:07:10 오후 com.springsource.tcserver.security.PropertyDecoder <init>
정보: tcServer Runtime property decoder has been initialized in 486 ms
1월 22, 2016 8:07:11 오후 org.apache.coyote.AbstractProtocol init
정보: Initializing ProtocolHandler ["http-bio-8080"]
1월 22, 2016 8:07:11 오후 org.apache.coyote.AbstractProtocol init
정보: Initializing ProtocolHandler ["http-bio-8443"]
1월 22, 2016 8:07:11 오후 com.springsource.tcserver.serviceability.rmi.JmxSocketListener init
정보: Started up JMX registry on 127.0.0.1:6969 in 57 ms
1월 22, 2016 8:07:11 오후 org.apache.catalina.core.StandardService startInternal
정보: Starting service Catalina
1월 22, 2016 8:07:11 오후 org.apache.catalina.core.StandardEngine startInternal
정보: Starting Servlet Engine: Pivotal tc Runtime 3.1.2.RELEASE/7.0.64.B.RELEASE
1월 22, 2016 8:07:17 오후 org.apache.catalina.startup.TldConfig execute
정보: At least one JAR was scanned for TLDs yet contained no TLDs. Enable debug logging for this logger for a complete list of JARs that were scanned but no TLDs were found in them. Skipping unneeded JARs during scanning can improve startup time and JSP compilation time.
1월 22, 2016 8:07:18 오후 org.apache.catalina.core.StandardContext startInternal
심각: One or more listeners failed to start. Full details will be found in the appropriate container log file
1월 22, 2016 8:07:18 오후 org.apache.catalina.core.StandardContext startInternal
심각: Context [/workarts] startup failed due to previous errors
1월 22, 2016 8:07:18 오후 org.apache.catalina.loader.WebappClassLoader clearReferencesThreads
심각: The web application [/workarts] appears to have started a thread named [FileSystemWatcher: files=#8 cl=WebappClassLoader
  context: /workarts
  delegate: false
  repositories:
    /WEB-INF/classes/
----------> Parent Classloader:
org.apache.catalina.loader.StandardClassLoader@4662de7b
] but has failed to stop it. This is very likely to create a memory leak.
1월 22, 2016 8:07:18 오후 org.apache.catalina.startup.HostConfig deployDirectory
정보: Deploying web application directory C:\Java\pivotal-tc-server-developer-3.1.2.RELEASE\bio-ssl-instance\webapps\manager
1월 22, 2016 8:07:18 오후 org.apache.catalina.startup.TldConfig execute
정보: At least one JAR was scanned for TLDs yet contained no TLDs. Enable debug logging for this logger for a complete list of JARs that were scanned but no TLDs were found in them. Skipping unneeded JARs during scanning can improve startup time and JSP compilation time.
1월 22, 2016 8:07:19 오후 org.apache.catalina.startup.HostConfig deployDirectory
정보: Deployment of web application directory C:\Java\pivotal-tc-server-developer-3.1.2.RELEASE\bio-ssl-instance\webapps\manager has finished in 140 ms
1월 22, 2016 8:07:19 오후 org.apache.catalina.startup.HostConfig deployDirectory
정보: Deploying web application directory C:\Java\pivotal-tc-server-developer-3.1.2.RELEASE\bio-ssl-instance\webapps\ROOT
1월 22, 2016 8:07:19 오후 org.apache.catalina.startup.TldConfig execute
정보: At least one JAR was scanned for TLDs yet contained no TLDs. Enable debug logging for this logger for a complete list of JARs that were scanned but no TLDs were found in them. Skipping unneeded JARs during scanning can improve startup time and JSP compilation time.
1월 22, 2016 8:07:19 오후 org.apache.catalina.startup.HostConfig deployDirectory
정보: Deployment of web application directory C:\Java\pivotal-tc-server-developer-3.1.2.RELEASE\bio-ssl-instance\webapps\ROOT has finished in 109 ms
1월 22, 2016 8:07:19 오후 org.apache.coyote.AbstractProtocol start
정보: Starting ProtocolHandler ["http-bio-8080"]
1월 22, 2016 8:07:19 오후 org.apache.coyote.AbstractProtocol start
정보: Starting ProtocolHandler ["http-bio-8443"]
1월 22, 2016 8:08:28 오후 com.springsource.tcserver.security.PropertyDecoder <init>
정보: tc Runtime property decoder using memory-based key
1월 22, 2016 8:08:28 오후 com.springsource.tcserver.security.TcDecoder initCiphers
정보: Initializing ciphers
1월 22, 2016 8:08:28 오후 com.springsource.tcserver.security.PropertyDecoder <init>
정보: tcServer Runtime property decoder has been initialized in 481 ms
1월 22, 2016 8:08:30 오후 org.apache.coyote.AbstractProtocol init
정보: Initializing ProtocolHandler ["http-bio-8080"]
1월 22, 2016 8:08:30 오후 org.apache.coyote.AbstractProtocol init
정보: Initializing ProtocolHandler ["http-bio-8443"]
1월 22, 2016 8:08:31 오후 com.springsource.tcserver.serviceability.rmi.JmxSocketListener init
정보: Started up JMX registry on 127.0.0.1:6969 in 58 ms
1월 22, 2016 8:08:31 오후 org.apache.catalina.core.StandardService startInternal
정보: Starting service Catalina
1월 22, 2016 8:08:31 오후 org.apache.catalina.core.StandardEngine startInternal
정보: Starting Servlet Engine: Pivotal tc Runtime 3.1.2.RELEASE/7.0.64.B.RELEASE
1월 22, 2016 8:08:37 오후 org.apache.catalina.startup.TldConfig execute
정보: At least one JAR was scanned for TLDs yet contained no TLDs. Enable debug logging for this logger for a complete list of JARs that were scanned but no TLDs were found in them. Skipping unneeded JARs during scanning can improve startup time and JSP compilation time.
1월 22, 2016 8:08:38 오후 org.apache.catalina.core.StandardContext startInternal
심각: One or more listeners failed to start. Full details will be found in the appropriate container log file
1월 22, 2016 8:08:38 오후 org.apache.catalina.core.StandardContext startInternal
심각: Context [/workarts] startup failed due to previous errors
1월 22, 2016 8:08:38 오후 org.apache.catalina.loader.WebappClassLoader clearReferencesThreads
심각: The web application [/workarts] appears to have started a thread named [FileSystemWatcher: files=#8 cl=WebappClassLoader
  context: /workarts
  delegate: false
  repositories:
    /WEB-INF/classes/
----------> Parent Classloader:
org.apache.catalina.loader.StandardClassLoader@4662de7b
] but has failed to stop it. This is very likely to create a memory leak.
1월 22, 2016 8:08:38 오후 org.apache.catalina.startup.HostConfig deployDirectory
정보: Deploying web application directory C:\Java\pivotal-tc-server-developer-3.1.2.RELEASE\bio-ssl-instance\webapps\manager
1월 22, 2016 8:08:39 오후 org.apache.catalina.startup.TldConfig execute
정보: At least one JAR was scanned for TLDs yet contained no TLDs. Enable debug logging for this logger for a complete list of JARs that were scanned but no TLDs were found in them. Skipping unneeded JARs during scanning can improve startup time and JSP compilation time.
1월 22, 2016 8:08:39 오후 org.apache.catalina.startup.HostConfig deployDirectory
정보: Deployment of web application directory C:\Java\pivotal-tc-server-developer-3.1.2.RELEASE\bio-ssl-instance\webapps\manager has finished in 468 ms
1월 22, 2016 8:08:39 오후 org.apache.catalina.startup.HostConfig deployDirectory
정보: Deploying web application directory C:\Java\pivotal-tc-server-developer-3.1.2.RELEASE\bio-ssl-instance\webapps\ROOT
1월 22, 2016 8:08:39 오후 org.apache.catalina.startup.TldConfig execute
정보: At least one JAR was scanned for TLDs yet contained no TLDs. Enable debug logging for this logger for a complete list of JARs that were scanned but no TLDs were found in them. Skipping unneeded JARs during scanning can improve startup time and JSP compilation time.
1월 22, 2016 8:08:39 오후 org.apache.catalina.startup.HostConfig deployDirectory
정보: Deployment of web application directory C:\Java\pivotal-tc-server-developer-3.1.2.RELEASE\bio-ssl-instance\webapps\ROOT has finished in 405 ms
1월 22, 2016 8:08:39 오후 org.apache.coyote.AbstractProtocol start
정보: Starting ProtocolHandler ["http-bio-8080"]
1월 22, 2016 8:08:39 오후 org.apache.coyote.AbstractProtocol start
정보: Starting ProtocolHandler ["http-bio-8443"]
1월 22, 2016 8:09:54 오후 com.springsource.tcserver.security.PropertyDecoder <init>
정보: tc Runtime property decoder using memory-based key
1월 22, 2016 8:09:54 오후 com.springsource.tcserver.security.TcDecoder initCiphers
정보: Initializing ciphers
1월 22, 2016 8:09:55 오후 com.springsource.tcserver.security.PropertyDecoder <init>
정보: tcServer Runtime property decoder has been initialized in 439 ms
1월 22, 2016 8:09:56 오후 org.apache.coyote.AbstractProtocol init
정보: Initializing ProtocolHandler ["http-bio-8080"]
1월 22, 2016 8:09:56 오후 org.apache.coyote.AbstractProtocol init
정보: Initializing ProtocolHandler ["http-bio-8443"]
1월 22, 2016 8:09:57 오후 com.springsource.tcserver.serviceability.rmi.JmxSocketListener init
정보: Started up JMX registry on 127.0.0.1:6969 in 159 ms
1월 22, 2016 8:09:57 오후 org.apache.catalina.core.StandardService startInternal
정보: Starting service Catalina
1월 22, 2016 8:09:57 오후 org.apache.catalina.core.StandardEngine startInternal
정보: Starting Servlet Engine: Pivotal tc Runtime 3.1.2.RELEASE/7.0.64.B.RELEASE
1월 22, 2016 8:10:04 오후 org.apache.catalina.startup.TldConfig execute
정보: At least one JAR was scanned for TLDs yet contained no TLDs. Enable debug logging for this logger for a complete list of JARs that were scanned but no TLDs were found in them. Skipping unneeded JARs during scanning can improve startup time and JSP compilation time.
1월 22, 2016 8:10:05 오후 org.apache.catalina.core.StandardContext startInternal
심각: One or more listeners failed to start. Full details will be found in the appropriate container log file
1월 22, 2016 8:10:05 오후 org.apache.catalina.core.StandardContext startInternal
심각: Context [/workarts] startup failed due to previous errors
1월 22, 2016 8:10:05 오후 org.apache.catalina.loader.WebappClassLoader clearReferencesThreads
심각: The web application [/workarts] appears to have started a thread named [FileSystemWatcher: files=#8 cl=WebappClassLoader
  context: /workarts
  delegate: false
  repositories:
    /WEB-INF/classes/
----------> Parent Classloader:
org.apache.catalina.loader.StandardClassLoader@4662de7b
] but has failed to stop it. This is very likely to create a memory leak.
1월 22, 2016 8:10:05 오후 org.apache.catalina.startup.HostConfig deployDirectory
정보: Deploying web application directory C:\Java\pivotal-tc-server-developer-3.1.2.RELEASE\bio-ssl-instance\webapps\manager
1월 22, 2016 8:10:05 오후 org.apache.catalina.startup.TldConfig execute
정보: At least one JAR was scanned for TLDs yet contained no TLDs. Enable debug logging for this logger for a complete list of JARs that were scanned but no TLDs were found in them. Skipping unneeded JARs during scanning can improve startup time and JSP compilation time.
1월 22, 2016 8:10:06 오후 org.apache.catalina.startup.HostConfig deployDirectory
정보: Deployment of web application directory C:\Java\pivotal-tc-server-developer-3.1.2.RELEASE\bio-ssl-instance\webapps\manager has finished in 444 ms
1월 22, 2016 8:10:06 오후 org.apache.catalina.startup.HostConfig deployDirectory
정보: Deploying web application directory C:\Java\pivotal-tc-server-developer-3.1.2.RELEASE\bio-ssl-instance\webapps\ROOT
1월 22, 2016 8:10:06 오후 org.apache.catalina.startup.TldConfig execute
정보: At least one JAR was scanned for TLDs yet contained no TLDs. Enable debug logging for this logger for a complete list of JARs that were scanned but no TLDs were found in them. Skipping unneeded JARs during scanning can improve startup time and JSP compilation time.
1월 22, 2016 8:10:06 오후 org.apache.catalina.startup.HostConfig deployDirectory
정보: Deployment of web application directory C:\Java\pivotal-tc-server-developer-3.1.2.RELEASE\bio-ssl-instance\webapps\ROOT has finished in 467 ms
1월 22, 2016 8:10:06 오후 org.apache.coyote.AbstractProtocol start
정보: Starting ProtocolHandler ["http-bio-8080"]
1월 22, 2016 8:10:06 오후 org.apache.coyote.AbstractProtocol start
정보: Starting ProtocolHandler ["http-bio-8443"]
1월 22, 2016 8:10:46 오후 com.springsource.tcserver.security.PropertyDecoder <init>
정보: tc Runtime property decoder using memory-based key
1월 22, 2016 8:10:46 오후 com.springsource.tcserver.security.TcDecoder initCiphers
정보: Initializing ciphers
1월 22, 2016 8:10:46 오후 com.springsource.tcserver.security.PropertyDecoder <init>
정보: tcServer Runtime property decoder has been initialized in 490 ms
1월 22, 2016 8:10:47 오후 org.apache.coyote.AbstractProtocol init
정보: Initializing ProtocolHandler ["http-bio-8080"]
1월 22, 2016 8:10:47 오후 org.apache.coyote.AbstractProtocol init
정보: Initializing ProtocolHandler ["http-bio-8443"]
1월 22, 2016 8:10:48 오후 com.springsource.tcserver.serviceability.rmi.JmxSocketListener init
정보: Started up JMX registry on 127.0.0.1:6969 in 169 ms
1월 22, 2016 8:10:48 오후 org.apache.catalina.core.StandardService startInternal
정보: Starting service Catalina
1월 22, 2016 8:10:48 오후 org.apache.catalina.core.StandardEngine startInternal
정보: Starting Servlet Engine: Pivotal tc Runtime 3.1.2.RELEASE/7.0.64.B.RELEASE
1월 22, 2016 8:10:55 오후 org.apache.catalina.startup.TldConfig execute
정보: At least one JAR was scanned for TLDs yet contained no TLDs. Enable debug logging for this logger for a complete list of JARs that were scanned but no TLDs were found in them. Skipping unneeded JARs during scanning can improve startup time and JSP compilation time.
1월 22, 2016 8:11:53 오후 com.springsource.tcserver.security.PropertyDecoder <init>
정보: tc Runtime property decoder using memory-based key
1월 22, 2016 8:11:53 오후 com.springsource.tcserver.security.TcDecoder initCiphers
정보: Initializing ciphers
1월 22, 2016 8:11:54 오후 com.springsource.tcserver.security.PropertyDecoder <init>
정보: tcServer Runtime property decoder has been initialized in 447 ms
1월 22, 2016 8:11:55 오후 org.apache.coyote.AbstractProtocol init
정보: Initializing ProtocolHandler ["http-bio-8080"]
1월 22, 2016 8:11:55 오후 org.apache.coyote.AbstractProtocol init
정보: Initializing ProtocolHandler ["http-bio-8443"]
1월 22, 2016 8:11:56 오후 com.springsource.tcserver.serviceability.rmi.JmxSocketListener init
정보: Started up JMX registry on 127.0.0.1:6969 in 154 ms
1월 22, 2016 8:11:56 오후 org.apache.catalina.core.StandardService startInternal
정보: Starting service Catalina
1월 22, 2016 8:11:56 오후 org.apache.catalina.core.StandardEngine startInternal
정보: Starting Servlet Engine: Pivotal tc Runtime 3.1.2.RELEASE/7.0.64.B.RELEASE
1월 22, 2016 8:12:03 오후 org.apache.catalina.startup.TldConfig execute
정보: At least one JAR was scanned for TLDs yet contained no TLDs. Enable debug logging for this logger for a complete list of JARs that were scanned but no TLDs were found in them. Skipping unneeded JARs during scanning can improve startup time and JSP compilation time.
1월 22, 2016 8:12:04 오후 org.apache.catalina.core.StandardContext startInternal
심각: One or more listeners failed to start. Full details will be found in the appropriate container log file
1월 22, 2016 8:12:04 오후 org.apache.catalina.core.StandardContext startInternal
심각: Context [/workart] startup failed due to previous errors
1월 22, 2016 8:12:04 오후 org.apache.catalina.loader.WebappClassLoader clearReferencesThreads
심각: The web application [/workart] appears to have started a thread named [FileSystemWatcher: files=#8 cl=WebappClassLoader
  context: /workart
  delegate: false
  repositories:
    /WEB-INF/classes/
----------> Parent Classloader:
org.apache.catalina.loader.StandardClassLoader@2301ba21
] but has failed to stop it. This is very likely to create a memory leak.
1월 22, 2016 8:12:04 오후 org.apache.catalina.startup.HostConfig deployDirectory
정보: Deploying web application directory C:\Java\pivotal-tc-server-developer-3.1.2.RELEASE\bio-ssl-instance\webapps\manager
1월 22, 2016 8:12:05 오후 org.apache.catalina.startup.TldConfig execute
정보: At least one JAR was scanned for TLDs yet contained no TLDs. Enable debug logging for this logger for a complete list of JARs that were scanned but no TLDs were found in them. Skipping unneeded JARs during scanning can improve startup time and JSP compilation time.
1월 22, 2016 8:12:05 오후 org.apache.catalina.startup.HostConfig deployDirectory
정보: Deployment of web application directory C:\Java\pivotal-tc-server-developer-3.1.2.RELEASE\bio-ssl-instance\webapps\manager has finished in 437 ms
1월 22, 2016 8:12:05 오후 org.apache.catalina.startup.HostConfig deployDirectory
정보: Deploying web application directory C:\Java\pivotal-tc-server-developer-3.1.2.RELEASE\bio-ssl-instance\webapps\ROOT
1월 22, 2016 8:12:05 오후 org.apache.catalina.startup.TldConfig execute
정보: At least one JAR was scanned for TLDs yet contained no TLDs. Enable debug logging for this logger for a complete list of JARs that were scanned but no TLDs were found in them. Skipping unneeded JARs during scanning can improve startup time and JSP compilation time.
1월 22, 2016 8:12:05 오후 org.apache.catalina.startup.HostConfig deployDirectory
정보: Deployment of web application directory C:\Java\pivotal-tc-server-developer-3.1.2.RELEASE\bio-ssl-instance\webapps\ROOT has finished in 265 ms
1월 22, 2016 8:12:05 오후 org.apache.coyote.AbstractProtocol start
정보: Starting ProtocolHandler ["http-bio-8080"]
1월 22, 2016 8:12:05 오후 org.apache.coyote.AbstractProtocol start
정보: Starting ProtocolHandler ["http-bio-8443"]
1월 22, 2016 8:12:10 오후 org.apache.coyote.AbstractProtocol pause
정보: Pausing ProtocolHandler ["http-bio-8080"]
1월 22, 2016 8:12:10 오후 org.apache.coyote.AbstractProtocol pause
정보: Pausing ProtocolHandler ["http-bio-8443"]
1월 22, 2016 8:12:10 오후 org.apache.catalina.core.StandardService stopInternal
정보: Stopping service Catalina
1월 22, 2016 8:12:10 오후 org.apache.coyote.AbstractProtocol stop
정보: Stopping ProtocolHandler ["http-bio-8080"]
1월 22, 2016 8:12:10 오후 org.apache.coyote.AbstractProtocol stop
정보: Stopping ProtocolHandler ["http-bio-8443"]
1월 22, 2016 8:13:32 오후 com.springsource.tcserver.security.PropertyDecoder <init>
정보: tc Runtime property decoder using memory-based key
1월 22, 2016 8:13:32 오후 com.springsource.tcserver.security.TcDecoder initCiphers
정보: Initializing ciphers
1월 22, 2016 8:13:33 오후 com.springsource.tcserver.security.PropertyDecoder <init>
정보: tcServer Runtime property decoder has been initialized in 1131 ms
1월 22, 2016 8:13:36 오후 org.apache.coyote.AbstractProtocol init
정보: Initializing ProtocolHandler ["http-bio-8080"]
1월 22, 2016 8:13:36 오후 org.apache.coyote.AbstractProtocol init
정보: Initializing ProtocolHandler ["http-bio-8443"]
1월 22, 2016 8:13:37 오후 com.springsource.tcserver.serviceability.rmi.JmxSocketListener init
정보: Started up JMX registry on 127.0.0.1:6969 in 135 ms
1월 22, 2016 8:13:37 오후 org.apache.catalina.core.StandardService startInternal
정보: Starting service Catalina
1월 22, 2016 8:13:37 오후 org.apache.catalina.core.StandardEngine startInternal
정보: Starting Servlet Engine: Pivotal tc Runtime 3.1.2.RELEASE/7.0.64.B.RELEASE
1월 22, 2016 8:13:52 오후 org.apache.catalina.startup.TldConfig execute
정보: At least one JAR was scanned for TLDs yet contained no TLDs. Enable debug logging for this logger for a complete list of JARs that were scanned but no TLDs were found in them. Skipping unneeded JARs during scanning can improve startup time and JSP compilation time.
1월 22, 2016 8:13:54 오후 org.apache.catalina.core.StandardContext startInternal
심각: One or more listeners failed to start. Full details will be found in the appropriate container log file
1월 22, 2016 8:13:54 오후 org.apache.catalina.core.StandardContext startInternal
심각: Context [/workart] startup failed due to previous errors
1월 22, 2016 8:13:54 오후 org.apache.catalina.loader.WebappClassLoader clearReferencesThreads
심각: The web application [/workart] appears to have started a thread named [FileSystemWatcher: files=#8 cl=WebappClassLoader
  context: /workart
  delegate: false
  repositories:
    /WEB-INF/classes/
----------> Parent Classloader:
org.apache.catalina.loader.StandardClassLoader@5b187658
] but has failed to stop it. This is very likely to create a memory leak.
1월 22, 2016 8:13:54 오후 org.apache.catalina.startup.HostConfig deployDirectory
정보: Deploying web application directory C:\Java\pivotal-tc-server-developer-3.1.2.RELEASE\bio-ssl-instance\webapps\manager
1월 22, 2016 8:13:54 오후 org.apache.catalina.startup.TldConfig execute
정보: At least one JAR was scanned for TLDs yet contained no TLDs. Enable debug logging for this logger for a complete list of JARs that were scanned but no TLDs were found in them. Skipping unneeded JARs during scanning can improve startup time and JSP compilation time.
1월 22, 2016 8:13:54 오후 org.apache.catalina.startup.HostConfig deployDirectory
정보: Deployment of web application directory C:\Java\pivotal-tc-server-developer-3.1.2.RELEASE\bio-ssl-instance\webapps\manager has finished in 562 ms
1월 22, 2016 8:13:54 오후 org.apache.catalina.startup.HostConfig deployDirectory
정보: Deploying web application directory C:\Java\pivotal-tc-server-developer-3.1.2.RELEASE\bio-ssl-instance\webapps\ROOT
1월 22, 2016 8:13:55 오후 org.apache.catalina.startup.TldConfig execute
정보: At least one JAR was scanned for TLDs yet contained no TLDs. Enable debug logging for this logger for a complete list of JARs that were scanned but no TLDs were found in them. Skipping unneeded JARs during scanning can improve startup time and JSP compilation time.
1월 22, 2016 8:13:55 오후 org.apache.catalina.startup.HostConfig deployDirectory
정보: Deployment of web application directory C:\Java\pivotal-tc-server-developer-3.1.2.RELEASE\bio-ssl-instance\webapps\ROOT has finished in 452 ms
1월 22, 2016 8:13:55 오후 org.apache.coyote.AbstractProtocol start
정보: Starting ProtocolHandler ["http-bio-8080"]
1월 22, 2016 8:13:55 오후 org.apache.coyote.AbstractProtocol start
정보: Starting ProtocolHandler ["http-bio-8443"]
1월 22, 2016 8:14:24 오후 com.springsource.tcserver.security.PropertyDecoder <init>
정보: tc Runtime property decoder using memory-based key
1월 22, 2016 8:14:24 오후 com.springsource.tcserver.security.TcDecoder initCiphers
정보: Initializing ciphers
1월 22, 2016 8:14:24 오후 com.springsource.tcserver.security.PropertyDecoder <init>
정보: tcServer Runtime property decoder has been initialized in 463 ms
1월 22, 2016 8:14:25 오후 org.apache.coyote.AbstractProtocol init
정보: Initializing ProtocolHandler ["http-bio-8080"]
1월 22, 2016 8:14:25 오후 org.apache.coyote.AbstractProtocol init
정보: Initializing ProtocolHandler ["http-bio-8443"]
1월 22, 2016 8:14:27 오후 com.springsource.tcserver.serviceability.rmi.JmxSocketListener init
정보: Started up JMX registry on 127.0.0.1:6969 in 216 ms
1월 22, 2016 8:14:27 오후 org.apache.catalina.core.StandardService startInternal
정보: Starting service Catalina
1월 22, 2016 8:14:27 오후 org.apache.catalina.core.StandardEngine startInternal
정보: Starting Servlet Engine: Pivotal tc Runtime 3.1.2.RELEASE/7.0.64.B.RELEASE
1월 22, 2016 8:14:37 오후 org.apache.catalina.startup.TldConfig execute
정보: At least one JAR was scanned for TLDs yet contained no TLDs. Enable debug logging for this logger for a complete list of JARs that were scanned but no TLDs were found in them. Skipping unneeded JARs during scanning can improve startup time and JSP compilation time.
1월 22, 2016 8:14:38 오후 org.apache.catalina.core.StandardContext startInternal
심각: One or more listeners failed to start. Full details will be found in the appropriate container log file
1월 22, 2016 8:14:38 오후 org.apache.catalina.core.StandardContext startInternal
심각: Context [/workart] startup failed due to previous errors
1월 22, 2016 8:14:38 오후 org.apache.catalina.loader.WebappClassLoader clearReferencesThreads
심각: The web application [/workart] appears to have started a thread named [FileSystemWatcher: files=#8 cl=WebappClassLoader
  context: /workart
  delegate: false
  repositories:
    /WEB-INF/classes/
----------> Parent Classloader:
org.apache.catalina.loader.StandardClassLoader@4662de7b
] but has failed to stop it. This is very likely to create a memory leak.
1월 22, 2016 8:14:38 오후 org.apache.catalina.startup.HostConfig deployDirectory
정보: Deploying web application directory C:\Java\pivotal-tc-server-developer-3.1.2.RELEASE\bio-ssl-instance\webapps\manager
1월 22, 2016 8:14:38 오후 org.apache.catalina.startup.TldConfig execute
정보: At least one JAR was scanned for TLDs yet contained no TLDs. Enable debug logging for this logger for a complete list of JARs that were scanned but no TLDs were found in them. Skipping unneeded JARs during scanning can improve startup time and JSP compilation time.
1월 22, 2016 8:14:38 오후 org.apache.catalina.startup.HostConfig deployDirectory
정보: Deployment of web application directory C:\Java\pivotal-tc-server-developer-3.1.2.RELEASE\bio-ssl-instance\webapps\manager has finished in 109 ms
1월 22, 2016 8:14:38 오후 org.apache.catalina.startup.HostConfig deployDirectory
정보: Deploying web application directory C:\Java\pivotal-tc-server-developer-3.1.2.RELEASE\bio-ssl-instance\webapps\ROOT
1월 22, 2016 8:14:38 오후 org.apache.catalina.startup.TldConfig execute
정보: At least one JAR was scanned for TLDs yet contained no TLDs. Enable debug logging for this logger for a complete list of JARs that were scanned but no TLDs were found in them. Skipping unneeded JARs during scanning can improve startup time and JSP compilation time.
1월 22, 2016 8:14:38 오후 org.apache.catalina.startup.HostConfig deployDirectory
정보: Deployment of web application directory C:\Java\pivotal-tc-server-developer-3.1.2.RELEASE\bio-ssl-instance\webapps\ROOT has finished in 78 ms
1월 22, 2016 8:14:38 오후 org.apache.coyote.AbstractProtocol start
정보: Starting ProtocolHandler ["http-bio-8080"]
1월 22, 2016 8:14:38 오후 org.apache.coyote.AbstractProtocol start
정보: Starting ProtocolHandler ["http-bio-8443"]
