1월 12, 2016 7:47:45 오후 com.springsource.tcserver.security.PropertyDecoder <init>
정보: tc Runtime property decoder using memory-based key
1월 12, 2016 7:47:45 오후 com.springsource.tcserver.security.TcDecoder initCiphers
정보: Initializing ciphers
1월 12, 2016 7:47:45 오후 com.springsource.tcserver.security.PropertyDecoder <init>
정보: tcServer Runtime property decoder has been initialized in 320 ms
1월 12, 2016 7:47:46 오후 org.apache.coyote.AbstractProtocol init
정보: Initializing ProtocolHandler ["http-bio-8080"]
1월 12, 2016 7:47:46 오후 org.apache.coyote.AbstractProtocol init
정보: Initializing ProtocolHandler ["http-bio-8443"]
1월 12, 2016 7:47:46 오후 com.springsource.tcserver.serviceability.rmi.JmxSocketListener init
정보: Started up JMX registry on 127.0.0.1:6969 in 84 ms
1월 12, 2016 7:47:46 오후 org.apache.catalina.core.StandardService startInternal
정보: Starting service Catalina
1월 12, 2016 7:47:46 오후 org.apache.catalina.core.StandardEngine startInternal
정보: Starting Servlet Engine: Pivotal tc Runtime 3.1.2.RELEASE/7.0.64.B.RELEASE
1월 12, 2016 7:47:46 오후 org.apache.catalina.startup.HostConfig deployDescriptor
정보: Deploying configuration descriptor C:\Java\pivotal-tc-server-developer-3.1.2.RELEASE\bio-ssl-instance\conf\Catalina\localhost\ROOT.xml
1월 12, 2016 7:47:46 오후 org.apache.catalina.startup.SetContextPropertiesRule begin
경고: [SetContextPropertiesRule]{Context} Setting property 'source' to 'org.eclipse.jst.jee.server:workarts' did not find a matching property.
1월 12, 2016 7:47:59 오후 org.apache.catalina.startup.TldConfig execute
정보: At least one JAR was scanned for TLDs yet contained no TLDs. Enable debug logging for this logger for a complete list of JARs that were scanned but no TLDs were found in them. Skipping unneeded JARs during scanning can improve startup time and JSP compilation time.
1월 12, 2016 7:48:09 오후 org.apache.catalina.startup.HostConfig deployDescriptor
정보: Deployment of configuration descriptor C:\Java\pivotal-tc-server-developer-3.1.2.RELEASE\bio-ssl-instance\conf\Catalina\localhost\ROOT.xml has finished in 22,598 ms
1월 12, 2016 7:48:09 오후 org.apache.catalina.startup.HostConfig deployDirectory
정보: Deploying web application directory C:\Java\pivotal-tc-server-developer-3.1.2.RELEASE\bio-ssl-instance\webapps\manager
1월 12, 2016 7:48:09 오후 org.apache.catalina.startup.HostConfig deployDirectory
정보: Deployment of web application directory C:\Java\pivotal-tc-server-developer-3.1.2.RELEASE\bio-ssl-instance\webapps\manager has finished in 165 ms
1월 12, 2016 7:48:09 오후 org.apache.coyote.AbstractProtocol start
정보: Starting ProtocolHandler ["http-bio-8080"]
1월 12, 2016 7:48:09 오후 org.apache.coyote.AbstractProtocol start
정보: Starting ProtocolHandler ["http-bio-8443"]
1월 12, 2016 7:48:12 오후 org.apache.jasper.compiler.TldLocationsCache tldScanJar
정보: At least one JAR was scanned for TLDs yet contained no TLDs. Enable debug logging for this logger for a complete list of JARs that were scanned but no TLDs were found in them. Skipping unneeded JARs during scanning can improve startup time and JSP compilation time.
1월 12, 2016 7:51:42 오후 com.springsource.tcserver.security.PropertyDecoder <init>
정보: tc Runtime property decoder using memory-based key
1월 12, 2016 7:51:42 오후 com.springsource.tcserver.security.TcDecoder initCiphers
정보: Initializing ciphers
1월 12, 2016 7:51:42 오후 com.springsource.tcserver.security.PropertyDecoder <init>
정보: tcServer Runtime property decoder has been initialized in 257 ms
1월 12, 2016 7:51:43 오후 org.apache.coyote.AbstractProtocol init
정보: Initializing ProtocolHandler ["http-bio-8080"]
1월 12, 2016 7:51:43 오후 org.apache.coyote.AbstractProtocol init
정보: Initializing ProtocolHandler ["http-bio-8443"]
1월 12, 2016 7:51:43 오후 com.springsource.tcserver.serviceability.rmi.JmxSocketListener init
정보: Started up JMX registry on 127.0.0.1:6969 in 42 ms
1월 12, 2016 7:51:43 오후 org.apache.catalina.core.StandardService startInternal
정보: Starting service Catalina
1월 12, 2016 7:51:43 오후 org.apache.catalina.core.StandardEngine startInternal
정보: Starting Servlet Engine: Pivotal tc Runtime 3.1.2.RELEASE/7.0.64.B.RELEASE
1월 12, 2016 7:51:43 오후 org.apache.catalina.startup.HostConfig deployDescriptor
정보: Deploying configuration descriptor C:\Java\pivotal-tc-server-developer-3.1.2.RELEASE\bio-ssl-instance\conf\Catalina\localhost\ROOT.xml
1월 12, 2016 7:51:43 오후 org.apache.catalina.startup.SetContextPropertiesRule begin
경고: [SetContextPropertiesRule]{Context} Setting property 'source' to 'org.eclipse.jst.jee.server:workarts' did not find a matching property.
1월 12, 2016 7:51:51 오후 org.apache.catalina.startup.TldConfig execute
정보: At least one JAR was scanned for TLDs yet contained no TLDs. Enable debug logging for this logger for a complete list of JARs that were scanned but no TLDs were found in them. Skipping unneeded JARs during scanning can improve startup time and JSP compilation time.
1월 12, 2016 7:51:58 오후 org.apache.catalina.startup.HostConfig deployDescriptor
정보: Deployment of configuration descriptor C:\Java\pivotal-tc-server-developer-3.1.2.RELEASE\bio-ssl-instance\conf\Catalina\localhost\ROOT.xml has finished in 15,136 ms
1월 12, 2016 7:51:58 오후 org.apache.catalina.startup.HostConfig deployDirectory
정보: Deploying web application directory C:\Java\pivotal-tc-server-developer-3.1.2.RELEASE\bio-ssl-instance\webapps\manager
1월 12, 2016 7:51:59 오후 org.apache.catalina.startup.HostConfig deployDirectory
정보: Deployment of web application directory C:\Java\pivotal-tc-server-developer-3.1.2.RELEASE\bio-ssl-instance\webapps\manager has finished in 103 ms
1월 12, 2016 7:51:59 오후 org.apache.coyote.AbstractProtocol start
정보: Starting ProtocolHandler ["http-bio-8080"]
1월 12, 2016 7:51:59 오후 org.apache.coyote.AbstractProtocol start
정보: Starting ProtocolHandler ["http-bio-8443"]
1월 12, 2016 10:00:41 오후 org.apache.catalina.core.StandardContext reload
정보: Reloading Context with name [] has started
1월 12, 2016 10:00:41 오후 org.apache.catalina.loader.WebappClassLoader clearReferencesJdbc
심각: The web application [] registered the JDBC driver [net.sf.log4jdbc.sql.jdbcapi.DriverSpy] but failed to unregister it when the web application was stopped. To prevent a memory leak, the JDBC Driver has been forcibly unregistered.
1월 12, 2016 10:00:41 오후 org.apache.catalina.loader.WebappClassLoader clearReferencesJdbc
심각: The web application [] registered the JDBC driver [com.mysql.jdbc.Driver] but failed to unregister it when the web application was stopped. To prevent a memory leak, the JDBC Driver has been forcibly unregistered.
1월 12, 2016 10:00:41 오후 org.apache.catalina.loader.WebappClassLoader clearReferencesThreads
심각: The web application [] appears to have started a thread named [Abandoned connection cleanup thread] but has failed to stop it. This is very likely to create a memory leak.
1월 12, 2016 10:01:03 오후 org.apache.catalina.startup.TldConfig execute
정보: At least one JAR was scanned for TLDs yet contained no TLDs. Enable debug logging for this logger for a complete list of JARs that were scanned but no TLDs were found in them. Skipping unneeded JARs during scanning can improve startup time and JSP compilation time.
1월 12, 2016 10:01:11 오후 org.apache.catalina.core.StandardContext startInternal
심각: One or more listeners failed to start. Full details will be found in the appropriate container log file
1월 12, 2016 10:01:11 오후 org.apache.catalina.core.StandardContext startInternal
심각: Context [] startup failed due to previous errors
1월 12, 2016 10:01:11 오후 org.apache.catalina.core.StandardContext reload
정보: Reloading Context with name [] is completed
1월 12, 2016 10:05:55 오후 org.apache.coyote.AbstractProtocol pause
정보: Pausing ProtocolHandler ["http-bio-8080"]
1월 12, 2016 10:05:55 오후 org.apache.coyote.AbstractProtocol pause
정보: Pausing ProtocolHandler ["http-bio-8443"]
1월 12, 2016 10:05:55 오후 org.apache.catalina.core.StandardService stopInternal
정보: Stopping service Catalina
1월 12, 2016 10:05:55 오후 org.apache.coyote.AbstractProtocol stop
정보: Stopping ProtocolHandler ["http-bio-8080"]
1월 12, 2016 10:05:55 오후 org.apache.coyote.AbstractProtocol stop
정보: Stopping ProtocolHandler ["http-bio-8443"]
1월 12, 2016 10:05:56 오후 com.springsource.tcserver.security.PropertyDecoder <init>
정보: tc Runtime property decoder using memory-based key
1월 12, 2016 10:05:56 오후 com.springsource.tcserver.security.TcDecoder initCiphers
정보: Initializing ciphers
1월 12, 2016 10:05:56 오후 com.springsource.tcserver.security.PropertyDecoder <init>
정보: tcServer Runtime property decoder has been initialized in 317 ms
1월 12, 2016 10:05:57 오후 org.apache.coyote.AbstractProtocol init
정보: Initializing ProtocolHandler ["http-bio-8080"]
1월 12, 2016 10:05:57 오후 org.apache.coyote.AbstractProtocol init
정보: Initializing ProtocolHandler ["http-bio-8443"]
1월 12, 2016 10:05:58 오후 com.springsource.tcserver.serviceability.rmi.JmxSocketListener init
정보: Started up JMX registry on 127.0.0.1:6969 in 124 ms
1월 12, 2016 10:05:58 오후 org.apache.catalina.core.StandardService startInternal
정보: Starting service Catalina
1월 12, 2016 10:05:58 오후 org.apache.catalina.core.StandardEngine startInternal
정보: Starting Servlet Engine: Pivotal tc Runtime 3.1.2.RELEASE/7.0.64.B.RELEASE
1월 12, 2016 10:05:58 오후 org.apache.catalina.startup.HostConfig deployDescriptor
정보: Deploying configuration descriptor C:\Java\pivotal-tc-server-developer-3.1.2.RELEASE\bio-ssl-instance\conf\Catalina\localhost\ROOT.xml
1월 12, 2016 10:05:58 오후 org.apache.catalina.startup.SetContextPropertiesRule begin
경고: [SetContextPropertiesRule]{Context} Setting property 'source' to 'org.eclipse.jst.jee.server:workarts' did not find a matching property.
1월 12, 2016 10:06:03 오후 org.apache.catalina.startup.TldConfig execute
정보: At least one JAR was scanned for TLDs yet contained no TLDs. Enable debug logging for this logger for a complete list of JARs that were scanned but no TLDs were found in them. Skipping unneeded JARs during scanning can improve startup time and JSP compilation time.
1월 12, 2016 10:06:08 오후 org.apache.catalina.startup.HostConfig deployDescriptor
정보: Deployment of configuration descriptor C:\Java\pivotal-tc-server-developer-3.1.2.RELEASE\bio-ssl-instance\conf\Catalina\localhost\ROOT.xml has finished in 10,652 ms
1월 12, 2016 10:06:08 오후 org.apache.catalina.startup.HostConfig deployDirectory
정보: Deploying web application directory C:\Java\pivotal-tc-server-developer-3.1.2.RELEASE\bio-ssl-instance\webapps\manager
1월 12, 2016 10:06:08 오후 org.apache.catalina.startup.HostConfig deployDirectory
정보: Deployment of web application directory C:\Java\pivotal-tc-server-developer-3.1.2.RELEASE\bio-ssl-instance\webapps\manager has finished in 68 ms
1월 12, 2016 10:06:08 오후 org.apache.coyote.AbstractProtocol start
정보: Starting ProtocolHandler ["http-bio-8080"]
1월 12, 2016 10:06:08 오후 org.apache.coyote.AbstractProtocol start
정보: Starting ProtocolHandler ["http-bio-8443"]
1월 12, 2016 10:07:16 오후 org.apache.jasper.compiler.TldLocationsCache tldScanJar
정보: At least one JAR was scanned for TLDs yet contained no TLDs. Enable debug logging for this logger for a complete list of JARs that were scanned but no TLDs were found in them. Skipping unneeded JARs during scanning can improve startup time and JSP compilation time.
1월 12, 2016 10:08:00 오후 org.apache.catalina.startup.HostConfig undeploy
정보: Undeploying context []
1월 12, 2016 10:08:00 오후 org.apache.catalina.session.StandardManager doUnload
심각: IOException while saving persisted sessions: java.io.FileNotFoundException: C:\Java\pivotal-tc-server-developer-3.1.2.RELEASE\bio-ssl-instance\work\Catalina\localhost\_\SESSIONS.ser (지정된 경로를 찾을 수 없습니다)
java.io.FileNotFoundException: C:\Java\pivotal-tc-server-developer-3.1.2.RELEASE\bio-ssl-instance\work\Catalina\localhost\_\SESSIONS.ser (지정된 경로를 찾을 수 없습니다)
	at java.io.FileOutputStream.open(Native Method)
	at java.io.FileOutputStream.<init>(Unknown Source)
	at java.io.FileOutputStream.<init>(Unknown Source)
	at org.apache.catalina.session.StandardManager.doUnload(StandardManager.java:384)
	at org.apache.catalina.session.StandardManager.unload(StandardManager.java:351)
	at org.apache.catalina.session.StandardManager.stopInternal(StandardManager.java:516)
	at org.apache.catalina.util.LifecycleBase.stop(LifecycleBase.java:232)
	at org.apache.catalina.core.StandardContext.stopInternal(StandardContext.java:5708)
	at org.apache.catalina.util.LifecycleBase.stop(LifecycleBase.java:232)
	at org.apache.catalina.core.ContainerBase.removeChild(ContainerBase.java:1027)
	at org.apache.catalina.startup.HostConfig.undeploy(HostConfig.java:1547)
	at org.apache.catalina.startup.HostConfig.checkResources(HostConfig.java:1474)
	at org.apache.catalina.startup.HostConfig.check(HostConfig.java:1695)
	at org.apache.catalina.startup.HostConfig.lifecycleEvent(HostConfig.java:333)
	at org.apache.catalina.util.LifecycleSupport.fireLifecycleEvent(LifecycleSupport.java:117)
	at org.apache.catalina.util.LifecycleBase.fireLifecycleEvent(LifecycleBase.java:90)
	at org.apache.catalina.core.ContainerBase.backgroundProcess(ContainerBase.java:1373)
	at org.apache.catalina.core.ContainerBase$ContainerBackgroundProcessor.processChildren(ContainerBase.java:1545)
	at org.apache.catalina.core.ContainerBase$ContainerBackgroundProcessor.processChildren(ContainerBase.java:1555)
	at org.apache.catalina.core.ContainerBase$ContainerBackgroundProcessor.run(ContainerBase.java:1523)
	at java.lang.Thread.run(Unknown Source)

1월 12, 2016 10:08:00 오후 org.apache.catalina.session.StandardManager stopInternal
심각: Exception unloading sessions to persistent storage
java.io.FileNotFoundException: C:\Java\pivotal-tc-server-developer-3.1.2.RELEASE\bio-ssl-instance\work\Catalina\localhost\_\SESSIONS.ser (지정된 경로를 찾을 수 없습니다)
	at java.io.FileOutputStream.open(Native Method)
	at java.io.FileOutputStream.<init>(Unknown Source)
	at java.io.FileOutputStream.<init>(Unknown Source)
	at org.apache.catalina.session.StandardManager.doUnload(StandardManager.java:384)
	at org.apache.catalina.session.StandardManager.unload(StandardManager.java:351)
	at org.apache.catalina.session.StandardManager.stopInternal(StandardManager.java:516)
	at org.apache.catalina.util.LifecycleBase.stop(LifecycleBase.java:232)
	at org.apache.catalina.core.StandardContext.stopInternal(StandardContext.java:5708)
	at org.apache.catalina.util.LifecycleBase.stop(LifecycleBase.java:232)
	at org.apache.catalina.core.ContainerBase.removeChild(ContainerBase.java:1027)
	at org.apache.catalina.startup.HostConfig.undeploy(HostConfig.java:1547)
	at org.apache.catalina.startup.HostConfig.checkResources(HostConfig.java:1474)
	at org.apache.catalina.startup.HostConfig.check(HostConfig.java:1695)
	at org.apache.catalina.startup.HostConfig.lifecycleEvent(HostConfig.java:333)
	at org.apache.catalina.util.LifecycleSupport.fireLifecycleEvent(LifecycleSupport.java:117)
	at org.apache.catalina.util.LifecycleBase.fireLifecycleEvent(LifecycleBase.java:90)
	at org.apache.catalina.core.ContainerBase.backgroundProcess(ContainerBase.java:1373)
	at org.apache.catalina.core.ContainerBase$ContainerBackgroundProcessor.processChildren(ContainerBase.java:1545)
	at org.apache.catalina.core.ContainerBase$ContainerBackgroundProcessor.processChildren(ContainerBase.java:1555)
	at org.apache.catalina.core.ContainerBase$ContainerBackgroundProcessor.run(ContainerBase.java:1523)
	at java.lang.Thread.run(Unknown Source)

1월 12, 2016 10:08:00 오후 org.apache.catalina.loader.WebappClassLoader clearReferencesJdbc
심각: The web application [] registered the JDBC driver [net.sf.log4jdbc.sql.jdbcapi.DriverSpy] but failed to unregister it when the web application was stopped. To prevent a memory leak, the JDBC Driver has been forcibly unregistered.
1월 12, 2016 10:08:00 오후 org.apache.catalina.loader.WebappClassLoader clearReferencesJdbc
심각: The web application [] registered the JDBC driver [com.mysql.jdbc.Driver] but failed to unregister it when the web application was stopped. To prevent a memory leak, the JDBC Driver has been forcibly unregistered.
1월 12, 2016 10:08:00 오후 org.apache.catalina.loader.WebappClassLoader clearReferencesThreads
심각: The web application [] appears to have started a thread named [Abandoned connection cleanup thread] but has failed to stop it. This is very likely to create a memory leak.
1월 12, 2016 10:08:00 오후 org.apache.catalina.loader.WebappClassLoader clearReferencesThreads
심각: The web application [] appears to have started a thread named [MySQL Statement Cancellation Timer] but has failed to stop it. This is very likely to create a memory leak.
1월 12, 2016 10:08:00 오후 org.apache.catalina.startup.HostConfig deployDescriptor
정보: Deploying configuration descriptor C:\Java\pivotal-tc-server-developer-3.1.2.RELEASE\bio-ssl-instance\conf\Catalina\localhost\workarts.xml
1월 12, 2016 10:08:00 오후 org.apache.catalina.startup.SetContextPropertiesRule begin
경고: [SetContextPropertiesRule]{Context} Setting property 'source' to 'org.eclipse.jst.jee.server:workarts' did not find a matching property.
