5월 25, 2016 11:46:42 오전 com.springsource.tcserver.security.PropertyDecoder <init>
정보: tc Runtime property decoder using memory-based key
5월 25, 2016 11:46:42 오전 com.springsource.tcserver.security.TcDecoder initCiphers
정보: Initializing ciphers
5월 25, 2016 11:46:42 오전 com.springsource.tcserver.security.PropertyDecoder <init>
정보: tcServer Runtime property decoder has been initialized in 433 ms
5월 25, 2016 11:46:44 오전 org.apache.coyote.AbstractProtocol init
정보: Initializing ProtocolHandler ["http-bio-80"]
5월 25, 2016 11:46:44 오전 org.apache.coyote.AbstractProtocol init
정보: Initializing ProtocolHandler ["http-bio-8443"]
5월 25, 2016 11:46:45 오전 com.springsource.tcserver.serviceability.rmi.JmxSocketListener init
정보: Started up JMX registry on 127.0.0.1:6969 in 148 ms
5월 25, 2016 11:46:45 오전 org.apache.catalina.core.StandardService startInternal
정보: Starting service Catalina
5월 25, 2016 11:46:45 오전 org.apache.catalina.core.StandardEngine startInternal
정보: Starting Servlet Engine: Pivotal tc Runtime 3.1.2.RELEASE/7.0.64.B.RELEASE
5월 25, 2016 11:46:51 오전 org.apache.catalina.startup.TldConfig execute
정보: At least one JAR was scanned for TLDs yet contained no TLDs. Enable debug logging for this logger for a complete list of JARs that were scanned but no TLDs were found in them. Skipping unneeded JARs during scanning can improve startup time and JSP compilation time.
5월 25, 2016 11:47:13 오전 org.apache.catalina.startup.HostConfig deployDirectory
정보: Deploying web application directory C:\Java\pivotal-tc-server-developer-3.1.2.RELEASE\base-bio-ssl\webapps\manager
5월 25, 2016 11:47:14 오전 org.apache.catalina.startup.TldConfig execute
정보: At least one JAR was scanned for TLDs yet contained no TLDs. Enable debug logging for this logger for a complete list of JARs that were scanned but no TLDs were found in them. Skipping unneeded JARs during scanning can improve startup time and JSP compilation time.
5월 25, 2016 11:47:14 오전 org.apache.catalina.startup.HostConfig deployDirectory
정보: Deployment of web application directory C:\Java\pivotal-tc-server-developer-3.1.2.RELEASE\base-bio-ssl\webapps\manager has finished in 586 ms
5월 25, 2016 11:47:14 오전 org.apache.catalina.startup.HostConfig deployDirectory
정보: Deploying web application directory C:\Java\pivotal-tc-server-developer-3.1.2.RELEASE\base-bio-ssl\webapps\ROOT
5월 25, 2016 11:47:14 오전 org.apache.catalina.startup.TldConfig execute
정보: At least one JAR was scanned for TLDs yet contained no TLDs. Enable debug logging for this logger for a complete list of JARs that were scanned but no TLDs were found in them. Skipping unneeded JARs during scanning can improve startup time and JSP compilation time.
5월 25, 2016 11:47:14 오전 org.apache.catalina.startup.HostConfig deployDirectory
정보: Deployment of web application directory C:\Java\pivotal-tc-server-developer-3.1.2.RELEASE\base-bio-ssl\webapps\ROOT has finished in 101 ms
5월 25, 2016 11:47:14 오전 org.apache.coyote.AbstractProtocol start
정보: Starting ProtocolHandler ["http-bio-80"]
5월 25, 2016 11:47:14 오전 org.apache.coyote.AbstractProtocol start
정보: Starting ProtocolHandler ["http-bio-8443"]
5월 25, 2016 4:27:10 오후 com.springsource.tcserver.security.PropertyDecoder <init>
정보: tc Runtime property decoder using memory-based key
5월 25, 2016 4:27:11 오후 com.springsource.tcserver.security.TcDecoder initCiphers
정보: Initializing ciphers
5월 25, 2016 4:27:11 오후 com.springsource.tcserver.security.PropertyDecoder <init>
정보: tcServer Runtime property decoder has been initialized in 526 ms
5월 25, 2016 4:27:13 오후 org.apache.coyote.AbstractProtocol init
정보: Initializing ProtocolHandler ["http-bio-80"]
5월 25, 2016 4:27:13 오후 org.apache.coyote.AbstractProtocol init
정보: Initializing ProtocolHandler ["http-bio-8443"]
5월 25, 2016 4:27:14 오후 com.springsource.tcserver.serviceability.rmi.JmxSocketListener init
정보: Started up JMX registry on 127.0.0.1:6969 in 153 ms
5월 25, 2016 4:27:14 오후 org.apache.catalina.core.StandardService startInternal
정보: Starting service Catalina
5월 25, 2016 4:27:14 오후 org.apache.catalina.core.StandardEngine startInternal
정보: Starting Servlet Engine: Pivotal tc Runtime 3.1.2.RELEASE/7.0.64.B.RELEASE
5월 25, 2016 4:27:29 오후 org.apache.catalina.startup.TldConfig execute
정보: At least one JAR was scanned for TLDs yet contained no TLDs. Enable debug logging for this logger for a complete list of JARs that were scanned but no TLDs were found in them. Skipping unneeded JARs during scanning can improve startup time and JSP compilation time.
5월 25, 2016 4:27:53 오후 org.apache.catalina.startup.HostConfig deployDirectory
정보: Deploying web application directory C:\Java\pivotal-tc-server-developer-3.1.2.RELEASE\base-bio-ssl\webapps\manager
5월 25, 2016 4:27:53 오후 org.apache.catalina.startup.TldConfig execute
정보: At least one JAR was scanned for TLDs yet contained no TLDs. Enable debug logging for this logger for a complete list of JARs that were scanned but no TLDs were found in them. Skipping unneeded JARs during scanning can improve startup time and JSP compilation time.
5월 25, 2016 4:27:53 오후 org.apache.catalina.startup.HostConfig deployDirectory
정보: Deployment of web application directory C:\Java\pivotal-tc-server-developer-3.1.2.RELEASE\base-bio-ssl\webapps\manager has finished in 109 ms
5월 25, 2016 4:27:53 오후 org.apache.catalina.startup.HostConfig deployDirectory
정보: Deploying web application directory C:\Java\pivotal-tc-server-developer-3.1.2.RELEASE\base-bio-ssl\webapps\ROOT
5월 25, 2016 4:27:53 오후 org.apache.catalina.startup.TldConfig execute
정보: At least one JAR was scanned for TLDs yet contained no TLDs. Enable debug logging for this logger for a complete list of JARs that were scanned but no TLDs were found in them. Skipping unneeded JARs during scanning can improve startup time and JSP compilation time.
5월 25, 2016 4:27:53 오후 org.apache.catalina.startup.HostConfig deployDirectory
정보: Deployment of web application directory C:\Java\pivotal-tc-server-developer-3.1.2.RELEASE\base-bio-ssl\webapps\ROOT has finished in 78 ms
5월 25, 2016 4:27:53 오후 org.apache.coyote.AbstractProtocol start
정보: Starting ProtocolHandler ["http-bio-80"]
5월 25, 2016 4:27:53 오후 org.apache.coyote.AbstractProtocol start
정보: Starting ProtocolHandler ["http-bio-8443"]
5월 25, 2016 4:28:34 오후 org.apache.coyote.AbstractProtocol pause
정보: Pausing ProtocolHandler ["http-bio-80"]
5월 25, 2016 4:28:34 오후 org.apache.coyote.AbstractProtocol pause
정보: Pausing ProtocolHandler ["http-bio-8443"]
5월 25, 2016 4:28:34 오후 org.apache.catalina.core.StandardService stopInternal
정보: Stopping service Catalina
5월 25, 2016 4:28:35 오후 org.apache.catalina.loader.WebappClassLoader clearReferencesJdbc
심각: The web application [/workarts] registered the JDBC driver [net.sf.log4jdbc.sql.jdbcapi.DriverSpy] but failed to unregister it when the web application was stopped. To prevent a memory leak, the JDBC Driver has been forcibly unregistered.
5월 25, 2016 4:28:35 오후 org.apache.catalina.loader.WebappClassLoader clearReferencesJdbc
심각: The web application [/workarts] registered the JDBC driver [com.mysql.jdbc.Driver] but failed to unregister it when the web application was stopped. To prevent a memory leak, the JDBC Driver has been forcibly unregistered.
5월 25, 2016 4:28:35 오후 org.apache.catalina.loader.WebappClassLoader clearReferencesThreads
심각: The web application [/workarts] appears to have started a thread named [FileSystemWatcher: files=#210 cl=WebappClassLoader
  context: /workarts
  delegate: false
  repositories:
    /WEB-INF/classes/
----------> Parent Classloader:
org.apache.catalina.loader.StandardClassLoader@2301ba21
] but has failed to stop it. This is very likely to create a memory leak.
5월 25, 2016 4:28:35 오후 org.apache.catalina.loader.WebappClassLoader clearReferencesThreads
심각: The web application [/workarts] appears to have started a thread named [Abandoned connection cleanup thread] but has failed to stop it. This is very likely to create a memory leak.
5월 25, 2016 4:28:35 오후 org.apache.coyote.AbstractProtocol stop
정보: Stopping ProtocolHandler ["http-bio-80"]
5월 25, 2016 4:28:35 오후 org.apache.coyote.AbstractProtocol stop
정보: Stopping ProtocolHandler ["http-bio-8443"]
