1월 28, 2016 12:14:14 오전 org.apache.coyote.AbstractProtocol pause
정보: Pausing ProtocolHandler ["http-bio-80"]
1월 28, 2016 12:14:15 오전 org.apache.coyote.AbstractProtocol pause
정보: Pausing ProtocolHandler ["http-bio-8443"]
1월 28, 2016 12:14:15 오전 org.apache.catalina.core.StandardService stopInternal
정보: Stopping service Catalina
1월 28, 2016 12:14:15 오전 org.apache.catalina.loader.WebappClassLoader clearReferencesJdbc
심각: The web application [/workarts] registered the JDBC driver [net.sf.log4jdbc.sql.jdbcapi.DriverSpy] but failed to unregister it when the web application was stopped. To prevent a memory leak, the JDBC Driver has been forcibly unregistered.
1월 28, 2016 12:14:15 오전 org.apache.catalina.loader.WebappClassLoader clearReferencesJdbc
심각: The web application [/workarts] registered the JDBC driver [com.mysql.jdbc.Driver] but failed to unregister it when the web application was stopped. To prevent a memory leak, the JDBC Driver has been forcibly unregistered.
1월 28, 2016 12:14:15 오전 org.apache.catalina.loader.WebappClassLoader clearReferencesThreads
심각: The web application [/workarts] appears to have started a thread named [FileSystemWatcher: files=#187 cl=WebappClassLoader
  context: /workarts
  delegate: false
  repositories:
    /WEB-INF/classes/
----------> Parent Classloader:
org.apache.catalina.loader.StandardClassLoader@4662de7b
] but has failed to stop it. This is very likely to create a memory leak.
1월 28, 2016 12:14:15 오전 org.apache.catalina.loader.WebappClassLoader clearReferencesThreads
심각: The web application [/workarts] appears to have started a thread named [Abandoned connection cleanup thread] but has failed to stop it. This is very likely to create a memory leak.
1월 28, 2016 12:14:15 오전 org.apache.catalina.loader.WebappClassLoader clearReferencesThreads
심각: The web application [/workarts] appears to have started a thread named [MySQL Statement Cancellation Timer] but has failed to stop it. This is very likely to create a memory leak.
1월 28, 2016 12:14:15 오전 org.apache.catalina.loader.WebappClassLoader clearReferencesThreads
심각: The web application [/workarts] appears to have started a thread named [pool-4-thread-1] but has failed to stop it. This is very likely to create a memory leak.
1월 28, 2016 12:14:15 오전 org.apache.coyote.AbstractProtocol stop
정보: Stopping ProtocolHandler ["http-bio-80"]
1월 28, 2016 12:14:15 오전 org.apache.coyote.AbstractProtocol stop
정보: Stopping ProtocolHandler ["http-bio-8443"]
1월 28, 2016 12:14:16 오전 com.springsource.tcserver.security.PropertyDecoder <init>
정보: tc Runtime property decoder using memory-based key
1월 28, 2016 12:14:16 오전 com.springsource.tcserver.security.TcDecoder initCiphers
정보: Initializing ciphers
1월 28, 2016 12:14:17 오전 com.springsource.tcserver.security.PropertyDecoder <init>
정보: tcServer Runtime property decoder has been initialized in 522 ms
1월 28, 2016 12:14:19 오전 org.apache.coyote.AbstractProtocol init
정보: Initializing ProtocolHandler ["http-bio-80"]
1월 28, 2016 12:14:19 오전 org.apache.coyote.AbstractProtocol init
정보: Initializing ProtocolHandler ["http-bio-8443"]
1월 28, 2016 12:14:20 오전 com.springsource.tcserver.serviceability.rmi.JmxSocketListener init
정보: Started up JMX registry on 127.0.0.1:6969 in 165 ms
1월 28, 2016 12:14:20 오전 org.apache.catalina.core.StandardService startInternal
정보: Starting service Catalina
1월 28, 2016 12:14:20 오전 org.apache.catalina.core.StandardEngine startInternal
정보: Starting Servlet Engine: Pivotal tc Runtime 3.1.2.RELEASE/7.0.64.B.RELEASE
1월 28, 2016 12:14:29 오전 org.apache.catalina.startup.TldConfig execute
정보: At least one JAR was scanned for TLDs yet contained no TLDs. Enable debug logging for this logger for a complete list of JARs that were scanned but no TLDs were found in them. Skipping unneeded JARs during scanning can improve startup time and JSP compilation time.
1월 28, 2016 12:14:44 오전 org.apache.catalina.startup.HostConfig deployDirectory
정보: Deploying web application directory C:\Java\pivotal-tc-server-developer-3.1.2.RELEASE\base-bio-ssl\webapps\manager
1월 28, 2016 12:14:44 오전 org.apache.catalina.startup.TldConfig execute
정보: At least one JAR was scanned for TLDs yet contained no TLDs. Enable debug logging for this logger for a complete list of JARs that were scanned but no TLDs were found in them. Skipping unneeded JARs during scanning can improve startup time and JSP compilation time.
1월 28, 2016 12:14:44 오전 org.apache.catalina.startup.HostConfig deployDirectory
정보: Deployment of web application directory C:\Java\pivotal-tc-server-developer-3.1.2.RELEASE\base-bio-ssl\webapps\manager has finished in 217 ms
1월 28, 2016 12:14:44 오전 org.apache.catalina.startup.HostConfig deployDirectory
정보: Deploying web application directory C:\Java\pivotal-tc-server-developer-3.1.2.RELEASE\base-bio-ssl\webapps\ROOT
1월 28, 2016 12:14:44 오전 org.apache.catalina.startup.TldConfig execute
정보: At least one JAR was scanned for TLDs yet contained no TLDs. Enable debug logging for this logger for a complete list of JARs that were scanned but no TLDs were found in them. Skipping unneeded JARs during scanning can improve startup time and JSP compilation time.
1월 28, 2016 12:14:44 오전 org.apache.catalina.startup.HostConfig deployDirectory
정보: Deployment of web application directory C:\Java\pivotal-tc-server-developer-3.1.2.RELEASE\base-bio-ssl\webapps\ROOT has finished in 100 ms
1월 28, 2016 12:14:44 오전 org.apache.coyote.AbstractProtocol start
정보: Starting ProtocolHandler ["http-bio-80"]
1월 28, 2016 12:14:44 오전 org.apache.coyote.AbstractProtocol start
정보: Starting ProtocolHandler ["http-bio-8443"]
1월 28, 2016 12:57:03 오전 org.apache.coyote.AbstractProtocol pause
정보: Pausing ProtocolHandler ["http-bio-80"]
1월 28, 2016 12:57:03 오전 org.apache.coyote.AbstractProtocol pause
정보: Pausing ProtocolHandler ["http-bio-8443"]
1월 28, 2016 12:57:03 오전 org.apache.catalina.core.StandardService stopInternal
정보: Stopping service Catalina
1월 28, 2016 12:57:04 오전 org.apache.catalina.loader.WebappClassLoader clearReferencesJdbc
심각: The web application [/workarts] registered the JDBC driver [net.sf.log4jdbc.sql.jdbcapi.DriverSpy] but failed to unregister it when the web application was stopped. To prevent a memory leak, the JDBC Driver has been forcibly unregistered.
1월 28, 2016 12:57:04 오전 org.apache.catalina.loader.WebappClassLoader clearReferencesJdbc
심각: The web application [/workarts] registered the JDBC driver [com.mysql.jdbc.Driver] but failed to unregister it when the web application was stopped. To prevent a memory leak, the JDBC Driver has been forcibly unregistered.
1월 28, 2016 12:57:04 오전 org.apache.catalina.loader.WebappClassLoader clearReferencesThreads
심각: The web application [/workarts] appears to have started a thread named [FileSystemWatcher: files=#175 cl=WebappClassLoader
  context: /workarts
  delegate: false
  repositories:
    /WEB-INF/classes/
----------> Parent Classloader:
org.apache.catalina.loader.StandardClassLoader@4662de7b
] but has failed to stop it. This is very likely to create a memory leak.
1월 28, 2016 12:57:04 오전 org.apache.catalina.loader.WebappClassLoader clearReferencesThreads
심각: The web application [/workarts] appears to have started a thread named [Abandoned connection cleanup thread] but has failed to stop it. This is very likely to create a memory leak.
1월 28, 2016 12:57:04 오전 org.apache.coyote.AbstractProtocol stop
정보: Stopping ProtocolHandler ["http-bio-80"]
1월 28, 2016 12:57:04 오전 org.apache.coyote.AbstractProtocol stop
정보: Stopping ProtocolHandler ["http-bio-8443"]
1월 28, 2016 12:57:05 오전 com.springsource.tcserver.security.PropertyDecoder <init>
정보: tc Runtime property decoder using memory-based key
1월 28, 2016 12:57:05 오전 com.springsource.tcserver.security.TcDecoder initCiphers
정보: Initializing ciphers
1월 28, 2016 12:57:06 오전 com.springsource.tcserver.security.PropertyDecoder <init>
정보: tcServer Runtime property decoder has been initialized in 503 ms
1월 28, 2016 12:57:07 오전 org.apache.coyote.AbstractProtocol init
정보: Initializing ProtocolHandler ["http-bio-80"]
1월 28, 2016 12:57:07 오전 org.apache.coyote.AbstractProtocol init
정보: Initializing ProtocolHandler ["http-bio-8443"]
1월 28, 2016 12:57:07 오전 com.springsource.tcserver.serviceability.rmi.JmxSocketListener init
정보: Started up JMX registry on 127.0.0.1:6969 in 302 ms
1월 28, 2016 12:57:07 오전 org.apache.catalina.core.StandardService startInternal
정보: Starting service Catalina
1월 28, 2016 12:57:07 오전 org.apache.catalina.core.StandardEngine startInternal
정보: Starting Servlet Engine: Pivotal tc Runtime 3.1.2.RELEASE/7.0.64.B.RELEASE
1월 28, 2016 12:57:17 오전 org.apache.catalina.startup.TldConfig execute
정보: At least one JAR was scanned for TLDs yet contained no TLDs. Enable debug logging for this logger for a complete list of JARs that were scanned but no TLDs were found in them. Skipping unneeded JARs during scanning can improve startup time and JSP compilation time.
1월 28, 2016 12:57:33 오전 org.apache.catalina.startup.HostConfig deployDirectory
정보: Deploying web application directory C:\Java\pivotal-tc-server-developer-3.1.2.RELEASE\base-bio-ssl\webapps\manager
1월 28, 2016 12:57:33 오전 org.apache.catalina.startup.TldConfig execute
정보: At least one JAR was scanned for TLDs yet contained no TLDs. Enable debug logging for this logger for a complete list of JARs that were scanned but no TLDs were found in them. Skipping unneeded JARs during scanning can improve startup time and JSP compilation time.
1월 28, 2016 12:57:33 오전 org.apache.catalina.startup.HostConfig deployDirectory
정보: Deployment of web application directory C:\Java\pivotal-tc-server-developer-3.1.2.RELEASE\base-bio-ssl\webapps\manager has finished in 156 ms
1월 28, 2016 12:57:33 오전 org.apache.catalina.startup.HostConfig deployDirectory
정보: Deploying web application directory C:\Java\pivotal-tc-server-developer-3.1.2.RELEASE\base-bio-ssl\webapps\ROOT
1월 28, 2016 12:57:33 오전 org.apache.catalina.startup.TldConfig execute
정보: At least one JAR was scanned for TLDs yet contained no TLDs. Enable debug logging for this logger for a complete list of JARs that were scanned but no TLDs were found in them. Skipping unneeded JARs during scanning can improve startup time and JSP compilation time.
1월 28, 2016 12:57:33 오전 org.apache.catalina.startup.HostConfig deployDirectory
정보: Deployment of web application directory C:\Java\pivotal-tc-server-developer-3.1.2.RELEASE\base-bio-ssl\webapps\ROOT has finished in 109 ms
1월 28, 2016 12:57:33 오전 org.apache.coyote.AbstractProtocol start
정보: Starting ProtocolHandler ["http-bio-80"]
1월 28, 2016 12:57:33 오전 org.apache.coyote.AbstractProtocol start
정보: Starting ProtocolHandler ["http-bio-8443"]
1월 28, 2016 12:57:42 오전 org.apache.jasper.compiler.TldLocationsCache tldScanJar
정보: At least one JAR was scanned for TLDs yet contained no TLDs. Enable debug logging for this logger for a complete list of JARs that were scanned but no TLDs were found in them. Skipping unneeded JARs during scanning can improve startup time and JSP compilation time.
1월 28, 2016 12:59:25 오전 org.apache.coyote.AbstractProtocol pause
정보: Pausing ProtocolHandler ["http-bio-80"]
1월 28, 2016 12:59:25 오전 org.apache.coyote.AbstractProtocol pause
정보: Pausing ProtocolHandler ["http-bio-8443"]
1월 28, 2016 12:59:25 오전 org.apache.catalina.core.StandardService stopInternal
정보: Stopping service Catalina
1월 28, 2016 12:59:25 오전 org.apache.catalina.loader.WebappClassLoader clearReferencesJdbc
심각: The web application [/workarts] registered the JDBC driver [net.sf.log4jdbc.sql.jdbcapi.DriverSpy] but failed to unregister it when the web application was stopped. To prevent a memory leak, the JDBC Driver has been forcibly unregistered.
1월 28, 2016 12:59:25 오전 org.apache.catalina.loader.WebappClassLoader clearReferencesJdbc
심각: The web application [/workarts] registered the JDBC driver [com.mysql.jdbc.Driver] but failed to unregister it when the web application was stopped. To prevent a memory leak, the JDBC Driver has been forcibly unregistered.
1월 28, 2016 12:59:25 오전 org.apache.catalina.loader.WebappClassLoader clearReferencesThreads
심각: The web application [/workarts] appears to have started a thread named [FileSystemWatcher: files=#171 cl=WebappClassLoader
  context: /workarts
  delegate: false
  repositories:
    /WEB-INF/classes/
----------> Parent Classloader:
org.apache.catalina.loader.StandardClassLoader@4662de7b
] but has failed to stop it. This is very likely to create a memory leak.
1월 28, 2016 12:59:25 오전 org.apache.catalina.loader.WebappClassLoader clearReferencesThreads
심각: The web application [/workarts] appears to have started a thread named [Abandoned connection cleanup thread] but has failed to stop it. This is very likely to create a memory leak.
1월 28, 2016 12:59:25 오전 org.apache.coyote.AbstractProtocol stop
정보: Stopping ProtocolHandler ["http-bio-80"]
1월 28, 2016 12:59:25 오전 org.apache.coyote.AbstractProtocol stop
정보: Stopping ProtocolHandler ["http-bio-8443"]
1월 28, 2016 12:59:27 오전 com.springsource.tcserver.security.PropertyDecoder <init>
정보: tc Runtime property decoder using memory-based key
1월 28, 2016 12:59:27 오전 com.springsource.tcserver.security.TcDecoder initCiphers
정보: Initializing ciphers
1월 28, 2016 12:59:28 오전 com.springsource.tcserver.security.PropertyDecoder <init>
정보: tcServer Runtime property decoder has been initialized in 599 ms
1월 28, 2016 12:59:30 오전 org.apache.coyote.AbstractProtocol init
정보: Initializing ProtocolHandler ["http-bio-80"]
1월 28, 2016 12:59:30 오전 org.apache.coyote.AbstractProtocol init
정보: Initializing ProtocolHandler ["http-bio-8443"]
1월 28, 2016 12:59:30 오전 com.springsource.tcserver.serviceability.rmi.JmxSocketListener init
정보: Started up JMX registry on 127.0.0.1:6969 in 159 ms
1월 28, 2016 12:59:30 오전 org.apache.catalina.core.StandardService startInternal
정보: Starting service Catalina
1월 28, 2016 12:59:30 오전 org.apache.catalina.core.StandardEngine startInternal
정보: Starting Servlet Engine: Pivotal tc Runtime 3.1.2.RELEASE/7.0.64.B.RELEASE
1월 28, 2016 12:59:36 오전 org.apache.catalina.startup.TldConfig execute
정보: At least one JAR was scanned for TLDs yet contained no TLDs. Enable debug logging for this logger for a complete list of JARs that were scanned but no TLDs were found in them. Skipping unneeded JARs during scanning can improve startup time and JSP compilation time.
1월 28, 2016 12:59:56 오전 org.apache.catalina.startup.HostConfig deployDirectory
정보: Deploying web application directory C:\Java\pivotal-tc-server-developer-3.1.2.RELEASE\base-bio-ssl\webapps\manager
1월 28, 2016 12:59:56 오전 org.apache.catalina.startup.TldConfig execute
정보: At least one JAR was scanned for TLDs yet contained no TLDs. Enable debug logging for this logger for a complete list of JARs that were scanned but no TLDs were found in them. Skipping unneeded JARs during scanning can improve startup time and JSP compilation time.
1월 28, 2016 12:59:56 오전 org.apache.catalina.startup.HostConfig deployDirectory
정보: Deployment of web application directory C:\Java\pivotal-tc-server-developer-3.1.2.RELEASE\base-bio-ssl\webapps\manager has finished in 125 ms
1월 28, 2016 12:59:56 오전 org.apache.catalina.startup.HostConfig deployDirectory
정보: Deploying web application directory C:\Java\pivotal-tc-server-developer-3.1.2.RELEASE\base-bio-ssl\webapps\ROOT
1월 28, 2016 12:59:57 오전 org.apache.catalina.startup.TldConfig execute
정보: At least one JAR was scanned for TLDs yet contained no TLDs. Enable debug logging for this logger for a complete list of JARs that were scanned but no TLDs were found in them. Skipping unneeded JARs during scanning can improve startup time and JSP compilation time.
1월 28, 2016 12:59:57 오전 org.apache.catalina.startup.HostConfig deployDirectory
정보: Deployment of web application directory C:\Java\pivotal-tc-server-developer-3.1.2.RELEASE\base-bio-ssl\webapps\ROOT has finished in 140 ms
1월 28, 2016 12:59:57 오전 org.apache.coyote.AbstractProtocol start
정보: Starting ProtocolHandler ["http-bio-80"]
1월 28, 2016 12:59:57 오전 org.apache.coyote.AbstractProtocol start
정보: Starting ProtocolHandler ["http-bio-8443"]
1월 28, 2016 1:24:07 오전 com.springsource.tcserver.security.PropertyDecoder <init>
정보: tc Runtime property decoder using memory-based key
1월 28, 2016 1:24:07 오전 com.springsource.tcserver.security.TcDecoder initCiphers
정보: Initializing ciphers
1월 28, 2016 1:24:07 오전 com.springsource.tcserver.security.PropertyDecoder <init>
정보: tcServer Runtime property decoder has been initialized in 553 ms
1월 28, 2016 1:24:09 오전 org.apache.coyote.AbstractProtocol init
정보: Initializing ProtocolHandler ["http-bio-80"]
1월 28, 2016 1:24:09 오전 org.apache.coyote.AbstractProtocol init
정보: Initializing ProtocolHandler ["http-bio-8443"]
1월 28, 2016 1:24:10 오전 com.springsource.tcserver.serviceability.rmi.JmxSocketListener init
정보: Started up JMX registry on 127.0.0.1:6969 in 158 ms
1월 28, 2016 1:24:10 오전 org.apache.catalina.core.StandardService startInternal
정보: Starting service Catalina
1월 28, 2016 1:24:10 오전 org.apache.catalina.core.StandardEngine startInternal
정보: Starting Servlet Engine: Pivotal tc Runtime 3.1.2.RELEASE/7.0.64.B.RELEASE
1월 28, 2016 1:24:19 오전 org.apache.catalina.startup.TldConfig execute
정보: At least one JAR was scanned for TLDs yet contained no TLDs. Enable debug logging for this logger for a complete list of JARs that were scanned but no TLDs were found in them. Skipping unneeded JARs during scanning can improve startup time and JSP compilation time.
1월 28, 2016 1:24:40 오전 org.apache.catalina.startup.HostConfig deployDirectory
정보: Deploying web application directory C:\Java\pivotal-tc-server-developer-3.1.2.RELEASE\base-bio-ssl\webapps\manager
1월 28, 2016 1:24:41 오전 org.apache.catalina.startup.TldConfig execute
정보: At least one JAR was scanned for TLDs yet contained no TLDs. Enable debug logging for this logger for a complete list of JARs that were scanned but no TLDs were found in them. Skipping unneeded JARs during scanning can improve startup time and JSP compilation time.
1월 28, 2016 1:24:41 오전 org.apache.catalina.startup.HostConfig deployDirectory
정보: Deployment of web application directory C:\Java\pivotal-tc-server-developer-3.1.2.RELEASE\base-bio-ssl\webapps\manager has finished in 594 ms
1월 28, 2016 1:24:41 오전 org.apache.catalina.startup.HostConfig deployDirectory
정보: Deploying web application directory C:\Java\pivotal-tc-server-developer-3.1.2.RELEASE\base-bio-ssl\webapps\ROOT
1월 28, 2016 1:24:41 오전 org.apache.catalina.startup.TldConfig execute
정보: At least one JAR was scanned for TLDs yet contained no TLDs. Enable debug logging for this logger for a complete list of JARs that were scanned but no TLDs were found in them. Skipping unneeded JARs during scanning can improve startup time and JSP compilation time.
1월 28, 2016 1:24:41 오전 org.apache.catalina.startup.HostConfig deployDirectory
정보: Deployment of web application directory C:\Java\pivotal-tc-server-developer-3.1.2.RELEASE\base-bio-ssl\webapps\ROOT has finished in 447 ms
1월 28, 2016 1:24:41 오전 org.apache.coyote.AbstractProtocol start
정보: Starting ProtocolHandler ["http-bio-80"]
1월 28, 2016 1:24:41 오전 org.apache.coyote.AbstractProtocol start
정보: Starting ProtocolHandler ["http-bio-8443"]
1월 28, 2016 1:24:45 오전 org.apache.jasper.compiler.TldLocationsCache tldScanJar
정보: At least one JAR was scanned for TLDs yet contained no TLDs. Enable debug logging for this logger for a complete list of JARs that were scanned but no TLDs were found in them. Skipping unneeded JARs during scanning can improve startup time and JSP compilation time.
1월 28, 2016 1:49:34 오전 org.apache.coyote.AbstractProtocol pause
정보: Pausing ProtocolHandler ["http-bio-80"]
1월 28, 2016 1:49:34 오전 org.apache.coyote.AbstractProtocol pause
정보: Pausing ProtocolHandler ["http-bio-8443"]
1월 28, 2016 1:49:34 오전 org.apache.catalina.core.StandardService stopInternal
정보: Stopping service Catalina
1월 28, 2016 1:49:34 오전 org.apache.catalina.loader.WebappClassLoader clearReferencesJdbc
심각: The web application [/workarts] registered the JDBC driver [net.sf.log4jdbc.sql.jdbcapi.DriverSpy] but failed to unregister it when the web application was stopped. To prevent a memory leak, the JDBC Driver has been forcibly unregistered.
1월 28, 2016 1:49:34 오전 org.apache.catalina.loader.WebappClassLoader clearReferencesJdbc
심각: The web application [/workarts] registered the JDBC driver [com.mysql.jdbc.Driver] but failed to unregister it when the web application was stopped. To prevent a memory leak, the JDBC Driver has been forcibly unregistered.
1월 28, 2016 1:49:34 오전 org.apache.catalina.loader.WebappClassLoader clearReferencesThreads
심각: The web application [/workarts] appears to have started a thread named [FileSystemWatcher: files=#188 cl=WebappClassLoader
  context: /workarts
  delegate: false
  repositories:
    /WEB-INF/classes/
----------> Parent Classloader:
org.apache.catalina.loader.StandardClassLoader@4662de7b
] but has failed to stop it. This is very likely to create a memory leak.
1월 28, 2016 1:49:34 오전 org.apache.catalina.loader.WebappClassLoader clearReferencesThreads
심각: The web application [/workarts] appears to have started a thread named [Abandoned connection cleanup thread] but has failed to stop it. This is very likely to create a memory leak.
1월 28, 2016 1:49:34 오전 org.apache.coyote.AbstractProtocol stop
정보: Stopping ProtocolHandler ["http-bio-80"]
1월 28, 2016 1:49:34 오전 org.apache.coyote.AbstractProtocol stop
정보: Stopping ProtocolHandler ["http-bio-8443"]
1월 28, 2016 1:49:35 오전 com.springsource.tcserver.security.PropertyDecoder <init>
정보: tc Runtime property decoder using memory-based key
1월 28, 2016 1:49:35 오전 com.springsource.tcserver.security.TcDecoder initCiphers
정보: Initializing ciphers
1월 28, 2016 1:49:36 오전 com.springsource.tcserver.security.PropertyDecoder <init>
정보: tcServer Runtime property decoder has been initialized in 458 ms
1월 28, 2016 1:49:38 오전 org.apache.coyote.AbstractProtocol init
정보: Initializing ProtocolHandler ["http-bio-80"]
1월 28, 2016 1:49:38 오전 org.apache.coyote.AbstractProtocol init
정보: Initializing ProtocolHandler ["http-bio-8443"]
1월 28, 2016 1:49:38 오전 com.springsource.tcserver.serviceability.rmi.JmxSocketListener init
정보: Started up JMX registry on 127.0.0.1:6969 in 170 ms
1월 28, 2016 1:49:38 오전 org.apache.catalina.core.StandardService startInternal
정보: Starting service Catalina
1월 28, 2016 1:49:38 오전 org.apache.catalina.core.StandardEngine startInternal
정보: Starting Servlet Engine: Pivotal tc Runtime 3.1.2.RELEASE/7.0.64.B.RELEASE
1월 28, 2016 1:49:48 오전 org.apache.catalina.startup.TldConfig execute
정보: At least one JAR was scanned for TLDs yet contained no TLDs. Enable debug logging for this logger for a complete list of JARs that were scanned but no TLDs were found in them. Skipping unneeded JARs during scanning can improve startup time and JSP compilation time.
1월 28, 2016 1:50:09 오전 org.apache.catalina.startup.HostConfig deployDirectory
정보: Deploying web application directory C:\Java\pivotal-tc-server-developer-3.1.2.RELEASE\base-bio-ssl\webapps\manager
1월 28, 2016 1:50:09 오전 org.apache.catalina.startup.TldConfig execute
정보: At least one JAR was scanned for TLDs yet contained no TLDs. Enable debug logging for this logger for a complete list of JARs that were scanned but no TLDs were found in them. Skipping unneeded JARs during scanning can improve startup time and JSP compilation time.
1월 28, 2016 1:50:09 오전 org.apache.catalina.startup.HostConfig deployDirectory
정보: Deployment of web application directory C:\Java\pivotal-tc-server-developer-3.1.2.RELEASE\base-bio-ssl\webapps\manager has finished in 192 ms
1월 28, 2016 1:50:09 오전 org.apache.catalina.startup.HostConfig deployDirectory
정보: Deploying web application directory C:\Java\pivotal-tc-server-developer-3.1.2.RELEASE\base-bio-ssl\webapps\ROOT
1월 28, 2016 1:50:09 오전 org.apache.catalina.startup.TldConfig execute
정보: At least one JAR was scanned for TLDs yet contained no TLDs. Enable debug logging for this logger for a complete list of JARs that were scanned but no TLDs were found in them. Skipping unneeded JARs during scanning can improve startup time and JSP compilation time.
1월 28, 2016 1:50:09 오전 org.apache.catalina.startup.HostConfig deployDirectory
정보: Deployment of web application directory C:\Java\pivotal-tc-server-developer-3.1.2.RELEASE\base-bio-ssl\webapps\ROOT has finished in 149 ms
1월 28, 2016 1:50:09 오전 org.apache.coyote.AbstractProtocol start
정보: Starting ProtocolHandler ["http-bio-80"]
1월 28, 2016 1:50:09 오전 org.apache.coyote.AbstractProtocol start
정보: Starting ProtocolHandler ["http-bio-8443"]
1월 28, 2016 1:53:11 오전 org.apache.coyote.AbstractProtocol pause
정보: Pausing ProtocolHandler ["http-bio-80"]
1월 28, 2016 1:53:11 오전 org.apache.coyote.AbstractProtocol pause
정보: Pausing ProtocolHandler ["http-bio-8443"]
1월 28, 2016 1:53:11 오전 org.apache.catalina.core.StandardService stopInternal
정보: Stopping service Catalina
1월 28, 2016 1:53:11 오전 org.apache.catalina.loader.WebappClassLoader clearReferencesJdbc
심각: The web application [/workarts] registered the JDBC driver [net.sf.log4jdbc.sql.jdbcapi.DriverSpy] but failed to unregister it when the web application was stopped. To prevent a memory leak, the JDBC Driver has been forcibly unregistered.
1월 28, 2016 1:53:11 오전 org.apache.catalina.loader.WebappClassLoader clearReferencesJdbc
심각: The web application [/workarts] registered the JDBC driver [com.mysql.jdbc.Driver] but failed to unregister it when the web application was stopped. To prevent a memory leak, the JDBC Driver has been forcibly unregistered.
1월 28, 2016 1:53:11 오전 org.apache.catalina.loader.WebappClassLoader clearReferencesThreads
심각: The web application [/workarts] appears to have started a thread named [FileSystemWatcher: files=#186 cl=WebappClassLoader
  context: /workarts
  delegate: false
  repositories:
    /WEB-INF/classes/
----------> Parent Classloader:
org.apache.catalina.loader.StandardClassLoader@4662de7b
] but has failed to stop it. This is very likely to create a memory leak.
1월 28, 2016 1:53:11 오전 org.apache.catalina.loader.WebappClassLoader clearReferencesThreads
심각: The web application [/workarts] appears to have started a thread named [Abandoned connection cleanup thread] but has failed to stop it. This is very likely to create a memory leak.
1월 28, 2016 1:53:11 오전 org.apache.coyote.AbstractProtocol stop
정보: Stopping ProtocolHandler ["http-bio-80"]
1월 28, 2016 1:53:11 오전 org.apache.coyote.AbstractProtocol stop
정보: Stopping ProtocolHandler ["http-bio-8443"]
1월 28, 2016 1:53:12 오전 com.springsource.tcserver.security.PropertyDecoder <init>
정보: tc Runtime property decoder using memory-based key
1월 28, 2016 1:53:12 오전 com.springsource.tcserver.security.TcDecoder initCiphers
정보: Initializing ciphers
1월 28, 2016 1:53:13 오전 com.springsource.tcserver.security.PropertyDecoder <init>
정보: tcServer Runtime property decoder has been initialized in 529 ms
1월 28, 2016 1:53:15 오전 org.apache.coyote.AbstractProtocol init
정보: Initializing ProtocolHandler ["http-bio-80"]
1월 28, 2016 1:53:15 오전 org.apache.coyote.AbstractProtocol init
정보: Initializing ProtocolHandler ["http-bio-8443"]
1월 28, 2016 1:53:16 오전 com.springsource.tcserver.serviceability.rmi.JmxSocketListener init
정보: Started up JMX registry on 127.0.0.1:6969 in 170 ms
1월 28, 2016 1:53:16 오전 org.apache.catalina.core.StandardService startInternal
정보: Starting service Catalina
1월 28, 2016 1:53:16 오전 org.apache.catalina.core.StandardEngine startInternal
정보: Starting Servlet Engine: Pivotal tc Runtime 3.1.2.RELEASE/7.0.64.B.RELEASE
1월 28, 2016 1:53:24 오전 org.apache.catalina.startup.TldConfig execute
정보: At least one JAR was scanned for TLDs yet contained no TLDs. Enable debug logging for this logger for a complete list of JARs that were scanned but no TLDs were found in them. Skipping unneeded JARs during scanning can improve startup time and JSP compilation time.
1월 28, 2016 1:53:49 오전 org.apache.catalina.startup.HostConfig deployDirectory
정보: Deploying web application directory C:\Java\pivotal-tc-server-developer-3.1.2.RELEASE\base-bio-ssl\webapps\manager
1월 28, 2016 1:53:49 오전 org.apache.catalina.startup.TldConfig execute
정보: At least one JAR was scanned for TLDs yet contained no TLDs. Enable debug logging for this logger for a complete list of JARs that were scanned but no TLDs were found in them. Skipping unneeded JARs during scanning can improve startup time and JSP compilation time.
1월 28, 2016 1:53:49 오전 org.apache.catalina.startup.HostConfig deployDirectory
정보: Deployment of web application directory C:\Java\pivotal-tc-server-developer-3.1.2.RELEASE\base-bio-ssl\webapps\manager has finished in 121 ms
1월 28, 2016 1:53:49 오전 org.apache.catalina.startup.HostConfig deployDirectory
정보: Deploying web application directory C:\Java\pivotal-tc-server-developer-3.1.2.RELEASE\base-bio-ssl\webapps\ROOT
1월 28, 2016 1:53:49 오전 org.apache.catalina.startup.TldConfig execute
정보: At least one JAR was scanned for TLDs yet contained no TLDs. Enable debug logging for this logger for a complete list of JARs that were scanned but no TLDs were found in them. Skipping unneeded JARs during scanning can improve startup time and JSP compilation time.
1월 28, 2016 1:53:49 오전 org.apache.catalina.startup.HostConfig deployDirectory
정보: Deployment of web application directory C:\Java\pivotal-tc-server-developer-3.1.2.RELEASE\base-bio-ssl\webapps\ROOT has finished in 107 ms
1월 28, 2016 1:53:49 오전 org.apache.coyote.AbstractProtocol start
정보: Starting ProtocolHandler ["http-bio-80"]
1월 28, 2016 1:53:49 오전 org.apache.coyote.AbstractProtocol start
정보: Starting ProtocolHandler ["http-bio-8443"]
1월 28, 2016 2:00:50 오전 com.springsource.tcserver.security.PropertyDecoder <init>
정보: tc Runtime property decoder using memory-based key
1월 28, 2016 2:00:50 오전 com.springsource.tcserver.security.TcDecoder initCiphers
정보: Initializing ciphers
1월 28, 2016 2:00:51 오전 com.springsource.tcserver.security.PropertyDecoder <init>
정보: tcServer Runtime property decoder has been initialized in 580 ms
1월 28, 2016 2:00:53 오전 org.apache.coyote.AbstractProtocol init
정보: Initializing ProtocolHandler ["http-bio-80"]
1월 28, 2016 2:00:53 오전 org.apache.coyote.AbstractProtocol init
정보: Initializing ProtocolHandler ["http-bio-8443"]
1월 28, 2016 2:00:54 오전 com.springsource.tcserver.serviceability.rmi.JmxSocketListener init
정보: Started up JMX registry on 127.0.0.1:6969 in 143 ms
1월 28, 2016 2:00:54 오전 org.apache.catalina.core.StandardService startInternal
정보: Starting service Catalina
1월 28, 2016 2:00:54 오전 org.apache.catalina.core.StandardEngine startInternal
정보: Starting Servlet Engine: Pivotal tc Runtime 3.1.2.RELEASE/7.0.64.B.RELEASE
1월 28, 2016 2:01:02 오전 org.apache.catalina.startup.TldConfig execute
정보: At least one JAR was scanned for TLDs yet contained no TLDs. Enable debug logging for this logger for a complete list of JARs that were scanned but no TLDs were found in them. Skipping unneeded JARs during scanning can improve startup time and JSP compilation time.
1월 28, 2016 2:01:23 오전 org.apache.catalina.startup.HostConfig deployDirectory
정보: Deploying web application directory C:\Java\pivotal-tc-server-developer-3.1.2.RELEASE\base-bio-ssl\webapps\manager
1월 28, 2016 2:01:23 오전 org.apache.catalina.startup.TldConfig execute
정보: At least one JAR was scanned for TLDs yet contained no TLDs. Enable debug logging for this logger for a complete list of JARs that were scanned but no TLDs were found in them. Skipping unneeded JARs during scanning can improve startup time and JSP compilation time.
1월 28, 2016 2:01:23 오전 org.apache.catalina.startup.HostConfig deployDirectory
정보: Deployment of web application directory C:\Java\pivotal-tc-server-developer-3.1.2.RELEASE\base-bio-ssl\webapps\manager has finished in 170 ms
1월 28, 2016 2:01:23 오전 org.apache.catalina.startup.HostConfig deployDirectory
정보: Deploying web application directory C:\Java\pivotal-tc-server-developer-3.1.2.RELEASE\base-bio-ssl\webapps\ROOT
1월 28, 2016 2:01:23 오전 org.apache.catalina.startup.TldConfig execute
정보: At least one JAR was scanned for TLDs yet contained no TLDs. Enable debug logging for this logger for a complete list of JARs that were scanned but no TLDs were found in them. Skipping unneeded JARs during scanning can improve startup time and JSP compilation time.
1월 28, 2016 2:01:23 오전 org.apache.catalina.startup.HostConfig deployDirectory
정보: Deployment of web application directory C:\Java\pivotal-tc-server-developer-3.1.2.RELEASE\base-bio-ssl\webapps\ROOT has finished in 202 ms
1월 28, 2016 2:01:23 오전 org.apache.coyote.AbstractProtocol start
정보: Starting ProtocolHandler ["http-bio-80"]
1월 28, 2016 2:01:23 오전 org.apache.coyote.AbstractProtocol start
정보: Starting ProtocolHandler ["http-bio-8443"]
1월 28, 2016 2:02:07 오전 org.apache.jasper.compiler.TldLocationsCache tldScanJar
정보: At least one JAR was scanned for TLDs yet contained no TLDs. Enable debug logging for this logger for a complete list of JARs that were scanned but no TLDs were found in them. Skipping unneeded JARs during scanning can improve startup time and JSP compilation time.
1월 28, 2016 8:25:21 오후 com.springsource.tcserver.security.PropertyDecoder <init>
정보: tc Runtime property decoder using memory-based key
1월 28, 2016 8:25:21 오후 com.springsource.tcserver.security.TcDecoder initCiphers
정보: Initializing ciphers
1월 28, 2016 8:25:22 오후 com.springsource.tcserver.security.PropertyDecoder <init>
정보: tcServer Runtime property decoder has been initialized in 534 ms
1월 28, 2016 8:25:23 오후 org.apache.coyote.AbstractProtocol init
정보: Initializing ProtocolHandler ["http-bio-80"]
1월 28, 2016 8:25:23 오후 org.apache.coyote.AbstractProtocol init
정보: Initializing ProtocolHandler ["http-bio-8443"]
1월 28, 2016 8:25:23 오후 com.springsource.tcserver.serviceability.rmi.JmxSocketListener init
정보: Started up JMX registry on 127.0.0.1:6969 in 97 ms
1월 28, 2016 8:25:23 오후 org.apache.catalina.core.StandardService startInternal
정보: Starting service Catalina
1월 28, 2016 8:25:23 오후 org.apache.catalina.core.StandardEngine startInternal
정보: Starting Servlet Engine: Pivotal tc Runtime 3.1.2.RELEASE/7.0.64.B.RELEASE
1월 28, 2016 8:25:32 오후 org.apache.catalina.startup.TldConfig execute
정보: At least one JAR was scanned for TLDs yet contained no TLDs. Enable debug logging for this logger for a complete list of JARs that were scanned but no TLDs were found in them. Skipping unneeded JARs during scanning can improve startup time and JSP compilation time.
1월 28, 2016 8:25:53 오후 org.apache.catalina.startup.HostConfig deployDirectory
정보: Deploying web application directory C:\Java\pivotal-tc-server-developer-3.1.2.RELEASE\base-bio-ssl\webapps\manager
1월 28, 2016 8:25:54 오후 org.apache.catalina.startup.TldConfig execute
정보: At least one JAR was scanned for TLDs yet contained no TLDs. Enable debug logging for this logger for a complete list of JARs that were scanned but no TLDs were found in them. Skipping unneeded JARs during scanning can improve startup time and JSP compilation time.
1월 28, 2016 8:25:54 오후 org.apache.catalina.startup.HostConfig deployDirectory
정보: Deployment of web application directory C:\Java\pivotal-tc-server-developer-3.1.2.RELEASE\base-bio-ssl\webapps\manager has finished in 773 ms
1월 28, 2016 8:25:54 오후 org.apache.catalina.startup.HostConfig deployDirectory
정보: Deploying web application directory C:\Java\pivotal-tc-server-developer-3.1.2.RELEASE\base-bio-ssl\webapps\ROOT
1월 28, 2016 8:25:54 오후 org.apache.catalina.startup.TldConfig execute
정보: At least one JAR was scanned for TLDs yet contained no TLDs. Enable debug logging for this logger for a complete list of JARs that were scanned but no TLDs were found in them. Skipping unneeded JARs during scanning can improve startup time and JSP compilation time.
1월 28, 2016 8:25:54 오후 org.apache.catalina.startup.HostConfig deployDirectory
정보: Deployment of web application directory C:\Java\pivotal-tc-server-developer-3.1.2.RELEASE\base-bio-ssl\webapps\ROOT has finished in 187 ms
1월 28, 2016 8:25:54 오후 org.apache.coyote.AbstractProtocol start
정보: Starting ProtocolHandler ["http-bio-80"]
1월 28, 2016 8:25:54 오후 org.apache.coyote.AbstractProtocol start
정보: Starting ProtocolHandler ["http-bio-8443"]
1월 28, 2016 8:29:32 오후 org.apache.jasper.compiler.TldLocationsCache tldScanJar
정보: At least one JAR was scanned for TLDs yet contained no TLDs. Enable debug logging for this logger for a complete list of JARs that were scanned but no TLDs were found in them. Skipping unneeded JARs during scanning can improve startup time and JSP compilation time.
1월 28, 2016 10:28:50 오후 com.springsource.tcserver.security.PropertyDecoder <init>
정보: tc Runtime property decoder using memory-based key
1월 28, 2016 10:28:50 오후 com.springsource.tcserver.security.TcDecoder initCiphers
정보: Initializing ciphers
1월 28, 2016 10:28:50 오후 com.springsource.tcserver.security.PropertyDecoder <init>
정보: tcServer Runtime property decoder has been initialized in 502 ms
1월 28, 2016 10:28:52 오후 org.apache.coyote.AbstractProtocol init
정보: Initializing ProtocolHandler ["http-bio-80"]
1월 28, 2016 10:28:52 오후 org.apache.coyote.AbstractProtocol init
정보: Initializing ProtocolHandler ["http-bio-8443"]
1월 28, 2016 10:28:53 오후 com.springsource.tcserver.serviceability.rmi.JmxSocketListener init
정보: Started up JMX registry on 127.0.0.1:6969 in 206 ms
1월 28, 2016 10:28:53 오후 org.apache.catalina.core.StandardService startInternal
정보: Starting service Catalina
1월 28, 2016 10:28:53 오후 org.apache.catalina.core.StandardEngine startInternal
정보: Starting Servlet Engine: Pivotal tc Runtime 3.1.2.RELEASE/7.0.64.B.RELEASE
1월 28, 2016 10:29:03 오후 org.apache.catalina.startup.TldConfig execute
정보: At least one JAR was scanned for TLDs yet contained no TLDs. Enable debug logging for this logger for a complete list of JARs that were scanned but no TLDs were found in them. Skipping unneeded JARs during scanning can improve startup time and JSP compilation time.
1월 28, 2016 10:29:21 오후 org.apache.catalina.startup.HostConfig deployDirectory
정보: Deploying web application directory C:\Java\pivotal-tc-server-developer-3.1.2.RELEASE\base-bio-ssl\webapps\manager
1월 28, 2016 10:29:21 오후 org.apache.catalina.startup.TldConfig execute
정보: At least one JAR was scanned for TLDs yet contained no TLDs. Enable debug logging for this logger for a complete list of JARs that were scanned but no TLDs were found in them. Skipping unneeded JARs during scanning can improve startup time and JSP compilation time.
1월 28, 2016 10:29:21 오후 org.apache.catalina.startup.HostConfig deployDirectory
정보: Deployment of web application directory C:\Java\pivotal-tc-server-developer-3.1.2.RELEASE\base-bio-ssl\webapps\manager has finished in 187 ms
1월 28, 2016 10:29:21 오후 org.apache.catalina.startup.HostConfig deployDirectory
정보: Deploying web application directory C:\Java\pivotal-tc-server-developer-3.1.2.RELEASE\base-bio-ssl\webapps\ROOT
1월 28, 2016 10:29:21 오후 org.apache.catalina.startup.TldConfig execute
정보: At least one JAR was scanned for TLDs yet contained no TLDs. Enable debug logging for this logger for a complete list of JARs that were scanned but no TLDs were found in them. Skipping unneeded JARs during scanning can improve startup time and JSP compilation time.
1월 28, 2016 10:29:21 오후 org.apache.catalina.startup.HostConfig deployDirectory
정보: Deployment of web application directory C:\Java\pivotal-tc-server-developer-3.1.2.RELEASE\base-bio-ssl\webapps\ROOT has finished in 140 ms
1월 28, 2016 10:29:21 오후 org.apache.coyote.AbstractProtocol start
정보: Starting ProtocolHandler ["http-bio-80"]
1월 28, 2016 10:29:21 오후 org.apache.coyote.AbstractProtocol start
정보: Starting ProtocolHandler ["http-bio-8443"]
1월 28, 2016 10:33:22 오후 org.apache.jasper.compiler.TldLocationsCache tldScanJar
정보: At least one JAR was scanned for TLDs yet contained no TLDs. Enable debug logging for this logger for a complete list of JARs that were scanned but no TLDs were found in them. Skipping unneeded JARs during scanning can improve startup time and JSP compilation time.
