6월 15, 2016 1:17:06 오후 com.springsource.tcserver.security.PropertyDecoder <init>
정보: tc Runtime property decoder using memory-based key
6월 15, 2016 1:17:06 오후 com.springsource.tcserver.security.TcDecoder initCiphers
정보: Initializing ciphers
6월 15, 2016 1:17:07 오후 com.springsource.tcserver.security.PropertyDecoder <init>
정보: tcServer Runtime property decoder has been initialized in 546 ms
6월 15, 2016 1:17:09 오후 org.apache.coyote.AbstractProtocol init
정보: Initializing ProtocolHandler ["http-bio-80"]
6월 15, 2016 1:17:09 오후 org.apache.coyote.AbstractProtocol init
정보: Initializing ProtocolHandler ["http-bio-8443"]
6월 15, 2016 1:17:10 오후 com.springsource.tcserver.serviceability.rmi.JmxSocketListener init
정보: Started up JMX registry on 127.0.0.1:6969 in 215 ms
6월 15, 2016 1:17:10 오후 org.apache.catalina.core.StandardService startInternal
정보: Starting service Catalina
6월 15, 2016 1:17:10 오후 org.apache.catalina.core.StandardEngine startInternal
정보: Starting Servlet Engine: Pivotal tc Runtime 3.1.2.RELEASE/7.0.64.B.RELEASE
6월 15, 2016 1:17:19 오후 org.apache.catalina.startup.TldConfig execute
정보: At least one JAR was scanned for TLDs yet contained no TLDs. Enable debug logging for this logger for a complete list of JARs that were scanned but no TLDs were found in them. Skipping unneeded JARs during scanning can improve startup time and JSP compilation time.
6월 15, 2016 1:17:42 오후 org.apache.catalina.startup.HostConfig deployDirectory
정보: Deploying web application directory C:\Java\pivotal-tc-server-developer-3.1.2.RELEASE\base-bio-ssl\webapps\manager
6월 15, 2016 1:17:42 오후 org.apache.catalina.startup.TldConfig execute
정보: At least one JAR was scanned for TLDs yet contained no TLDs. Enable debug logging for this logger for a complete list of JARs that were scanned but no TLDs were found in them. Skipping unneeded JARs during scanning can improve startup time and JSP compilation time.
6월 15, 2016 1:17:42 오후 org.apache.catalina.startup.HostConfig deployDirectory
정보: Deployment of web application directory C:\Java\pivotal-tc-server-developer-3.1.2.RELEASE\base-bio-ssl\webapps\manager has finished in 94 ms
6월 15, 2016 1:17:42 오후 org.apache.catalina.startup.HostConfig deployDirectory
정보: Deploying web application directory C:\Java\pivotal-tc-server-developer-3.1.2.RELEASE\base-bio-ssl\webapps\ROOT
6월 15, 2016 1:17:42 오후 org.apache.catalina.startup.TldConfig execute
정보: At least one JAR was scanned for TLDs yet contained no TLDs. Enable debug logging for this logger for a complete list of JARs that were scanned but no TLDs were found in them. Skipping unneeded JARs during scanning can improve startup time and JSP compilation time.
6월 15, 2016 1:17:42 오후 org.apache.catalina.startup.HostConfig deployDirectory
정보: Deployment of web application directory C:\Java\pivotal-tc-server-developer-3.1.2.RELEASE\base-bio-ssl\webapps\ROOT has finished in 78 ms
6월 15, 2016 1:17:42 오후 org.apache.coyote.AbstractProtocol start
정보: Starting ProtocolHandler ["http-bio-80"]
6월 15, 2016 1:17:42 오후 org.apache.coyote.AbstractProtocol start
정보: Starting ProtocolHandler ["http-bio-8443"]
6월 15, 2016 1:22:25 오후 org.apache.jasper.compiler.TldLocationsCache tldScanJar
정보: At least one JAR was scanned for TLDs yet contained no TLDs. Enable debug logging for this logger for a complete list of JARs that were scanned but no TLDs were found in them. Skipping unneeded JARs during scanning can improve startup time and JSP compilation time.
6월 15, 2016 1:27:02 오후 com.springsource.tcserver.security.PropertyDecoder <init>
정보: tc Runtime property decoder using memory-based key
6월 15, 2016 1:27:02 오후 com.springsource.tcserver.security.TcDecoder initCiphers
정보: Initializing ciphers
6월 15, 2016 1:27:03 오후 com.springsource.tcserver.security.PropertyDecoder <init>
정보: tcServer Runtime property decoder has been initialized in 660 ms
6월 15, 2016 1:27:04 오후 org.apache.coyote.AbstractProtocol init
정보: Initializing ProtocolHandler ["http-bio-80"]
6월 15, 2016 1:27:04 오후 org.apache.coyote.AbstractProtocol init
정보: Initializing ProtocolHandler ["http-bio-8443"]
6월 15, 2016 1:27:05 오후 com.springsource.tcserver.serviceability.rmi.JmxSocketListener init
정보: Started up JMX registry on 127.0.0.1:6969 in 125 ms
6월 15, 2016 1:27:05 오후 org.apache.catalina.core.StandardService startInternal
정보: Starting service Catalina
6월 15, 2016 1:27:05 오후 org.apache.catalina.core.StandardEngine startInternal
정보: Starting Servlet Engine: Pivotal tc Runtime 3.1.2.RELEASE/7.0.64.B.RELEASE
6월 15, 2016 1:27:11 오후 org.apache.catalina.startup.TldConfig execute
정보: At least one JAR was scanned for TLDs yet contained no TLDs. Enable debug logging for this logger for a complete list of JARs that were scanned but no TLDs were found in them. Skipping unneeded JARs during scanning can improve startup time and JSP compilation time.
6월 15, 2016 1:27:28 오후 org.apache.catalina.startup.HostConfig deployDirectory
정보: Deploying web application directory C:\Java\pivotal-tc-server-developer-3.1.2.RELEASE\base-bio-ssl\webapps\manager
6월 15, 2016 1:27:29 오후 org.apache.catalina.startup.TldConfig execute
정보: At least one JAR was scanned for TLDs yet contained no TLDs. Enable debug logging for this logger for a complete list of JARs that were scanned but no TLDs were found in them. Skipping unneeded JARs during scanning can improve startup time and JSP compilation time.
6월 15, 2016 1:27:29 오후 org.apache.catalina.startup.HostConfig deployDirectory
정보: Deployment of web application directory C:\Java\pivotal-tc-server-developer-3.1.2.RELEASE\base-bio-ssl\webapps\manager has finished in 109 ms
6월 15, 2016 1:27:29 오후 org.apache.catalina.startup.HostConfig deployDirectory
정보: Deploying web application directory C:\Java\pivotal-tc-server-developer-3.1.2.RELEASE\base-bio-ssl\webapps\ROOT
6월 15, 2016 1:27:29 오후 org.apache.catalina.startup.TldConfig execute
정보: At least one JAR was scanned for TLDs yet contained no TLDs. Enable debug logging for this logger for a complete list of JARs that were scanned but no TLDs were found in them. Skipping unneeded JARs during scanning can improve startup time and JSP compilation time.
6월 15, 2016 1:27:29 오후 org.apache.catalina.startup.HostConfig deployDirectory
정보: Deployment of web application directory C:\Java\pivotal-tc-server-developer-3.1.2.RELEASE\base-bio-ssl\webapps\ROOT has finished in 93 ms
6월 15, 2016 1:27:29 오후 org.apache.coyote.AbstractProtocol start
정보: Starting ProtocolHandler ["http-bio-80"]
6월 15, 2016 1:27:29 오후 org.apache.coyote.AbstractProtocol start
정보: Starting ProtocolHandler ["http-bio-8443"]
6월 15, 2016 1:29:27 오후 org.apache.jasper.compiler.TldLocationsCache tldScanJar
정보: At least one JAR was scanned for TLDs yet contained no TLDs. Enable debug logging for this logger for a complete list of JARs that were scanned but no TLDs were found in them. Skipping unneeded JARs during scanning can improve startup time and JSP compilation time.
