1월 23, 2016 11:04:26 오전 com.springsource.tcserver.security.PropertyDecoder <init>
정보: tc Runtime property decoder using memory-based key
1월 23, 2016 11:04:26 오전 com.springsource.tcserver.security.TcDecoder initCiphers
정보: Initializing ciphers
1월 23, 2016 11:04:27 오전 com.springsource.tcserver.security.PropertyDecoder <init>
정보: tcServer Runtime property decoder has been initialized in 1376 ms
1월 23, 2016 11:04:29 오전 org.apache.coyote.AbstractProtocol init
정보: Initializing ProtocolHandler ["http-bio-80"]
1월 23, 2016 11:04:29 오전 org.apache.coyote.AbstractProtocol init
정보: Initializing ProtocolHandler ["http-bio-8443"]
1월 23, 2016 11:04:31 오전 com.springsource.tcserver.serviceability.rmi.JmxSocketListener init
정보: Started up JMX registry on 127.0.0.1:6969 in 284 ms
1월 23, 2016 11:04:31 오전 org.apache.catalina.core.StandardService startInternal
정보: Starting service Catalina
1월 23, 2016 11:04:31 오전 org.apache.catalina.core.StandardEngine startInternal
정보: Starting Servlet Engine: Pivotal tc Runtime 3.1.2.RELEASE/7.0.64.B.RELEASE
1월 23, 2016 11:04:52 오전 org.apache.catalina.startup.TldConfig execute
정보: At least one JAR was scanned for TLDs yet contained no TLDs. Enable debug logging for this logger for a complete list of JARs that were scanned but no TLDs were found in them. Skipping unneeded JARs during scanning can improve startup time and JSP compilation time.
1월 23, 2016 11:05:04 오전 org.apache.catalina.startup.HostConfig deployDirectory
정보: Deploying web application directory C:\Java\pivotal-tc-server-developer-3.1.2.RELEASE\base-bio-ssl\webapps\manager
1월 23, 2016 11:05:05 오전 org.apache.catalina.startup.TldConfig execute
정보: At least one JAR was scanned for TLDs yet contained no TLDs. Enable debug logging for this logger for a complete list of JARs that were scanned but no TLDs were found in them. Skipping unneeded JARs during scanning can improve startup time and JSP compilation time.
1월 23, 2016 11:05:05 오전 org.apache.catalina.startup.HostConfig deployDirectory
정보: Deployment of web application directory C:\Java\pivotal-tc-server-developer-3.1.2.RELEASE\base-bio-ssl\webapps\manager has finished in 375 ms
1월 23, 2016 11:05:05 오전 org.apache.catalina.startup.HostConfig deployDirectory
정보: Deploying web application directory C:\Java\pivotal-tc-server-developer-3.1.2.RELEASE\base-bio-ssl\webapps\ROOT
1월 23, 2016 11:05:05 오전 org.apache.catalina.startup.TldConfig execute
정보: At least one JAR was scanned for TLDs yet contained no TLDs. Enable debug logging for this logger for a complete list of JARs that were scanned but no TLDs were found in them. Skipping unneeded JARs during scanning can improve startup time and JSP compilation time.
1월 23, 2016 11:05:05 오전 org.apache.catalina.startup.HostConfig deployDirectory
정보: Deployment of web application directory C:\Java\pivotal-tc-server-developer-3.1.2.RELEASE\base-bio-ssl\webapps\ROOT has finished in 110 ms
1월 23, 2016 11:05:05 오전 org.apache.coyote.AbstractProtocol start
정보: Starting ProtocolHandler ["http-bio-80"]
1월 23, 2016 11:05:05 오전 org.apache.coyote.AbstractProtocol start
정보: Starting ProtocolHandler ["http-bio-8443"]
1월 23, 2016 11:11:17 오전 org.apache.jasper.compiler.TldLocationsCache tldScanJar
정보: At least one JAR was scanned for TLDs yet contained no TLDs. Enable debug logging for this logger for a complete list of JARs that were scanned but no TLDs were found in them. Skipping unneeded JARs during scanning can improve startup time and JSP compilation time.
1월 23, 2016 11:14:26 오전 com.springsource.tcserver.security.PropertyDecoder <init>
정보: tc Runtime property decoder using memory-based key
1월 23, 2016 11:14:26 오전 com.springsource.tcserver.security.TcDecoder initCiphers
정보: Initializing ciphers
1월 23, 2016 11:14:26 오전 com.springsource.tcserver.security.PropertyDecoder <init>
정보: tcServer Runtime property decoder has been initialized in 536 ms
1월 23, 2016 11:14:27 오전 org.apache.coyote.AbstractProtocol init
정보: Initializing ProtocolHandler ["http-bio-80"]
1월 23, 2016 11:14:27 오전 org.apache.coyote.AbstractProtocol init
정보: Initializing ProtocolHandler ["http-bio-8443"]
1월 23, 2016 11:14:27 오전 com.springsource.tcserver.serviceability.rmi.JmxSocketListener init
정보: Started up JMX registry on 127.0.0.1:6969 in 105 ms
1월 23, 2016 11:14:27 오전 org.apache.catalina.core.StandardService startInternal
정보: Starting service Catalina
1월 23, 2016 11:14:27 오전 org.apache.catalina.core.StandardEngine startInternal
정보: Starting Servlet Engine: Pivotal tc Runtime 3.1.2.RELEASE/7.0.64.B.RELEASE
1월 23, 2016 11:14:34 오전 org.apache.catalina.startup.TldConfig execute
정보: At least one JAR was scanned for TLDs yet contained no TLDs. Enable debug logging for this logger for a complete list of JARs that were scanned but no TLDs were found in them. Skipping unneeded JARs during scanning can improve startup time and JSP compilation time.
1월 23, 2016 11:14:50 오전 org.apache.catalina.startup.HostConfig deployDirectory
정보: Deploying web application directory C:\Java\pivotal-tc-server-developer-3.1.2.RELEASE\base-bio-ssl\webapps\manager
1월 23, 2016 11:14:51 오전 org.apache.catalina.startup.TldConfig execute
정보: At least one JAR was scanned for TLDs yet contained no TLDs. Enable debug logging for this logger for a complete list of JARs that were scanned but no TLDs were found in them. Skipping unneeded JARs during scanning can improve startup time and JSP compilation time.
1월 23, 2016 11:14:51 오전 org.apache.catalina.startup.HostConfig deployDirectory
정보: Deployment of web application directory C:\Java\pivotal-tc-server-developer-3.1.2.RELEASE\base-bio-ssl\webapps\manager has finished in 94 ms
1월 23, 2016 11:14:51 오전 org.apache.catalina.startup.HostConfig deployDirectory
정보: Deploying web application directory C:\Java\pivotal-tc-server-developer-3.1.2.RELEASE\base-bio-ssl\webapps\ROOT
1월 23, 2016 11:14:51 오전 org.apache.catalina.startup.TldConfig execute
정보: At least one JAR was scanned for TLDs yet contained no TLDs. Enable debug logging for this logger for a complete list of JARs that were scanned but no TLDs were found in them. Skipping unneeded JARs during scanning can improve startup time and JSP compilation time.
1월 23, 2016 11:14:51 오전 org.apache.catalina.startup.HostConfig deployDirectory
정보: Deployment of web application directory C:\Java\pivotal-tc-server-developer-3.1.2.RELEASE\base-bio-ssl\webapps\ROOT has finished in 94 ms
1월 23, 2016 11:14:51 오전 org.apache.coyote.AbstractProtocol start
정보: Starting ProtocolHandler ["http-bio-80"]
1월 23, 2016 11:14:51 오전 org.apache.coyote.AbstractProtocol start
정보: Starting ProtocolHandler ["http-bio-8443"]
1월 23, 2016 11:16:01 오전 com.springsource.tcserver.security.PropertyDecoder <init>
정보: tc Runtime property decoder using memory-based key
1월 23, 2016 11:16:01 오전 com.springsource.tcserver.security.TcDecoder initCiphers
정보: Initializing ciphers
1월 23, 2016 11:16:02 오전 com.springsource.tcserver.security.PropertyDecoder <init>
정보: tcServer Runtime property decoder has been initialized in 842 ms
1월 23, 2016 11:16:03 오전 org.apache.coyote.AbstractProtocol init
정보: Initializing ProtocolHandler ["http-bio-80"]
1월 23, 2016 11:16:03 오전 org.apache.coyote.AbstractProtocol init
정보: Initializing ProtocolHandler ["http-bio-8443"]
1월 23, 2016 11:16:04 오전 com.springsource.tcserver.serviceability.rmi.JmxSocketListener init
정보: Started up JMX registry on 127.0.0.1:6969 in 70 ms
1월 23, 2016 11:16:04 오전 org.apache.catalina.core.StandardService startInternal
정보: Starting service Catalina
1월 23, 2016 11:16:04 오전 org.apache.catalina.core.StandardEngine startInternal
정보: Starting Servlet Engine: Pivotal tc Runtime 3.1.2.RELEASE/7.0.64.B.RELEASE
1월 23, 2016 11:16:11 오전 org.apache.catalina.startup.TldConfig execute
정보: At least one JAR was scanned for TLDs yet contained no TLDs. Enable debug logging for this logger for a complete list of JARs that were scanned but no TLDs were found in them. Skipping unneeded JARs during scanning can improve startup time and JSP compilation time.
1월 23, 2016 11:16:26 오전 org.apache.catalina.startup.HostConfig deployDirectory
정보: Deploying web application directory C:\Java\pivotal-tc-server-developer-3.1.2.RELEASE\base-bio-ssl\webapps\manager
1월 23, 2016 11:16:26 오전 org.apache.catalina.startup.TldConfig execute
정보: At least one JAR was scanned for TLDs yet contained no TLDs. Enable debug logging for this logger for a complete list of JARs that were scanned but no TLDs were found in them. Skipping unneeded JARs during scanning can improve startup time and JSP compilation time.
1월 23, 2016 11:16:26 오전 org.apache.catalina.startup.HostConfig deployDirectory
정보: Deployment of web application directory C:\Java\pivotal-tc-server-developer-3.1.2.RELEASE\base-bio-ssl\webapps\manager has finished in 125 ms
1월 23, 2016 11:16:26 오전 org.apache.catalina.startup.HostConfig deployDirectory
정보: Deploying web application directory C:\Java\pivotal-tc-server-developer-3.1.2.RELEASE\base-bio-ssl\webapps\ROOT
1월 23, 2016 11:16:26 오전 org.apache.catalina.startup.TldConfig execute
정보: At least one JAR was scanned for TLDs yet contained no TLDs. Enable debug logging for this logger for a complete list of JARs that were scanned but no TLDs were found in them. Skipping unneeded JARs during scanning can improve startup time and JSP compilation time.
1월 23, 2016 11:16:26 오전 org.apache.catalina.startup.HostConfig deployDirectory
정보: Deployment of web application directory C:\Java\pivotal-tc-server-developer-3.1.2.RELEASE\base-bio-ssl\webapps\ROOT has finished in 93 ms
1월 23, 2016 11:16:26 오전 org.apache.coyote.AbstractProtocol start
정보: Starting ProtocolHandler ["http-bio-80"]
1월 23, 2016 11:16:26 오전 org.apache.coyote.AbstractProtocol start
정보: Starting ProtocolHandler ["http-bio-8443"]
1월 23, 2016 11:28:27 오전 org.apache.coyote.AbstractProtocol pause
정보: Pausing ProtocolHandler ["http-bio-80"]
1월 23, 2016 11:28:27 오전 org.apache.coyote.AbstractProtocol pause
정보: Pausing ProtocolHandler ["http-bio-8443"]
1월 23, 2016 11:28:27 오전 org.apache.catalina.core.StandardService stopInternal
정보: Stopping service Catalina
1월 23, 2016 11:28:28 오전 org.apache.catalina.loader.WebappClassLoader clearReferencesThreads
심각: The web application [/workarts] appears to have started a thread named [FileSystemWatcher: files=#140 cl=WebappClassLoader
  context: /workarts
  delegate: false
  repositories:
    /WEB-INF/classes/
----------> Parent Classloader:
org.apache.catalina.loader.StandardClassLoader@4662de7b
] but has failed to stop it. This is very likely to create a memory leak.
1월 23, 2016 11:28:28 오전 org.apache.coyote.AbstractProtocol stop
정보: Stopping ProtocolHandler ["http-bio-80"]
1월 23, 2016 11:28:28 오전 org.apache.coyote.AbstractProtocol stop
정보: Stopping ProtocolHandler ["http-bio-8443"]
1월 23, 2016 11:28:31 오전 com.springsource.tcserver.security.PropertyDecoder <init>
정보: tc Runtime property decoder using memory-based key
1월 23, 2016 11:28:31 오전 com.springsource.tcserver.security.TcDecoder initCiphers
정보: Initializing ciphers
1월 23, 2016 11:28:31 오전 com.springsource.tcserver.security.PropertyDecoder <init>
정보: tcServer Runtime property decoder has been initialized in 513 ms
1월 23, 2016 11:28:32 오전 org.apache.coyote.AbstractProtocol init
정보: Initializing ProtocolHandler ["http-bio-80"]
1월 23, 2016 11:28:32 오전 org.apache.coyote.AbstractProtocol init
정보: Initializing ProtocolHandler ["http-bio-8443"]
1월 23, 2016 11:28:33 오전 com.springsource.tcserver.serviceability.rmi.JmxSocketListener init
정보: Started up JMX registry on 127.0.0.1:6969 in 104 ms
1월 23, 2016 11:28:33 오전 org.apache.catalina.core.StandardService startInternal
정보: Starting service Catalina
1월 23, 2016 11:28:33 오전 org.apache.catalina.core.StandardEngine startInternal
정보: Starting Servlet Engine: Pivotal tc Runtime 3.1.2.RELEASE/7.0.64.B.RELEASE
1월 23, 2016 11:28:40 오전 org.apache.catalina.startup.TldConfig execute
정보: At least one JAR was scanned for TLDs yet contained no TLDs. Enable debug logging for this logger for a complete list of JARs that were scanned but no TLDs were found in them. Skipping unneeded JARs during scanning can improve startup time and JSP compilation time.
1월 23, 2016 11:28:55 오전 org.apache.catalina.startup.HostConfig deployDirectory
정보: Deploying web application directory C:\Java\pivotal-tc-server-developer-3.1.2.RELEASE\base-bio-ssl\webapps\manager
1월 23, 2016 11:28:55 오전 org.apache.catalina.startup.TldConfig execute
정보: At least one JAR was scanned for TLDs yet contained no TLDs. Enable debug logging for this logger for a complete list of JARs that were scanned but no TLDs were found in them. Skipping unneeded JARs during scanning can improve startup time and JSP compilation time.
1월 23, 2016 11:28:55 오전 org.apache.catalina.startup.HostConfig deployDirectory
정보: Deployment of web application directory C:\Java\pivotal-tc-server-developer-3.1.2.RELEASE\base-bio-ssl\webapps\manager has finished in 125 ms
1월 23, 2016 11:28:55 오전 org.apache.catalina.startup.HostConfig deployDirectory
정보: Deploying web application directory C:\Java\pivotal-tc-server-developer-3.1.2.RELEASE\base-bio-ssl\webapps\ROOT
1월 23, 2016 11:28:55 오전 org.apache.catalina.startup.TldConfig execute
정보: At least one JAR was scanned for TLDs yet contained no TLDs. Enable debug logging for this logger for a complete list of JARs that were scanned but no TLDs were found in them. Skipping unneeded JARs during scanning can improve startup time and JSP compilation time.
1월 23, 2016 11:28:55 오전 org.apache.catalina.startup.HostConfig deployDirectory
정보: Deployment of web application directory C:\Java\pivotal-tc-server-developer-3.1.2.RELEASE\base-bio-ssl\webapps\ROOT has finished in 125 ms
1월 23, 2016 11:28:55 오전 org.apache.coyote.AbstractProtocol start
정보: Starting ProtocolHandler ["http-bio-80"]
1월 23, 2016 11:28:55 오전 org.apache.coyote.AbstractProtocol start
정보: Starting ProtocolHandler ["http-bio-8443"]
1월 23, 2016 11:58:04 오전 com.springsource.tcserver.security.PropertyDecoder <init>
정보: tc Runtime property decoder using memory-based key
1월 23, 2016 11:58:04 오전 com.springsource.tcserver.security.TcDecoder initCiphers
정보: Initializing ciphers
1월 23, 2016 11:58:04 오전 com.springsource.tcserver.security.PropertyDecoder <init>
정보: tcServer Runtime property decoder has been initialized in 486 ms
1월 23, 2016 11:58:05 오전 org.apache.coyote.AbstractProtocol init
정보: Initializing ProtocolHandler ["http-bio-80"]
1월 23, 2016 11:58:05 오전 org.apache.coyote.AbstractProtocol init
정보: Initializing ProtocolHandler ["http-bio-8443"]
1월 23, 2016 11:58:06 오전 com.springsource.tcserver.serviceability.rmi.JmxSocketListener init
정보: Started up JMX registry on 127.0.0.1:6969 in 70 ms
1월 23, 2016 11:58:06 오전 org.apache.catalina.core.StandardService startInternal
정보: Starting service Catalina
1월 23, 2016 11:58:06 오전 org.apache.catalina.core.StandardEngine startInternal
정보: Starting Servlet Engine: Pivotal tc Runtime 3.1.2.RELEASE/7.0.64.B.RELEASE
1월 23, 2016 11:58:11 오전 org.apache.catalina.startup.TldConfig execute
정보: At least one JAR was scanned for TLDs yet contained no TLDs. Enable debug logging for this logger for a complete list of JARs that were scanned but no TLDs were found in them. Skipping unneeded JARs during scanning can improve startup time and JSP compilation time.
1월 23, 2016 12:09:08 오후 com.springsource.tcserver.security.PropertyDecoder <init>
정보: tc Runtime property decoder using memory-based key
1월 23, 2016 12:09:08 오후 com.springsource.tcserver.security.TcDecoder initCiphers
정보: Initializing ciphers
1월 23, 2016 12:09:08 오후 com.springsource.tcserver.security.PropertyDecoder <init>
정보: tcServer Runtime property decoder has been initialized in 497 ms
1월 23, 2016 12:09:09 오후 org.apache.coyote.AbstractProtocol init
정보: Initializing ProtocolHandler ["http-bio-80"]
1월 23, 2016 12:09:09 오후 org.apache.coyote.AbstractProtocol init
정보: Initializing ProtocolHandler ["http-bio-8443"]
1월 23, 2016 12:09:10 오후 com.springsource.tcserver.serviceability.rmi.JmxSocketListener init
정보: Started up JMX registry on 127.0.0.1:6969 in 157 ms
1월 23, 2016 12:09:10 오후 org.apache.catalina.core.StandardService startInternal
정보: Starting service Catalina
1월 23, 2016 12:09:10 오후 org.apache.catalina.core.StandardEngine startInternal
정보: Starting Servlet Engine: Pivotal tc Runtime 3.1.2.RELEASE/7.0.64.B.RELEASE
1월 23, 2016 12:09:15 오후 org.apache.catalina.startup.TldConfig execute
정보: At least one JAR was scanned for TLDs yet contained no TLDs. Enable debug logging for this logger for a complete list of JARs that were scanned but no TLDs were found in them. Skipping unneeded JARs during scanning can improve startup time and JSP compilation time.
1월 23, 2016 12:09:26 오후 org.apache.catalina.startup.HostConfig deployDirectory
정보: Deploying web application directory C:\Java\pivotal-tc-server-developer-3.1.2.RELEASE\base-bio-ssl\webapps\manager
1월 23, 2016 12:09:26 오후 org.apache.catalina.startup.TldConfig execute
정보: At least one JAR was scanned for TLDs yet contained no TLDs. Enable debug logging for this logger for a complete list of JARs that were scanned but no TLDs were found in them. Skipping unneeded JARs during scanning can improve startup time and JSP compilation time.
1월 23, 2016 12:09:26 오후 org.apache.catalina.startup.HostConfig deployDirectory
정보: Deployment of web application directory C:\Java\pivotal-tc-server-developer-3.1.2.RELEASE\base-bio-ssl\webapps\manager has finished in 203 ms
1월 23, 2016 12:09:26 오후 org.apache.catalina.startup.HostConfig deployDirectory
정보: Deploying web application directory C:\Java\pivotal-tc-server-developer-3.1.2.RELEASE\base-bio-ssl\webapps\ROOT
1월 23, 2016 12:09:27 오후 org.apache.catalina.startup.TldConfig execute
정보: At least one JAR was scanned for TLDs yet contained no TLDs. Enable debug logging for this logger for a complete list of JARs that were scanned but no TLDs were found in them. Skipping unneeded JARs during scanning can improve startup time and JSP compilation time.
1월 23, 2016 12:09:27 오후 org.apache.catalina.startup.HostConfig deployDirectory
정보: Deployment of web application directory C:\Java\pivotal-tc-server-developer-3.1.2.RELEASE\base-bio-ssl\webapps\ROOT has finished in 109 ms
1월 23, 2016 12:09:27 오후 org.apache.coyote.AbstractProtocol start
정보: Starting ProtocolHandler ["http-bio-80"]
1월 23, 2016 12:09:27 오후 org.apache.coyote.AbstractProtocol start
정보: Starting ProtocolHandler ["http-bio-8443"]
1월 23, 2016 12:24:58 오후 com.springsource.tcserver.security.PropertyDecoder <init>
정보: tc Runtime property decoder using memory-based key
1월 23, 2016 12:24:58 오후 com.springsource.tcserver.security.TcDecoder initCiphers
정보: Initializing ciphers
1월 23, 2016 12:24:59 오후 com.springsource.tcserver.security.PropertyDecoder <init>
정보: tcServer Runtime property decoder has been initialized in 484 ms
1월 23, 2016 12:25:00 오후 org.apache.coyote.AbstractProtocol init
정보: Initializing ProtocolHandler ["http-bio-80"]
1월 23, 2016 12:25:00 오후 org.apache.coyote.AbstractProtocol init
정보: Initializing ProtocolHandler ["http-bio-8443"]
1월 23, 2016 12:25:00 오후 com.springsource.tcserver.serviceability.rmi.JmxSocketListener init
정보: Started up JMX registry on 127.0.0.1:6969 in 174 ms
1월 23, 2016 12:25:00 오후 org.apache.catalina.core.StandardService startInternal
정보: Starting service Catalina
1월 23, 2016 12:25:00 오후 org.apache.catalina.core.StandardEngine startInternal
정보: Starting Servlet Engine: Pivotal tc Runtime 3.1.2.RELEASE/7.0.64.B.RELEASE
1월 23, 2016 12:25:09 오후 org.apache.catalina.startup.TldConfig execute
정보: At least one JAR was scanned for TLDs yet contained no TLDs. Enable debug logging for this logger for a complete list of JARs that were scanned but no TLDs were found in them. Skipping unneeded JARs during scanning can improve startup time and JSP compilation time.
1월 23, 2016 12:25:20 오후 org.apache.catalina.startup.HostConfig deployDirectory
정보: Deploying web application directory C:\Java\pivotal-tc-server-developer-3.1.2.RELEASE\base-bio-ssl\webapps\manager
1월 23, 2016 12:25:20 오후 org.apache.catalina.startup.TldConfig execute
정보: At least one JAR was scanned for TLDs yet contained no TLDs. Enable debug logging for this logger for a complete list of JARs that were scanned but no TLDs were found in them. Skipping unneeded JARs during scanning can improve startup time and JSP compilation time.
1월 23, 2016 12:25:20 오후 org.apache.catalina.startup.HostConfig deployDirectory
정보: Deployment of web application directory C:\Java\pivotal-tc-server-developer-3.1.2.RELEASE\base-bio-ssl\webapps\manager has finished in 125 ms
1월 23, 2016 12:25:20 오후 org.apache.catalina.startup.HostConfig deployDirectory
정보: Deploying web application directory C:\Java\pivotal-tc-server-developer-3.1.2.RELEASE\base-bio-ssl\webapps\ROOT
1월 23, 2016 12:25:20 오후 org.apache.catalina.startup.TldConfig execute
정보: At least one JAR was scanned for TLDs yet contained no TLDs. Enable debug logging for this logger for a complete list of JARs that were scanned but no TLDs were found in them. Skipping unneeded JARs during scanning can improve startup time and JSP compilation time.
1월 23, 2016 12:25:20 오후 org.apache.catalina.startup.HostConfig deployDirectory
정보: Deployment of web application directory C:\Java\pivotal-tc-server-developer-3.1.2.RELEASE\base-bio-ssl\webapps\ROOT has finished in 109 ms
1월 23, 2016 12:25:20 오후 org.apache.coyote.AbstractProtocol start
정보: Starting ProtocolHandler ["http-bio-80"]
1월 23, 2016 12:25:20 오후 org.apache.coyote.AbstractProtocol start
정보: Starting ProtocolHandler ["http-bio-8443"]
1월 23, 2016 12:27:51 오후 org.apache.jasper.compiler.TldLocationsCache tldScanJar
정보: At least one JAR was scanned for TLDs yet contained no TLDs. Enable debug logging for this logger for a complete list of JARs that were scanned but no TLDs were found in them. Skipping unneeded JARs during scanning can improve startup time and JSP compilation time.
1월 23, 2016 12:36:12 오후 com.springsource.tcserver.security.PropertyDecoder <init>
정보: tc Runtime property decoder using memory-based key
1월 23, 2016 12:36:12 오후 com.springsource.tcserver.security.TcDecoder initCiphers
정보: Initializing ciphers
1월 23, 2016 12:36:12 오후 com.springsource.tcserver.security.PropertyDecoder <init>
정보: tcServer Runtime property decoder has been initialized in 518 ms
1월 23, 2016 12:36:13 오후 org.apache.coyote.AbstractProtocol init
정보: Initializing ProtocolHandler ["http-bio-80"]
1월 23, 2016 12:36:13 오후 org.apache.coyote.AbstractProtocol init
정보: Initializing ProtocolHandler ["http-bio-8443"]
1월 23, 2016 12:36:14 오후 com.springsource.tcserver.serviceability.rmi.JmxSocketListener init
정보: Started up JMX registry on 127.0.0.1:6969 in 402 ms
1월 23, 2016 12:36:14 오후 org.apache.catalina.core.StandardService startInternal
정보: Starting service Catalina
1월 23, 2016 12:36:14 오후 org.apache.catalina.core.StandardEngine startInternal
정보: Starting Servlet Engine: Pivotal tc Runtime 3.1.2.RELEASE/7.0.64.B.RELEASE
1월 23, 2016 12:36:22 오후 org.apache.catalina.startup.TldConfig execute
정보: At least one JAR was scanned for TLDs yet contained no TLDs. Enable debug logging for this logger for a complete list of JARs that were scanned but no TLDs were found in them. Skipping unneeded JARs during scanning can improve startup time and JSP compilation time.
1월 23, 2016 12:36:36 오후 org.apache.catalina.startup.HostConfig deployDirectory
정보: Deploying web application directory C:\Java\pivotal-tc-server-developer-3.1.2.RELEASE\base-bio-ssl\webapps\manager
1월 23, 2016 12:36:36 오후 org.apache.catalina.startup.TldConfig execute
정보: At least one JAR was scanned for TLDs yet contained no TLDs. Enable debug logging for this logger for a complete list of JARs that were scanned but no TLDs were found in them. Skipping unneeded JARs during scanning can improve startup time and JSP compilation time.
1월 23, 2016 12:36:36 오후 org.apache.catalina.startup.HostConfig deployDirectory
정보: Deployment of web application directory C:\Java\pivotal-tc-server-developer-3.1.2.RELEASE\base-bio-ssl\webapps\manager has finished in 156 ms
1월 23, 2016 12:36:36 오후 org.apache.catalina.startup.HostConfig deployDirectory
정보: Deploying web application directory C:\Java\pivotal-tc-server-developer-3.1.2.RELEASE\base-bio-ssl\webapps\ROOT
1월 23, 2016 12:36:36 오후 org.apache.catalina.startup.TldConfig execute
정보: At least one JAR was scanned for TLDs yet contained no TLDs. Enable debug logging for this logger for a complete list of JARs that were scanned but no TLDs were found in them. Skipping unneeded JARs during scanning can improve startup time and JSP compilation time.
1월 23, 2016 12:36:36 오후 org.apache.catalina.startup.HostConfig deployDirectory
정보: Deployment of web application directory C:\Java\pivotal-tc-server-developer-3.1.2.RELEASE\base-bio-ssl\webapps\ROOT has finished in 78 ms
1월 23, 2016 12:36:36 오후 org.apache.coyote.AbstractProtocol start
정보: Starting ProtocolHandler ["http-bio-80"]
1월 23, 2016 12:36:36 오후 org.apache.coyote.AbstractProtocol start
정보: Starting ProtocolHandler ["http-bio-8443"]
1월 23, 2016 2:35:53 오후 com.springsource.tcserver.security.PropertyDecoder <init>
정보: tc Runtime property decoder using memory-based key
1월 23, 2016 2:35:53 오후 com.springsource.tcserver.security.TcDecoder initCiphers
정보: Initializing ciphers
1월 23, 2016 2:35:54 오후 com.springsource.tcserver.security.PropertyDecoder <init>
정보: tcServer Runtime property decoder has been initialized in 1020 ms
1월 23, 2016 2:35:56 오후 org.apache.coyote.AbstractProtocol init
정보: Initializing ProtocolHandler ["http-bio-80"]
1월 23, 2016 2:35:56 오후 org.apache.coyote.AbstractProtocol init
정보: Initializing ProtocolHandler ["http-bio-8443"]
1월 23, 2016 2:35:56 오후 com.springsource.tcserver.serviceability.rmi.JmxSocketListener init
정보: Started up JMX registry on 127.0.0.1:6969 in 131 ms
1월 23, 2016 2:35:56 오후 org.apache.catalina.core.StandardService startInternal
정보: Starting service Catalina
1월 23, 2016 2:35:56 오후 org.apache.catalina.core.StandardEngine startInternal
정보: Starting Servlet Engine: Pivotal tc Runtime 3.1.2.RELEASE/7.0.64.B.RELEASE
1월 23, 2016 2:36:06 오후 org.apache.catalina.startup.TldConfig execute
정보: At least one JAR was scanned for TLDs yet contained no TLDs. Enable debug logging for this logger for a complete list of JARs that were scanned but no TLDs were found in them. Skipping unneeded JARs during scanning can improve startup time and JSP compilation time.
1월 23, 2016 2:36:18 오후 org.apache.catalina.startup.HostConfig deployDirectory
정보: Deploying web application directory C:\Java\pivotal-tc-server-developer-3.1.2.RELEASE\base-bio-ssl\webapps\manager
1월 23, 2016 2:36:18 오후 org.apache.catalina.startup.TldConfig execute
정보: At least one JAR was scanned for TLDs yet contained no TLDs. Enable debug logging for this logger for a complete list of JARs that were scanned but no TLDs were found in them. Skipping unneeded JARs during scanning can improve startup time and JSP compilation time.
1월 23, 2016 2:36:18 오후 org.apache.catalina.startup.HostConfig deployDirectory
정보: Deployment of web application directory C:\Java\pivotal-tc-server-developer-3.1.2.RELEASE\base-bio-ssl\webapps\manager has finished in 140 ms
1월 23, 2016 2:36:18 오후 org.apache.catalina.startup.HostConfig deployDirectory
정보: Deploying web application directory C:\Java\pivotal-tc-server-developer-3.1.2.RELEASE\base-bio-ssl\webapps\ROOT
1월 23, 2016 2:36:18 오후 org.apache.catalina.startup.TldConfig execute
정보: At least one JAR was scanned for TLDs yet contained no TLDs. Enable debug logging for this logger for a complete list of JARs that were scanned but no TLDs were found in them. Skipping unneeded JARs during scanning can improve startup time and JSP compilation time.
1월 23, 2016 2:36:18 오후 org.apache.catalina.startup.HostConfig deployDirectory
정보: Deployment of web application directory C:\Java\pivotal-tc-server-developer-3.1.2.RELEASE\base-bio-ssl\webapps\ROOT has finished in 109 ms
1월 23, 2016 2:36:18 오후 org.apache.coyote.AbstractProtocol start
정보: Starting ProtocolHandler ["http-bio-80"]
1월 23, 2016 2:36:18 오후 org.apache.coyote.AbstractProtocol start
정보: Starting ProtocolHandler ["http-bio-8443"]
1월 23, 2016 2:38:08 오후 org.apache.jasper.compiler.TldLocationsCache tldScanJar
정보: At least one JAR was scanned for TLDs yet contained no TLDs. Enable debug logging for this logger for a complete list of JARs that were scanned but no TLDs were found in them. Skipping unneeded JARs during scanning can improve startup time and JSP compilation time.
1월 23, 2016 2:39:20 오후 com.springsource.tcserver.security.PropertyDecoder <init>
정보: tc Runtime property decoder using memory-based key
1월 23, 2016 2:39:20 오후 com.springsource.tcserver.security.TcDecoder initCiphers
정보: Initializing ciphers
1월 23, 2016 2:39:21 오후 com.springsource.tcserver.security.PropertyDecoder <init>
정보: tcServer Runtime property decoder has been initialized in 460 ms
1월 23, 2016 2:39:21 오후 org.apache.coyote.AbstractProtocol init
정보: Initializing ProtocolHandler ["http-bio-80"]
1월 23, 2016 2:39:21 오후 org.apache.coyote.AbstractProtocol init
정보: Initializing ProtocolHandler ["http-bio-8443"]
1월 23, 2016 2:39:22 오후 com.springsource.tcserver.serviceability.rmi.JmxSocketListener init
정보: Started up JMX registry on 127.0.0.1:6969 in 77 ms
1월 23, 2016 2:39:22 오후 org.apache.catalina.core.StandardService startInternal
정보: Starting service Catalina
1월 23, 2016 2:39:22 오후 org.apache.catalina.core.StandardEngine startInternal
정보: Starting Servlet Engine: Pivotal tc Runtime 3.1.2.RELEASE/7.0.64.B.RELEASE
1월 23, 2016 2:39:27 오후 org.apache.catalina.startup.TldConfig execute
정보: At least one JAR was scanned for TLDs yet contained no TLDs. Enable debug logging for this logger for a complete list of JARs that were scanned but no TLDs were found in them. Skipping unneeded JARs during scanning can improve startup time and JSP compilation time.
1월 23, 2016 2:39:40 오후 org.apache.catalina.startup.HostConfig deployDirectory
정보: Deploying web application directory C:\Java\pivotal-tc-server-developer-3.1.2.RELEASE\base-bio-ssl\webapps\manager
1월 23, 2016 2:39:40 오후 org.apache.catalina.startup.TldConfig execute
정보: At least one JAR was scanned for TLDs yet contained no TLDs. Enable debug logging for this logger for a complete list of JARs that were scanned but no TLDs were found in them. Skipping unneeded JARs during scanning can improve startup time and JSP compilation time.
1월 23, 2016 2:39:40 오후 org.apache.catalina.startup.HostConfig deployDirectory
정보: Deployment of web application directory C:\Java\pivotal-tc-server-developer-3.1.2.RELEASE\base-bio-ssl\webapps\manager has finished in 171 ms
1월 23, 2016 2:39:40 오후 org.apache.catalina.startup.HostConfig deployDirectory
정보: Deploying web application directory C:\Java\pivotal-tc-server-developer-3.1.2.RELEASE\base-bio-ssl\webapps\ROOT
1월 23, 2016 2:39:41 오후 org.apache.catalina.startup.TldConfig execute
정보: At least one JAR was scanned for TLDs yet contained no TLDs. Enable debug logging for this logger for a complete list of JARs that were scanned but no TLDs were found in them. Skipping unneeded JARs during scanning can improve startup time and JSP compilation time.
1월 23, 2016 2:39:41 오후 org.apache.catalina.startup.HostConfig deployDirectory
정보: Deployment of web application directory C:\Java\pivotal-tc-server-developer-3.1.2.RELEASE\base-bio-ssl\webapps\ROOT has finished in 78 ms
1월 23, 2016 2:39:41 오후 org.apache.coyote.AbstractProtocol start
정보: Starting ProtocolHandler ["http-bio-80"]
1월 23, 2016 2:39:41 오후 org.apache.coyote.AbstractProtocol start
정보: Starting ProtocolHandler ["http-bio-8443"]
1월 23, 2016 2:40:10 오후 org.apache.jasper.compiler.TldLocationsCache tldScanJar
정보: At least one JAR was scanned for TLDs yet contained no TLDs. Enable debug logging for this logger for a complete list of JARs that were scanned but no TLDs were found in them. Skipping unneeded JARs during scanning can improve startup time and JSP compilation time.
1월 23, 2016 3:32:15 오후 org.apache.coyote.AbstractProtocol pause
정보: Pausing ProtocolHandler ["http-bio-80"]
1월 23, 2016 3:32:15 오후 org.apache.coyote.AbstractProtocol pause
정보: Pausing ProtocolHandler ["http-bio-8443"]
1월 23, 2016 3:32:15 오후 org.apache.catalina.core.StandardService stopInternal
정보: Stopping service Catalina
1월 23, 2016 3:32:16 오후 org.apache.catalina.loader.WebappClassLoader clearReferencesJdbc
심각: The web application [/workarts] registered the JDBC driver [net.sf.log4jdbc.sql.jdbcapi.DriverSpy] but failed to unregister it when the web application was stopped. To prevent a memory leak, the JDBC Driver has been forcibly unregistered.
1월 23, 2016 3:32:16 오후 org.apache.catalina.loader.WebappClassLoader clearReferencesJdbc
심각: The web application [/workarts] registered the JDBC driver [com.mysql.jdbc.Driver] but failed to unregister it when the web application was stopped. To prevent a memory leak, the JDBC Driver has been forcibly unregistered.
1월 23, 2016 3:32:16 오후 org.apache.catalina.loader.WebappClassLoader clearReferencesThreads
심각: The web application [/workarts] appears to have started a thread named [FileSystemWatcher: files=#144 cl=WebappClassLoader
  context: /workarts
  delegate: false
  repositories:
    /WEB-INF/classes/
----------> Parent Classloader:
org.apache.catalina.loader.StandardClassLoader@669e9a07
] but has failed to stop it. This is very likely to create a memory leak.
1월 23, 2016 3:32:16 오후 org.apache.catalina.loader.WebappClassLoader clearReferencesThreads
심각: The web application [/workarts] appears to have started a thread named [Abandoned connection cleanup thread] but has failed to stop it. This is very likely to create a memory leak.
1월 23, 2016 3:32:16 오후 org.apache.coyote.AbstractProtocol stop
정보: Stopping ProtocolHandler ["http-bio-80"]
1월 23, 2016 3:32:16 오후 org.apache.coyote.AbstractProtocol stop
정보: Stopping ProtocolHandler ["http-bio-8443"]
1월 23, 2016 3:32:17 오후 com.springsource.tcserver.security.PropertyDecoder <init>
정보: tc Runtime property decoder using memory-based key
1월 23, 2016 3:32:17 오후 com.springsource.tcserver.security.TcDecoder initCiphers
정보: Initializing ciphers
1월 23, 2016 3:32:18 오후 com.springsource.tcserver.security.PropertyDecoder <init>
정보: tcServer Runtime property decoder has been initialized in 470 ms
1월 23, 2016 3:32:19 오후 org.apache.coyote.AbstractProtocol init
정보: Initializing ProtocolHandler ["http-bio-80"]
1월 23, 2016 3:32:19 오후 org.apache.coyote.AbstractProtocol init
정보: Initializing ProtocolHandler ["http-bio-8443"]
1월 23, 2016 3:32:19 오후 com.springsource.tcserver.serviceability.rmi.JmxSocketListener init
정보: Started up JMX registry on 127.0.0.1:6969 in 194 ms
1월 23, 2016 3:32:19 오후 org.apache.catalina.core.StandardService startInternal
정보: Starting service Catalina
1월 23, 2016 3:32:19 오후 org.apache.catalina.core.StandardEngine startInternal
정보: Starting Servlet Engine: Pivotal tc Runtime 3.1.2.RELEASE/7.0.64.B.RELEASE
1월 23, 2016 3:32:29 오후 org.apache.catalina.startup.TldConfig execute
정보: At least one JAR was scanned for TLDs yet contained no TLDs. Enable debug logging for this logger for a complete list of JARs that were scanned but no TLDs were found in them. Skipping unneeded JARs during scanning can improve startup time and JSP compilation time.
1월 23, 2016 3:32:40 오후 org.apache.catalina.startup.HostConfig deployDirectory
정보: Deploying web application directory C:\Java\pivotal-tc-server-developer-3.1.2.RELEASE\base-bio-ssl\webapps\manager
1월 23, 2016 3:32:41 오후 org.apache.catalina.startup.TldConfig execute
정보: At least one JAR was scanned for TLDs yet contained no TLDs. Enable debug logging for this logger for a complete list of JARs that were scanned but no TLDs were found in them. Skipping unneeded JARs during scanning can improve startup time and JSP compilation time.
1월 23, 2016 3:32:41 오후 org.apache.catalina.startup.HostConfig deployDirectory
정보: Deployment of web application directory C:\Java\pivotal-tc-server-developer-3.1.2.RELEASE\base-bio-ssl\webapps\manager has finished in 141 ms
1월 23, 2016 3:32:41 오후 org.apache.catalina.startup.HostConfig deployDirectory
정보: Deploying web application directory C:\Java\pivotal-tc-server-developer-3.1.2.RELEASE\base-bio-ssl\webapps\ROOT
1월 23, 2016 3:32:41 오후 org.apache.catalina.startup.TldConfig execute
정보: At least one JAR was scanned for TLDs yet contained no TLDs. Enable debug logging for this logger for a complete list of JARs that were scanned but no TLDs were found in them. Skipping unneeded JARs during scanning can improve startup time and JSP compilation time.
1월 23, 2016 3:32:41 오후 org.apache.catalina.startup.HostConfig deployDirectory
정보: Deployment of web application directory C:\Java\pivotal-tc-server-developer-3.1.2.RELEASE\base-bio-ssl\webapps\ROOT has finished in 93 ms
1월 23, 2016 3:32:41 오후 org.apache.coyote.AbstractProtocol start
정보: Starting ProtocolHandler ["http-bio-80"]
1월 23, 2016 3:32:41 오후 org.apache.coyote.AbstractProtocol start
정보: Starting ProtocolHandler ["http-bio-8443"]
1월 23, 2016 3:34:14 오후 org.apache.coyote.AbstractProtocol pause
정보: Pausing ProtocolHandler ["http-bio-80"]
1월 23, 2016 3:34:15 오후 org.apache.coyote.AbstractProtocol pause
정보: Pausing ProtocolHandler ["http-bio-8443"]
1월 23, 2016 3:34:15 오후 org.apache.catalina.core.StandardService stopInternal
정보: Stopping service Catalina
1월 23, 2016 3:34:15 오후 org.apache.catalina.loader.WebappClassLoader clearReferencesJdbc
심각: The web application [/workarts] registered the JDBC driver [net.sf.log4jdbc.sql.jdbcapi.DriverSpy] but failed to unregister it when the web application was stopped. To prevent a memory leak, the JDBC Driver has been forcibly unregistered.
1월 23, 2016 3:34:15 오후 org.apache.catalina.loader.WebappClassLoader clearReferencesJdbc
심각: The web application [/workarts] registered the JDBC driver [com.mysql.jdbc.Driver] but failed to unregister it when the web application was stopped. To prevent a memory leak, the JDBC Driver has been forcibly unregistered.
1월 23, 2016 3:34:15 오후 org.apache.catalina.loader.WebappClassLoader clearReferencesThreads
심각: The web application [/workarts] appears to have started a thread named [FileSystemWatcher: files=#140 cl=WebappClassLoader
  context: /workarts
  delegate: false
  repositories:
    /WEB-INF/classes/
----------> Parent Classloader:
org.apache.catalina.loader.StandardClassLoader@2301ba21
] but has failed to stop it. This is very likely to create a memory leak.
1월 23, 2016 3:34:15 오후 org.apache.catalina.loader.WebappClassLoader clearReferencesThreads
심각: The web application [/workarts] appears to have started a thread named [Abandoned connection cleanup thread] but has failed to stop it. This is very likely to create a memory leak.
1월 23, 2016 3:34:15 오후 org.apache.coyote.AbstractProtocol stop
정보: Stopping ProtocolHandler ["http-bio-80"]
1월 23, 2016 3:34:15 오후 org.apache.coyote.AbstractProtocol stop
정보: Stopping ProtocolHandler ["http-bio-8443"]
1월 23, 2016 3:34:16 오후 com.springsource.tcserver.security.PropertyDecoder <init>
정보: tc Runtime property decoder using memory-based key
1월 23, 2016 3:34:16 오후 com.springsource.tcserver.security.TcDecoder initCiphers
정보: Initializing ciphers
1월 23, 2016 3:34:16 오후 com.springsource.tcserver.security.PropertyDecoder <init>
정보: tcServer Runtime property decoder has been initialized in 523 ms
1월 23, 2016 3:34:17 오후 org.apache.coyote.AbstractProtocol init
정보: Initializing ProtocolHandler ["http-bio-80"]
1월 23, 2016 3:34:17 오후 org.apache.coyote.AbstractProtocol init
정보: Initializing ProtocolHandler ["http-bio-8443"]
1월 23, 2016 3:34:18 오후 com.springsource.tcserver.serviceability.rmi.JmxSocketListener init
정보: Started up JMX registry on 127.0.0.1:6969 in 143 ms
1월 23, 2016 3:34:18 오후 org.apache.catalina.core.StandardService startInternal
정보: Starting service Catalina
1월 23, 2016 3:34:18 오후 org.apache.catalina.core.StandardEngine startInternal
정보: Starting Servlet Engine: Pivotal tc Runtime 3.1.2.RELEASE/7.0.64.B.RELEASE
1월 23, 2016 3:34:24 오후 org.apache.catalina.startup.TldConfig execute
정보: At least one JAR was scanned for TLDs yet contained no TLDs. Enable debug logging for this logger for a complete list of JARs that were scanned but no TLDs were found in them. Skipping unneeded JARs during scanning can improve startup time and JSP compilation time.
1월 23, 2016 3:34:36 오후 org.apache.catalina.startup.HostConfig deployDirectory
정보: Deploying web application directory C:\Java\pivotal-tc-server-developer-3.1.2.RELEASE\base-bio-ssl\webapps\manager
1월 23, 2016 3:34:36 오후 org.apache.catalina.startup.TldConfig execute
정보: At least one JAR was scanned for TLDs yet contained no TLDs. Enable debug logging for this logger for a complete list of JARs that were scanned but no TLDs were found in them. Skipping unneeded JARs during scanning can improve startup time and JSP compilation time.
1월 23, 2016 3:34:36 오후 org.apache.catalina.startup.HostConfig deployDirectory
정보: Deployment of web application directory C:\Java\pivotal-tc-server-developer-3.1.2.RELEASE\base-bio-ssl\webapps\manager has finished in 187 ms
1월 23, 2016 3:34:36 오후 org.apache.catalina.startup.HostConfig deployDirectory
정보: Deploying web application directory C:\Java\pivotal-tc-server-developer-3.1.2.RELEASE\base-bio-ssl\webapps\ROOT
1월 23, 2016 3:34:36 오후 org.apache.catalina.startup.TldConfig execute
정보: At least one JAR was scanned for TLDs yet contained no TLDs. Enable debug logging for this logger for a complete list of JARs that were scanned but no TLDs were found in them. Skipping unneeded JARs during scanning can improve startup time and JSP compilation time.
1월 23, 2016 3:34:36 오후 org.apache.catalina.startup.HostConfig deployDirectory
정보: Deployment of web application directory C:\Java\pivotal-tc-server-developer-3.1.2.RELEASE\base-bio-ssl\webapps\ROOT has finished in 110 ms
1월 23, 2016 3:34:36 오후 org.apache.coyote.AbstractProtocol start
정보: Starting ProtocolHandler ["http-bio-80"]
1월 23, 2016 3:34:36 오후 org.apache.coyote.AbstractProtocol start
정보: Starting ProtocolHandler ["http-bio-8443"]
1월 23, 2016 3:54:18 오후 org.apache.jasper.compiler.TldLocationsCache tldScanJar
정보: At least one JAR was scanned for TLDs yet contained no TLDs. Enable debug logging for this logger for a complete list of JARs that were scanned but no TLDs were found in them. Skipping unneeded JARs during scanning can improve startup time and JSP compilation time.
1월 23, 2016 4:00:38 오후 org.apache.coyote.AbstractProtocol pause
정보: Pausing ProtocolHandler ["http-bio-80"]
1월 23, 2016 4:00:38 오후 org.apache.coyote.AbstractProtocol pause
정보: Pausing ProtocolHandler ["http-bio-8443"]
1월 23, 2016 4:00:38 오후 org.apache.catalina.core.StandardService stopInternal
정보: Stopping service Catalina
1월 23, 2016 4:00:38 오후 org.apache.catalina.loader.WebappClassLoader clearReferencesJdbc
심각: The web application [/workarts] registered the JDBC driver [net.sf.log4jdbc.sql.jdbcapi.DriverSpy] but failed to unregister it when the web application was stopped. To prevent a memory leak, the JDBC Driver has been forcibly unregistered.
1월 23, 2016 4:00:38 오후 org.apache.catalina.loader.WebappClassLoader clearReferencesJdbc
심각: The web application [/workarts] registered the JDBC driver [com.mysql.jdbc.Driver] but failed to unregister it when the web application was stopped. To prevent a memory leak, the JDBC Driver has been forcibly unregistered.
1월 23, 2016 4:00:38 오후 org.apache.catalina.loader.WebappClassLoader clearReferencesThreads
심각: The web application [/workarts] appears to have started a thread named [FileSystemWatcher: files=#142 cl=WebappClassLoader
  context: /workarts
  delegate: false
  repositories:
    /WEB-INF/classes/
----------> Parent Classloader:
org.apache.catalina.loader.StandardClassLoader@2301ba21
] but has failed to stop it. This is very likely to create a memory leak.
1월 23, 2016 4:00:38 오후 org.apache.catalina.loader.WebappClassLoader clearReferencesThreads
심각: The web application [/workarts] appears to have started a thread named [Abandoned connection cleanup thread] but has failed to stop it. This is very likely to create a memory leak.
1월 23, 2016 4:00:38 오후 org.apache.coyote.AbstractProtocol stop
정보: Stopping ProtocolHandler ["http-bio-80"]
1월 23, 2016 4:00:38 오후 org.apache.coyote.AbstractProtocol stop
정보: Stopping ProtocolHandler ["http-bio-8443"]
1월 23, 2016 4:00:44 오후 com.springsource.tcserver.security.PropertyDecoder <init>
정보: tc Runtime property decoder using memory-based key
1월 23, 2016 4:00:44 오후 com.springsource.tcserver.security.TcDecoder initCiphers
정보: Initializing ciphers
1월 23, 2016 4:00:44 오후 com.springsource.tcserver.security.PropertyDecoder <init>
정보: tcServer Runtime property decoder has been initialized in 752 ms
1월 23, 2016 4:00:45 오후 org.apache.coyote.AbstractProtocol init
정보: Initializing ProtocolHandler ["http-bio-80"]
1월 23, 2016 4:00:45 오후 org.apache.coyote.AbstractProtocol init
정보: Initializing ProtocolHandler ["http-bio-8443"]
1월 23, 2016 4:00:46 오후 com.springsource.tcserver.serviceability.rmi.JmxSocketListener init
정보: Started up JMX registry on 127.0.0.1:6969 in 193 ms
1월 23, 2016 4:00:46 오후 org.apache.catalina.core.StandardService startInternal
정보: Starting service Catalina
1월 23, 2016 4:00:46 오후 org.apache.catalina.core.StandardEngine startInternal
정보: Starting Servlet Engine: Pivotal tc Runtime 3.1.2.RELEASE/7.0.64.B.RELEASE
1월 23, 2016 4:00:54 오후 org.apache.catalina.startup.TldConfig execute
정보: At least one JAR was scanned for TLDs yet contained no TLDs. Enable debug logging for this logger for a complete list of JARs that were scanned but no TLDs were found in them. Skipping unneeded JARs during scanning can improve startup time and JSP compilation time.
1월 23, 2016 4:01:08 오후 org.apache.catalina.startup.HostConfig deployDirectory
정보: Deploying web application directory C:\Java\pivotal-tc-server-developer-3.1.2.RELEASE\base-bio-ssl\webapps\manager
1월 23, 2016 4:01:09 오후 org.apache.catalina.startup.TldConfig execute
정보: At least one JAR was scanned for TLDs yet contained no TLDs. Enable debug logging for this logger for a complete list of JARs that were scanned but no TLDs were found in them. Skipping unneeded JARs during scanning can improve startup time and JSP compilation time.
1월 23, 2016 4:01:09 오후 org.apache.catalina.startup.HostConfig deployDirectory
정보: Deployment of web application directory C:\Java\pivotal-tc-server-developer-3.1.2.RELEASE\base-bio-ssl\webapps\manager has finished in 140 ms
1월 23, 2016 4:01:09 오후 org.apache.catalina.startup.HostConfig deployDirectory
정보: Deploying web application directory C:\Java\pivotal-tc-server-developer-3.1.2.RELEASE\base-bio-ssl\webapps\ROOT
1월 23, 2016 4:01:09 오후 org.apache.catalina.startup.TldConfig execute
정보: At least one JAR was scanned for TLDs yet contained no TLDs. Enable debug logging for this logger for a complete list of JARs that were scanned but no TLDs were found in them. Skipping unneeded JARs during scanning can improve startup time and JSP compilation time.
1월 23, 2016 4:01:09 오후 org.apache.catalina.startup.HostConfig deployDirectory
정보: Deployment of web application directory C:\Java\pivotal-tc-server-developer-3.1.2.RELEASE\base-bio-ssl\webapps\ROOT has finished in 94 ms
1월 23, 2016 4:01:09 오후 org.apache.coyote.AbstractProtocol start
정보: Starting ProtocolHandler ["http-bio-80"]
1월 23, 2016 4:01:09 오후 org.apache.coyote.AbstractProtocol start
정보: Starting ProtocolHandler ["http-bio-8443"]
1월 23, 2016 4:06:02 오후 com.springsource.tcserver.security.PropertyDecoder <init>
정보: tc Runtime property decoder using memory-based key
1월 23, 2016 4:06:02 오후 com.springsource.tcserver.security.TcDecoder initCiphers
정보: Initializing ciphers
1월 23, 2016 4:06:03 오후 com.springsource.tcserver.security.PropertyDecoder <init>
정보: tcServer Runtime property decoder has been initialized in 443 ms
1월 23, 2016 4:06:04 오후 org.apache.coyote.AbstractProtocol init
정보: Initializing ProtocolHandler ["http-bio-80"]
1월 23, 2016 4:06:04 오후 org.apache.coyote.AbstractProtocol init
정보: Initializing ProtocolHandler ["http-bio-8443"]
1월 23, 2016 4:06:05 오후 com.springsource.tcserver.serviceability.rmi.JmxSocketListener init
정보: Started up JMX registry on 127.0.0.1:6969 in 339 ms
1월 23, 2016 4:06:05 오후 org.apache.catalina.core.StandardService startInternal
정보: Starting service Catalina
1월 23, 2016 4:06:05 오후 org.apache.catalina.core.StandardEngine startInternal
정보: Starting Servlet Engine: Pivotal tc Runtime 3.1.2.RELEASE/7.0.64.B.RELEASE
1월 23, 2016 4:06:11 오후 org.apache.catalina.startup.TldConfig execute
정보: At least one JAR was scanned for TLDs yet contained no TLDs. Enable debug logging for this logger for a complete list of JARs that were scanned but no TLDs were found in them. Skipping unneeded JARs during scanning can improve startup time and JSP compilation time.
1월 23, 2016 4:06:23 오후 org.apache.catalina.startup.HostConfig deployDirectory
정보: Deploying web application directory C:\Java\pivotal-tc-server-developer-3.1.2.RELEASE\base-bio-ssl\webapps\manager
1월 23, 2016 4:06:24 오후 org.apache.catalina.startup.TldConfig execute
정보: At least one JAR was scanned for TLDs yet contained no TLDs. Enable debug logging for this logger for a complete list of JARs that were scanned but no TLDs were found in them. Skipping unneeded JARs during scanning can improve startup time and JSP compilation time.
1월 23, 2016 4:06:24 오후 org.apache.catalina.startup.HostConfig deployDirectory
정보: Deployment of web application directory C:\Java\pivotal-tc-server-developer-3.1.2.RELEASE\base-bio-ssl\webapps\manager has finished in 124 ms
1월 23, 2016 4:06:24 오후 org.apache.catalina.startup.HostConfig deployDirectory
정보: Deploying web application directory C:\Java\pivotal-tc-server-developer-3.1.2.RELEASE\base-bio-ssl\webapps\ROOT
1월 23, 2016 4:06:24 오후 org.apache.catalina.startup.TldConfig execute
정보: At least one JAR was scanned for TLDs yet contained no TLDs. Enable debug logging for this logger for a complete list of JARs that were scanned but no TLDs were found in them. Skipping unneeded JARs during scanning can improve startup time and JSP compilation time.
1월 23, 2016 4:06:24 오후 org.apache.catalina.startup.HostConfig deployDirectory
정보: Deployment of web application directory C:\Java\pivotal-tc-server-developer-3.1.2.RELEASE\base-bio-ssl\webapps\ROOT has finished in 67 ms
1월 23, 2016 4:06:24 오후 org.apache.coyote.AbstractProtocol start
정보: Starting ProtocolHandler ["http-bio-80"]
1월 23, 2016 4:06:24 오후 org.apache.coyote.AbstractProtocol start
정보: Starting ProtocolHandler ["http-bio-8443"]
1월 23, 2016 4:32:21 오후 org.apache.coyote.AbstractProtocol pause
정보: Pausing ProtocolHandler ["http-bio-80"]
1월 23, 2016 4:32:22 오후 org.apache.coyote.AbstractProtocol pause
정보: Pausing ProtocolHandler ["http-bio-8443"]
1월 23, 2016 4:32:22 오후 org.apache.catalina.core.StandardService stopInternal
정보: Stopping service Catalina
1월 23, 2016 4:32:22 오후 org.apache.catalina.loader.WebappClassLoader clearReferencesJdbc
심각: The web application [/workarts] registered the JDBC driver [net.sf.log4jdbc.sql.jdbcapi.DriverSpy] but failed to unregister it when the web application was stopped. To prevent a memory leak, the JDBC Driver has been forcibly unregistered.
1월 23, 2016 4:32:22 오후 org.apache.catalina.loader.WebappClassLoader clearReferencesJdbc
심각: The web application [/workarts] registered the JDBC driver [com.mysql.jdbc.Driver] but failed to unregister it when the web application was stopped. To prevent a memory leak, the JDBC Driver has been forcibly unregistered.
1월 23, 2016 4:32:22 오후 org.apache.catalina.loader.WebappClassLoader clearReferencesThreads
심각: The web application [/workarts] appears to have started a thread named [FileSystemWatcher: files=#142 cl=WebappClassLoader
  context: /workarts
  delegate: false
  repositories:
    /WEB-INF/classes/
----------> Parent Classloader:
org.apache.catalina.loader.StandardClassLoader@4662de7b
] but has failed to stop it. This is very likely to create a memory leak.
1월 23, 2016 4:32:22 오후 org.apache.catalina.loader.WebappClassLoader clearReferencesThreads
심각: The web application [/workarts] appears to have started a thread named [Abandoned connection cleanup thread] but has failed to stop it. This is very likely to create a memory leak.
1월 23, 2016 4:32:22 오후 org.apache.coyote.AbstractProtocol stop
정보: Stopping ProtocolHandler ["http-bio-80"]
1월 23, 2016 4:32:22 오후 org.apache.coyote.AbstractProtocol stop
정보: Stopping ProtocolHandler ["http-bio-8443"]
1월 23, 2016 4:32:23 오후 com.springsource.tcserver.security.PropertyDecoder <init>
정보: tc Runtime property decoder using memory-based key
1월 23, 2016 4:32:23 오후 com.springsource.tcserver.security.TcDecoder initCiphers
정보: Initializing ciphers
1월 23, 2016 4:32:23 오후 com.springsource.tcserver.security.PropertyDecoder <init>
정보: tcServer Runtime property decoder has been initialized in 492 ms
1월 23, 2016 4:32:24 오후 org.apache.coyote.AbstractProtocol init
정보: Initializing ProtocolHandler ["http-bio-80"]
1월 23, 2016 4:32:24 오후 org.apache.coyote.AbstractProtocol init
정보: Initializing ProtocolHandler ["http-bio-8443"]
1월 23, 2016 4:32:25 오후 com.springsource.tcserver.serviceability.rmi.JmxSocketListener init
정보: Started up JMX registry on 127.0.0.1:6969 in 158 ms
1월 23, 2016 4:32:25 오후 org.apache.catalina.core.StandardService startInternal
정보: Starting service Catalina
1월 23, 2016 4:32:25 오후 org.apache.catalina.core.StandardEngine startInternal
정보: Starting Servlet Engine: Pivotal tc Runtime 3.1.2.RELEASE/7.0.64.B.RELEASE
1월 23, 2016 4:32:33 오후 org.apache.catalina.startup.TldConfig execute
정보: At least one JAR was scanned for TLDs yet contained no TLDs. Enable debug logging for this logger for a complete list of JARs that were scanned but no TLDs were found in them. Skipping unneeded JARs during scanning can improve startup time and JSP compilation time.
1월 23, 2016 4:32:49 오후 org.apache.catalina.startup.HostConfig deployDirectory
정보: Deploying web application directory C:\Java\pivotal-tc-server-developer-3.1.2.RELEASE\base-bio-ssl\webapps\manager
1월 23, 2016 4:32:49 오후 org.apache.catalina.startup.TldConfig execute
정보: At least one JAR was scanned for TLDs yet contained no TLDs. Enable debug logging for this logger for a complete list of JARs that were scanned but no TLDs were found in them. Skipping unneeded JARs during scanning can improve startup time and JSP compilation time.
1월 23, 2016 4:32:49 오후 org.apache.catalina.startup.HostConfig deployDirectory
정보: Deployment of web application directory C:\Java\pivotal-tc-server-developer-3.1.2.RELEASE\base-bio-ssl\webapps\manager has finished in 172 ms
1월 23, 2016 4:32:49 오후 org.apache.catalina.startup.HostConfig deployDirectory
정보: Deploying web application directory C:\Java\pivotal-tc-server-developer-3.1.2.RELEASE\base-bio-ssl\webapps\ROOT
1월 23, 2016 4:32:49 오후 org.apache.catalina.startup.TldConfig execute
정보: At least one JAR was scanned for TLDs yet contained no TLDs. Enable debug logging for this logger for a complete list of JARs that were scanned but no TLDs were found in them. Skipping unneeded JARs during scanning can improve startup time and JSP compilation time.
1월 23, 2016 4:32:49 오후 org.apache.catalina.startup.HostConfig deployDirectory
정보: Deployment of web application directory C:\Java\pivotal-tc-server-developer-3.1.2.RELEASE\base-bio-ssl\webapps\ROOT has finished in 109 ms
1월 23, 2016 4:32:49 오후 org.apache.coyote.AbstractProtocol start
정보: Starting ProtocolHandler ["http-bio-80"]
1월 23, 2016 4:32:49 오후 org.apache.coyote.AbstractProtocol start
정보: Starting ProtocolHandler ["http-bio-8443"]
1월 23, 2016 4:36:39 오후 com.springsource.tcserver.security.PropertyDecoder <init>
정보: tc Runtime property decoder using memory-based key
1월 23, 2016 4:36:39 오후 com.springsource.tcserver.security.TcDecoder initCiphers
정보: Initializing ciphers
1월 23, 2016 4:36:40 오후 com.springsource.tcserver.security.PropertyDecoder <init>
정보: tcServer Runtime property decoder has been initialized in 523 ms
1월 23, 2016 4:36:40 오후 org.apache.coyote.AbstractProtocol init
정보: Initializing ProtocolHandler ["http-bio-80"]
1월 23, 2016 4:36:40 오후 org.apache.coyote.AbstractProtocol init
정보: Initializing ProtocolHandler ["http-bio-8443"]
1월 23, 2016 4:36:41 오후 com.springsource.tcserver.serviceability.rmi.JmxSocketListener init
정보: Started up JMX registry on 127.0.0.1:6969 in 131 ms
1월 23, 2016 4:36:41 오후 org.apache.catalina.core.StandardService startInternal
정보: Starting service Catalina
1월 23, 2016 4:36:41 오후 org.apache.catalina.core.StandardEngine startInternal
정보: Starting Servlet Engine: Pivotal tc Runtime 3.1.2.RELEASE/7.0.64.B.RELEASE
1월 23, 2016 4:36:47 오후 org.apache.catalina.startup.TldConfig execute
정보: At least one JAR was scanned for TLDs yet contained no TLDs. Enable debug logging for this logger for a complete list of JARs that were scanned but no TLDs were found in them. Skipping unneeded JARs during scanning can improve startup time and JSP compilation time.
1월 23, 2016 4:37:01 오후 org.apache.catalina.startup.HostConfig deployDirectory
정보: Deploying web application directory C:\Java\pivotal-tc-server-developer-3.1.2.RELEASE\base-bio-ssl\webapps\manager
1월 23, 2016 4:37:01 오후 org.apache.catalina.startup.TldConfig execute
정보: At least one JAR was scanned for TLDs yet contained no TLDs. Enable debug logging for this logger for a complete list of JARs that were scanned but no TLDs were found in them. Skipping unneeded JARs during scanning can improve startup time and JSP compilation time.
1월 23, 2016 4:37:01 오후 org.apache.catalina.startup.HostConfig deployDirectory
정보: Deployment of web application directory C:\Java\pivotal-tc-server-developer-3.1.2.RELEASE\base-bio-ssl\webapps\manager has finished in 429 ms
1월 23, 2016 4:37:01 오후 org.apache.catalina.startup.HostConfig deployDirectory
정보: Deploying web application directory C:\Java\pivotal-tc-server-developer-3.1.2.RELEASE\base-bio-ssl\webapps\ROOT
1월 23, 2016 4:37:01 오후 org.apache.catalina.startup.TldConfig execute
정보: At least one JAR was scanned for TLDs yet contained no TLDs. Enable debug logging for this logger for a complete list of JARs that were scanned but no TLDs were found in them. Skipping unneeded JARs during scanning can improve startup time and JSP compilation time.
1월 23, 2016 4:37:01 오후 org.apache.catalina.startup.HostConfig deployDirectory
정보: Deployment of web application directory C:\Java\pivotal-tc-server-developer-3.1.2.RELEASE\base-bio-ssl\webapps\ROOT has finished in 252 ms
1월 23, 2016 4:37:01 오후 org.apache.coyote.AbstractProtocol start
정보: Starting ProtocolHandler ["http-bio-80"]
1월 23, 2016 4:37:01 오후 org.apache.coyote.AbstractProtocol start
정보: Starting ProtocolHandler ["http-bio-8443"]
1월 23, 2016 4:38:21 오후 org.apache.coyote.AbstractProtocol pause
정보: Pausing ProtocolHandler ["http-bio-80"]
1월 23, 2016 4:38:21 오후 org.apache.coyote.AbstractProtocol pause
정보: Pausing ProtocolHandler ["http-bio-8443"]
1월 23, 2016 4:38:21 오후 org.apache.catalina.core.StandardService stopInternal
정보: Stopping service Catalina
1월 23, 2016 4:38:21 오후 org.apache.catalina.loader.WebappClassLoader clearReferencesJdbc
심각: The web application [/workarts] registered the JDBC driver [net.sf.log4jdbc.sql.jdbcapi.DriverSpy] but failed to unregister it when the web application was stopped. To prevent a memory leak, the JDBC Driver has been forcibly unregistered.
1월 23, 2016 4:38:21 오후 org.apache.catalina.loader.WebappClassLoader clearReferencesJdbc
심각: The web application [/workarts] registered the JDBC driver [com.mysql.jdbc.Driver] but failed to unregister it when the web application was stopped. To prevent a memory leak, the JDBC Driver has been forcibly unregistered.
1월 23, 2016 4:38:21 오후 org.apache.catalina.loader.WebappClassLoader clearReferencesThreads
심각: The web application [/workarts] appears to have started a thread named [FileSystemWatcher: files=#135 cl=WebappClassLoader
  context: /workarts
  delegate: false
  repositories:
    /WEB-INF/classes/
----------> Parent Classloader:
org.apache.catalina.loader.StandardClassLoader@4662de7b
] but has failed to stop it. This is very likely to create a memory leak.
1월 23, 2016 4:38:21 오후 org.apache.catalina.loader.WebappClassLoader clearReferencesThreads
심각: The web application [/workarts] appears to have started a thread named [Abandoned connection cleanup thread] but has failed to stop it. This is very likely to create a memory leak.
1월 23, 2016 4:38:21 오후 org.apache.coyote.AbstractProtocol stop
정보: Stopping ProtocolHandler ["http-bio-80"]
1월 23, 2016 4:38:21 오후 org.apache.coyote.AbstractProtocol stop
정보: Stopping ProtocolHandler ["http-bio-8443"]
1월 23, 2016 4:38:22 오후 com.springsource.tcserver.security.PropertyDecoder <init>
정보: tc Runtime property decoder using memory-based key
1월 23, 2016 4:38:22 오후 com.springsource.tcserver.security.TcDecoder initCiphers
정보: Initializing ciphers
1월 23, 2016 4:38:23 오후 com.springsource.tcserver.security.PropertyDecoder <init>
정보: tcServer Runtime property decoder has been initialized in 560 ms
1월 23, 2016 4:38:24 오후 org.apache.coyote.AbstractProtocol init
정보: Initializing ProtocolHandler ["http-bio-80"]
1월 23, 2016 4:38:24 오후 org.apache.coyote.AbstractProtocol init
정보: Initializing ProtocolHandler ["http-bio-8443"]
1월 23, 2016 4:38:24 오후 com.springsource.tcserver.serviceability.rmi.JmxSocketListener init
정보: Started up JMX registry on 127.0.0.1:6969 in 149 ms
1월 23, 2016 4:38:24 오후 org.apache.catalina.core.StandardService startInternal
정보: Starting service Catalina
1월 23, 2016 4:38:24 오후 org.apache.catalina.core.StandardEngine startInternal
정보: Starting Servlet Engine: Pivotal tc Runtime 3.1.2.RELEASE/7.0.64.B.RELEASE
1월 23, 2016 4:38:30 오후 org.apache.catalina.startup.TldConfig execute
정보: At least one JAR was scanned for TLDs yet contained no TLDs. Enable debug logging for this logger for a complete list of JARs that were scanned but no TLDs were found in them. Skipping unneeded JARs during scanning can improve startup time and JSP compilation time.
1월 23, 2016 4:38:47 오후 org.apache.catalina.startup.HostConfig deployDirectory
정보: Deploying web application directory C:\Java\pivotal-tc-server-developer-3.1.2.RELEASE\base-bio-ssl\webapps\manager
1월 23, 2016 4:38:47 오후 org.apache.catalina.startup.TldConfig execute
정보: At least one JAR was scanned for TLDs yet contained no TLDs. Enable debug logging for this logger for a complete list of JARs that were scanned but no TLDs were found in them. Skipping unneeded JARs during scanning can improve startup time and JSP compilation time.
1월 23, 2016 4:38:47 오후 org.apache.catalina.startup.HostConfig deployDirectory
정보: Deployment of web application directory C:\Java\pivotal-tc-server-developer-3.1.2.RELEASE\base-bio-ssl\webapps\manager has finished in 131 ms
1월 23, 2016 4:38:47 오후 org.apache.catalina.startup.HostConfig deployDirectory
정보: Deploying web application directory C:\Java\pivotal-tc-server-developer-3.1.2.RELEASE\base-bio-ssl\webapps\ROOT
1월 23, 2016 4:38:47 오후 org.apache.catalina.startup.TldConfig execute
정보: At least one JAR was scanned for TLDs yet contained no TLDs. Enable debug logging for this logger for a complete list of JARs that were scanned but no TLDs were found in them. Skipping unneeded JARs during scanning can improve startup time and JSP compilation time.
1월 23, 2016 4:38:47 오후 org.apache.catalina.startup.HostConfig deployDirectory
정보: Deployment of web application directory C:\Java\pivotal-tc-server-developer-3.1.2.RELEASE\base-bio-ssl\webapps\ROOT has finished in 112 ms
1월 23, 2016 4:38:47 오후 org.apache.coyote.AbstractProtocol start
정보: Starting ProtocolHandler ["http-bio-80"]
1월 23, 2016 4:38:47 오후 org.apache.coyote.AbstractProtocol start
정보: Starting ProtocolHandler ["http-bio-8443"]
1월 23, 2016 6:03:05 오후 com.springsource.tcserver.security.PropertyDecoder <init>
정보: tc Runtime property decoder using memory-based key
1월 23, 2016 6:03:05 오후 com.springsource.tcserver.security.TcDecoder initCiphers
정보: Initializing ciphers
1월 23, 2016 6:03:05 오후 com.springsource.tcserver.security.PropertyDecoder <init>
정보: tcServer Runtime property decoder has been initialized in 506 ms
1월 23, 2016 6:03:06 오후 org.apache.coyote.AbstractProtocol init
정보: Initializing ProtocolHandler ["http-bio-80"]
1월 23, 2016 6:03:06 오후 org.apache.coyote.AbstractProtocol init
정보: Initializing ProtocolHandler ["http-bio-8443"]
1월 23, 2016 6:03:07 오후 com.springsource.tcserver.serviceability.rmi.JmxSocketListener init
정보: Started up JMX registry on 127.0.0.1:6969 in 144 ms
1월 23, 2016 6:03:07 오후 org.apache.catalina.core.StandardService startInternal
정보: Starting service Catalina
1월 23, 2016 6:03:07 오후 org.apache.catalina.core.StandardEngine startInternal
정보: Starting Servlet Engine: Pivotal tc Runtime 3.1.2.RELEASE/7.0.64.B.RELEASE
1월 23, 2016 6:03:12 오후 org.apache.catalina.startup.TldConfig execute
정보: At least one JAR was scanned for TLDs yet contained no TLDs. Enable debug logging for this logger for a complete list of JARs that were scanned but no TLDs were found in them. Skipping unneeded JARs during scanning can improve startup time and JSP compilation time.
1월 23, 2016 6:03:25 오후 org.apache.catalina.startup.HostConfig deployDirectory
정보: Deploying web application directory C:\Java\pivotal-tc-server-developer-3.1.2.RELEASE\base-bio-ssl\webapps\manager
1월 23, 2016 6:03:25 오후 org.apache.catalina.startup.TldConfig execute
정보: At least one JAR was scanned for TLDs yet contained no TLDs. Enable debug logging for this logger for a complete list of JARs that were scanned but no TLDs were found in them. Skipping unneeded JARs during scanning can improve startup time and JSP compilation time.
1월 23, 2016 6:03:25 오후 org.apache.catalina.startup.HostConfig deployDirectory
정보: Deployment of web application directory C:\Java\pivotal-tc-server-developer-3.1.2.RELEASE\base-bio-ssl\webapps\manager has finished in 188 ms
1월 23, 2016 6:03:25 오후 org.apache.catalina.startup.HostConfig deployDirectory
정보: Deploying web application directory C:\Java\pivotal-tc-server-developer-3.1.2.RELEASE\base-bio-ssl\webapps\ROOT
1월 23, 2016 6:03:26 오후 org.apache.catalina.startup.TldConfig execute
정보: At least one JAR was scanned for TLDs yet contained no TLDs. Enable debug logging for this logger for a complete list of JARs that were scanned but no TLDs were found in them. Skipping unneeded JARs during scanning can improve startup time and JSP compilation time.
1월 23, 2016 6:03:26 오후 org.apache.catalina.startup.HostConfig deployDirectory
정보: Deployment of web application directory C:\Java\pivotal-tc-server-developer-3.1.2.RELEASE\base-bio-ssl\webapps\ROOT has finished in 78 ms
1월 23, 2016 6:03:26 오후 org.apache.coyote.AbstractProtocol start
정보: Starting ProtocolHandler ["http-bio-80"]
1월 23, 2016 6:03:26 오후 org.apache.coyote.AbstractProtocol start
정보: Starting ProtocolHandler ["http-bio-8443"]
1월 23, 2016 6:10:55 오후 org.apache.jasper.compiler.TldLocationsCache tldScanJar
정보: At least one JAR was scanned for TLDs yet contained no TLDs. Enable debug logging for this logger for a complete list of JARs that were scanned but no TLDs were found in them. Skipping unneeded JARs during scanning can improve startup time and JSP compilation time.
1월 23, 2016 6:14:57 오후 com.springsource.tcserver.security.PropertyDecoder <init>
정보: tc Runtime property decoder using memory-based key
1월 23, 2016 6:14:57 오후 com.springsource.tcserver.security.TcDecoder initCiphers
정보: Initializing ciphers
1월 23, 2016 6:14:58 오후 com.springsource.tcserver.security.PropertyDecoder <init>
정보: tcServer Runtime property decoder has been initialized in 523 ms
1월 23, 2016 6:15:00 오후 org.apache.coyote.AbstractProtocol init
정보: Initializing ProtocolHandler ["http-bio-80"]
1월 23, 2016 6:15:00 오후 org.apache.coyote.AbstractProtocol init
정보: Initializing ProtocolHandler ["http-bio-8443"]
1월 23, 2016 6:15:01 오후 com.springsource.tcserver.serviceability.rmi.JmxSocketListener init
정보: Started up JMX registry on 127.0.0.1:6969 in 662 ms
1월 23, 2016 6:15:01 오후 org.apache.catalina.core.StandardService startInternal
정보: Starting service Catalina
1월 23, 2016 6:15:01 오후 org.apache.catalina.core.StandardEngine startInternal
정보: Starting Servlet Engine: Pivotal tc Runtime 3.1.2.RELEASE/7.0.64.B.RELEASE
1월 23, 2016 6:15:12 오후 org.apache.catalina.startup.TldConfig execute
정보: At least one JAR was scanned for TLDs yet contained no TLDs. Enable debug logging for this logger for a complete list of JARs that were scanned but no TLDs were found in them. Skipping unneeded JARs during scanning can improve startup time and JSP compilation time.
1월 23, 2016 6:15:31 오후 org.apache.catalina.startup.HostConfig deployDirectory
정보: Deploying web application directory C:\Java\pivotal-tc-server-developer-3.1.2.RELEASE\base-bio-ssl\webapps\manager
1월 23, 2016 6:15:32 오후 org.apache.catalina.startup.TldConfig execute
정보: At least one JAR was scanned for TLDs yet contained no TLDs. Enable debug logging for this logger for a complete list of JARs that were scanned but no TLDs were found in them. Skipping unneeded JARs during scanning can improve startup time and JSP compilation time.
1월 23, 2016 6:15:32 오후 org.apache.catalina.startup.HostConfig deployDirectory
정보: Deployment of web application directory C:\Java\pivotal-tc-server-developer-3.1.2.RELEASE\base-bio-ssl\webapps\manager has finished in 421 ms
1월 23, 2016 6:15:32 오후 org.apache.catalina.startup.HostConfig deployDirectory
정보: Deploying web application directory C:\Java\pivotal-tc-server-developer-3.1.2.RELEASE\base-bio-ssl\webapps\ROOT
1월 23, 2016 6:15:32 오후 org.apache.catalina.startup.TldConfig execute
정보: At least one JAR was scanned for TLDs yet contained no TLDs. Enable debug logging for this logger for a complete list of JARs that were scanned but no TLDs were found in them. Skipping unneeded JARs during scanning can improve startup time and JSP compilation time.
1월 23, 2016 6:15:32 오후 org.apache.catalina.startup.HostConfig deployDirectory
정보: Deployment of web application directory C:\Java\pivotal-tc-server-developer-3.1.2.RELEASE\base-bio-ssl\webapps\ROOT has finished in 359 ms
1월 23, 2016 6:15:32 오후 org.apache.coyote.AbstractProtocol start
정보: Starting ProtocolHandler ["http-bio-80"]
1월 23, 2016 6:15:32 오후 org.apache.coyote.AbstractProtocol start
정보: Starting ProtocolHandler ["http-bio-8443"]
1월 23, 2016 6:20:25 오후 com.springsource.tcserver.security.PropertyDecoder <init>
정보: tc Runtime property decoder using memory-based key
1월 23, 2016 6:20:25 오후 com.springsource.tcserver.security.TcDecoder initCiphers
정보: Initializing ciphers
1월 23, 2016 6:20:26 오후 com.springsource.tcserver.security.PropertyDecoder <init>
정보: tcServer Runtime property decoder has been initialized in 509 ms
1월 23, 2016 6:20:27 오후 org.apache.coyote.AbstractProtocol init
정보: Initializing ProtocolHandler ["http-bio-80"]
1월 23, 2016 6:20:27 오후 org.apache.coyote.AbstractProtocol init
정보: Initializing ProtocolHandler ["http-bio-8443"]
1월 23, 2016 6:20:27 오후 com.springsource.tcserver.serviceability.rmi.JmxSocketListener init
정보: Started up JMX registry on 127.0.0.1:6969 in 171 ms
1월 23, 2016 6:20:27 오후 org.apache.catalina.core.StandardService startInternal
정보: Starting service Catalina
1월 23, 2016 6:20:27 오후 org.apache.catalina.core.StandardEngine startInternal
정보: Starting Servlet Engine: Pivotal tc Runtime 3.1.2.RELEASE/7.0.64.B.RELEASE
1월 23, 2016 6:20:32 오후 org.apache.catalina.startup.TldConfig execute
정보: At least one JAR was scanned for TLDs yet contained no TLDs. Enable debug logging for this logger for a complete list of JARs that were scanned but no TLDs were found in them. Skipping unneeded JARs during scanning can improve startup time and JSP compilation time.
1월 23, 2016 6:20:45 오후 org.apache.catalina.startup.HostConfig deployDirectory
정보: Deploying web application directory C:\Java\pivotal-tc-server-developer-3.1.2.RELEASE\base-bio-ssl\webapps\manager
1월 23, 2016 6:20:45 오후 org.apache.catalina.startup.TldConfig execute
정보: At least one JAR was scanned for TLDs yet contained no TLDs. Enable debug logging for this logger for a complete list of JARs that were scanned but no TLDs were found in them. Skipping unneeded JARs during scanning can improve startup time and JSP compilation time.
1월 23, 2016 6:20:45 오후 org.apache.catalina.startup.HostConfig deployDirectory
정보: Deployment of web application directory C:\Java\pivotal-tc-server-developer-3.1.2.RELEASE\base-bio-ssl\webapps\manager has finished in 141 ms
1월 23, 2016 6:20:45 오후 org.apache.catalina.startup.HostConfig deployDirectory
정보: Deploying web application directory C:\Java\pivotal-tc-server-developer-3.1.2.RELEASE\base-bio-ssl\webapps\ROOT
1월 23, 2016 6:20:45 오후 org.apache.catalina.startup.TldConfig execute
정보: At least one JAR was scanned for TLDs yet contained no TLDs. Enable debug logging for this logger for a complete list of JARs that were scanned but no TLDs were found in them. Skipping unneeded JARs during scanning can improve startup time and JSP compilation time.
1월 23, 2016 6:20:45 오후 org.apache.catalina.startup.HostConfig deployDirectory
정보: Deployment of web application directory C:\Java\pivotal-tc-server-developer-3.1.2.RELEASE\base-bio-ssl\webapps\ROOT has finished in 78 ms
1월 23, 2016 6:20:45 오후 org.apache.coyote.AbstractProtocol start
정보: Starting ProtocolHandler ["http-bio-80"]
1월 23, 2016 6:20:45 오후 org.apache.coyote.AbstractProtocol start
정보: Starting ProtocolHandler ["http-bio-8443"]
1월 23, 2016 6:20:54 오후 org.apache.jasper.compiler.TldLocationsCache tldScanJar
정보: At least one JAR was scanned for TLDs yet contained no TLDs. Enable debug logging for this logger for a complete list of JARs that were scanned but no TLDs were found in them. Skipping unneeded JARs during scanning can improve startup time and JSP compilation time.
1월 23, 2016 9:33:53 오후 com.springsource.tcserver.security.PropertyDecoder <init>
정보: tc Runtime property decoder using memory-based key
1월 23, 2016 9:33:53 오후 com.springsource.tcserver.security.TcDecoder initCiphers
정보: Initializing ciphers
1월 23, 2016 9:33:53 오후 com.springsource.tcserver.security.PropertyDecoder <init>
정보: tcServer Runtime property decoder has been initialized in 471 ms
1월 23, 2016 9:33:54 오후 org.apache.coyote.AbstractProtocol init
정보: Initializing ProtocolHandler ["http-bio-80"]
1월 23, 2016 9:33:54 오후 org.apache.coyote.AbstractProtocol init
정보: Initializing ProtocolHandler ["http-bio-8443"]
1월 23, 2016 9:33:55 오후 com.springsource.tcserver.serviceability.rmi.JmxSocketListener init
정보: Started up JMX registry on 127.0.0.1:6969 in 167 ms
1월 23, 2016 9:33:55 오후 org.apache.catalina.core.StandardService startInternal
정보: Starting service Catalina
1월 23, 2016 9:33:55 오후 org.apache.catalina.core.StandardEngine startInternal
정보: Starting Servlet Engine: Pivotal tc Runtime 3.1.2.RELEASE/7.0.64.B.RELEASE
1월 23, 2016 9:34:05 오후 org.apache.catalina.startup.TldConfig execute
정보: At least one JAR was scanned for TLDs yet contained no TLDs. Enable debug logging for this logger for a complete list of JARs that were scanned but no TLDs were found in them. Skipping unneeded JARs during scanning can improve startup time and JSP compilation time.
1월 23, 2016 9:34:18 오후 org.apache.catalina.startup.HostConfig deployDirectory
정보: Deploying web application directory C:\Java\pivotal-tc-server-developer-3.1.2.RELEASE\base-bio-ssl\webapps\manager
1월 23, 2016 9:34:18 오후 org.apache.catalina.startup.TldConfig execute
정보: At least one JAR was scanned for TLDs yet contained no TLDs. Enable debug logging for this logger for a complete list of JARs that were scanned but no TLDs were found in them. Skipping unneeded JARs during scanning can improve startup time and JSP compilation time.
1월 23, 2016 9:34:18 오후 org.apache.catalina.startup.HostConfig deployDirectory
정보: Deployment of web application directory C:\Java\pivotal-tc-server-developer-3.1.2.RELEASE\base-bio-ssl\webapps\manager has finished in 125 ms
1월 23, 2016 9:34:18 오후 org.apache.catalina.startup.HostConfig deployDirectory
정보: Deploying web application directory C:\Java\pivotal-tc-server-developer-3.1.2.RELEASE\base-bio-ssl\webapps\ROOT
1월 23, 2016 9:34:18 오후 org.apache.catalina.startup.TldConfig execute
정보: At least one JAR was scanned for TLDs yet contained no TLDs. Enable debug logging for this logger for a complete list of JARs that were scanned but no TLDs were found in them. Skipping unneeded JARs during scanning can improve startup time and JSP compilation time.
1월 23, 2016 9:34:18 오후 org.apache.catalina.startup.HostConfig deployDirectory
정보: Deployment of web application directory C:\Java\pivotal-tc-server-developer-3.1.2.RELEASE\base-bio-ssl\webapps\ROOT has finished in 93 ms
1월 23, 2016 9:34:18 오후 org.apache.coyote.AbstractProtocol start
정보: Starting ProtocolHandler ["http-bio-80"]
1월 23, 2016 9:34:18 오후 org.apache.coyote.AbstractProtocol start
정보: Starting ProtocolHandler ["http-bio-8443"]
1월 23, 2016 9:45:47 오후 org.apache.jasper.compiler.TldLocationsCache tldScanJar
정보: At least one JAR was scanned for TLDs yet contained no TLDs. Enable debug logging for this logger for a complete list of JARs that were scanned but no TLDs were found in them. Skipping unneeded JARs during scanning can improve startup time and JSP compilation time.
1월 23, 2016 10:01:47 오후 com.springsource.tcserver.security.PropertyDecoder <init>
정보: tc Runtime property decoder using memory-based key
1월 23, 2016 10:01:47 오후 com.springsource.tcserver.security.TcDecoder initCiphers
정보: Initializing ciphers
1월 23, 2016 10:01:47 오후 com.springsource.tcserver.security.PropertyDecoder <init>
정보: tcServer Runtime property decoder has been initialized in 479 ms
1월 23, 2016 10:01:48 오후 org.apache.coyote.AbstractProtocol init
정보: Initializing ProtocolHandler ["http-bio-80"]
1월 23, 2016 10:01:48 오후 org.apache.coyote.AbstractProtocol init
정보: Initializing ProtocolHandler ["http-bio-8443"]
1월 23, 2016 10:01:49 오후 com.springsource.tcserver.serviceability.rmi.JmxSocketListener init
정보: Started up JMX registry on 127.0.0.1:6969 in 408 ms
1월 23, 2016 10:01:49 오후 org.apache.catalina.core.StandardService startInternal
정보: Starting service Catalina
1월 23, 2016 10:01:49 오후 org.apache.catalina.core.StandardEngine startInternal
정보: Starting Servlet Engine: Pivotal tc Runtime 3.1.2.RELEASE/7.0.64.B.RELEASE
1월 23, 2016 10:01:58 오후 org.apache.catalina.startup.TldConfig execute
정보: At least one JAR was scanned for TLDs yet contained no TLDs. Enable debug logging for this logger for a complete list of JARs that were scanned but no TLDs were found in them. Skipping unneeded JARs during scanning can improve startup time and JSP compilation time.
1월 23, 2016 10:02:10 오후 org.apache.catalina.startup.HostConfig deployDirectory
정보: Deploying web application directory C:\Java\pivotal-tc-server-developer-3.1.2.RELEASE\base-bio-ssl\webapps\manager
1월 23, 2016 10:02:10 오후 org.apache.catalina.startup.TldConfig execute
정보: At least one JAR was scanned for TLDs yet contained no TLDs. Enable debug logging for this logger for a complete list of JARs that were scanned but no TLDs were found in them. Skipping unneeded JARs during scanning can improve startup time and JSP compilation time.
1월 23, 2016 10:02:10 오후 org.apache.catalina.startup.HostConfig deployDirectory
정보: Deployment of web application directory C:\Java\pivotal-tc-server-developer-3.1.2.RELEASE\base-bio-ssl\webapps\manager has finished in 125 ms
1월 23, 2016 10:02:10 오후 org.apache.catalina.startup.HostConfig deployDirectory
정보: Deploying web application directory C:\Java\pivotal-tc-server-developer-3.1.2.RELEASE\base-bio-ssl\webapps\ROOT
1월 23, 2016 10:02:11 오후 org.apache.catalina.startup.TldConfig execute
정보: At least one JAR was scanned for TLDs yet contained no TLDs. Enable debug logging for this logger for a complete list of JARs that were scanned but no TLDs were found in them. Skipping unneeded JARs during scanning can improve startup time and JSP compilation time.
1월 23, 2016 10:02:11 오후 org.apache.catalina.startup.HostConfig deployDirectory
정보: Deployment of web application directory C:\Java\pivotal-tc-server-developer-3.1.2.RELEASE\base-bio-ssl\webapps\ROOT has finished in 109 ms
1월 23, 2016 10:02:11 오후 org.apache.coyote.AbstractProtocol start
정보: Starting ProtocolHandler ["http-bio-80"]
1월 23, 2016 10:02:11 오후 org.apache.coyote.AbstractProtocol start
정보: Starting ProtocolHandler ["http-bio-8443"]
1월 23, 2016 10:13:00 오후 com.springsource.tcserver.security.PropertyDecoder <init>
정보: tc Runtime property decoder using memory-based key
1월 23, 2016 10:13:00 오후 com.springsource.tcserver.security.TcDecoder initCiphers
정보: Initializing ciphers
1월 23, 2016 10:13:01 오후 com.springsource.tcserver.security.PropertyDecoder <init>
정보: tcServer Runtime property decoder has been initialized in 437 ms
1월 23, 2016 10:13:01 오후 org.apache.coyote.AbstractProtocol init
정보: Initializing ProtocolHandler ["http-bio-80"]
1월 23, 2016 10:13:01 오후 org.apache.coyote.AbstractProtocol init
정보: Initializing ProtocolHandler ["http-bio-8443"]
1월 23, 2016 10:13:02 오후 com.springsource.tcserver.serviceability.rmi.JmxSocketListener init
정보: Started up JMX registry on 127.0.0.1:6969 in 129 ms
1월 23, 2016 10:13:02 오후 org.apache.catalina.core.StandardService startInternal
정보: Starting service Catalina
1월 23, 2016 10:13:02 오후 org.apache.catalina.core.StandardEngine startInternal
정보: Starting Servlet Engine: Pivotal tc Runtime 3.1.2.RELEASE/7.0.64.B.RELEASE
1월 23, 2016 10:13:07 오후 org.apache.catalina.startup.TldConfig execute
정보: At least one JAR was scanned for TLDs yet contained no TLDs. Enable debug logging for this logger for a complete list of JARs that were scanned but no TLDs were found in them. Skipping unneeded JARs during scanning can improve startup time and JSP compilation time.
1월 23, 2016 10:13:21 오후 org.apache.catalina.startup.HostConfig deployDirectory
정보: Deploying web application directory C:\Java\pivotal-tc-server-developer-3.1.2.RELEASE\base-bio-ssl\webapps\manager
1월 23, 2016 10:13:21 오후 org.apache.catalina.startup.TldConfig execute
정보: At least one JAR was scanned for TLDs yet contained no TLDs. Enable debug logging for this logger for a complete list of JARs that were scanned but no TLDs were found in them. Skipping unneeded JARs during scanning can improve startup time and JSP compilation time.
1월 23, 2016 10:13:21 오후 org.apache.catalina.startup.HostConfig deployDirectory
정보: Deployment of web application directory C:\Java\pivotal-tc-server-developer-3.1.2.RELEASE\base-bio-ssl\webapps\manager has finished in 93 ms
1월 23, 2016 10:13:21 오후 org.apache.catalina.startup.HostConfig deployDirectory
정보: Deploying web application directory C:\Java\pivotal-tc-server-developer-3.1.2.RELEASE\base-bio-ssl\webapps\ROOT
1월 23, 2016 10:13:21 오후 org.apache.catalina.startup.TldConfig execute
정보: At least one JAR was scanned for TLDs yet contained no TLDs. Enable debug logging for this logger for a complete list of JARs that were scanned but no TLDs were found in them. Skipping unneeded JARs during scanning can improve startup time and JSP compilation time.
1월 23, 2016 10:13:21 오후 org.apache.catalina.startup.HostConfig deployDirectory
정보: Deployment of web application directory C:\Java\pivotal-tc-server-developer-3.1.2.RELEASE\base-bio-ssl\webapps\ROOT has finished in 94 ms
1월 23, 2016 10:13:21 오후 org.apache.coyote.AbstractProtocol start
정보: Starting ProtocolHandler ["http-bio-80"]
1월 23, 2016 10:13:21 오후 org.apache.coyote.AbstractProtocol start
정보: Starting ProtocolHandler ["http-bio-8443"]
1월 23, 2016 10:18:55 오후 org.apache.jasper.compiler.TldLocationsCache tldScanJar
정보: At least one JAR was scanned for TLDs yet contained no TLDs. Enable debug logging for this logger for a complete list of JARs that were scanned but no TLDs were found in them. Skipping unneeded JARs during scanning can improve startup time and JSP compilation time.
1월 23, 2016 10:24:53 오후 com.springsource.tcserver.security.PropertyDecoder <init>
정보: tc Runtime property decoder using memory-based key
1월 23, 2016 10:24:53 오후 com.springsource.tcserver.security.TcDecoder initCiphers
정보: Initializing ciphers
1월 23, 2016 10:24:54 오후 com.springsource.tcserver.security.PropertyDecoder <init>
정보: tcServer Runtime property decoder has been initialized in 476 ms
1월 23, 2016 10:24:56 오후 org.apache.coyote.AbstractProtocol init
정보: Initializing ProtocolHandler ["http-bio-80"]
1월 23, 2016 10:24:56 오후 org.apache.coyote.AbstractProtocol init
정보: Initializing ProtocolHandler ["http-bio-8443"]
1월 23, 2016 10:24:56 오후 com.springsource.tcserver.serviceability.rmi.JmxSocketListener init
정보: Started up JMX registry on 127.0.0.1:6969 in 145 ms
1월 23, 2016 10:24:56 오후 org.apache.catalina.core.StandardService startInternal
정보: Starting service Catalina
1월 23, 2016 10:24:56 오후 org.apache.catalina.core.StandardEngine startInternal
정보: Starting Servlet Engine: Pivotal tc Runtime 3.1.2.RELEASE/7.0.64.B.RELEASE
1월 23, 2016 10:25:04 오후 org.apache.catalina.startup.TldConfig execute
정보: At least one JAR was scanned for TLDs yet contained no TLDs. Enable debug logging for this logger for a complete list of JARs that were scanned but no TLDs were found in them. Skipping unneeded JARs during scanning can improve startup time and JSP compilation time.
1월 23, 2016 10:25:17 오후 org.apache.catalina.startup.HostConfig deployDirectory
정보: Deploying web application directory C:\Java\pivotal-tc-server-developer-3.1.2.RELEASE\base-bio-ssl\webapps\manager
1월 23, 2016 10:25:18 오후 org.apache.catalina.startup.TldConfig execute
정보: At least one JAR was scanned for TLDs yet contained no TLDs. Enable debug logging for this logger for a complete list of JARs that were scanned but no TLDs were found in them. Skipping unneeded JARs during scanning can improve startup time and JSP compilation time.
1월 23, 2016 10:25:18 오후 org.apache.catalina.startup.HostConfig deployDirectory
정보: Deployment of web application directory C:\Java\pivotal-tc-server-developer-3.1.2.RELEASE\base-bio-ssl\webapps\manager has finished in 281 ms
1월 23, 2016 10:25:18 오후 org.apache.catalina.startup.HostConfig deployDirectory
정보: Deploying web application directory C:\Java\pivotal-tc-server-developer-3.1.2.RELEASE\base-bio-ssl\webapps\ROOT
1월 23, 2016 10:25:18 오후 org.apache.catalina.startup.TldConfig execute
정보: At least one JAR was scanned for TLDs yet contained no TLDs. Enable debug logging for this logger for a complete list of JARs that were scanned but no TLDs were found in them. Skipping unneeded JARs during scanning can improve startup time and JSP compilation time.
1월 23, 2016 10:25:18 오후 org.apache.catalina.startup.HostConfig deployDirectory
정보: Deployment of web application directory C:\Java\pivotal-tc-server-developer-3.1.2.RELEASE\base-bio-ssl\webapps\ROOT has finished in 218 ms
1월 23, 2016 10:25:18 오후 org.apache.coyote.AbstractProtocol start
정보: Starting ProtocolHandler ["http-bio-80"]
1월 23, 2016 10:25:18 오후 org.apache.coyote.AbstractProtocol start
정보: Starting ProtocolHandler ["http-bio-8443"]
1월 23, 2016 10:26:50 오후 org.apache.jasper.compiler.TldLocationsCache tldScanJar
정보: At least one JAR was scanned for TLDs yet contained no TLDs. Enable debug logging for this logger for a complete list of JARs that were scanned but no TLDs were found in them. Skipping unneeded JARs during scanning can improve startup time and JSP compilation time.
