2월 14, 2016 12:25:28 오전 org.apache.jasper.compiler.TldLocationsCache tldScanJar
정보: At least one JAR was scanned for TLDs yet contained no TLDs. Enable debug logging for this logger for a complete list of JARs that were scanned but no TLDs were found in them. Skipping unneeded JARs during scanning can improve startup time and JSP compilation time.
2월 14, 2016 12:27:04 오전 org.apache.coyote.AbstractProtocol pause
정보: Pausing ProtocolHandler ["http-bio-80"]
2월 14, 2016 12:27:04 오전 org.apache.coyote.AbstractProtocol pause
정보: Pausing ProtocolHandler ["http-bio-8443"]
2월 14, 2016 12:27:04 오전 org.apache.catalina.core.StandardService stopInternal
정보: Stopping service Catalina
2월 14, 2016 12:27:04 오전 org.apache.catalina.loader.WebappClassLoader clearReferencesJdbc
심각: The web application [/workarts] registered the JDBC driver [net.sf.log4jdbc.sql.jdbcapi.DriverSpy] but failed to unregister it when the web application was stopped. To prevent a memory leak, the JDBC Driver has been forcibly unregistered.
2월 14, 2016 12:27:04 오전 org.apache.catalina.loader.WebappClassLoader clearReferencesJdbc
심각: The web application [/workarts] registered the JDBC driver [com.mysql.jdbc.Driver] but failed to unregister it when the web application was stopped. To prevent a memory leak, the JDBC Driver has been forcibly unregistered.
2월 14, 2016 12:27:04 오전 org.apache.catalina.loader.WebappClassLoader clearReferencesThreads
심각: The web application [/workarts] appears to have started a thread named [FileSystemWatcher: files=#243 cl=WebappClassLoader
  context: /workarts
  delegate: false
  repositories:
    /WEB-INF/classes/
----------> Parent Classloader:
org.apache.catalina.loader.StandardClassLoader@4662de7b
] but has failed to stop it. This is very likely to create a memory leak.
2월 14, 2016 12:27:04 오전 org.apache.catalina.loader.WebappClassLoader clearReferencesThreads
심각: The web application [/workarts] appears to have started a thread named [Timer-0] but has failed to stop it. This is very likely to create a memory leak.
2월 14, 2016 12:27:04 오전 org.apache.catalina.loader.WebappClassLoader clearReferencesThreads
심각: The web application [/workarts] appears to have started a thread named [Abandoned connection cleanup thread] but has failed to stop it. This is very likely to create a memory leak.
2월 14, 2016 12:27:04 오전 org.apache.catalina.loader.WebappClassLoader clearReferencesThreads
심각: The web application [/workarts] appears to have started a thread named [MySQL Statement Cancellation Timer] but has failed to stop it. This is very likely to create a memory leak.
2월 14, 2016 12:27:04 오전 org.apache.catalina.loader.WebappClassLoader clearReferencesThreads
심각: The web application [/workarts] appears to have started a thread named [pool-4-thread-1] but has failed to stop it. This is very likely to create a memory leak.
2월 14, 2016 12:27:04 오전 org.apache.catalina.loader.WebappClassLoader checkThreadLocalMapForLeaks
심각: The web application [/workarts] created a ThreadLocal with key of type [org.apache.poi.util.LocaleUtil$2] (value [org.apache.poi.util.LocaleUtil$2@744e0b93]) and a value of type [java.util.Locale] (value [ko_KR]) but failed to remove it when the web application was stopped. Threads are going to be renewed over time to try and avoid a probable memory leak.
2월 14, 2016 12:27:04 오전 org.apache.catalina.loader.WebappClassLoader checkThreadLocalMapForLeaks
심각: The web application [/workarts] created a ThreadLocal with key of type [org.apache.poi.util.LocaleUtil$2] (value [org.apache.poi.util.LocaleUtil$2@744e0b93]) and a value of type [java.util.Locale] (value [ko_KR]) but failed to remove it when the web application was stopped. Threads are going to be renewed over time to try and avoid a probable memory leak.
2월 14, 2016 12:27:04 오전 org.apache.catalina.loader.WebappClassLoader checkThreadLocalMapForLeaks
심각: The web application [/workarts] created a ThreadLocal with key of type [org.apache.poi.util.LocaleUtil$2] (value [org.apache.poi.util.LocaleUtil$2@744e0b93]) and a value of type [java.util.Locale] (value [ko_KR]) but failed to remove it when the web application was stopped. Threads are going to be renewed over time to try and avoid a probable memory leak.
2월 14, 2016 12:27:04 오전 org.apache.coyote.AbstractProtocol stop
정보: Stopping ProtocolHandler ["http-bio-80"]
2월 14, 2016 12:27:04 오전 org.apache.coyote.AbstractProtocol stop
정보: Stopping ProtocolHandler ["http-bio-8443"]
2월 14, 2016 12:27:05 오전 com.springsource.tcserver.security.PropertyDecoder <init>
정보: tc Runtime property decoder using memory-based key
2월 14, 2016 12:27:05 오전 com.springsource.tcserver.security.TcDecoder initCiphers
정보: Initializing ciphers
2월 14, 2016 12:27:06 오전 com.springsource.tcserver.security.PropertyDecoder <init>
정보: tcServer Runtime property decoder has been initialized in 505 ms
2월 14, 2016 12:27:07 오전 org.apache.coyote.AbstractProtocol init
정보: Initializing ProtocolHandler ["http-bio-80"]
2월 14, 2016 12:27:07 오전 org.apache.coyote.AbstractProtocol init
정보: Initializing ProtocolHandler ["http-bio-8443"]
2월 14, 2016 12:27:08 오전 com.springsource.tcserver.serviceability.rmi.JmxSocketListener init
정보: Started up JMX registry on 127.0.0.1:6969 in 184 ms
2월 14, 2016 12:27:08 오전 org.apache.catalina.core.StandardService startInternal
정보: Starting service Catalina
2월 14, 2016 12:27:08 오전 org.apache.catalina.core.StandardEngine startInternal
정보: Starting Servlet Engine: Pivotal tc Runtime 3.1.2.RELEASE/7.0.64.B.RELEASE
2월 14, 2016 12:27:16 오전 org.apache.catalina.startup.TldConfig execute
정보: At least one JAR was scanned for TLDs yet contained no TLDs. Enable debug logging for this logger for a complete list of JARs that were scanned but no TLDs were found in them. Skipping unneeded JARs during scanning can improve startup time and JSP compilation time.
2월 14, 2016 12:27:31 오전 org.apache.catalina.startup.HostConfig deployDirectory
정보: Deploying web application directory C:\Java\pivotal-tc-server-developer-3.1.2.RELEASE\base-bio-ssl\webapps\manager
2월 14, 2016 12:27:32 오전 org.apache.catalina.startup.TldConfig execute
정보: At least one JAR was scanned for TLDs yet contained no TLDs. Enable debug logging for this logger for a complete list of JARs that were scanned but no TLDs were found in them. Skipping unneeded JARs during scanning can improve startup time and JSP compilation time.
2월 14, 2016 12:27:32 오전 org.apache.catalina.startup.HostConfig deployDirectory
정보: Deployment of web application directory C:\Java\pivotal-tc-server-developer-3.1.2.RELEASE\base-bio-ssl\webapps\manager has finished in 124 ms
2월 14, 2016 12:27:32 오전 org.apache.catalina.startup.HostConfig deployDirectory
정보: Deploying web application directory C:\Java\pivotal-tc-server-developer-3.1.2.RELEASE\base-bio-ssl\webapps\ROOT
2월 14, 2016 12:27:32 오전 org.apache.catalina.startup.TldConfig execute
정보: At least one JAR was scanned for TLDs yet contained no TLDs. Enable debug logging for this logger for a complete list of JARs that were scanned but no TLDs were found in them. Skipping unneeded JARs during scanning can improve startup time and JSP compilation time.
2월 14, 2016 12:27:32 오전 org.apache.catalina.startup.HostConfig deployDirectory
정보: Deployment of web application directory C:\Java\pivotal-tc-server-developer-3.1.2.RELEASE\base-bio-ssl\webapps\ROOT has finished in 78 ms
2월 14, 2016 12:27:32 오전 org.apache.coyote.AbstractProtocol start
정보: Starting ProtocolHandler ["http-bio-80"]
2월 14, 2016 12:27:32 오전 org.apache.coyote.AbstractProtocol start
정보: Starting ProtocolHandler ["http-bio-8443"]
2월 14, 2016 12:29:12 오전 org.apache.coyote.AbstractProtocol pause
정보: Pausing ProtocolHandler ["http-bio-80"]
2월 14, 2016 12:29:12 오전 org.apache.coyote.AbstractProtocol pause
정보: Pausing ProtocolHandler ["http-bio-8443"]
2월 14, 2016 12:29:12 오전 org.apache.catalina.core.StandardService stopInternal
정보: Stopping service Catalina
2월 14, 2016 12:29:12 오전 org.apache.catalina.loader.WebappClassLoader clearReferencesJdbc
심각: The web application [/workarts] registered the JDBC driver [net.sf.log4jdbc.sql.jdbcapi.DriverSpy] but failed to unregister it when the web application was stopped. To prevent a memory leak, the JDBC Driver has been forcibly unregistered.
2월 14, 2016 12:29:12 오전 org.apache.catalina.loader.WebappClassLoader clearReferencesJdbc
심각: The web application [/workarts] registered the JDBC driver [com.mysql.jdbc.Driver] but failed to unregister it when the web application was stopped. To prevent a memory leak, the JDBC Driver has been forcibly unregistered.
2월 14, 2016 12:29:12 오전 org.apache.catalina.loader.WebappClassLoader clearReferencesThreads
심각: The web application [/workarts] appears to have started a thread named [FileSystemWatcher: files=#213 cl=WebappClassLoader
  context: /workarts
  delegate: false
  repositories:
    /WEB-INF/classes/
----------> Parent Classloader:
org.apache.catalina.loader.StandardClassLoader@4662de7b
] but has failed to stop it. This is very likely to create a memory leak.
2월 14, 2016 12:29:12 오전 org.apache.catalina.loader.WebappClassLoader clearReferencesThreads
심각: The web application [/workarts] appears to have started a thread named [Abandoned connection cleanup thread] but has failed to stop it. This is very likely to create a memory leak.
2월 14, 2016 12:29:12 오전 org.apache.coyote.AbstractProtocol stop
정보: Stopping ProtocolHandler ["http-bio-80"]
2월 14, 2016 12:29:12 오전 org.apache.coyote.AbstractProtocol stop
정보: Stopping ProtocolHandler ["http-bio-8443"]
2월 14, 2016 12:29:13 오전 com.springsource.tcserver.security.PropertyDecoder <init>
정보: tc Runtime property decoder using memory-based key
2월 14, 2016 12:29:13 오전 com.springsource.tcserver.security.TcDecoder initCiphers
정보: Initializing ciphers
2월 14, 2016 12:29:14 오전 com.springsource.tcserver.security.PropertyDecoder <init>
정보: tcServer Runtime property decoder has been initialized in 562 ms
2월 14, 2016 12:29:15 오전 org.apache.coyote.AbstractProtocol init
정보: Initializing ProtocolHandler ["http-bio-80"]
2월 14, 2016 12:29:15 오전 org.apache.coyote.AbstractProtocol init
정보: Initializing ProtocolHandler ["http-bio-8443"]
2월 14, 2016 12:29:15 오전 com.springsource.tcserver.serviceability.rmi.JmxSocketListener init
정보: Started up JMX registry on 127.0.0.1:6969 in 138 ms
2월 14, 2016 12:29:15 오전 org.apache.catalina.core.StandardService startInternal
정보: Starting service Catalina
2월 14, 2016 12:29:15 오전 org.apache.catalina.core.StandardEngine startInternal
정보: Starting Servlet Engine: Pivotal tc Runtime 3.1.2.RELEASE/7.0.64.B.RELEASE
2월 14, 2016 12:29:23 오전 org.apache.catalina.startup.TldConfig execute
정보: At least one JAR was scanned for TLDs yet contained no TLDs. Enable debug logging for this logger for a complete list of JARs that were scanned but no TLDs were found in them. Skipping unneeded JARs during scanning can improve startup time and JSP compilation time.
2월 14, 2016 12:29:40 오전 org.apache.catalina.startup.HostConfig deployDirectory
정보: Deploying web application directory C:\Java\pivotal-tc-server-developer-3.1.2.RELEASE\base-bio-ssl\webapps\manager
2월 14, 2016 12:29:40 오전 org.apache.catalina.startup.TldConfig execute
정보: At least one JAR was scanned for TLDs yet contained no TLDs. Enable debug logging for this logger for a complete list of JARs that were scanned but no TLDs were found in them. Skipping unneeded JARs during scanning can improve startup time and JSP compilation time.
2월 14, 2016 12:29:40 오전 org.apache.catalina.startup.HostConfig deployDirectory
정보: Deployment of web application directory C:\Java\pivotal-tc-server-developer-3.1.2.RELEASE\base-bio-ssl\webapps\manager has finished in 109 ms
2월 14, 2016 12:29:40 오전 org.apache.catalina.startup.HostConfig deployDirectory
정보: Deploying web application directory C:\Java\pivotal-tc-server-developer-3.1.2.RELEASE\base-bio-ssl\webapps\ROOT
2월 14, 2016 12:29:40 오전 org.apache.catalina.startup.TldConfig execute
정보: At least one JAR was scanned for TLDs yet contained no TLDs. Enable debug logging for this logger for a complete list of JARs that were scanned but no TLDs were found in them. Skipping unneeded JARs during scanning can improve startup time and JSP compilation time.
2월 14, 2016 12:29:40 오전 org.apache.catalina.startup.HostConfig deployDirectory
정보: Deployment of web application directory C:\Java\pivotal-tc-server-developer-3.1.2.RELEASE\base-bio-ssl\webapps\ROOT has finished in 78 ms
2월 14, 2016 12:29:40 오전 org.apache.coyote.AbstractProtocol start
정보: Starting ProtocolHandler ["http-bio-80"]
2월 14, 2016 12:29:40 오전 org.apache.coyote.AbstractProtocol start
정보: Starting ProtocolHandler ["http-bio-8443"]
2월 14, 2016 12:30:40 오전 org.apache.jasper.compiler.TldLocationsCache tldScanJar
정보: At least one JAR was scanned for TLDs yet contained no TLDs. Enable debug logging for this logger for a complete list of JARs that were scanned but no TLDs were found in them. Skipping unneeded JARs during scanning can improve startup time and JSP compilation time.
2월 14, 2016 12:32:45 오전 org.apache.coyote.AbstractProtocol pause
정보: Pausing ProtocolHandler ["http-bio-80"]
2월 14, 2016 12:32:45 오전 org.apache.coyote.AbstractProtocol pause
정보: Pausing ProtocolHandler ["http-bio-8443"]
2월 14, 2016 12:32:45 오전 org.apache.catalina.core.StandardService stopInternal
정보: Stopping service Catalina
2월 14, 2016 12:32:45 오전 org.apache.catalina.loader.WebappClassLoader clearReferencesJdbc
심각: The web application [/workarts] registered the JDBC driver [net.sf.log4jdbc.sql.jdbcapi.DriverSpy] but failed to unregister it when the web application was stopped. To prevent a memory leak, the JDBC Driver has been forcibly unregistered.
2월 14, 2016 12:32:45 오전 org.apache.catalina.loader.WebappClassLoader clearReferencesJdbc
심각: The web application [/workarts] registered the JDBC driver [com.mysql.jdbc.Driver] but failed to unregister it when the web application was stopped. To prevent a memory leak, the JDBC Driver has been forcibly unregistered.
2월 14, 2016 12:32:45 오전 org.apache.catalina.loader.WebappClassLoader clearReferencesThreads
심각: The web application [/workarts] appears to have started a thread named [FileSystemWatcher: files=#213 cl=WebappClassLoader
  context: /workarts
  delegate: false
  repositories:
    /WEB-INF/classes/
----------> Parent Classloader:
org.apache.catalina.loader.StandardClassLoader@4662de7b
] but has failed to stop it. This is very likely to create a memory leak.
2월 14, 2016 12:32:45 오전 org.apache.catalina.loader.WebappClassLoader clearReferencesThreads
심각: The web application [/workarts] appears to have started a thread named [Abandoned connection cleanup thread] but has failed to stop it. This is very likely to create a memory leak.
2월 14, 2016 12:32:45 오전 org.apache.coyote.AbstractProtocol stop
정보: Stopping ProtocolHandler ["http-bio-80"]
2월 14, 2016 12:32:45 오전 org.apache.coyote.AbstractProtocol stop
정보: Stopping ProtocolHandler ["http-bio-8443"]
2월 14, 2016 12:32:46 오전 com.springsource.tcserver.security.PropertyDecoder <init>
정보: tc Runtime property decoder using memory-based key
2월 14, 2016 12:32:46 오전 com.springsource.tcserver.security.TcDecoder initCiphers
정보: Initializing ciphers
2월 14, 2016 12:32:46 오전 com.springsource.tcserver.security.PropertyDecoder <init>
정보: tcServer Runtime property decoder has been initialized in 431 ms
2월 14, 2016 12:32:47 오전 org.apache.coyote.AbstractProtocol init
정보: Initializing ProtocolHandler ["http-bio-80"]
2월 14, 2016 12:32:47 오전 org.apache.coyote.AbstractProtocol init
정보: Initializing ProtocolHandler ["http-bio-8443"]
2월 14, 2016 12:32:48 오전 com.springsource.tcserver.serviceability.rmi.JmxSocketListener init
정보: Started up JMX registry on 127.0.0.1:6969 in 132 ms
2월 14, 2016 12:32:48 오전 org.apache.catalina.core.StandardService startInternal
정보: Starting service Catalina
2월 14, 2016 12:32:48 오전 org.apache.catalina.core.StandardEngine startInternal
정보: Starting Servlet Engine: Pivotal tc Runtime 3.1.2.RELEASE/7.0.64.B.RELEASE
2월 14, 2016 12:32:54 오전 org.apache.catalina.startup.TldConfig execute
정보: At least one JAR was scanned for TLDs yet contained no TLDs. Enable debug logging for this logger for a complete list of JARs that were scanned but no TLDs were found in them. Skipping unneeded JARs during scanning can improve startup time and JSP compilation time.
2월 14, 2016 12:33:08 오전 org.apache.catalina.startup.HostConfig deployDirectory
정보: Deploying web application directory C:\Java\pivotal-tc-server-developer-3.1.2.RELEASE\base-bio-ssl\webapps\manager
2월 14, 2016 12:33:08 오전 org.apache.catalina.startup.TldConfig execute
정보: At least one JAR was scanned for TLDs yet contained no TLDs. Enable debug logging for this logger for a complete list of JARs that were scanned but no TLDs were found in them. Skipping unneeded JARs during scanning can improve startup time and JSP compilation time.
2월 14, 2016 12:33:08 오전 org.apache.catalina.startup.HostConfig deployDirectory
정보: Deployment of web application directory C:\Java\pivotal-tc-server-developer-3.1.2.RELEASE\base-bio-ssl\webapps\manager has finished in 109 ms
2월 14, 2016 12:33:08 오전 org.apache.catalina.startup.HostConfig deployDirectory
정보: Deploying web application directory C:\Java\pivotal-tc-server-developer-3.1.2.RELEASE\base-bio-ssl\webapps\ROOT
2월 14, 2016 12:33:08 오전 org.apache.catalina.startup.TldConfig execute
정보: At least one JAR was scanned for TLDs yet contained no TLDs. Enable debug logging for this logger for a complete list of JARs that were scanned but no TLDs were found in them. Skipping unneeded JARs during scanning can improve startup time and JSP compilation time.
2월 14, 2016 12:33:08 오전 org.apache.catalina.startup.HostConfig deployDirectory
정보: Deployment of web application directory C:\Java\pivotal-tc-server-developer-3.1.2.RELEASE\base-bio-ssl\webapps\ROOT has finished in 94 ms
2월 14, 2016 12:33:08 오전 org.apache.coyote.AbstractProtocol start
정보: Starting ProtocolHandler ["http-bio-80"]
2월 14, 2016 12:33:08 오전 org.apache.coyote.AbstractProtocol start
정보: Starting ProtocolHandler ["http-bio-8443"]
2월 14, 2016 12:36:12 오전 org.apache.jasper.compiler.TldLocationsCache tldScanJar
정보: At least one JAR was scanned for TLDs yet contained no TLDs. Enable debug logging for this logger for a complete list of JARs that were scanned but no TLDs were found in them. Skipping unneeded JARs during scanning can improve startup time and JSP compilation time.
2월 14, 2016 12:39:43 오전 com.springsource.tcserver.security.PropertyDecoder <init>
정보: tc Runtime property decoder using memory-based key
2월 14, 2016 12:39:43 오전 com.springsource.tcserver.security.TcDecoder initCiphers
정보: Initializing ciphers
2월 14, 2016 12:39:44 오전 com.springsource.tcserver.security.PropertyDecoder <init>
정보: tcServer Runtime property decoder has been initialized in 463 ms
2월 14, 2016 12:39:45 오전 org.apache.coyote.AbstractProtocol init
정보: Initializing ProtocolHandler ["http-bio-80"]
2월 14, 2016 12:39:45 오전 org.apache.coyote.AbstractProtocol init
정보: Initializing ProtocolHandler ["http-bio-8443"]
2월 14, 2016 12:39:45 오전 com.springsource.tcserver.serviceability.rmi.JmxSocketListener init
정보: Started up JMX registry on 127.0.0.1:6969 in 144 ms
2월 14, 2016 12:39:45 오전 org.apache.catalina.core.StandardService startInternal
정보: Starting service Catalina
2월 14, 2016 12:39:45 오전 org.apache.catalina.core.StandardEngine startInternal
정보: Starting Servlet Engine: Pivotal tc Runtime 3.1.2.RELEASE/7.0.64.B.RELEASE
2월 14, 2016 12:39:52 오전 org.apache.catalina.startup.TldConfig execute
정보: At least one JAR was scanned for TLDs yet contained no TLDs. Enable debug logging for this logger for a complete list of JARs that were scanned but no TLDs were found in them. Skipping unneeded JARs during scanning can improve startup time and JSP compilation time.
2월 14, 2016 12:40:05 오전 org.apache.catalina.startup.HostConfig deployDirectory
정보: Deploying web application directory C:\Java\pivotal-tc-server-developer-3.1.2.RELEASE\base-bio-ssl\webapps\manager
2월 14, 2016 12:40:05 오전 org.apache.catalina.startup.TldConfig execute
정보: At least one JAR was scanned for TLDs yet contained no TLDs. Enable debug logging for this logger for a complete list of JARs that were scanned but no TLDs were found in them. Skipping unneeded JARs during scanning can improve startup time and JSP compilation time.
2월 14, 2016 12:40:05 오전 org.apache.catalina.startup.HostConfig deployDirectory
정보: Deployment of web application directory C:\Java\pivotal-tc-server-developer-3.1.2.RELEASE\base-bio-ssl\webapps\manager has finished in 166 ms
2월 14, 2016 12:40:05 오전 org.apache.catalina.startup.HostConfig deployDirectory
정보: Deploying web application directory C:\Java\pivotal-tc-server-developer-3.1.2.RELEASE\base-bio-ssl\webapps\ROOT
2월 14, 2016 12:40:06 오전 org.apache.catalina.startup.TldConfig execute
정보: At least one JAR was scanned for TLDs yet contained no TLDs. Enable debug logging for this logger for a complete list of JARs that were scanned but no TLDs were found in them. Skipping unneeded JARs during scanning can improve startup time and JSP compilation time.
2월 14, 2016 12:40:06 오전 org.apache.catalina.startup.HostConfig deployDirectory
정보: Deployment of web application directory C:\Java\pivotal-tc-server-developer-3.1.2.RELEASE\base-bio-ssl\webapps\ROOT has finished in 110 ms
2월 14, 2016 12:40:06 오전 org.apache.coyote.AbstractProtocol start
정보: Starting ProtocolHandler ["http-bio-80"]
2월 14, 2016 12:40:06 오전 org.apache.coyote.AbstractProtocol start
정보: Starting ProtocolHandler ["http-bio-8443"]
2월 14, 2016 12:42:18 오전 org.apache.jasper.compiler.TldLocationsCache tldScanJar
정보: At least one JAR was scanned for TLDs yet contained no TLDs. Enable debug logging for this logger for a complete list of JARs that were scanned but no TLDs were found in them. Skipping unneeded JARs during scanning can improve startup time and JSP compilation time.
2월 14, 2016 12:57:31 오전 org.apache.coyote.AbstractProtocol pause
정보: Pausing ProtocolHandler ["http-bio-80"]
2월 14, 2016 12:57:31 오전 org.apache.coyote.AbstractProtocol pause
정보: Pausing ProtocolHandler ["http-bio-8443"]
2월 14, 2016 12:57:31 오전 org.apache.catalina.core.StandardService stopInternal
정보: Stopping service Catalina
2월 14, 2016 12:57:31 오전 org.apache.catalina.loader.WebappClassLoader clearReferencesJdbc
심각: The web application [/workarts] registered the JDBC driver [net.sf.log4jdbc.sql.jdbcapi.DriverSpy] but failed to unregister it when the web application was stopped. To prevent a memory leak, the JDBC Driver has been forcibly unregistered.
2월 14, 2016 12:57:31 오전 org.apache.catalina.loader.WebappClassLoader clearReferencesJdbc
심각: The web application [/workarts] registered the JDBC driver [com.mysql.jdbc.Driver] but failed to unregister it when the web application was stopped. To prevent a memory leak, the JDBC Driver has been forcibly unregistered.
2월 14, 2016 12:57:31 오전 org.apache.catalina.loader.WebappClassLoader clearReferencesThreads
심각: The web application [/workarts] appears to have started a thread named [FileSystemWatcher: files=#245 cl=WebappClassLoader
  context: /workarts
  delegate: false
  repositories:
    /WEB-INF/classes/
----------> Parent Classloader:
org.apache.catalina.loader.StandardClassLoader@4662de7b
] but has failed to stop it. This is very likely to create a memory leak.
2월 14, 2016 12:57:31 오전 org.apache.catalina.loader.WebappClassLoader clearReferencesThreads
심각: The web application [/workarts] appears to have started a thread named [Abandoned connection cleanup thread] but has failed to stop it. This is very likely to create a memory leak.
2월 14, 2016 12:57:31 오전 org.apache.coyote.AbstractProtocol stop
정보: Stopping ProtocolHandler ["http-bio-80"]
2월 14, 2016 12:57:31 오전 org.apache.coyote.AbstractProtocol stop
정보: Stopping ProtocolHandler ["http-bio-8443"]
2월 14, 2016 12:57:32 오전 com.springsource.tcserver.security.PropertyDecoder <init>
정보: tc Runtime property decoder using memory-based key
2월 14, 2016 12:57:32 오전 com.springsource.tcserver.security.TcDecoder initCiphers
정보: Initializing ciphers
2월 14, 2016 12:57:32 오전 com.springsource.tcserver.security.PropertyDecoder <init>
정보: tcServer Runtime property decoder has been initialized in 476 ms
2월 14, 2016 12:57:33 오전 org.apache.coyote.AbstractProtocol init
정보: Initializing ProtocolHandler ["http-bio-80"]
2월 14, 2016 12:57:33 오전 org.apache.coyote.AbstractProtocol init
정보: Initializing ProtocolHandler ["http-bio-8443"]
2월 14, 2016 12:57:34 오전 com.springsource.tcserver.serviceability.rmi.JmxSocketListener init
정보: Started up JMX registry on 127.0.0.1:6969 in 137 ms
2월 14, 2016 12:57:34 오전 org.apache.catalina.core.StandardService startInternal
정보: Starting service Catalina
2월 14, 2016 12:57:34 오전 org.apache.catalina.core.StandardEngine startInternal
정보: Starting Servlet Engine: Pivotal tc Runtime 3.1.2.RELEASE/7.0.64.B.RELEASE
2월 14, 2016 12:57:39 오전 org.apache.catalina.startup.TldConfig execute
정보: At least one JAR was scanned for TLDs yet contained no TLDs. Enable debug logging for this logger for a complete list of JARs that were scanned but no TLDs were found in them. Skipping unneeded JARs during scanning can improve startup time and JSP compilation time.
2월 14, 2016 12:57:55 오전 org.apache.catalina.startup.HostConfig deployDirectory
정보: Deploying web application directory C:\Java\pivotal-tc-server-developer-3.1.2.RELEASE\base-bio-ssl\webapps\manager
2월 14, 2016 12:57:55 오전 org.apache.catalina.startup.TldConfig execute
정보: At least one JAR was scanned for TLDs yet contained no TLDs. Enable debug logging for this logger for a complete list of JARs that were scanned but no TLDs were found in them. Skipping unneeded JARs during scanning can improve startup time and JSP compilation time.
2월 14, 2016 12:57:55 오전 org.apache.catalina.startup.HostConfig deployDirectory
정보: Deployment of web application directory C:\Java\pivotal-tc-server-developer-3.1.2.RELEASE\base-bio-ssl\webapps\manager has finished in 78 ms
2월 14, 2016 12:57:55 오전 org.apache.catalina.startup.HostConfig deployDirectory
정보: Deploying web application directory C:\Java\pivotal-tc-server-developer-3.1.2.RELEASE\base-bio-ssl\webapps\ROOT
2월 14, 2016 12:57:55 오전 org.apache.catalina.startup.TldConfig execute
정보: At least one JAR was scanned for TLDs yet contained no TLDs. Enable debug logging for this logger for a complete list of JARs that were scanned but no TLDs were found in them. Skipping unneeded JARs during scanning can improve startup time and JSP compilation time.
2월 14, 2016 12:57:55 오전 org.apache.catalina.startup.HostConfig deployDirectory
정보: Deployment of web application directory C:\Java\pivotal-tc-server-developer-3.1.2.RELEASE\base-bio-ssl\webapps\ROOT has finished in 94 ms
2월 14, 2016 12:57:55 오전 org.apache.coyote.AbstractProtocol start
정보: Starting ProtocolHandler ["http-bio-80"]
2월 14, 2016 12:57:55 오전 org.apache.coyote.AbstractProtocol start
정보: Starting ProtocolHandler ["http-bio-8443"]
2월 14, 2016 12:59:04 오전 org.apache.coyote.AbstractProtocol pause
정보: Pausing ProtocolHandler ["http-bio-80"]
2월 14, 2016 12:59:05 오전 org.apache.coyote.AbstractProtocol pause
정보: Pausing ProtocolHandler ["http-bio-8443"]
2월 14, 2016 12:59:05 오전 org.apache.catalina.core.StandardService stopInternal
정보: Stopping service Catalina
2월 14, 2016 12:59:05 오전 org.apache.catalina.loader.WebappClassLoader clearReferencesJdbc
심각: The web application [/workarts] registered the JDBC driver [net.sf.log4jdbc.sql.jdbcapi.DriverSpy] but failed to unregister it when the web application was stopped. To prevent a memory leak, the JDBC Driver has been forcibly unregistered.
2월 14, 2016 12:59:05 오전 org.apache.catalina.loader.WebappClassLoader clearReferencesJdbc
심각: The web application [/workarts] registered the JDBC driver [com.mysql.jdbc.Driver] but failed to unregister it when the web application was stopped. To prevent a memory leak, the JDBC Driver has been forcibly unregistered.
2월 14, 2016 12:59:05 오전 org.apache.catalina.loader.WebappClassLoader clearReferencesThreads
심각: The web application [/workarts] appears to have started a thread named [FileSystemWatcher: files=#217 cl=WebappClassLoader
  context: /workarts
  delegate: false
  repositories:
    /WEB-INF/classes/
----------> Parent Classloader:
org.apache.catalina.loader.StandardClassLoader@4fc8157
] but has failed to stop it. This is very likely to create a memory leak.
2월 14, 2016 12:59:05 오전 org.apache.catalina.loader.WebappClassLoader clearReferencesThreads
심각: The web application [/workarts] appears to have started a thread named [Abandoned connection cleanup thread] but has failed to stop it. This is very likely to create a memory leak.
2월 14, 2016 12:59:05 오전 org.apache.coyote.AbstractProtocol stop
정보: Stopping ProtocolHandler ["http-bio-80"]
2월 14, 2016 12:59:05 오전 org.apache.coyote.AbstractProtocol stop
정보: Stopping ProtocolHandler ["http-bio-8443"]
2월 14, 2016 12:59:06 오전 com.springsource.tcserver.security.PropertyDecoder <init>
정보: tc Runtime property decoder using memory-based key
2월 14, 2016 12:59:06 오전 com.springsource.tcserver.security.TcDecoder initCiphers
정보: Initializing ciphers
2월 14, 2016 12:59:06 오전 com.springsource.tcserver.security.PropertyDecoder <init>
정보: tcServer Runtime property decoder has been initialized in 448 ms
2월 14, 2016 12:59:08 오전 org.apache.coyote.AbstractProtocol init
정보: Initializing ProtocolHandler ["http-bio-80"]
2월 14, 2016 12:59:08 오전 org.apache.coyote.AbstractProtocol init
정보: Initializing ProtocolHandler ["http-bio-8443"]
2월 14, 2016 12:59:09 오전 com.springsource.tcserver.serviceability.rmi.JmxSocketListener init
정보: Started up JMX registry on 127.0.0.1:6969 in 138 ms
2월 14, 2016 12:59:09 오전 org.apache.catalina.core.StandardService startInternal
정보: Starting service Catalina
2월 14, 2016 12:59:09 오전 org.apache.catalina.core.StandardEngine startInternal
정보: Starting Servlet Engine: Pivotal tc Runtime 3.1.2.RELEASE/7.0.64.B.RELEASE
2월 14, 2016 12:59:15 오전 org.apache.catalina.startup.TldConfig execute
정보: At least one JAR was scanned for TLDs yet contained no TLDs. Enable debug logging for this logger for a complete list of JARs that were scanned but no TLDs were found in them. Skipping unneeded JARs during scanning can improve startup time and JSP compilation time.
2월 14, 2016 12:59:28 오전 org.apache.catalina.startup.HostConfig deployDirectory
정보: Deploying web application directory C:\Java\pivotal-tc-server-developer-3.1.2.RELEASE\base-bio-ssl\webapps\manager
2월 14, 2016 12:59:28 오전 org.apache.catalina.startup.TldConfig execute
정보: At least one JAR was scanned for TLDs yet contained no TLDs. Enable debug logging for this logger for a complete list of JARs that were scanned but no TLDs were found in them. Skipping unneeded JARs during scanning can improve startup time and JSP compilation time.
2월 14, 2016 12:59:28 오전 org.apache.catalina.startup.HostConfig deployDirectory
정보: Deployment of web application directory C:\Java\pivotal-tc-server-developer-3.1.2.RELEASE\base-bio-ssl\webapps\manager has finished in 128 ms
2월 14, 2016 12:59:28 오전 org.apache.catalina.startup.HostConfig deployDirectory
정보: Deploying web application directory C:\Java\pivotal-tc-server-developer-3.1.2.RELEASE\base-bio-ssl\webapps\ROOT
2월 14, 2016 12:59:28 오전 org.apache.catalina.startup.TldConfig execute
정보: At least one JAR was scanned for TLDs yet contained no TLDs. Enable debug logging for this logger for a complete list of JARs that were scanned but no TLDs were found in them. Skipping unneeded JARs during scanning can improve startup time and JSP compilation time.
2월 14, 2016 12:59:28 오전 org.apache.catalina.startup.HostConfig deployDirectory
정보: Deployment of web application directory C:\Java\pivotal-tc-server-developer-3.1.2.RELEASE\base-bio-ssl\webapps\ROOT has finished in 110 ms
2월 14, 2016 12:59:28 오전 org.apache.coyote.AbstractProtocol start
정보: Starting ProtocolHandler ["http-bio-80"]
2월 14, 2016 12:59:28 오전 org.apache.coyote.AbstractProtocol start
정보: Starting ProtocolHandler ["http-bio-8443"]
2월 14, 2016 1:01:00 오전 org.apache.jasper.compiler.TldLocationsCache tldScanJar
정보: At least one JAR was scanned for TLDs yet contained no TLDs. Enable debug logging for this logger for a complete list of JARs that were scanned but no TLDs were found in them. Skipping unneeded JARs during scanning can improve startup time and JSP compilation time.
2월 14, 2016 1:52:13 오전 org.apache.coyote.AbstractProtocol pause
정보: Pausing ProtocolHandler ["http-bio-80"]
2월 14, 2016 1:52:13 오전 org.apache.coyote.AbstractProtocol pause
정보: Pausing ProtocolHandler ["http-bio-8443"]
2월 14, 2016 1:52:13 오전 org.apache.catalina.core.StandardService stopInternal
정보: Stopping service Catalina
2월 14, 2016 1:52:14 오전 org.apache.catalina.loader.WebappClassLoader clearReferencesJdbc
심각: The web application [/workarts] registered the JDBC driver [net.sf.log4jdbc.sql.jdbcapi.DriverSpy] but failed to unregister it when the web application was stopped. To prevent a memory leak, the JDBC Driver has been forcibly unregistered.
2월 14, 2016 1:52:14 오전 org.apache.catalina.loader.WebappClassLoader clearReferencesJdbc
심각: The web application [/workarts] registered the JDBC driver [com.mysql.jdbc.Driver] but failed to unregister it when the web application was stopped. To prevent a memory leak, the JDBC Driver has been forcibly unregistered.
2월 14, 2016 1:52:14 오전 org.apache.catalina.loader.WebappClassLoader clearReferencesThreads
심각: The web application [/workarts] appears to have started a thread named [FileSystemWatcher: files=#256 cl=WebappClassLoader
  context: /workarts
  delegate: false
  repositories:
    /WEB-INF/classes/
----------> Parent Classloader:
org.apache.catalina.loader.StandardClassLoader@4662de7b
] but has failed to stop it. This is very likely to create a memory leak.
2월 14, 2016 1:52:14 오전 org.apache.catalina.loader.WebappClassLoader clearReferencesThreads
심각: The web application [/workarts] appears to have started a thread named [Abandoned connection cleanup thread] but has failed to stop it. This is very likely to create a memory leak.
2월 14, 2016 1:52:14 오전 org.apache.catalina.loader.WebappClassLoader checkThreadLocalMapForLeaks
심각: The web application [/workarts] created a ThreadLocal with key of type [org.apache.poi.util.LocaleUtil$2] (value [org.apache.poi.util.LocaleUtil$2@12f6f5d]) and a value of type [java.util.Locale] (value [ko_KR]) but failed to remove it when the web application was stopped. Threads are going to be renewed over time to try and avoid a probable memory leak.
2월 14, 2016 1:52:14 오전 org.apache.catalina.loader.WebappClassLoader checkThreadLocalMapForLeaks
심각: The web application [/workarts] created a ThreadLocal with key of type [org.apache.poi.util.LocaleUtil$2] (value [org.apache.poi.util.LocaleUtil$2@12f6f5d]) and a value of type [java.util.Locale] (value [ko_KR]) but failed to remove it when the web application was stopped. Threads are going to be renewed over time to try and avoid a probable memory leak.
2월 14, 2016 1:52:14 오전 org.apache.catalina.loader.WebappClassLoader checkThreadLocalMapForLeaks
심각: The web application [/workarts] created a ThreadLocal with key of type [org.apache.poi.util.LocaleUtil$2] (value [org.apache.poi.util.LocaleUtil$2@12f6f5d]) and a value of type [java.util.Locale] (value [ko_KR]) but failed to remove it when the web application was stopped. Threads are going to be renewed over time to try and avoid a probable memory leak.
2월 14, 2016 1:52:14 오전 org.apache.coyote.AbstractProtocol stop
정보: Stopping ProtocolHandler ["http-bio-80"]
2월 14, 2016 1:52:14 오전 org.apache.coyote.AbstractProtocol stop
정보: Stopping ProtocolHandler ["http-bio-8443"]
2월 14, 2016 1:52:15 오전 com.springsource.tcserver.security.PropertyDecoder <init>
정보: tc Runtime property decoder using memory-based key
2월 14, 2016 1:52:15 오전 com.springsource.tcserver.security.TcDecoder initCiphers
정보: Initializing ciphers
2월 14, 2016 1:52:15 오전 com.springsource.tcserver.security.PropertyDecoder <init>
정보: tcServer Runtime property decoder has been initialized in 530 ms
2월 14, 2016 1:52:16 오전 org.apache.coyote.AbstractProtocol init
정보: Initializing ProtocolHandler ["http-bio-80"]
2월 14, 2016 1:52:16 오전 org.apache.coyote.AbstractProtocol init
정보: Initializing ProtocolHandler ["http-bio-8443"]
2월 14, 2016 1:52:17 오전 com.springsource.tcserver.serviceability.rmi.JmxSocketListener init
정보: Started up JMX registry on 127.0.0.1:6969 in 167 ms
2월 14, 2016 1:52:17 오전 org.apache.catalina.core.StandardService startInternal
정보: Starting service Catalina
2월 14, 2016 1:52:17 오전 org.apache.catalina.core.StandardEngine startInternal
정보: Starting Servlet Engine: Pivotal tc Runtime 3.1.2.RELEASE/7.0.64.B.RELEASE
2월 14, 2016 1:52:27 오전 org.apache.catalina.startup.TldConfig execute
정보: At least one JAR was scanned for TLDs yet contained no TLDs. Enable debug logging for this logger for a complete list of JARs that were scanned but no TLDs were found in them. Skipping unneeded JARs during scanning can improve startup time and JSP compilation time.
2월 14, 2016 1:52:44 오전 org.apache.catalina.startup.HostConfig deployDirectory
정보: Deploying web application directory C:\Java\pivotal-tc-server-developer-3.1.2.RELEASE\base-bio-ssl\webapps\manager
2월 14, 2016 1:52:44 오전 org.apache.catalina.startup.TldConfig execute
정보: At least one JAR was scanned for TLDs yet contained no TLDs. Enable debug logging for this logger for a complete list of JARs that were scanned but no TLDs were found in them. Skipping unneeded JARs during scanning can improve startup time and JSP compilation time.
2월 14, 2016 1:52:44 오전 org.apache.catalina.startup.HostConfig deployDirectory
정보: Deployment of web application directory C:\Java\pivotal-tc-server-developer-3.1.2.RELEASE\base-bio-ssl\webapps\manager has finished in 109 ms
2월 14, 2016 1:52:44 오전 org.apache.catalina.startup.HostConfig deployDirectory
정보: Deploying web application directory C:\Java\pivotal-tc-server-developer-3.1.2.RELEASE\base-bio-ssl\webapps\ROOT
2월 14, 2016 1:52:44 오전 org.apache.catalina.startup.TldConfig execute
정보: At least one JAR was scanned for TLDs yet contained no TLDs. Enable debug logging for this logger for a complete list of JARs that were scanned but no TLDs were found in them. Skipping unneeded JARs during scanning can improve startup time and JSP compilation time.
2월 14, 2016 1:52:44 오전 org.apache.catalina.startup.HostConfig deployDirectory
정보: Deployment of web application directory C:\Java\pivotal-tc-server-developer-3.1.2.RELEASE\base-bio-ssl\webapps\ROOT has finished in 138 ms
2월 14, 2016 1:52:44 오전 org.apache.coyote.AbstractProtocol start
정보: Starting ProtocolHandler ["http-bio-80"]
2월 14, 2016 1:52:44 오전 org.apache.coyote.AbstractProtocol start
정보: Starting ProtocolHandler ["http-bio-8443"]
2월 14, 2016 1:58:29 오전 org.springsource.loaded.agent.Watcher determineChangesSince
심각: FileWatcher caught serious error, see cause
java.lang.LinkageError: loader (instance of  org/springsource/loaded/ChildClassLoader): attempted  duplicate class definition for name: "kr/co/workarts/appconfig/AppTypes$APPLY_STATUS_TYPE$$DPcc9Wbt"
	at java.lang.ClassLoader.defineClass1(Native Method)
	at java.lang.ClassLoader.defineClass(ClassLoader.java:800)
	at java.lang.ClassLoader.defineClass(ClassLoader.java:643)
	at org.springsource.loaded.ChildClassLoader.defineClass(ChildClassLoader.java:37)
	at org.springsource.loaded.TypeRegistry.defineClass(TypeRegistry.java:1116)
	at org.springsource.loaded.CurrentLiveVersion.define(CurrentLiveVersion.java:111)
	at org.springsource.loaded.CurrentLiveVersion.<init>(CurrentLiveVersion.java:99)
	at org.springsource.loaded.ReloadableType.loadNewVersion(ReloadableType.java:390)
	at org.springsource.loaded.TypeRegistry.loadNewVersion(TypeRegistry.java:845)
	at org.springsource.loaded.agent.ReloadableFileChangeListener.fileChanged(ReloadableFileChangeListener.java:51)
	at org.springsource.loaded.agent.Watcher.determineChangesSince(FileSystemWatcher.java:235)
	at org.springsource.loaded.agent.Watcher.run(FileSystemWatcher.java:219)
	at java.lang.Thread.run(Thread.java:745)

2월 14, 2016 1:59:50 오전 org.apache.coyote.AbstractProtocol pause
정보: Pausing ProtocolHandler ["http-bio-80"]
2월 14, 2016 1:59:50 오전 org.apache.coyote.AbstractProtocol pause
정보: Pausing ProtocolHandler ["http-bio-8443"]
2월 14, 2016 1:59:50 오전 org.apache.catalina.core.StandardService stopInternal
정보: Stopping service Catalina
2월 14, 2016 1:59:50 오전 org.apache.catalina.loader.WebappClassLoader clearReferencesJdbc
심각: The web application [/workarts] registered the JDBC driver [net.sf.log4jdbc.sql.jdbcapi.DriverSpy] but failed to unregister it when the web application was stopped. To prevent a memory leak, the JDBC Driver has been forcibly unregistered.
2월 14, 2016 1:59:50 오전 org.apache.catalina.loader.WebappClassLoader clearReferencesJdbc
심각: The web application [/workarts] registered the JDBC driver [com.mysql.jdbc.Driver] but failed to unregister it when the web application was stopped. To prevent a memory leak, the JDBC Driver has been forcibly unregistered.
2월 14, 2016 1:59:50 오전 org.apache.catalina.loader.WebappClassLoader clearReferencesThreads
심각: The web application [/workarts] appears to have started a thread named [FileSystemWatcher: files=#247 cl=WebappClassLoader
  context: /workarts
  delegate: false
  repositories:
    /WEB-INF/classes/
----------> Parent Classloader:
org.apache.catalina.loader.StandardClassLoader@2301ba21
] but has failed to stop it. This is very likely to create a memory leak.
2월 14, 2016 1:59:50 오전 org.apache.catalina.loader.WebappClassLoader clearReferencesThreads
심각: The web application [/workarts] appears to have started a thread named [Abandoned connection cleanup thread] but has failed to stop it. This is very likely to create a memory leak.
2월 14, 2016 1:59:50 오전 org.apache.catalina.loader.WebappClassLoader checkThreadLocalMapForLeaks
심각: The web application [/workarts] created a ThreadLocal with key of type [org.apache.poi.util.LocaleUtil$2] (value [org.apache.poi.util.LocaleUtil$2@7a3cd67f]) and a value of type [java.util.Locale] (value [ko_KR]) but failed to remove it when the web application was stopped. Threads are going to be renewed over time to try and avoid a probable memory leak.
2월 14, 2016 1:59:50 오전 org.apache.coyote.AbstractProtocol stop
정보: Stopping ProtocolHandler ["http-bio-80"]
2월 14, 2016 1:59:50 오전 org.apache.coyote.AbstractProtocol stop
정보: Stopping ProtocolHandler ["http-bio-8443"]
2월 14, 2016 1:59:51 오전 com.springsource.tcserver.security.PropertyDecoder <init>
정보: tc Runtime property decoder using memory-based key
2월 14, 2016 1:59:51 오전 com.springsource.tcserver.security.TcDecoder initCiphers
정보: Initializing ciphers
2월 14, 2016 1:59:51 오전 com.springsource.tcserver.security.PropertyDecoder <init>
정보: tcServer Runtime property decoder has been initialized in 460 ms
2월 14, 2016 1:59:52 오전 org.apache.coyote.AbstractProtocol init
정보: Initializing ProtocolHandler ["http-bio-80"]
2월 14, 2016 1:59:52 오전 org.apache.coyote.AbstractProtocol init
정보: Initializing ProtocolHandler ["http-bio-8443"]
2월 14, 2016 1:59:53 오전 com.springsource.tcserver.serviceability.rmi.JmxSocketListener init
정보: Started up JMX registry on 127.0.0.1:6969 in 268 ms
2월 14, 2016 1:59:53 오전 org.apache.catalina.core.StandardService startInternal
정보: Starting service Catalina
2월 14, 2016 1:59:53 오전 org.apache.catalina.core.StandardEngine startInternal
정보: Starting Servlet Engine: Pivotal tc Runtime 3.1.2.RELEASE/7.0.64.B.RELEASE
2월 14, 2016 2:00:00 오전 org.apache.catalina.startup.TldConfig execute
정보: At least one JAR was scanned for TLDs yet contained no TLDs. Enable debug logging for this logger for a complete list of JARs that were scanned but no TLDs were found in them. Skipping unneeded JARs during scanning can improve startup time and JSP compilation time.
2월 14, 2016 2:00:18 오전 org.apache.catalina.startup.HostConfig deployDirectory
정보: Deploying web application directory C:\Java\pivotal-tc-server-developer-3.1.2.RELEASE\base-bio-ssl\webapps\manager
2월 14, 2016 2:00:18 오전 org.apache.catalina.startup.TldConfig execute
정보: At least one JAR was scanned for TLDs yet contained no TLDs. Enable debug logging for this logger for a complete list of JARs that were scanned but no TLDs were found in them. Skipping unneeded JARs during scanning can improve startup time and JSP compilation time.
2월 14, 2016 2:00:18 오전 org.apache.catalina.startup.HostConfig deployDirectory
정보: Deployment of web application directory C:\Java\pivotal-tc-server-developer-3.1.2.RELEASE\base-bio-ssl\webapps\manager has finished in 128 ms
2월 14, 2016 2:00:18 오전 org.apache.catalina.startup.HostConfig deployDirectory
정보: Deploying web application directory C:\Java\pivotal-tc-server-developer-3.1.2.RELEASE\base-bio-ssl\webapps\ROOT
2월 14, 2016 2:00:18 오전 org.apache.catalina.startup.TldConfig execute
정보: At least one JAR was scanned for TLDs yet contained no TLDs. Enable debug logging for this logger for a complete list of JARs that were scanned but no TLDs were found in them. Skipping unneeded JARs during scanning can improve startup time and JSP compilation time.
2월 14, 2016 2:00:18 오전 org.apache.catalina.startup.HostConfig deployDirectory
정보: Deployment of web application directory C:\Java\pivotal-tc-server-developer-3.1.2.RELEASE\base-bio-ssl\webapps\ROOT has finished in 75 ms
2월 14, 2016 2:00:18 오전 org.apache.coyote.AbstractProtocol start
정보: Starting ProtocolHandler ["http-bio-80"]
2월 14, 2016 2:00:18 오전 org.apache.coyote.AbstractProtocol start
정보: Starting ProtocolHandler ["http-bio-8443"]
2월 14, 2016 2:00:46 오전 org.apache.jasper.compiler.TldLocationsCache tldScanJar
정보: At least one JAR was scanned for TLDs yet contained no TLDs. Enable debug logging for this logger for a complete list of JARs that were scanned but no TLDs were found in them. Skipping unneeded JARs during scanning can improve startup time and JSP compilation time.
2월 14, 2016 2:33:27 오전 org.apache.coyote.AbstractProtocol pause
정보: Pausing ProtocolHandler ["http-bio-80"]
2월 14, 2016 2:33:27 오전 org.apache.coyote.AbstractProtocol pause
정보: Pausing ProtocolHandler ["http-bio-8443"]
2월 14, 2016 2:33:27 오전 org.apache.catalina.core.StandardService stopInternal
정보: Stopping service Catalina
2월 14, 2016 2:33:27 오전 org.apache.catalina.loader.WebappClassLoader clearReferencesJdbc
심각: The web application [/workarts] registered the JDBC driver [net.sf.log4jdbc.sql.jdbcapi.DriverSpy] but failed to unregister it when the web application was stopped. To prevent a memory leak, the JDBC Driver has been forcibly unregistered.
2월 14, 2016 2:33:27 오전 org.apache.catalina.loader.WebappClassLoader clearReferencesJdbc
심각: The web application [/workarts] registered the JDBC driver [com.mysql.jdbc.Driver] but failed to unregister it when the web application was stopped. To prevent a memory leak, the JDBC Driver has been forcibly unregistered.
2월 14, 2016 2:33:27 오전 org.apache.catalina.loader.WebappClassLoader clearReferencesThreads
심각: The web application [/workarts] appears to have started a thread named [FileSystemWatcher: files=#245 cl=WebappClassLoader
  context: /workarts
  delegate: false
  repositories:
    /WEB-INF/classes/
----------> Parent Classloader:
org.apache.catalina.loader.StandardClassLoader@2301ba21
] but has failed to stop it. This is very likely to create a memory leak.
2월 14, 2016 2:33:27 오전 org.apache.catalina.loader.WebappClassLoader clearReferencesThreads
심각: The web application [/workarts] appears to have started a thread named [Abandoned connection cleanup thread] but has failed to stop it. This is very likely to create a memory leak.
2월 14, 2016 2:33:27 오전 org.apache.coyote.AbstractProtocol stop
정보: Stopping ProtocolHandler ["http-bio-80"]
2월 14, 2016 2:33:27 오전 org.apache.coyote.AbstractProtocol stop
정보: Stopping ProtocolHandler ["http-bio-8443"]
2월 14, 2016 2:33:28 오전 com.springsource.tcserver.security.PropertyDecoder <init>
정보: tc Runtime property decoder using memory-based key
2월 14, 2016 2:33:28 오전 com.springsource.tcserver.security.TcDecoder initCiphers
정보: Initializing ciphers
2월 14, 2016 2:33:29 오전 com.springsource.tcserver.security.PropertyDecoder <init>
정보: tcServer Runtime property decoder has been initialized in 582 ms
2월 14, 2016 2:33:30 오전 org.apache.coyote.AbstractProtocol init
정보: Initializing ProtocolHandler ["http-bio-80"]
2월 14, 2016 2:33:30 오전 org.apache.coyote.AbstractProtocol init
정보: Initializing ProtocolHandler ["http-bio-8443"]
2월 14, 2016 2:33:30 오전 com.springsource.tcserver.serviceability.rmi.JmxSocketListener init
정보: Started up JMX registry on 127.0.0.1:6969 in 183 ms
2월 14, 2016 2:33:30 오전 org.apache.catalina.core.StandardService startInternal
정보: Starting service Catalina
2월 14, 2016 2:33:30 오전 org.apache.catalina.core.StandardEngine startInternal
정보: Starting Servlet Engine: Pivotal tc Runtime 3.1.2.RELEASE/7.0.64.B.RELEASE
2월 14, 2016 2:33:41 오전 org.apache.catalina.startup.TldConfig execute
정보: At least one JAR was scanned for TLDs yet contained no TLDs. Enable debug logging for this logger for a complete list of JARs that were scanned but no TLDs were found in them. Skipping unneeded JARs during scanning can improve startup time and JSP compilation time.
2월 14, 2016 2:34:01 오전 org.apache.catalina.startup.HostConfig deployDirectory
정보: Deploying web application directory C:\Java\pivotal-tc-server-developer-3.1.2.RELEASE\base-bio-ssl\webapps\manager
2월 14, 2016 2:34:01 오전 org.apache.catalina.startup.TldConfig execute
정보: At least one JAR was scanned for TLDs yet contained no TLDs. Enable debug logging for this logger for a complete list of JARs that were scanned but no TLDs were found in them. Skipping unneeded JARs during scanning can improve startup time and JSP compilation time.
2월 14, 2016 2:34:01 오전 org.apache.catalina.startup.HostConfig deployDirectory
정보: Deployment of web application directory C:\Java\pivotal-tc-server-developer-3.1.2.RELEASE\base-bio-ssl\webapps\manager has finished in 117 ms
2월 14, 2016 2:34:01 오전 org.apache.catalina.startup.HostConfig deployDirectory
정보: Deploying web application directory C:\Java\pivotal-tc-server-developer-3.1.2.RELEASE\base-bio-ssl\webapps\ROOT
2월 14, 2016 2:34:02 오전 org.apache.catalina.startup.TldConfig execute
정보: At least one JAR was scanned for TLDs yet contained no TLDs. Enable debug logging for this logger for a complete list of JARs that were scanned but no TLDs were found in them. Skipping unneeded JARs during scanning can improve startup time and JSP compilation time.
2월 14, 2016 2:34:02 오전 org.apache.catalina.startup.HostConfig deployDirectory
정보: Deployment of web application directory C:\Java\pivotal-tc-server-developer-3.1.2.RELEASE\base-bio-ssl\webapps\ROOT has finished in 97 ms
2월 14, 2016 2:34:02 오전 org.apache.coyote.AbstractProtocol start
정보: Starting ProtocolHandler ["http-bio-80"]
2월 14, 2016 2:34:02 오전 org.apache.coyote.AbstractProtocol start
정보: Starting ProtocolHandler ["http-bio-8443"]
2월 14, 2016 2:38:20 오전 org.apache.jasper.compiler.TldLocationsCache tldScanJar
정보: At least one JAR was scanned for TLDs yet contained no TLDs. Enable debug logging for this logger for a complete list of JARs that were scanned but no TLDs were found in them. Skipping unneeded JARs during scanning can improve startup time and JSP compilation time.
