2월 04, 2016 8:16:16 오후 org.apache.catalina.core.ApplicationContext log
정보: No Spring WebApplicationInitializer types detected on classpath
2월 04, 2016 8:16:16 오후 org.apache.catalina.core.ApplicationContext log
정보: Initializing Spring root WebApplicationContext
2월 04, 2016 8:16:28 오후 org.apache.catalina.core.ApplicationContext log
정보: Initializing Spring FrameworkServlet 'appServlet'
2월 04, 2016 9:51:24 오후 org.apache.catalina.core.ApplicationContext log
정보: Destroying Spring FrameworkServlet 'appServlet'
2월 04, 2016 9:51:24 오후 org.apache.catalina.core.ApplicationContext log
정보: Closing Spring root WebApplicationContext
2월 04, 2016 9:51:40 오후 org.apache.catalina.core.ApplicationContext log
정보: No Spring WebApplicationInitializer types detected on classpath
2월 04, 2016 9:51:42 오후 org.apache.catalina.core.ApplicationContext log
정보: Initializing Spring root WebApplicationContext
2월 04, 2016 9:51:51 오후 org.apache.catalina.core.ApplicationContext log
정보: Initializing Spring FrameworkServlet 'appServlet'
2월 04, 2016 10:27:41 오후 org.apache.catalina.core.ApplicationContext log
정보: Destroying Spring FrameworkServlet 'appServlet'
2월 04, 2016 10:27:41 오후 org.apache.catalina.core.ApplicationContext log
정보: Closing Spring root WebApplicationContext
2월 04, 2016 10:27:58 오후 org.apache.catalina.core.ApplicationContext log
정보: No Spring WebApplicationInitializer types detected on classpath
2월 04, 2016 10:28:00 오후 org.apache.catalina.core.ApplicationContext log
정보: Initializing Spring root WebApplicationContext
2월 04, 2016 10:28:12 오후 org.apache.catalina.core.ApplicationContext log
정보: Initializing Spring FrameworkServlet 'appServlet'
