2월 05, 2016 7:00:50 오후 org.apache.catalina.core.ApplicationContext log
정보: No Spring WebApplicationInitializer types detected on classpath
2월 05, 2016 7:00:51 오후 org.apache.catalina.core.ApplicationContext log
정보: Initializing Spring root WebApplicationContext
2월 05, 2016 7:01:01 오후 org.apache.catalina.core.ApplicationContext log
정보: Initializing Spring FrameworkServlet 'appServlet'
2월 05, 2016 7:01:24 오후 org.apache.catalina.core.StandardWrapperValve invoke
심각: Servlet.service() for servlet [appServlet] in context with path [/workarts] threw exception [Request processing failed; nested exception is org.mybatis.spring.MyBatisSystemException: nested exception is org.apache.ibatis.exceptions.PersistenceException: 
### Error querying database.  Cause: org.springframework.jdbc.CannotGetJdbcConnectionException: Could not get JDBC Connection; nested exception is java.sql.SQLException: Cannot create PoolableConnectionFactory (Communications link failure

The last packet sent successfully to the server was 0 milliseconds ago. The driver has not received any packets from the server.)
### The error may exist in file [D:\workspace\workarts\WebContent\WEB-INF\classes\mapper\biz\board\BoardNoticeDAO.xml]
### The error may involve kr.co.workarts.biz.board.dao.BoardNoticeDAO.selectForMain
### The error occurred while executing a query
### Cause: org.springframework.jdbc.CannotGetJdbcConnectionException: Could not get JDBC Connection; nested exception is java.sql.SQLException: Cannot create PoolableConnectionFactory (Communications link failure

The last packet sent successfully to the server was 0 milliseconds ago. The driver has not received any packets from the server.)] with root cause
java.net.UnknownHostException: workarts-festival.cjtbtz9wgkm7.ap-northeast-1.rds.amazonaws.com
	at java.net.Inet6AddressImpl.lookupAllHostAddr(Native Method)
	at java.net.InetAddress$1.lookupAllHostAddr(InetAddress.java:901)
	at java.net.InetAddress.getAddressesFromNameService(InetAddress.java:1295)
	at java.net.InetAddress.getAllByName0(InetAddress.java:1248)
	at java.net.InetAddress.getAllByName(InetAddress.java:1164)
	at java.net.InetAddress.getAllByName(InetAddress.java:1098)
	at com.mysql.jdbc.StandardSocketFactory.connect(StandardSocketFactory.java:188)
	at com.mysql.jdbc.MysqlIO.<init>(MysqlIO.java:298)
	at com.mysql.jdbc.ConnectionImpl.coreConnect(ConnectionImpl.java:2253)
	at com.mysql.jdbc.ConnectionImpl.connectOneTryOnly(ConnectionImpl.java:2286)
	at com.mysql.jdbc.ConnectionImpl.createNewIO(ConnectionImpl.java:2085)
	at com.mysql.jdbc.ConnectionImpl.<init>(ConnectionImpl.java:795)
	at com.mysql.jdbc.JDBC4Connection.<init>(JDBC4Connection.java:44)
	at sun.reflect.NativeConstructorAccessorImpl.newInstance0(Native Method)
	at sun.reflect.NativeConstructorAccessorImpl.newInstance(NativeConstructorAccessorImpl.java:57)
	at sun.reflect.DelegatingConstructorAccessorImpl.newInstance(DelegatingConstructorAccessorImpl.java:45)
	at java.lang.reflect.Constructor.newInstance(Constructor.java:526)
	at org.springsource.loaded.ri.ReflectiveInterceptor.jlrConstructorNewInstance(ReflectiveInterceptor.java:1002)
	at com.mysql.jdbc.Util.handleNewInstance(Util.java:404)
	at com.mysql.jdbc.ConnectionImpl.getInstance(ConnectionImpl.java:400)
	at com.mysql.jdbc.NonRegisteringDriver.connect(NonRegisteringDriver.java:327)
	at net.sf.log4jdbc.sql.jdbcapi.DriverSpy.connect(DriverSpy.java:401)
	at org.apache.commons.dbcp2.DriverConnectionFactory.createConnection(DriverConnectionFactory.java:39)
	at org.apache.commons.dbcp2.PoolableConnectionFactory.makeObject(PoolableConnectionFactory.java:256)
	at org.apache.commons.dbcp2.BasicDataSource.validateConnectionFactory(BasicDataSource.java:2304)
	at org.apache.commons.dbcp2.BasicDataSource.createPoolableConnectionFactory(BasicDataSource.java:2290)
	at org.apache.commons.dbcp2.BasicDataSource.createDataSource(BasicDataSource.java:2039)
	at org.apache.commons.dbcp2.BasicDataSource.getConnection(BasicDataSource.java:1533)
	at org.springframework.jdbc.datasource.DataSourceUtils.doGetConnection(DataSourceUtils.java:111)
	at org.springframework.jdbc.datasource.DataSourceUtils.getConnection(DataSourceUtils.java:77)
	at org.mybatis.spring.transaction.SpringManagedTransaction.openConnection(SpringManagedTransaction.java:82)
	at org.mybatis.spring.transaction.SpringManagedTransaction.getConnection(SpringManagedTransaction.java:68)
	at org.apache.ibatis.executor.BaseExecutor.getConnection(BaseExecutor.java:315)
	at org.apache.ibatis.executor.SimpleExecutor.prepareStatement(SimpleExecutor.java:75)
	at org.apache.ibatis.executor.SimpleExecutor.doQuery(SimpleExecutor.java:61)
	at org.apache.ibatis.executor.BaseExecutor.queryFromDatabase(BaseExecutor.java:303)
	at org.apache.ibatis.executor.BaseExecutor.query(BaseExecutor.java:154)
	at org.apache.ibatis.executor.CachingExecutor.query(CachingExecutor.java:102)
	at org.apache.ibatis.executor.CachingExecutor.query(CachingExecutor.java:82)
	at org.apache.ibatis.session.defaults.DefaultSqlSession.selectList(DefaultSqlSession.java:120)
	at org.apache.ibatis.session.defaults.DefaultSqlSession.selectList(DefaultSqlSession.java:113)
	at org.apache.ibatis.session.defaults.DefaultSqlSession.selectList(DefaultSqlSession.java:108)
	at sun.reflect.NativeMethodAccessorImpl.invoke0(Native Method)
	at sun.reflect.NativeMethodAccessorImpl.invoke(NativeMethodAccessorImpl.java:57)
	at sun.reflect.DelegatingMethodAccessorImpl.invoke(DelegatingMethodAccessorImpl.java:43)
	at java.lang.reflect.Method.invoke(Method.java:606)
	at org.springsource.loaded.ri.ReflectiveInterceptor.jlrMethodInvoke(ReflectiveInterceptor.java:1270)
	at org.mybatis.spring.SqlSessionTemplate$SqlSessionInterceptor.invoke(SqlSessionTemplate.java:386)
	at com.sun.proxy.$Proxy43.selectList(Unknown Source)
	at org.mybatis.spring.SqlSessionTemplate.selectList(SqlSessionTemplate.java:197)
	at kr.co.workarts.biz.board.dao.BoardNoticeDAO.selectForMain(BoardNoticeDAO.java:102)
	at kr.co.workarts.biz.board.service.BoardNoticeService.selectForMain(BoardNoticeService.java:53)
	at kr.co.workarts.biz.home.controller.HomeController.index(HomeController.java:32)
	at kr.co.workarts.biz.home.controller.HomeController$$FastClassBySpringCGLIB$$a855176b.invoke(<generated>)
	at org.springframework.cglib.proxy.MethodProxy.invoke(MethodProxy.java:204)
	at org.springframework.aop.framework.CglibAopProxy$CglibMethodInvocation.invokeJoinpoint(CglibAopProxy.java:720)
	at org.springframework.aop.framework.ReflectiveMethodInvocation.proceed(ReflectiveMethodInvocation.java:157)
	at org.springframework.aop.framework.adapter.MethodBeforeAdviceInterceptor.invoke(MethodBeforeAdviceInterceptor.java:52)
	at org.springframework.aop.framework.ReflectiveMethodInvocation.proceed(ReflectiveMethodInvocation.java:168)
	at org.springframework.aop.framework.adapter.AfterReturningAdviceInterceptor.invoke(AfterReturningAdviceInterceptor.java:52)
	at org.springframework.aop.framework.ReflectiveMethodInvocation.proceed(ReflectiveMethodInvocation.java:168)
	at org.springframework.aop.aspectj.AspectJAfterThrowingAdvice.invoke(AspectJAfterThrowingAdvice.java:58)
	at org.springframework.aop.framework.ReflectiveMethodInvocation.proceed(ReflectiveMethodInvocation.java:168)
	at org.springframework.aop.interceptor.ExposeInvocationInterceptor.invoke(ExposeInvocationInterceptor.java:92)
	at org.springframework.aop.framework.ReflectiveMethodInvocation.proceed(ReflectiveMethodInvocation.java:179)
	at org.springframework.aop.framework.CglibAopProxy$DynamicAdvisedInterceptor.intercept(CglibAopProxy.java:655)
	at kr.co.workarts.biz.home.controller.HomeController$$EnhancerBySpringCGLIB$$aa060e76.index(<generated>)
	at sun.reflect.NativeMethodAccessorImpl.invoke0(Native Method)
	at sun.reflect.NativeMethodAccessorImpl.invoke(NativeMethodAccessorImpl.java:57)
	at sun.reflect.DelegatingMethodAccessorImpl.invoke(DelegatingMethodAccessorImpl.java:43)
	at java.lang.reflect.Method.invoke(Method.java:606)
	at org.springsource.loaded.ri.ReflectiveInterceptor.jlrMethodInvoke(ReflectiveInterceptor.java:1270)
	at org.springframework.web.method.support.InvocableHandlerMethod.doInvoke(InvocableHandlerMethod.java:222)
	at org.springframework.web.method.support.InvocableHandlerMethod.invokeForRequest(InvocableHandlerMethod.java:137)
	at org.springframework.web.servlet.mvc.method.annotation.ServletInvocableHandlerMethod.invokeAndHandle(ServletInvocableHandlerMethod.java:110)
	at org.springframework.web.servlet.mvc.method.annotation.RequestMappingHandlerAdapter.invokeHandlerMethod(RequestMappingHandlerAdapter.java:814)
	at org.springframework.web.servlet.mvc.method.annotation.RequestMappingHandlerAdapter.handleInternal(RequestMappingHandlerAdapter.java:737)
	at org.springframework.web.servlet.mvc.method.AbstractHandlerMethodAdapter.handle(AbstractHandlerMethodAdapter.java:85)
	at org.springframework.web.servlet.DispatcherServlet.doDispatch(DispatcherServlet.java:959)
	at org.springframework.web.servlet.DispatcherServlet.doService(DispatcherServlet.java:893)
	at org.springframework.web.servlet.FrameworkServlet.processRequest(FrameworkServlet.java:969)
	at org.springframework.web.servlet.FrameworkServlet.doGet(FrameworkServlet.java:860)
	at javax.servlet.http.HttpServlet.service(HttpServlet.java:624)
	at org.springframework.web.servlet.FrameworkServlet.service(FrameworkServlet.java:845)
	at javax.servlet.http.HttpServlet.service(HttpServlet.java:731)
	at org.apache.catalina.core.ApplicationFilterChain.internalDoFilter(ApplicationFilterChain.java:303)
	at org.apache.catalina.core.ApplicationFilterChain.doFilter(ApplicationFilterChain.java:208)
	at org.springframework.web.filter.HttpPutFormContentFilter.doFilterInternal(HttpPutFormContentFilter.java:87)
	at org.springframework.web.filter.OncePerRequestFilter.doFilter(OncePerRequestFilter.java:107)
	at org.apache.catalina.core.ApplicationFilterChain.internalDoFilter(ApplicationFilterChain.java:241)
	at org.apache.catalina.core.ApplicationFilterChain.doFilter(ApplicationFilterChain.java:208)
	at org.springframework.web.filter.HiddenHttpMethodFilter.doFilterInternal(HiddenHttpMethodFilter.java:77)
	at org.springframework.web.filter.OncePerRequestFilter.doFilter(OncePerRequestFilter.java:107)
	at org.apache.catalina.core.ApplicationFilterChain.internalDoFilter(ApplicationFilterChain.java:241)
	at org.apache.catalina.core.ApplicationFilterChain.doFilter(ApplicationFilterChain.java:208)
	at org.springframework.web.filter.CharacterEncodingFilter.doFilterInternal(CharacterEncodingFilter.java:121)
	at org.springframework.web.filter.OncePerRequestFilter.doFilter(OncePerRequestFilter.java:107)
	at org.apache.catalina.core.ApplicationFilterChain.internalDoFilter(ApplicationFilterChain.java:241)
	at org.apache.catalina.core.ApplicationFilterChain.doFilter(ApplicationFilterChain.java:208)
	at org.springframework.web.filter.ShallowEtagHeaderFilter.doFilterInternal(ShallowEtagHeaderFilter.java:87)
	at org.springframework.web.filter.OncePerRequestFilter.doFilter(OncePerRequestFilter.java:107)
	at org.apache.catalina.core.ApplicationFilterChain.internalDoFilter(ApplicationFilterChain.java:241)
	at org.apache.catalina.core.ApplicationFilterChain.doFilter(ApplicationFilterChain.java:208)
	at framework.servlet.filter.AbleCommonsRequestLoggingFilter.doFilterInternal(AbleCommonsRequestLoggingFilter.java:174)
	at org.springframework.web.filter.OncePerRequestFilter.doFilter(OncePerRequestFilter.java:107)
	at org.apache.catalina.core.ApplicationFilterChain.internalDoFilter(ApplicationFilterChain.java:241)
	at org.apache.catalina.core.ApplicationFilterChain.doFilter(ApplicationFilterChain.java:208)
	at framework.servlet.filter.AbleLogMDCInsertingFilter.doFilter(AbleLogMDCInsertingFilter.java:51)
	at org.apache.catalina.core.ApplicationFilterChain.internalDoFilter(ApplicationFilterChain.java:241)
	at org.apache.catalina.core.ApplicationFilterChain.doFilter(ApplicationFilterChain.java:208)
	at org.apache.tomcat.websocket.server.WsFilter.doFilter(WsFilter.java:52)
	at org.apache.catalina.core.ApplicationFilterChain.internalDoFilter(ApplicationFilterChain.java:241)
	at org.apache.catalina.core.ApplicationFilterChain.doFilter(ApplicationFilterChain.java:208)
	at org.springframework.security.web.FilterChainProxy$VirtualFilterChain.doFilter(FilterChainProxy.java:316)
	at org.springframework.security.web.access.intercept.FilterSecurityInterceptor.invoke(FilterSecurityInterceptor.java:126)
	at org.springframework.security.web.access.intercept.FilterSecurityInterceptor.doFilter(FilterSecurityInterceptor.java:90)
	at org.springframework.security.web.FilterChainProxy$VirtualFilterChain.doFilter(FilterChainProxy.java:330)
	at org.springframework.security.web.access.ExceptionTranslationFilter.doFilter(ExceptionTranslationFilter.java:114)
	at org.springframework.security.web.FilterChainProxy$VirtualFilterChain.doFilter(FilterChainProxy.java:330)
	at org.springframework.security.web.session.SessionManagementFilter.doFilter(SessionManagementFilter.java:122)
	at org.springframework.security.web.FilterChainProxy$VirtualFilterChain.doFilter(FilterChainProxy.java:330)
	at org.springframework.security.web.authentication.AnonymousAuthenticationFilter.doFilter(AnonymousAuthenticationFilter.java:111)
	at org.springframework.security.web.FilterChainProxy$VirtualFilterChain.doFilter(FilterChainProxy.java:330)
	at org.springframework.security.web.servletapi.SecurityContextHolderAwareRequestFilter.doFilter(SecurityContextHolderAwareRequestFilter.java:169)
	at org.springframework.security.web.FilterChainProxy$VirtualFilterChain.doFilter(FilterChainProxy.java:330)
	at org.springframework.security.web.savedrequest.RequestCacheAwareFilter.doFilter(RequestCacheAwareFilter.java:48)
	at org.springframework.security.web.FilterChainProxy$VirtualFilterChain.doFilter(FilterChainProxy.java:330)
	at org.springframework.security.web.authentication.AbstractAuthenticationProcessingFilter.doFilter(AbstractAuthenticationProcessingFilter.java:205)
	at org.springframework.security.web.FilterChainProxy$VirtualFilterChain.doFilter(FilterChainProxy.java:330)
	at org.springframework.security.web.authentication.logout.LogoutFilter.doFilter(LogoutFilter.java:120)
	at org.springframework.security.web.FilterChainProxy$VirtualFilterChain.doFilter(FilterChainProxy.java:330)
	at org.springframework.security.web.header.HeaderWriterFilter.doFilterInternal(HeaderWriterFilter.java:64)
	at org.springframework.web.filter.OncePerRequestFilter.doFilter(OncePerRequestFilter.java:107)
	at org.springframework.security.web.FilterChainProxy$VirtualFilterChain.doFilter(FilterChainProxy.java:330)
	at org.springframework.security.web.context.SecurityContextPersistenceFilter.doFilter(SecurityContextPersistenceFilter.java:91)
	at org.springframework.security.web.FilterChainProxy$VirtualFilterChain.doFilter(FilterChainProxy.java:330)
	at org.springframework.security.web.context.request.async.WebAsyncManagerIntegrationFilter.doFilterInternal(WebAsyncManagerIntegrationFilter.java:53)
	at org.springframework.web.filter.OncePerRequestFilter.doFilter(OncePerRequestFilter.java:107)
	at org.springframework.security.web.FilterChainProxy$VirtualFilterChain.doFilter(FilterChainProxy.java:330)
	at org.springframework.security.web.FilterChainProxy.doFilterInternal(FilterChainProxy.java:213)
	at org.springframework.security.web.FilterChainProxy.doFilter(FilterChainProxy.java:176)
	at org.springframework.web.filter.DelegatingFilterProxy.invokeDelegate(DelegatingFilterProxy.java:346)
	at org.springframework.web.filter.DelegatingFilterProxy.doFilter(DelegatingFilterProxy.java:262)
	at org.apache.catalina.core.ApplicationFilterChain.internalDoFilter(ApplicationFilterChain.java:241)
	at org.apache.catalina.core.ApplicationFilterChain.doFilter(ApplicationFilterChain.java:208)
	at org.apache.catalina.core.StandardWrapperValve.invoke(StandardWrapperValve.java:220)
	at org.apache.catalina.core.StandardContextValve.invoke(StandardContextValve.java:122)
	at org.apache.catalina.authenticator.AuthenticatorBase.invoke(AuthenticatorBase.java:505)
	at org.apache.catalina.core.StandardHostValve.invoke(StandardHostValve.java:170)
	at org.apache.catalina.valves.ErrorReportValve.invoke(ErrorReportValve.java:103)
	at org.apache.catalina.valves.AccessLogValve.invoke(AccessLogValve.java:956)
	at org.apache.catalina.core.StandardEngineValve.invoke(StandardEngineValve.java:116)
	at org.apache.catalina.connector.CoyoteAdapter.service(CoyoteAdapter.java:423)
	at org.apache.coyote.http11.AbstractHttp11Processor.process(AbstractHttp11Processor.java:1079)
	at org.apache.coyote.AbstractProtocol$AbstractConnectionHandler.process(AbstractProtocol.java:625)
	at org.apache.tomcat.util.net.JIoEndpoint$SocketProcessor.run(JIoEndpoint.java:316)
	at java.util.concurrent.ThreadPoolExecutor.runWorker(ThreadPoolExecutor.java:1145)
	at java.util.concurrent.ThreadPoolExecutor$Worker.run(ThreadPoolExecutor.java:615)
	at org.apache.tomcat.util.threads.TaskThread$WrappingRunnable.run(TaskThread.java:61)
	at java.lang.Thread.run(Thread.java:745)

2월 05, 2016 7:02:31 오후 org.apache.catalina.core.ApplicationContext log
정보: No Spring WebApplicationInitializer types detected on classpath
2월 05, 2016 7:02:32 오후 org.apache.catalina.core.ApplicationContext log
정보: Initializing Spring root WebApplicationContext
2월 05, 2016 7:02:39 오후 org.apache.catalina.core.ApplicationContext log
정보: Initializing Spring FrameworkServlet 'appServlet'
2월 05, 2016 7:21:56 오후 org.apache.catalina.core.ApplicationContext log
정보: Destroying Spring FrameworkServlet 'appServlet'
2월 05, 2016 7:21:56 오후 org.apache.catalina.core.ApplicationContext log
정보: Closing Spring root WebApplicationContext
2월 05, 2016 7:22:06 오후 org.apache.catalina.core.ApplicationContext log
정보: No Spring WebApplicationInitializer types detected on classpath
2월 05, 2016 7:22:06 오후 org.apache.catalina.core.ApplicationContext log
정보: Initializing Spring root WebApplicationContext
2월 05, 2016 7:22:15 오후 org.apache.catalina.core.ApplicationContext log
정보: Initializing Spring FrameworkServlet 'appServlet'
2월 05, 2016 7:33:19 오후 org.apache.catalina.core.ApplicationContext log
정보: Destroying Spring FrameworkServlet 'appServlet'
2월 05, 2016 7:33:19 오후 org.apache.catalina.core.ApplicationContext log
정보: Closing Spring root WebApplicationContext
2월 05, 2016 7:33:28 오후 org.apache.catalina.core.ApplicationContext log
정보: No Spring WebApplicationInitializer types detected on classpath
2월 05, 2016 7:33:30 오후 org.apache.catalina.core.ApplicationContext log
정보: Initializing Spring root WebApplicationContext
2월 05, 2016 7:33:38 오후 org.apache.catalina.core.ApplicationContext log
정보: Initializing Spring FrameworkServlet 'appServlet'
2월 05, 2016 7:37:28 오후 org.apache.catalina.core.ApplicationContext log
정보: Destroying Spring FrameworkServlet 'appServlet'
2월 05, 2016 7:37:28 오후 org.apache.catalina.core.ApplicationContext log
정보: Closing Spring root WebApplicationContext
2월 05, 2016 7:37:38 오후 org.apache.catalina.core.ApplicationContext log
정보: No Spring WebApplicationInitializer types detected on classpath
2월 05, 2016 7:37:39 오후 org.apache.catalina.core.ApplicationContext log
정보: Initializing Spring root WebApplicationContext
2월 05, 2016 7:37:47 오후 org.apache.catalina.core.ApplicationContext log
정보: Initializing Spring FrameworkServlet 'appServlet'
2월 05, 2016 7:41:39 오후 org.apache.catalina.core.ApplicationContext log
정보: Destroying Spring FrameworkServlet 'appServlet'
2월 05, 2016 7:41:39 오후 org.apache.catalina.core.ApplicationContext log
정보: Closing Spring root WebApplicationContext
2월 05, 2016 7:41:49 오후 org.apache.catalina.core.ApplicationContext log
정보: No Spring WebApplicationInitializer types detected on classpath
2월 05, 2016 7:41:50 오후 org.apache.catalina.core.ApplicationContext log
정보: Initializing Spring root WebApplicationContext
2월 05, 2016 7:42:00 오후 org.apache.catalina.core.ApplicationContext log
정보: Initializing Spring FrameworkServlet 'appServlet'
2월 05, 2016 7:43:52 오후 org.apache.catalina.core.ApplicationContext log
정보: Destroying Spring FrameworkServlet 'appServlet'
2월 05, 2016 7:43:52 오후 org.apache.catalina.core.ApplicationContext log
정보: Closing Spring root WebApplicationContext
2월 05, 2016 7:44:00 오후 org.apache.catalina.core.ApplicationContext log
정보: No Spring WebApplicationInitializer types detected on classpath
2월 05, 2016 7:44:02 오후 org.apache.catalina.core.ApplicationContext log
정보: Initializing Spring root WebApplicationContext
2월 05, 2016 7:44:09 오후 org.apache.catalina.core.ApplicationContext log
정보: Initializing Spring FrameworkServlet 'appServlet'
2월 05, 2016 7:47:18 오후 org.apache.catalina.core.ApplicationContext log
정보: Destroying Spring FrameworkServlet 'appServlet'
2월 05, 2016 7:47:18 오후 org.apache.catalina.core.ApplicationContext log
정보: Closing Spring root WebApplicationContext
2월 05, 2016 7:47:28 오후 org.apache.catalina.core.ApplicationContext log
정보: No Spring WebApplicationInitializer types detected on classpath
2월 05, 2016 7:47:29 오후 org.apache.catalina.core.ApplicationContext log
정보: Initializing Spring root WebApplicationContext
2월 05, 2016 7:47:37 오후 org.apache.catalina.core.ApplicationContext log
정보: Initializing Spring FrameworkServlet 'appServlet'
2월 05, 2016 7:47:58 오후 org.apache.catalina.core.ApplicationContext log
정보: Destroying Spring FrameworkServlet 'appServlet'
2월 05, 2016 7:47:58 오후 org.apache.catalina.core.ApplicationContext log
정보: Closing Spring root WebApplicationContext
2월 05, 2016 7:49:18 오후 org.apache.catalina.core.ApplicationContext log
정보: No Spring WebApplicationInitializer types detected on classpath
2월 05, 2016 7:49:19 오후 org.apache.catalina.core.ApplicationContext log
정보: Initializing Spring root WebApplicationContext
2월 05, 2016 7:49:30 오후 org.apache.catalina.core.ApplicationContext log
정보: Initializing Spring FrameworkServlet 'appServlet'
2월 05, 2016 8:07:52 오후 org.apache.catalina.core.ApplicationContext log
정보: Destroying Spring FrameworkServlet 'appServlet'
2월 05, 2016 8:07:52 오후 org.apache.catalina.core.ApplicationContext log
정보: Closing Spring root WebApplicationContext
2월 05, 2016 8:08:01 오후 org.apache.catalina.core.ApplicationContext log
정보: No Spring WebApplicationInitializer types detected on classpath
2월 05, 2016 8:08:02 오후 org.apache.catalina.core.ApplicationContext log
정보: Initializing Spring root WebApplicationContext
2월 05, 2016 8:08:11 오후 org.apache.catalina.core.ApplicationContext log
정보: Initializing Spring FrameworkServlet 'appServlet'
2월 05, 2016 8:14:17 오후 org.apache.catalina.core.ApplicationContext log
정보: Destroying Spring FrameworkServlet 'appServlet'
2월 05, 2016 8:14:17 오후 org.apache.catalina.core.ApplicationContext log
정보: Closing Spring root WebApplicationContext
2월 05, 2016 8:14:25 오후 org.apache.catalina.core.ApplicationContext log
정보: No Spring WebApplicationInitializer types detected on classpath
2월 05, 2016 8:14:26 오후 org.apache.catalina.core.ApplicationContext log
정보: Initializing Spring root WebApplicationContext
2월 05, 2016 8:14:36 오후 org.apache.catalina.core.ApplicationContext log
정보: Initializing Spring FrameworkServlet 'appServlet'
2월 05, 2016 8:27:23 오후 org.apache.catalina.core.ApplicationContext log
정보: Destroying Spring FrameworkServlet 'appServlet'
2월 05, 2016 8:27:23 오후 org.apache.catalina.core.ApplicationContext log
정보: Closing Spring root WebApplicationContext
2월 05, 2016 8:27:49 오후 org.apache.catalina.core.ApplicationContext log
정보: No Spring WebApplicationInitializer types detected on classpath
2월 05, 2016 8:27:49 오후 org.apache.catalina.core.ApplicationContext log
정보: Initializing Spring root WebApplicationContext
2월 05, 2016 8:27:49 오후 org.apache.catalina.core.StandardContext listenerStart
심각: Exception sending context initialized event to listener instance of class org.springframework.web.context.ContextLoaderListener
org.springframework.context.ApplicationContextException: Failed to load context initializer class [framework.spring.context.AbleApplicationContextInitializer]; nested exception is java.lang.ClassNotFoundException: framework.spring.context.AbleApplicationContextInitializer
	at org.springframework.web.context.ContextLoader.loadInitializerClass(ContextLoader.java:526)
	at org.springframework.web.context.ContextLoader.determineContextInitializerClasses(ContextLoader.java:511)
	at org.springframework.web.context.ContextLoader.customizeContext(ContextLoader.java:468)
	at org.springframework.web.context.ContextLoader.configureAndRefreshWebApplicationContext(ContextLoader.java:445)
	at org.springframework.web.context.ContextLoader.initWebApplicationContext(ContextLoader.java:328)
	at org.springframework.web.context.ContextLoaderListener.contextInitialized(ContextLoaderListener.java:107)
	at org.apache.catalina.core.StandardContext.listenerStart(StandardContext.java:5003)
	at org.apache.catalina.core.StandardContext.startInternal(StandardContext.java:5517)
	at org.apache.catalina.util.LifecycleBase.start(LifecycleBase.java:150)
	at org.apache.catalina.core.ContainerBase$StartChild.call(ContainerBase.java:1574)
	at org.apache.catalina.core.ContainerBase$StartChild.call(ContainerBase.java:1564)
	at java.util.concurrent.FutureTask.run(FutureTask.java:262)
	at java.util.concurrent.ThreadPoolExecutor.runWorker(ThreadPoolExecutor.java:1145)
	at java.util.concurrent.ThreadPoolExecutor$Worker.run(ThreadPoolExecutor.java:615)
	at java.lang.Thread.run(Thread.java:745)
Caused by: java.lang.ClassNotFoundException: framework.spring.context.AbleApplicationContextInitializer
	at org.apache.catalina.loader.WebappClassLoader.loadClass(WebappClassLoader.java:1858)
	at org.apache.catalina.loader.WebappClassLoader.loadClass(WebappClassLoader.java:1709)
	at org.springframework.util.ClassUtils.forName(ClassUtils.java:250)
	at org.springframework.web.context.ContextLoader.loadInitializerClass(ContextLoader.java:521)
	... 14 more

2월 05, 2016 8:27:50 오후 org.apache.catalina.core.ApplicationContext log
정보: Closing Spring root WebApplicationContext
2월 05, 2016 8:28:20 오후 org.apache.catalina.core.ApplicationContext log
정보: No Spring WebApplicationInitializer types detected on classpath
2월 05, 2016 8:28:23 오후 org.apache.catalina.core.ApplicationContext log
정보: Initializing Spring root WebApplicationContext
2월 05, 2016 8:28:32 오후 org.apache.catalina.core.ApplicationContext log
정보: Initializing Spring FrameworkServlet 'appServlet'
