1월 11, 2016 4:17:36 오후 org.apache.catalina.startup.Bootstrap initClassLoaders
심각: Class loader creation threw exception
java.io.IOException: 파일 이름, 디렉터리 이름 또는 볼륨 레이블 구문이 잘못되었습니다
	at java.io.WinNTFileSystem.canonicalize0(Native Method)
	at java.io.Win32FileSystem.canonicalize(Unknown Source)
	at java.io.File.getCanonicalPath(Unknown Source)
	at java.io.File.getCanonicalFile(Unknown Source)
	at org.apache.catalina.startup.ClassLoaderFactory.createClassLoader(ClassLoaderFactory.java:170)
	at org.apache.catalina.startup.Bootstrap.createClassLoader(Bootstrap.java:149)
	at org.apache.catalina.startup.Bootstrap.initClassLoaders(Bootstrap.java:90)
	at org.apache.catalina.startup.Bootstrap.init(Bootstrap.java:226)
	at org.apache.catalina.startup.Bootstrap.main(Bootstrap.java:425)

1월 11, 2016 4:17:58 오후 org.apache.catalina.startup.Bootstrap initClassLoaders
심각: Class loader creation threw exception
java.io.IOException: 파일 이름, 디렉터리 이름 또는 볼륨 레이블 구문이 잘못되었습니다
	at java.io.WinNTFileSystem.canonicalize0(Native Method)
	at java.io.Win32FileSystem.canonicalize(Unknown Source)
	at java.io.File.getCanonicalPath(Unknown Source)
	at java.io.File.getCanonicalFile(Unknown Source)
	at org.apache.catalina.startup.ClassLoaderFactory.createClassLoader(ClassLoaderFactory.java:170)
	at org.apache.catalina.startup.Bootstrap.createClassLoader(Bootstrap.java:149)
	at org.apache.catalina.startup.Bootstrap.initClassLoaders(Bootstrap.java:90)
	at org.apache.catalina.startup.Bootstrap.init(Bootstrap.java:226)
	at org.apache.catalina.startup.Bootstrap.main(Bootstrap.java:425)

